-- Install configuration: ""
-- Up-to-date: /home/brairlab/Desktop/line_tracking_race_ros2/install/line_tracking_race_description/share/line_tracking_race_description/models/
-- Up-to-date: /home/brairlab/Desktop/line_tracking_race_ros2/install/line_tracking_race_description/share/line_tracking_race_description/models//line_track
-- Up-to-date: /home/brairlab/Desktop/line_tracking_race_ros2/install/line_tracking_race_description/share/line_tracking_race_description/models//line_track/materials
-- Up-to-date: /home/brairlab/Desktop/line_tracking_race_ros2/install/line_tracking_race_description/share/line_tracking_race_description/models//line_track/materials/textures
-- Up-to-date: /home/brairlab/Desktop/line_tracking_race_ros2/install/line_tracking_race_description/share/line_tracking_race_description/models//line_track/materials/textures/track_loop.png
-- Up-to-date: /home/brairlab/Desktop/line_tracking_race_ros2/install/line_tracking_race_description/share/line_tracking_race_description/models//line_track/materials/textures/trackCurve.png
-- Up-to-date: /home/brairlab/Desktop/line_tracking_race_ros2/install/line_tracking_race_description/share/line_tracking_race_description/models//line_track/model.config
-- Up-to-date: /home/brairlab/Desktop/line_tracking_race_ros2/install/line_tracking_race_description/share/line_tracking_race_description/models//line_track/track.sdf
-- Up-to-date: /home/brairlab/Desktop/line_tracking_race_ros2/install/line_tracking_race_description/share/line_tracking_race_description/models//line_track/hard_track.sdf
-- Up-to-date: /home/brairlab/Desktop/line_tracking_race_ros2/install/line_tracking_race_description/share/line_tracking_race_description/models//urdf
-- Up-to-date: /home/brairlab/Desktop/line_tracking_race_ros2/install/line_tracking_race_description/share/line_tracking_race_description/models//urdf/car.urdf.xacro
-- Up-to-date: /home/brairlab/Desktop/line_tracking_race_ros2/install/line_tracking_race_description/share/line_tracking_race_description/models//urdf/car
-- Up-to-date: /home/brairlab/Desktop/line_tracking_race_ros2/install/line_tracking_race_description/share/line_tracking_race_description/models//urdf/car/car_gazebo_control.xacro
-- Up-to-date: /home/brairlab/Desktop/line_tracking_race_ros2/install/line_tracking_race_description/share/line_tracking_race_description/models//urdf/car/car_properties.xacro
-- Up-to-date: /home/brairlab/Desktop/line_tracking_race_ros2/install/line_tracking_race_description/share/line_tracking_race_description/models//urdf/car/car_camera.xacro
-- Up-to-date: /home/brairlab/Desktop/line_tracking_race_ros2/install/line_tracking_race_description/share/line_tracking_race_description/models//urdf/car/car_wheel_macro.xacro
-- Up-to-date: /home/brairlab/Desktop/line_tracking_race_ros2/install/line_tracking_race_description/share/line_tracking_race_description/models//urdf/car/car_ros2_control.xacro
-- Up-to-date: /home/brairlab/Desktop/line_tracking_race_ros2/install/line_tracking_race_description/share/line_tracking_race_description/models//urdf/car/car_core.xacro
-- Up-to-date: /home/brairlab/Desktop/line_tracking_race_ros2/install/line_tracking_race_description/share/line_tracking_race_description/models//urdf/car/car_inertial.xacro
-- Up-to-date: /home/brairlab/Desktop/line_tracking_race_ros2/install/line_tracking_race_description/share/line_tracking_race_description/models//urdf/car/car_materials.xacro
-- Up-to-date: /home/brairlab/Desktop/line_tracking_race_ros2/install/line_tracking_race_description/share/line_tracking_race_description/environment/line_tracking_race_description.dsv
-- Up-to-date: /home/brairlab/Desktop/line_tracking_race_ros2/install/line_tracking_race_description/share/line_tracking_race_description/environment/line_tracking_race_description.sh
-- Up-to-date: /home/brairlab/Desktop/line_tracking_race_ros2/install/line_tracking_race_description/share/ament_index/resource_index/package_run_dependencies/line_tracking_race_description
-- Up-to-date: /home/brairlab/Desktop/line_tracking_race_ros2/install/line_tracking_race_description/share/ament_index/resource_index/parent_prefix_path/line_tracking_race_description
-- Installing: /home/brairlab/Desktop/line_tracking_race_ros2/install/line_tracking_race_description/share/line_tracking_race_description/environment/ament_prefix_path.sh
-- Up-to-date: /home/brairlab/Desktop/line_tracking_race_ros2/install/line_tracking_race_description/share/line_tracking_race_description/environment/ament_prefix_path.dsv
-- Installing: /home/brairlab/Desktop/line_tracking_race_ros2/install/line_tracking_race_description/share/line_tracking_race_description/environment/path.sh
-- Up-to-date: /home/brairlab/Desktop/line_tracking_race_ros2/install/line_tracking_race_description/share/line_tracking_race_description/environment/path.dsv
-- Up-to-date: /home/brairlab/Desktop/line_tracking_race_ros2/install/line_tracking_race_description/share/line_tracking_race_description/local_setup.bash
-- Up-to-date: /home/brairlab/Desktop/line_tracking_race_ros2/install/line_tracking_race_description/share/line_tracking_race_description/local_setup.sh
-- Up-to-date: /home/brairlab/Desktop/line_tracking_race_ros2/install/line_tracking_race_description/share/line_tracking_race_description/local_setup.zsh
-- Up-to-date: /home/brairlab/Desktop/line_tracking_race_ros2/install/line_tracking_race_description/share/line_tracking_race_description/local_setup.dsv
-- Installing: /home/brairlab/Desktop/line_tracking_race_ros2/install/line_tracking_race_description/share/line_tracking_race_description/package.dsv
-- Up-to-date: /home/brairlab/Desktop/line_tracking_race_ros2/install/line_tracking_race_description/share/ament_index/resource_index/packages/line_tracking_race_description
-- Up-to-date: /home/brairlab/Desktop/line_tracking_race_ros2/install/line_tracking_race_description/share/line_tracking_race_description/cmake/line_tracking_race_descriptionConfig.cmake
-- Up-to-date: /home/brairlab/Desktop/line_tracking_race_ros2/install/line_tracking_race_description/share/line_tracking_race_description/cmake/line_tracking_race_descriptionConfig-version.cmake
-- Up-to-date: /home/brairlab/Desktop/line_tracking_race_ros2/install/line_tracking_race_description/share/line_tracking_race_description/package.xml
