-- Install configuration: ""
-- Up-to-date: /home/brairlab/Desktop/line_tracking_race_ros2/install/line_tracking_race_bringup/share/line_tracking_race_bringup/launch
-- Up-to-date: /home/brairlab/Desktop/line_tracking_race_ros2/install/line_tracking_race_bringup/share/line_tracking_race_bringup/launch/line_tracking_race.launch.py
-- Up-to-date: /home/brairlab/Desktop/line_tracking_race_ros2/install/line_tracking_race_bringup/share/line_tracking_race_bringup/config
-- Up-to-date: /home/brairlab/Desktop/line_tracking_race_ros2/install/line_tracking_race_bringup/share/line_tracking_race_bringup/config/car_control_diff_drive.yaml
-- Up-to-date: /home/brairlab/Desktop/line_tracking_race_ros2/install/line_tracking_race_bringup/share/line_tracking_race_bringup/config/car_properties.yaml
-- Up-to-date: /home/brairlab/Desktop/line_tracking_race_ros2/install/line_tracking_race_bringup/share/line_tracking_race_bringup/config/line_tracking_race.rviz
-- Up-to-date: /home/brairlab/Desktop/line_tracking_race_ros2/install/line_tracking_race_bringup/share/line_tracking_race_bringup/config/ros_gz_bridge_ros2_control.yaml
-- Up-to-date: /home/brairlab/Desktop/line_tracking_race_ros2/install/line_tracking_race_bringup/share/line_tracking_race_bringup/config/ros_gz_bridge_gazebo_control.yaml
-- Up-to-date: /home/brairlab/Desktop/line_tracking_race_ros2/install/line_tracking_race_bringup/share/ament_index/resource_index/package_run_dependencies/line_tracking_race_bringup
-- Up-to-date: /home/brairlab/Desktop/line_tracking_race_ros2/install/line_tracking_race_bringup/share/ament_index/resource_index/parent_prefix_path/line_tracking_race_bringup
-- Up-to-date: /home/brairlab/Desktop/line_tracking_race_ros2/install/line_tracking_race_bringup/share/line_tracking_race_bringup/environment/ament_prefix_path.sh
-- Up-to-date: /home/brairlab/Desktop/line_tracking_race_ros2/install/line_tracking_race_bringup/share/line_tracking_race_bringup/environment/ament_prefix_path.dsv
-- Up-to-date: /home/brairlab/Desktop/line_tracking_race_ros2/install/line_tracking_race_bringup/share/line_tracking_race_bringup/environment/path.sh
-- Up-to-date: /home/brairlab/Desktop/line_tracking_race_ros2/install/line_tracking_race_bringup/share/line_tracking_race_bringup/environment/path.dsv
-- Up-to-date: /home/brairlab/Desktop/line_tracking_race_ros2/install/line_tracking_race_bringup/share/line_tracking_race_bringup/local_setup.bash
-- Up-to-date: /home/brairlab/Desktop/line_tracking_race_ros2/install/line_tracking_race_bringup/share/line_tracking_race_bringup/local_setup.sh
-- Up-to-date: /home/brairlab/Desktop/line_tracking_race_ros2/install/line_tracking_race_bringup/share/line_tracking_race_bringup/local_setup.zsh
-- Up-to-date: /home/brairlab/Desktop/line_tracking_race_ros2/install/line_tracking_race_bringup/share/line_tracking_race_bringup/local_setup.dsv
-- Installing: /home/brairlab/Desktop/line_tracking_race_ros2/install/line_tracking_race_bringup/share/line_tracking_race_bringup/package.dsv
-- Up-to-date: /home/brairlab/Desktop/line_tracking_race_ros2/install/line_tracking_race_bringup/share/ament_index/resource_index/packages/line_tracking_race_bringup
-- Up-to-date: /home/brairlab/Desktop/line_tracking_race_ros2/install/line_tracking_race_bringup/share/line_tracking_race_bringup/cmake/line_tracking_race_bringupConfig.cmake
-- Up-to-date: /home/brairlab/Desktop/line_tracking_race_ros2/install/line_tracking_race_bringup/share/line_tracking_race_bringup/cmake/line_tracking_race_bringupConfig-version.cmake
-- Up-to-date: /home/brairlab/Desktop/line_tracking_race_ros2/install/line_tracking_race_bringup/share/line_tracking_race_bringup/package.xml
