[0.455s] DEBUG:colcon:Command line arguments: ['/usr/bin/colcon', 'build']
[0.463s] DEBUG:colcon:Parsed command line arguments: Namespace(log_base=None, log_level=None, verb_name='build', build_base='build', install_base='install', merge_install=False, symlink_install=False, test_result_base=None, continue_on_error=False, executor='parallel', parallel_workers=6, event_handlers=None, ignore_user_meta=False, metas=['./colcon.meta'], base_paths=['.'], packages_ignore=None, packages_ignore_regex=None, paths=None, packages_up_to=None, packages_up_to_regex=None, packages_above=None, packages_above_and_dependencies=None, packages_above_depth=None, packages_select_by_dep=None, packages_skip_by_dep=None, packages_skip_up_to=None, packages_select_build_failed=False, packages_skip_build_finished=False, packages_select_test_failures=False, packages_skip_test_passed=False, packages_select=None, packages_skip=None, packages_select_regex=None, packages_skip_regex=None, packages_start=None, packages_end=None, allow_overriding=[], cmake_args=None, cmake_target=None, cmake_target_skip_unavailable=False, cmake_clean_cache=False, cmake_clean_first=False, cmake_force_configure=False, ament_cmake_args=None, catkin_cmake_args=None, catkin_skip_building_tests=False, verb_parser=<colcon_defaults.argument_parser.defaults.DefaultArgumentsDecorator object at 0x79715afb1660>, verb_extension=<colcon_core.verb.build.BuildVerb object at 0x79715b017a90>, main=<bound method BuildVerb.main of <colcon_core.verb.build.BuildVerb object at 0x79715b017a90>>)
[0.510s] Level 1:colcon.colcon_core.package_discovery:discover_packages(colcon_meta) check parameters
[0.511s] Level 1:colcon.colcon_core.package_discovery:discover_packages(recursive) check parameters
[0.513s] Level 1:colcon.colcon_core.package_discovery:discover_packages(ignore) check parameters
[0.516s] Level 1:colcon.colcon_core.package_discovery:discover_packages(path) check parameters
[0.516s] Level 1:colcon.colcon_core.package_discovery:discover_packages(colcon_meta) discover
[0.516s] Level 1:colcon.colcon_core.package_discovery:discover_packages(recursive) discover
[0.517s] INFO:colcon.colcon_core.package_discovery:Crawling recursively for packages in '/home/brairlab/Desktop/line_tracking_race_ros2'
[0.517s] Level 1:colcon.colcon_core.package_identification:_identify(.) by extensions ['ignore', 'ignore_ament_install']
[0.520s] Level 1:colcon.colcon_core.package_identification:_identify(.) by extension 'ignore'
[0.520s] Level 1:colcon.colcon_core.package_identification:_identify(.) by extension 'ignore_ament_install'
[0.520s] Level 1:colcon.colcon_core.package_identification:_identify(.) by extensions ['colcon_pkg']
[0.521s] Level 1:colcon.colcon_core.package_identification:_identify(.) by extension 'colcon_pkg'
[0.521s] Level 1:colcon.colcon_core.package_identification:_identify(.) by extensions ['colcon_meta']
[0.521s] Level 1:colcon.colcon_core.package_identification:_identify(.) by extension 'colcon_meta'
[0.521s] Level 1:colcon.colcon_core.package_identification:_identify(.) by extensions ['ros']
[0.521s] Level 1:colcon.colcon_core.package_identification:_identify(.) by extension 'ros'
[0.553s] Level 1:colcon.colcon_core.package_identification:_identify(.) by extensions ['cmake', 'python']
[0.554s] Level 1:colcon.colcon_core.package_identification:_identify(.) by extension 'cmake'
[0.554s] Level 1:colcon.colcon_core.package_identification:_identify(.) by extension 'python'
[0.554s] Level 1:colcon.colcon_core.package_identification:_identify(.) by extensions ['python_setup_py']
[0.555s] Level 1:colcon.colcon_core.package_identification:_identify(.) by extension 'python_setup_py'
[0.556s] Level 1:colcon.colcon_core.package_identification:_identify(build) by extensions ['ignore', 'ignore_ament_install']
[0.556s] Level 1:colcon.colcon_core.package_identification:_identify(build) by extension 'ignore'
[0.556s] Level 1:colcon.colcon_core.package_identification:_identify(build) ignored
[0.556s] Level 1:colcon.colcon_core.package_identification:_identify(docs) by extensions ['ignore', 'ignore_ament_install']
[0.557s] Level 1:colcon.colcon_core.package_identification:_identify(docs) by extension 'ignore'
[0.557s] Level 1:colcon.colcon_core.package_identification:_identify(docs) by extension 'ignore_ament_install'
[0.557s] Level 1:colcon.colcon_core.package_identification:_identify(docs) by extensions ['colcon_pkg']
[0.557s] Level 1:colcon.colcon_core.package_identification:_identify(docs) by extension 'colcon_pkg'
[0.558s] Level 1:colcon.colcon_core.package_identification:_identify(docs) by extensions ['colcon_meta']
[0.558s] Level 1:colcon.colcon_core.package_identification:_identify(docs) by extension 'colcon_meta'
[0.558s] Level 1:colcon.colcon_core.package_identification:_identify(docs) by extensions ['ros']
[0.558s] Level 1:colcon.colcon_core.package_identification:_identify(docs) by extension 'ros'
[0.558s] Level 1:colcon.colcon_core.package_identification:_identify(docs) by extensions ['cmake', 'python']
[0.558s] Level 1:colcon.colcon_core.package_identification:_identify(docs) by extension 'cmake'
[0.558s] Level 1:colcon.colcon_core.package_identification:_identify(docs) by extension 'python'
[0.558s] Level 1:colcon.colcon_core.package_identification:_identify(docs) by extensions ['python_setup_py']
[0.558s] Level 1:colcon.colcon_core.package_identification:_identify(docs) by extension 'python_setup_py'
[0.558s] Level 1:colcon.colcon_core.package_identification:_identify(docs/figures) by extensions ['ignore', 'ignore_ament_install']
[0.559s] Level 1:colcon.colcon_core.package_identification:_identify(docs/figures) by extension 'ignore'
[0.560s] Level 1:colcon.colcon_core.package_identification:_identify(docs/figures) by extension 'ignore_ament_install'
[0.560s] Level 1:colcon.colcon_core.package_identification:_identify(docs/figures) by extensions ['colcon_pkg']
[0.561s] Level 1:colcon.colcon_core.package_identification:_identify(docs/figures) by extension 'colcon_pkg'
[0.561s] Level 1:colcon.colcon_core.package_identification:_identify(docs/figures) by extensions ['colcon_meta']
[0.561s] Level 1:colcon.colcon_core.package_identification:_identify(docs/figures) by extension 'colcon_meta'
[0.561s] Level 1:colcon.colcon_core.package_identification:_identify(docs/figures) by extensions ['ros']
[0.561s] Level 1:colcon.colcon_core.package_identification:_identify(docs/figures) by extension 'ros'
[0.561s] Level 1:colcon.colcon_core.package_identification:_identify(docs/figures) by extensions ['cmake', 'python']
[0.561s] Level 1:colcon.colcon_core.package_identification:_identify(docs/figures) by extension 'cmake'
[0.561s] Level 1:colcon.colcon_core.package_identification:_identify(docs/figures) by extension 'python'
[0.561s] Level 1:colcon.colcon_core.package_identification:_identify(docs/figures) by extensions ['python_setup_py']
[0.561s] Level 1:colcon.colcon_core.package_identification:_identify(docs/figures) by extension 'python_setup_py'
[0.562s] Level 1:colcon.colcon_core.package_identification:_identify(install) by extensions ['ignore', 'ignore_ament_install']
[0.563s] Level 1:colcon.colcon_core.package_identification:_identify(install) by extension 'ignore'
[0.563s] Level 1:colcon.colcon_core.package_identification:_identify(install) ignored
[0.563s] Level 1:colcon.colcon_core.package_identification:_identify(line_tracking_race_application) by extensions ['ignore', 'ignore_ament_install']
[0.563s] Level 1:colcon.colcon_core.package_identification:_identify(line_tracking_race_application) by extension 'ignore'
[0.563s] Level 1:colcon.colcon_core.package_identification:_identify(line_tracking_race_application) by extension 'ignore_ament_install'
[0.563s] Level 1:colcon.colcon_core.package_identification:_identify(line_tracking_race_application) by extensions ['colcon_pkg']
[0.564s] Level 1:colcon.colcon_core.package_identification:_identify(line_tracking_race_application) by extension 'colcon_pkg'
[0.564s] Level 1:colcon.colcon_core.package_identification:_identify(line_tracking_race_application) by extensions ['colcon_meta']
[0.564s] Level 1:colcon.colcon_core.package_identification:_identify(line_tracking_race_application) by extension 'colcon_meta'
[0.564s] Level 1:colcon.colcon_core.package_identification:_identify(line_tracking_race_application) by extensions ['ros']
[0.564s] Level 1:colcon.colcon_core.package_identification:_identify(line_tracking_race_application) by extension 'ros'
[0.570s] DEBUG:colcon.colcon_core.package_identification:Package 'line_tracking_race_application' with type 'ros.ament_cmake' and name 'line_tracking_race_application'
[0.571s] Level 1:colcon.colcon_core.package_identification:_identify(line_tracking_race_bringup) by extensions ['ignore', 'ignore_ament_install']
[0.571s] Level 1:colcon.colcon_core.package_identification:_identify(line_tracking_race_bringup) by extension 'ignore'
[0.571s] Level 1:colcon.colcon_core.package_identification:_identify(line_tracking_race_bringup) by extension 'ignore_ament_install'
[0.572s] Level 1:colcon.colcon_core.package_identification:_identify(line_tracking_race_bringup) by extensions ['colcon_pkg']
[0.572s] Level 1:colcon.colcon_core.package_identification:_identify(line_tracking_race_bringup) by extension 'colcon_pkg'
[0.572s] Level 1:colcon.colcon_core.package_identification:_identify(line_tracking_race_bringup) by extensions ['colcon_meta']
[0.572s] Level 1:colcon.colcon_core.package_identification:_identify(line_tracking_race_bringup) by extension 'colcon_meta'
[0.573s] Level 1:colcon.colcon_core.package_identification:_identify(line_tracking_race_bringup) by extensions ['ros']
[0.573s] Level 1:colcon.colcon_core.package_identification:_identify(line_tracking_race_bringup) by extension 'ros'
[0.576s] DEBUG:colcon.colcon_core.package_identification:Package 'line_tracking_race_bringup' with type 'ros.ament_cmake' and name 'line_tracking_race_bringup'
[0.576s] Level 1:colcon.colcon_core.package_identification:_identify(line_tracking_race_controller) by extensions ['ignore', 'ignore_ament_install']
[0.577s] Level 1:colcon.colcon_core.package_identification:_identify(line_tracking_race_controller) by extension 'ignore'
[0.577s] Level 1:colcon.colcon_core.package_identification:_identify(line_tracking_race_controller) by extension 'ignore_ament_install'
[0.577s] Level 1:colcon.colcon_core.package_identification:_identify(line_tracking_race_controller) by extensions ['colcon_pkg']
[0.577s] Level 1:colcon.colcon_core.package_identification:_identify(line_tracking_race_controller) by extension 'colcon_pkg'
[0.577s] Level 1:colcon.colcon_core.package_identification:_identify(line_tracking_race_controller) by extensions ['colcon_meta']
[0.577s] Level 1:colcon.colcon_core.package_identification:_identify(line_tracking_race_controller) by extension 'colcon_meta'
[0.578s] Level 1:colcon.colcon_core.package_identification:_identify(line_tracking_race_controller) by extensions ['ros']
[0.578s] Level 1:colcon.colcon_core.package_identification:_identify(line_tracking_race_controller) by extension 'ros'
[0.579s] DEBUG:colcon.colcon_core.package_identification:Package 'line_tracking_race_controller' with type 'ros.ament_python' and name 'line_tracking_race_controller'
[0.580s] Level 1:colcon.colcon_core.package_identification:_identify(line_tracking_race_description) by extensions ['ignore', 'ignore_ament_install']
[0.580s] Level 1:colcon.colcon_core.package_identification:_identify(line_tracking_race_description) by extension 'ignore'
[0.580s] Level 1:colcon.colcon_core.package_identification:_identify(line_tracking_race_description) by extension 'ignore_ament_install'
[0.580s] Level 1:colcon.colcon_core.package_identification:_identify(line_tracking_race_description) by extensions ['colcon_pkg']
[0.580s] Level 1:colcon.colcon_core.package_identification:_identify(line_tracking_race_description) by extension 'colcon_pkg'
[0.581s] Level 1:colcon.colcon_core.package_identification:_identify(line_tracking_race_description) by extensions ['colcon_meta']
[0.581s] Level 1:colcon.colcon_core.package_identification:_identify(line_tracking_race_description) by extension 'colcon_meta'
[0.581s] Level 1:colcon.colcon_core.package_identification:_identify(line_tracking_race_description) by extensions ['ros']
[0.581s] Level 1:colcon.colcon_core.package_identification:_identify(line_tracking_race_description) by extension 'ros'
[0.582s] DEBUG:colcon.colcon_core.package_identification:Package 'line_tracking_race_description' with type 'ros.ament_cmake' and name 'line_tracking_race_description'
[0.582s] Level 1:colcon.colcon_core.package_identification:_identify(line_tracking_race_gazebo) by extensions ['ignore', 'ignore_ament_install']
[0.583s] Level 1:colcon.colcon_core.package_identification:_identify(line_tracking_race_gazebo) by extension 'ignore'
[0.583s] Level 1:colcon.colcon_core.package_identification:_identify(line_tracking_race_gazebo) by extension 'ignore_ament_install'
[0.583s] Level 1:colcon.colcon_core.package_identification:_identify(line_tracking_race_gazebo) by extensions ['colcon_pkg']
[0.583s] Level 1:colcon.colcon_core.package_identification:_identify(line_tracking_race_gazebo) by extension 'colcon_pkg'
[0.583s] Level 1:colcon.colcon_core.package_identification:_identify(line_tracking_race_gazebo) by extensions ['colcon_meta']
[0.583s] Level 1:colcon.colcon_core.package_identification:_identify(line_tracking_race_gazebo) by extension 'colcon_meta'
[0.583s] Level 1:colcon.colcon_core.package_identification:_identify(line_tracking_race_gazebo) by extensions ['ros']
[0.583s] Level 1:colcon.colcon_core.package_identification:_identify(line_tracking_race_gazebo) by extension 'ros'
[0.584s] DEBUG:colcon.colcon_core.package_identification:Package 'line_tracking_race_gazebo' with type 'ros.ament_cmake' and name 'line_tracking_race_gazebo'
[0.585s] Level 1:colcon.colcon_core.package_identification:_identify(log) by extensions ['ignore', 'ignore_ament_install']
[0.585s] Level 1:colcon.colcon_core.package_identification:_identify(log) by extension 'ignore'
[0.585s] Level 1:colcon.colcon_core.package_identification:_identify(log) ignored
[0.585s] Level 1:colcon.colcon_core.package_discovery:discover_packages(recursive) using defaults
[0.585s] Level 1:colcon.colcon_core.package_discovery:discover_packages(ignore) discover
[0.585s] Level 1:colcon.colcon_core.package_discovery:discover_packages(ignore) using defaults
[0.585s] Level 1:colcon.colcon_core.package_discovery:discover_packages(path) discover
[0.585s] Level 1:colcon.colcon_core.package_discovery:discover_packages(path) using defaults
[0.628s] Level 1:colcon.colcon_core.package_discovery:discover_packages(prefix_path) check parameters
[0.628s] Level 1:colcon.colcon_core.package_discovery:discover_packages(prefix_path) discover
[0.642s] DEBUG:colcon.colcon_installed_package_information.package_discovery:Found 5 installed packages in /home/brairlab/Desktop/line_tracking_race_ros2/install
[0.646s] DEBUG:colcon.colcon_installed_package_information.package_discovery:Found 293 installed packages in /opt/ros/humble
[0.650s] Level 1:colcon.colcon_core.package_discovery:discover_packages(prefix_path) using defaults
[0.816s] Level 5:colcon.colcon_core.verb:set package 'line_tracking_race_application' build argument 'cmake_args' from command line to 'None'
[0.817s] Level 5:colcon.colcon_core.verb:set package 'line_tracking_race_application' build argument 'cmake_target' from command line to 'None'
[0.817s] Level 5:colcon.colcon_core.verb:set package 'line_tracking_race_application' build argument 'cmake_target_skip_unavailable' from command line to 'False'
[0.817s] Level 5:colcon.colcon_core.verb:set package 'line_tracking_race_application' build argument 'cmake_clean_cache' from command line to 'False'
[0.817s] Level 5:colcon.colcon_core.verb:set package 'line_tracking_race_application' build argument 'cmake_clean_first' from command line to 'False'
[0.817s] Level 5:colcon.colcon_core.verb:set package 'line_tracking_race_application' build argument 'cmake_force_configure' from command line to 'False'
[0.818s] Level 5:colcon.colcon_core.verb:set package 'line_tracking_race_application' build argument 'ament_cmake_args' from command line to 'None'
[0.818s] Level 5:colcon.colcon_core.verb:set package 'line_tracking_race_application' build argument 'catkin_cmake_args' from command line to 'None'
[0.818s] Level 5:colcon.colcon_core.verb:set package 'line_tracking_race_application' build argument 'catkin_skip_building_tests' from command line to 'False'
[0.819s] DEBUG:colcon.colcon_core.verb:Building package 'line_tracking_race_application' with the following arguments: {'ament_cmake_args': None, 'build_base': '/home/brairlab/Desktop/line_tracking_race_ros2/build/line_tracking_race_application', 'catkin_cmake_args': None, 'catkin_skip_building_tests': False, 'cmake_args': None, 'cmake_clean_cache': False, 'cmake_clean_first': False, 'cmake_force_configure': False, 'cmake_target': None, 'cmake_target_skip_unavailable': False, 'install_base': '/home/brairlab/Desktop/line_tracking_race_ros2/install/line_tracking_race_application', 'merge_install': False, 'path': '/home/brairlab/Desktop/line_tracking_race_ros2/line_tracking_race_application', 'symlink_install': False, 'test_result_base': None}
[0.820s] Level 5:colcon.colcon_core.verb:set package 'line_tracking_race_controller' build argument 'cmake_args' from command line to 'None'
[0.821s] Level 5:colcon.colcon_core.verb:set package 'line_tracking_race_controller' build argument 'cmake_target' from command line to 'None'
[0.821s] Level 5:colcon.colcon_core.verb:set package 'line_tracking_race_controller' build argument 'cmake_target_skip_unavailable' from command line to 'False'
[0.821s] Level 5:colcon.colcon_core.verb:set package 'line_tracking_race_controller' build argument 'cmake_clean_cache' from command line to 'False'
[0.821s] Level 5:colcon.colcon_core.verb:set package 'line_tracking_race_controller' build argument 'cmake_clean_first' from command line to 'False'
[0.821s] Level 5:colcon.colcon_core.verb:set package 'line_tracking_race_controller' build argument 'cmake_force_configure' from command line to 'False'
[0.821s] Level 5:colcon.colcon_core.verb:set package 'line_tracking_race_controller' build argument 'ament_cmake_args' from command line to 'None'
[0.821s] Level 5:colcon.colcon_core.verb:set package 'line_tracking_race_controller' build argument 'catkin_cmake_args' from command line to 'None'
[0.821s] Level 5:colcon.colcon_core.verb:set package 'line_tracking_race_controller' build argument 'catkin_skip_building_tests' from command line to 'False'
[0.821s] DEBUG:colcon.colcon_core.verb:Building package 'line_tracking_race_controller' with the following arguments: {'ament_cmake_args': None, 'build_base': '/home/brairlab/Desktop/line_tracking_race_ros2/build/line_tracking_race_controller', 'catkin_cmake_args': None, 'catkin_skip_building_tests': False, 'cmake_args': None, 'cmake_clean_cache': False, 'cmake_clean_first': False, 'cmake_force_configure': False, 'cmake_target': None, 'cmake_target_skip_unavailable': False, 'install_base': '/home/brairlab/Desktop/line_tracking_race_ros2/install/line_tracking_race_controller', 'merge_install': False, 'path': '/home/brairlab/Desktop/line_tracking_race_ros2/line_tracking_race_controller', 'symlink_install': False, 'test_result_base': None}
[0.822s] Level 5:colcon.colcon_core.verb:set package 'line_tracking_race_description' build argument 'cmake_args' from command line to 'None'
[0.822s] Level 5:colcon.colcon_core.verb:set package 'line_tracking_race_description' build argument 'cmake_target' from command line to 'None'
[0.823s] Level 5:colcon.colcon_core.verb:set package 'line_tracking_race_description' build argument 'cmake_target_skip_unavailable' from command line to 'False'
[0.823s] Level 5:colcon.colcon_core.verb:set package 'line_tracking_race_description' build argument 'cmake_clean_cache' from command line to 'False'
[0.823s] Level 5:colcon.colcon_core.verb:set package 'line_tracking_race_description' build argument 'cmake_clean_first' from command line to 'False'
[0.823s] Level 5:colcon.colcon_core.verb:set package 'line_tracking_race_description' build argument 'cmake_force_configure' from command line to 'False'
[0.823s] Level 5:colcon.colcon_core.verb:set package 'line_tracking_race_description' build argument 'ament_cmake_args' from command line to 'None'
[0.823s] Level 5:colcon.colcon_core.verb:set package 'line_tracking_race_description' build argument 'catkin_cmake_args' from command line to 'None'
[0.823s] Level 5:colcon.colcon_core.verb:set package 'line_tracking_race_description' build argument 'catkin_skip_building_tests' from command line to 'False'
[0.824s] DEBUG:colcon.colcon_core.verb:Building package 'line_tracking_race_description' with the following arguments: {'ament_cmake_args': None, 'build_base': '/home/brairlab/Desktop/line_tracking_race_ros2/build/line_tracking_race_description', 'catkin_cmake_args': None, 'catkin_skip_building_tests': False, 'cmake_args': None, 'cmake_clean_cache': False, 'cmake_clean_first': False, 'cmake_force_configure': False, 'cmake_target': None, 'cmake_target_skip_unavailable': False, 'install_base': '/home/brairlab/Desktop/line_tracking_race_ros2/install/line_tracking_race_description', 'merge_install': False, 'path': '/home/brairlab/Desktop/line_tracking_race_ros2/line_tracking_race_description', 'symlink_install': False, 'test_result_base': None}
[0.825s] Level 5:colcon.colcon_core.verb:set package 'line_tracking_race_gazebo' build argument 'cmake_args' from command line to 'None'
[0.825s] Level 5:colcon.colcon_core.verb:set package 'line_tracking_race_gazebo' build argument 'cmake_target' from command line to 'None'
[0.826s] Level 5:colcon.colcon_core.verb:set package 'line_tracking_race_gazebo' build argument 'cmake_target_skip_unavailable' from command line to 'False'
[0.826s] Level 5:colcon.colcon_core.verb:set package 'line_tracking_race_gazebo' build argument 'cmake_clean_cache' from command line to 'False'
[0.826s] Level 5:colcon.colcon_core.verb:set package 'line_tracking_race_gazebo' build argument 'cmake_clean_first' from command line to 'False'
[0.826s] Level 5:colcon.colcon_core.verb:set package 'line_tracking_race_gazebo' build argument 'cmake_force_configure' from command line to 'False'
[0.826s] Level 5:colcon.colcon_core.verb:set package 'line_tracking_race_gazebo' build argument 'ament_cmake_args' from command line to 'None'
[0.826s] Level 5:colcon.colcon_core.verb:set package 'line_tracking_race_gazebo' build argument 'catkin_cmake_args' from command line to 'None'
[0.826s] Level 5:colcon.colcon_core.verb:set package 'line_tracking_race_gazebo' build argument 'catkin_skip_building_tests' from command line to 'False'
[0.826s] DEBUG:colcon.colcon_core.verb:Building package 'line_tracking_race_gazebo' with the following arguments: {'ament_cmake_args': None, 'build_base': '/home/brairlab/Desktop/line_tracking_race_ros2/build/line_tracking_race_gazebo', 'catkin_cmake_args': None, 'catkin_skip_building_tests': False, 'cmake_args': None, 'cmake_clean_cache': False, 'cmake_clean_first': False, 'cmake_force_configure': False, 'cmake_target': None, 'cmake_target_skip_unavailable': False, 'install_base': '/home/brairlab/Desktop/line_tracking_race_ros2/install/line_tracking_race_gazebo', 'merge_install': False, 'path': '/home/brairlab/Desktop/line_tracking_race_ros2/line_tracking_race_gazebo', 'symlink_install': False, 'test_result_base': None}
[0.828s] Level 5:colcon.colcon_core.verb:set package 'line_tracking_race_bringup' build argument 'cmake_args' from command line to 'None'
[0.828s] Level 5:colcon.colcon_core.verb:set package 'line_tracking_race_bringup' build argument 'cmake_target' from command line to 'None'
[0.829s] Level 5:colcon.colcon_core.verb:set package 'line_tracking_race_bringup' build argument 'cmake_target_skip_unavailable' from command line to 'False'
[0.829s] Level 5:colcon.colcon_core.verb:set package 'line_tracking_race_bringup' build argument 'cmake_clean_cache' from command line to 'False'
[0.829s] Level 5:colcon.colcon_core.verb:set package 'line_tracking_race_bringup' build argument 'cmake_clean_first' from command line to 'False'
[0.829s] Level 5:colcon.colcon_core.verb:set package 'line_tracking_race_bringup' build argument 'cmake_force_configure' from command line to 'False'
[0.829s] Level 5:colcon.colcon_core.verb:set package 'line_tracking_race_bringup' build argument 'ament_cmake_args' from command line to 'None'
[0.829s] Level 5:colcon.colcon_core.verb:set package 'line_tracking_race_bringup' build argument 'catkin_cmake_args' from command line to 'None'
[0.829s] Level 5:colcon.colcon_core.verb:set package 'line_tracking_race_bringup' build argument 'catkin_skip_building_tests' from command line to 'False'
[0.829s] DEBUG:colcon.colcon_core.verb:Building package 'line_tracking_race_bringup' with the following arguments: {'ament_cmake_args': None, 'build_base': '/home/brairlab/Desktop/line_tracking_race_ros2/build/line_tracking_race_bringup', 'catkin_cmake_args': None, 'catkin_skip_building_tests': False, 'cmake_args': None, 'cmake_clean_cache': False, 'cmake_clean_first': False, 'cmake_force_configure': False, 'cmake_target': None, 'cmake_target_skip_unavailable': False, 'install_base': '/home/brairlab/Desktop/line_tracking_race_ros2/install/line_tracking_race_bringup', 'merge_install': False, 'path': '/home/brairlab/Desktop/line_tracking_race_ros2/line_tracking_race_bringup', 'symlink_install': False, 'test_result_base': None}
[0.830s] INFO:colcon.colcon_core.executor:Executing jobs using 'parallel' executor
[0.834s] DEBUG:colcon.colcon_parallel_executor.executor.parallel:run_until_complete
[0.835s] INFO:colcon.colcon_ros.task.ament_cmake.build:Building ROS package in '/home/brairlab/Desktop/line_tracking_race_ros2/line_tracking_race_description' with build type 'ament_cmake'
[0.837s] INFO:colcon.colcon_cmake.task.cmake.build:Building CMake package in '/home/brairlab/Desktop/line_tracking_race_ros2/line_tracking_race_description'
[0.843s] INFO:colcon.colcon_core.plugin_system:Skipping extension 'colcon_core.shell.bat': Not used on non-Windows systems
[0.845s] INFO:colcon.colcon_core.shell:Skip shell extension 'powershell' for command environment: Not usable outside of PowerShell
[0.846s] DEBUG:colcon.colcon_core.shell:Skip shell extension 'dsv' for command environment
[0.863s] INFO:colcon.colcon_ros.task.ament_cmake.build:Building ROS package in '/home/brairlab/Desktop/line_tracking_race_ros2/line_tracking_race_application' with build type 'ament_cmake'
[0.863s] INFO:colcon.colcon_cmake.task.cmake.build:Building CMake package in '/home/brairlab/Desktop/line_tracking_race_ros2/line_tracking_race_application'
[0.865s] INFO:colcon.colcon_core.shell:Skip shell extension 'powershell' for command environment: Not usable outside of PowerShell
[0.866s] DEBUG:colcon.colcon_core.shell:Skip shell extension 'dsv' for command environment
[0.906s] INFO:colcon.colcon_ros.task.ament_python.build:Building ROS package in '/home/brairlab/Desktop/line_tracking_race_ros2/line_tracking_race_controller' with build type 'ament_python'
[0.907s] Level 1:colcon.colcon_core.shell:create_environment_hook('line_tracking_race_controller', 'ament_prefix_path')
[0.909s] INFO:colcon.colcon_core.shell:Creating environment hook '/home/brairlab/Desktop/line_tracking_race_ros2/install/line_tracking_race_controller/share/line_tracking_race_controller/hook/ament_prefix_path.ps1'
[0.913s] INFO:colcon.colcon_core.shell:Creating environment descriptor '/home/brairlab/Desktop/line_tracking_race_ros2/install/line_tracking_race_controller/share/line_tracking_race_controller/hook/ament_prefix_path.dsv'
[0.916s] INFO:colcon.colcon_core.shell:Creating environment hook '/home/brairlab/Desktop/line_tracking_race_ros2/install/line_tracking_race_controller/share/line_tracking_race_controller/hook/ament_prefix_path.sh'
[0.920s] INFO:colcon.colcon_core.shell:Skip shell extension 'powershell' for command environment: Not usable outside of PowerShell
[0.927s] DEBUG:colcon.colcon_core.shell:Skip shell extension 'dsv' for command environment
[1.090s] DEBUG:colcon.colcon_core.event_handler.log_command:Invoking command in '/home/brairlab/Desktop/line_tracking_race_ros2/build/line_tracking_race_description': CMAKE_PREFIX_PATH=${CMAKE_PREFIX_PATH}:/home/brairlab/Desktop/line_tracking_race_ros2/install/line_tracking_race_controller:/opt/ros/humble /usr/bin/cmake --build /home/brairlab/Desktop/line_tracking_race_ros2/build/line_tracking_race_description -- -j6 -l6
[1.112s] DEBUG:colcon.colcon_core.event_handler.log_command:Invoking command in '/home/brairlab/Desktop/line_tracking_race_ros2/build/line_tracking_race_application': CMAKE_PREFIX_PATH=${CMAKE_PREFIX_PATH}:/home/brairlab/Desktop/line_tracking_race_ros2/install/line_tracking_race_controller:/opt/ros/humble /usr/bin/cmake --build /home/brairlab/Desktop/line_tracking_race_ros2/build/line_tracking_race_application -- -j6 -l6
[1.730s] INFO:colcon.colcon_core.task.python.build:Building Python package in '/home/brairlab/Desktop/line_tracking_race_ros2/line_tracking_race_controller'
[1.731s] INFO:colcon.colcon_core.shell:Skip shell extension 'powershell' for command environment: Not usable outside of PowerShell
[1.732s] DEBUG:colcon.colcon_core.shell:Skip shell extension 'dsv' for command environment
[1.753s] DEBUG:colcon.colcon_core.event_handler.log_command:Invoked command in '/home/brairlab/Desktop/line_tracking_race_ros2/build/line_tracking_race_description' returned '0': CMAKE_PREFIX_PATH=${CMAKE_PREFIX_PATH}:/home/brairlab/Desktop/line_tracking_race_ros2/install/line_tracking_race_controller:/opt/ros/humble /usr/bin/cmake --build /home/brairlab/Desktop/line_tracking_race_ros2/build/line_tracking_race_description -- -j6 -l6
[1.755s] DEBUG:colcon.colcon_core.event_handler.log_command:Invoked command in '/home/brairlab/Desktop/line_tracking_race_ros2/build/line_tracking_race_application' returned '0': CMAKE_PREFIX_PATH=${CMAKE_PREFIX_PATH}:/home/brairlab/Desktop/line_tracking_race_ros2/install/line_tracking_race_controller:/opt/ros/humble /usr/bin/cmake --build /home/brairlab/Desktop/line_tracking_race_ros2/build/line_tracking_race_application -- -j6 -l6
[1.902s] DEBUG:colcon.colcon_core.event_handler.log_command:Invoking command in '/home/brairlab/Desktop/line_tracking_race_ros2/build/line_tracking_race_description': CMAKE_PREFIX_PATH=${CMAKE_PREFIX_PATH}:/home/brairlab/Desktop/line_tracking_race_ros2/install/line_tracking_race_controller:/opt/ros/humble /usr/bin/cmake --install /home/brairlab/Desktop/line_tracking_race_ros2/build/line_tracking_race_description
[1.903s] DEBUG:colcon.colcon_core.event_handler.log_command:Invoking command in '/home/brairlab/Desktop/line_tracking_race_ros2/build/line_tracking_race_application': CMAKE_PREFIX_PATH=${CMAKE_PREFIX_PATH}:/home/brairlab/Desktop/line_tracking_race_ros2/install/line_tracking_race_controller:/opt/ros/humble /usr/bin/cmake --install /home/brairlab/Desktop/line_tracking_race_ros2/build/line_tracking_race_application
[1.945s] Level 1:colcon.colcon_core.environment:create_environment_scripts_only(line_tracking_race_application)
[1.956s] DEBUG:colcon.colcon_core.event_handler.log_command:Invoked command in '/home/brairlab/Desktop/line_tracking_race_ros2/build/line_tracking_race_application' returned '0': CMAKE_PREFIX_PATH=${CMAKE_PREFIX_PATH}:/home/brairlab/Desktop/line_tracking_race_ros2/install/line_tracking_race_controller:/opt/ros/humble /usr/bin/cmake --install /home/brairlab/Desktop/line_tracking_race_ros2/build/line_tracking_race_application
[1.960s] Level 1:colcon.colcon_core.environment:checking '/home/brairlab/Desktop/line_tracking_race_ros2/install/line_tracking_race_application' for CMake module files
[1.961s] Level 1:colcon.colcon_core.environment:checking '/home/brairlab/Desktop/line_tracking_race_ros2/install/line_tracking_race_application' for CMake config files
[1.961s] Level 1:colcon.colcon_core.shell:create_environment_hook('line_tracking_race_application', 'cmake_prefix_path')
[1.962s] INFO:colcon.colcon_core.shell:Creating environment hook '/home/brairlab/Desktop/line_tracking_race_ros2/install/line_tracking_race_application/share/line_tracking_race_application/hook/cmake_prefix_path.ps1'
[1.964s] INFO:colcon.colcon_core.shell:Creating environment descriptor '/home/brairlab/Desktop/line_tracking_race_ros2/install/line_tracking_race_application/share/line_tracking_race_application/hook/cmake_prefix_path.dsv'
[1.967s] INFO:colcon.colcon_core.shell:Creating environment hook '/home/brairlab/Desktop/line_tracking_race_ros2/install/line_tracking_race_application/share/line_tracking_race_application/hook/cmake_prefix_path.sh'
[1.971s] Level 1:colcon.colcon_core.environment:checking '/home/brairlab/Desktop/line_tracking_race_ros2/install/line_tracking_race_application/bin'
[1.971s] Level 1:colcon.colcon_core.environment:checking '/home/brairlab/Desktop/line_tracking_race_ros2/install/line_tracking_race_application/lib/pkgconfig/line_tracking_race_application.pc'
[1.972s] Level 1:colcon.colcon_core.environment:checking '/home/brairlab/Desktop/line_tracking_race_ros2/install/line_tracking_race_application/lib/python3.10/site-packages'
[1.972s] Level 1:colcon.colcon_core.environment:checking '/home/brairlab/Desktop/line_tracking_race_ros2/install/line_tracking_race_application/bin'
[1.973s] INFO:colcon.colcon_core.shell:Creating package script '/home/brairlab/Desktop/line_tracking_race_ros2/install/line_tracking_race_application/share/line_tracking_race_application/package.ps1'
[1.976s] INFO:colcon.colcon_core.shell:Creating package descriptor '/home/brairlab/Desktop/line_tracking_race_ros2/install/line_tracking_race_application/share/line_tracking_race_application/package.dsv'
[1.979s] INFO:colcon.colcon_core.shell:Creating package script '/home/brairlab/Desktop/line_tracking_race_ros2/install/line_tracking_race_application/share/line_tracking_race_application/package.sh'
[1.982s] INFO:colcon.colcon_core.shell:Creating package script '/home/brairlab/Desktop/line_tracking_race_ros2/install/line_tracking_race_application/share/line_tracking_race_application/package.bash'
[1.984s] INFO:colcon.colcon_core.shell:Creating package script '/home/brairlab/Desktop/line_tracking_race_ros2/install/line_tracking_race_application/share/line_tracking_race_application/package.zsh'
[1.987s] Level 1:colcon.colcon_core.environment:create_file_with_runtime_dependencies(/home/brairlab/Desktop/line_tracking_race_ros2/install/line_tracking_race_application/share/colcon-core/packages/line_tracking_race_application)
[1.991s] Level 1:colcon.colcon_core.environment:create_environment_scripts_only(line_tracking_race_description)
[1.993s] Level 1:colcon.colcon_core.environment:checking '/home/brairlab/Desktop/line_tracking_race_ros2/install/line_tracking_race_description' for CMake module files
[1.994s] DEBUG:colcon.colcon_core.event_handler.log_command:Invoked command in '/home/brairlab/Desktop/line_tracking_race_ros2/build/line_tracking_race_description' returned '0': CMAKE_PREFIX_PATH=${CMAKE_PREFIX_PATH}:/home/brairlab/Desktop/line_tracking_race_ros2/install/line_tracking_race_controller:/opt/ros/humble /usr/bin/cmake --install /home/brairlab/Desktop/line_tracking_race_ros2/build/line_tracking_race_description
[1.995s] Level 1:colcon.colcon_core.environment:checking '/home/brairlab/Desktop/line_tracking_race_ros2/install/line_tracking_race_description' for CMake config files
[1.996s] Level 1:colcon.colcon_core.shell:create_environment_hook('line_tracking_race_description', 'cmake_prefix_path')
[1.998s] INFO:colcon.colcon_core.shell:Creating environment hook '/home/brairlab/Desktop/line_tracking_race_ros2/install/line_tracking_race_description/share/line_tracking_race_description/hook/cmake_prefix_path.ps1'
[2.001s] INFO:colcon.colcon_core.shell:Creating environment descriptor '/home/brairlab/Desktop/line_tracking_race_ros2/install/line_tracking_race_description/share/line_tracking_race_description/hook/cmake_prefix_path.dsv'
[2.004s] INFO:colcon.colcon_core.shell:Creating environment hook '/home/brairlab/Desktop/line_tracking_race_ros2/install/line_tracking_race_description/share/line_tracking_race_description/hook/cmake_prefix_path.sh'
[2.007s] Level 1:colcon.colcon_core.environment:checking '/home/brairlab/Desktop/line_tracking_race_ros2/install/line_tracking_race_description/bin'
[2.007s] Level 1:colcon.colcon_core.environment:checking '/home/brairlab/Desktop/line_tracking_race_ros2/install/line_tracking_race_description/lib/pkgconfig/line_tracking_race_description.pc'
[2.008s] Level 1:colcon.colcon_core.environment:checking '/home/brairlab/Desktop/line_tracking_race_ros2/install/line_tracking_race_description/lib/python3.10/site-packages'
[2.009s] Level 1:colcon.colcon_core.environment:checking '/home/brairlab/Desktop/line_tracking_race_ros2/install/line_tracking_race_description/bin'
[2.010s] INFO:colcon.colcon_core.shell:Creating package script '/home/brairlab/Desktop/line_tracking_race_ros2/install/line_tracking_race_description/share/line_tracking_race_description/package.ps1'
[2.012s] INFO:colcon.colcon_core.shell:Creating package descriptor '/home/brairlab/Desktop/line_tracking_race_ros2/install/line_tracking_race_description/share/line_tracking_race_description/package.dsv'
[2.020s] INFO:colcon.colcon_core.shell:Creating package script '/home/brairlab/Desktop/line_tracking_race_ros2/install/line_tracking_race_description/share/line_tracking_race_description/package.sh'
[2.023s] INFO:colcon.colcon_core.shell:Creating package script '/home/brairlab/Desktop/line_tracking_race_ros2/install/line_tracking_race_description/share/line_tracking_race_description/package.bash'
[2.025s] INFO:colcon.colcon_core.shell:Creating package script '/home/brairlab/Desktop/line_tracking_race_ros2/install/line_tracking_race_description/share/line_tracking_race_description/package.zsh'
[2.032s] Level 1:colcon.colcon_core.environment:create_file_with_runtime_dependencies(/home/brairlab/Desktop/line_tracking_race_ros2/install/line_tracking_race_description/share/colcon-core/packages/line_tracking_race_description)
[2.143s] Level 1:colcon.colcon_core.environment:create_environment_scripts_only(line_tracking_race_application)
[2.144s] Level 1:colcon.colcon_core.environment:checking '/home/brairlab/Desktop/line_tracking_race_ros2/install/line_tracking_race_application' for CMake module files
[2.144s] Level 1:colcon.colcon_core.environment:checking '/home/brairlab/Desktop/line_tracking_race_ros2/install/line_tracking_race_application' for CMake config files
[2.145s] Level 1:colcon.colcon_core.shell:create_environment_hook('line_tracking_race_application', 'cmake_prefix_path')
[2.145s] INFO:colcon.colcon_core.shell:Creating environment hook '/home/brairlab/Desktop/line_tracking_race_ros2/install/line_tracking_race_application/share/line_tracking_race_application/hook/cmake_prefix_path.ps1'
[2.155s] INFO:colcon.colcon_core.shell:Creating environment descriptor '/home/brairlab/Desktop/line_tracking_race_ros2/install/line_tracking_race_application/share/line_tracking_race_application/hook/cmake_prefix_path.dsv'
[2.158s] INFO:colcon.colcon_core.shell:Creating environment hook '/home/brairlab/Desktop/line_tracking_race_ros2/install/line_tracking_race_application/share/line_tracking_race_application/hook/cmake_prefix_path.sh'
[2.161s] Level 1:colcon.colcon_core.environment:checking '/home/brairlab/Desktop/line_tracking_race_ros2/install/line_tracking_race_application/bin'
[2.161s] Level 1:colcon.colcon_core.environment:checking '/home/brairlab/Desktop/line_tracking_race_ros2/install/line_tracking_race_application/lib/pkgconfig/line_tracking_race_application.pc'
[2.161s] Level 1:colcon.colcon_core.environment:checking '/home/brairlab/Desktop/line_tracking_race_ros2/install/line_tracking_race_application/lib/python3.10/site-packages'
[2.162s] Level 1:colcon.colcon_core.environment:checking '/home/brairlab/Desktop/line_tracking_race_ros2/install/line_tracking_race_application/bin'
[2.166s] INFO:colcon.colcon_core.shell:Creating package script '/home/brairlab/Desktop/line_tracking_race_ros2/install/line_tracking_race_application/share/line_tracking_race_application/package.ps1'
[2.177s] INFO:colcon.colcon_core.shell:Creating package descriptor '/home/brairlab/Desktop/line_tracking_race_ros2/install/line_tracking_race_application/share/line_tracking_race_application/package.dsv'
[2.182s] INFO:colcon.colcon_core.shell:Creating package script '/home/brairlab/Desktop/line_tracking_race_ros2/install/line_tracking_race_application/share/line_tracking_race_application/package.sh'
[2.185s] INFO:colcon.colcon_core.shell:Creating package script '/home/brairlab/Desktop/line_tracking_race_ros2/install/line_tracking_race_application/share/line_tracking_race_application/package.bash'
[2.189s] INFO:colcon.colcon_core.shell:Creating package script '/home/brairlab/Desktop/line_tracking_race_ros2/install/line_tracking_race_application/share/line_tracking_race_application/package.zsh'
[2.192s] Level 1:colcon.colcon_core.environment:create_file_with_runtime_dependencies(/home/brairlab/Desktop/line_tracking_race_ros2/install/line_tracking_race_application/share/colcon-core/packages/line_tracking_race_application)
[2.197s] Level 1:colcon.colcon_core.environment:create_environment_scripts_only(line_tracking_race_description)
[2.200s] Level 1:colcon.colcon_core.environment:checking '/home/brairlab/Desktop/line_tracking_race_ros2/install/line_tracking_race_description' for CMake module files
[2.201s] Level 1:colcon.colcon_core.environment:checking '/home/brairlab/Desktop/line_tracking_race_ros2/install/line_tracking_race_description' for CMake config files
[2.203s] Level 1:colcon.colcon_core.shell:create_environment_hook('line_tracking_race_description', 'cmake_prefix_path')
[2.204s] INFO:colcon.colcon_core.shell:Creating environment hook '/home/brairlab/Desktop/line_tracking_race_ros2/install/line_tracking_race_description/share/line_tracking_race_description/hook/cmake_prefix_path.ps1'
[2.207s] INFO:colcon.colcon_core.shell:Creating environment descriptor '/home/brairlab/Desktop/line_tracking_race_ros2/install/line_tracking_race_description/share/line_tracking_race_description/hook/cmake_prefix_path.dsv'
[2.209s] INFO:colcon.colcon_core.shell:Creating environment hook '/home/brairlab/Desktop/line_tracking_race_ros2/install/line_tracking_race_description/share/line_tracking_race_description/hook/cmake_prefix_path.sh'
[2.211s] Level 1:colcon.colcon_core.environment:checking '/home/brairlab/Desktop/line_tracking_race_ros2/install/line_tracking_race_description/bin'
[2.213s] Level 1:colcon.colcon_core.environment:checking '/home/brairlab/Desktop/line_tracking_race_ros2/install/line_tracking_race_description/lib/pkgconfig/line_tracking_race_description.pc'
[2.214s] Level 1:colcon.colcon_core.environment:checking '/home/brairlab/Desktop/line_tracking_race_ros2/install/line_tracking_race_description/lib/python3.10/site-packages'
[2.214s] Level 1:colcon.colcon_core.environment:checking '/home/brairlab/Desktop/line_tracking_race_ros2/install/line_tracking_race_description/bin'
[2.214s] INFO:colcon.colcon_core.shell:Creating package script '/home/brairlab/Desktop/line_tracking_race_ros2/install/line_tracking_race_description/share/line_tracking_race_description/package.ps1'
[2.222s] INFO:colcon.colcon_core.shell:Creating package descriptor '/home/brairlab/Desktop/line_tracking_race_ros2/install/line_tracking_race_description/share/line_tracking_race_description/package.dsv'
[2.224s] INFO:colcon.colcon_core.shell:Creating package script '/home/brairlab/Desktop/line_tracking_race_ros2/install/line_tracking_race_description/share/line_tracking_race_description/package.sh'
[2.229s] INFO:colcon.colcon_core.shell:Creating package script '/home/brairlab/Desktop/line_tracking_race_ros2/install/line_tracking_race_description/share/line_tracking_race_description/package.bash'
[2.231s] INFO:colcon.colcon_core.shell:Creating package script '/home/brairlab/Desktop/line_tracking_race_ros2/install/line_tracking_race_description/share/line_tracking_race_description/package.zsh'
[2.234s] Level 1:colcon.colcon_core.environment:create_file_with_runtime_dependencies(/home/brairlab/Desktop/line_tracking_race_ros2/install/line_tracking_race_description/share/colcon-core/packages/line_tracking_race_description)
[2.235s] INFO:colcon.colcon_ros.task.ament_cmake.build:Building ROS package in '/home/brairlab/Desktop/line_tracking_race_ros2/line_tracking_race_gazebo' with build type 'ament_cmake'
[2.235s] INFO:colcon.colcon_cmake.task.cmake.build:Building CMake package in '/home/brairlab/Desktop/line_tracking_race_ros2/line_tracking_race_gazebo'
[2.238s] INFO:colcon.colcon_core.shell:Skip shell extension 'powershell' for command environment: Not usable outside of PowerShell
[2.239s] DEBUG:colcon.colcon_core.shell:Skip shell extension 'dsv' for command environment
[2.354s] DEBUG:colcon.colcon_core.event_handler.log_command:Invoking command in '/home/brairlab/Desktop/line_tracking_race_ros2/build/line_tracking_race_gazebo': CMAKE_PREFIX_PATH=/home/brairlab/Desktop/line_tracking_race_ros2/install/line_tracking_race_description:/home/brairlab/Desktop/line_tracking_race_ros2/install/line_tracking_race_bringup:/home/brairlab/Desktop/line_tracking_race_ros2/install/line_tracking_race_gazebo:/home/brairlab/Desktop/line_tracking_race_ros2/install/line_tracking_race_application:/home/brairlab/Desktop/line_tracking_race_ros2/install/line_tracking_race_controller:/opt/ros/humble GZ_SIM_RESOURCE_PATH=/home/brairlab/Desktop/line_tracking_race_ros2/install/line_tracking_race_description/share/line_tracking_race_description/models:${GZ_SIM_RESOURCE_PATH} /usr/bin/cmake --build /home/brairlab/Desktop/line_tracking_race_ros2/build/line_tracking_race_gazebo -- -j6 -l6
[2.525s] DEBUG:colcon.colcon_core.event_handler.log_command:Invoked command in '/home/brairlab/Desktop/line_tracking_race_ros2/build/line_tracking_race_gazebo' returned '0': CMAKE_PREFIX_PATH=/home/brairlab/Desktop/line_tracking_race_ros2/install/line_tracking_race_description:/home/brairlab/Desktop/line_tracking_race_ros2/install/line_tracking_race_bringup:/home/brairlab/Desktop/line_tracking_race_ros2/install/line_tracking_race_gazebo:/home/brairlab/Desktop/line_tracking_race_ros2/install/line_tracking_race_application:/home/brairlab/Desktop/line_tracking_race_ros2/install/line_tracking_race_controller:/opt/ros/humble GZ_SIM_RESOURCE_PATH=/home/brairlab/Desktop/line_tracking_race_ros2/install/line_tracking_race_description/share/line_tracking_race_description/models:${GZ_SIM_RESOURCE_PATH} /usr/bin/cmake --build /home/brairlab/Desktop/line_tracking_race_ros2/build/line_tracking_race_gazebo -- -j6 -l6
[2.689s] DEBUG:colcon.colcon_core.event_handler.log_command:Invoking command in '/home/brairlab/Desktop/line_tracking_race_ros2/build/line_tracking_race_gazebo': CMAKE_PREFIX_PATH=/home/brairlab/Desktop/line_tracking_race_ros2/install/line_tracking_race_description:/home/brairlab/Desktop/line_tracking_race_ros2/install/line_tracking_race_bringup:/home/brairlab/Desktop/line_tracking_race_ros2/install/line_tracking_race_gazebo:/home/brairlab/Desktop/line_tracking_race_ros2/install/line_tracking_race_application:/home/brairlab/Desktop/line_tracking_race_ros2/install/line_tracking_race_controller:/opt/ros/humble GZ_SIM_RESOURCE_PATH=/home/brairlab/Desktop/line_tracking_race_ros2/install/line_tracking_race_description/share/line_tracking_race_description/models:${GZ_SIM_RESOURCE_PATH} /usr/bin/cmake --install /home/brairlab/Desktop/line_tracking_race_ros2/build/line_tracking_race_gazebo
[2.725s] Level 1:colcon.colcon_core.environment:create_environment_scripts_only(line_tracking_race_gazebo)
[2.726s] Level 1:colcon.colcon_core.environment:checking '/home/brairlab/Desktop/line_tracking_race_ros2/install/line_tracking_race_gazebo' for CMake module files
[2.730s] DEBUG:colcon.colcon_core.event_handler.log_command:Invoked command in '/home/brairlab/Desktop/line_tracking_race_ros2/build/line_tracking_race_gazebo' returned '0': CMAKE_PREFIX_PATH=/home/brairlab/Desktop/line_tracking_race_ros2/install/line_tracking_race_description:/home/brairlab/Desktop/line_tracking_race_ros2/install/line_tracking_race_bringup:/home/brairlab/Desktop/line_tracking_race_ros2/install/line_tracking_race_gazebo:/home/brairlab/Desktop/line_tracking_race_ros2/install/line_tracking_race_application:/home/brairlab/Desktop/line_tracking_race_ros2/install/line_tracking_race_controller:/opt/ros/humble GZ_SIM_RESOURCE_PATH=/home/brairlab/Desktop/line_tracking_race_ros2/install/line_tracking_race_description/share/line_tracking_race_description/models:${GZ_SIM_RESOURCE_PATH} /usr/bin/cmake --install /home/brairlab/Desktop/line_tracking_race_ros2/build/line_tracking_race_gazebo
[2.731s] Level 1:colcon.colcon_core.environment:checking '/home/brairlab/Desktop/line_tracking_race_ros2/install/line_tracking_race_gazebo' for CMake config files
[2.732s] Level 1:colcon.colcon_core.shell:create_environment_hook('line_tracking_race_gazebo', 'cmake_prefix_path')
[2.734s] INFO:colcon.colcon_core.shell:Creating environment hook '/home/brairlab/Desktop/line_tracking_race_ros2/install/line_tracking_race_gazebo/share/line_tracking_race_gazebo/hook/cmake_prefix_path.ps1'
[2.736s] INFO:colcon.colcon_core.shell:Creating environment descriptor '/home/brairlab/Desktop/line_tracking_race_ros2/install/line_tracking_race_gazebo/share/line_tracking_race_gazebo/hook/cmake_prefix_path.dsv'
[2.738s] INFO:colcon.colcon_core.shell:Creating environment hook '/home/brairlab/Desktop/line_tracking_race_ros2/install/line_tracking_race_gazebo/share/line_tracking_race_gazebo/hook/cmake_prefix_path.sh'
[2.741s] Level 1:colcon.colcon_core.environment:checking '/home/brairlab/Desktop/line_tracking_race_ros2/install/line_tracking_race_gazebo/bin'
[2.743s] Level 1:colcon.colcon_core.environment:checking '/home/brairlab/Desktop/line_tracking_race_ros2/install/line_tracking_race_gazebo/lib/pkgconfig/line_tracking_race_gazebo.pc'
[2.743s] Level 1:colcon.colcon_core.environment:checking '/home/brairlab/Desktop/line_tracking_race_ros2/install/line_tracking_race_gazebo/lib/python3.10/site-packages'
[2.744s] Level 1:colcon.colcon_core.environment:checking '/home/brairlab/Desktop/line_tracking_race_ros2/install/line_tracking_race_gazebo/bin'
[2.745s] INFO:colcon.colcon_core.shell:Creating package script '/home/brairlab/Desktop/line_tracking_race_ros2/install/line_tracking_race_gazebo/share/line_tracking_race_gazebo/package.ps1'
[2.748s] INFO:colcon.colcon_core.shell:Creating package descriptor '/home/brairlab/Desktop/line_tracking_race_ros2/install/line_tracking_race_gazebo/share/line_tracking_race_gazebo/package.dsv'
[2.750s] INFO:colcon.colcon_core.shell:Creating package script '/home/brairlab/Desktop/line_tracking_race_ros2/install/line_tracking_race_gazebo/share/line_tracking_race_gazebo/package.sh'
[2.751s] INFO:colcon.colcon_core.shell:Creating package script '/home/brairlab/Desktop/line_tracking_race_ros2/install/line_tracking_race_gazebo/share/line_tracking_race_gazebo/package.bash'
[2.752s] INFO:colcon.colcon_core.shell:Creating package script '/home/brairlab/Desktop/line_tracking_race_ros2/install/line_tracking_race_gazebo/share/line_tracking_race_gazebo/package.zsh'
[2.754s] Level 1:colcon.colcon_core.environment:create_file_with_runtime_dependencies(/home/brairlab/Desktop/line_tracking_race_ros2/install/line_tracking_race_gazebo/share/colcon-core/packages/line_tracking_race_gazebo)
[2.884s] DEBUG:colcon.colcon_core.event_handler.log_command:Invoking command in '/home/brairlab/Desktop/line_tracking_race_ros2/line_tracking_race_controller': PYTHONPATH=/home/brairlab/Desktop/line_tracking_race_ros2/build/line_tracking_race_controller/prefix_override:/home/brairlab/Desktop/line_tracking_race_ros2/install/line_tracking_race_controller/lib/python3.10/site-packages:${PYTHONPATH} /usr/bin/python3 setup.py egg_info --egg-base ../build/line_tracking_race_controller build --build-base /home/brairlab/Desktop/line_tracking_race_ros2/build/line_tracking_race_controller/build install --record /home/brairlab/Desktop/line_tracking_race_ros2/build/line_tracking_race_controller/install.log --single-version-externally-managed
[2.886s] Level 1:colcon.colcon_core.environment:create_environment_scripts_only(line_tracking_race_gazebo)
[2.890s] Level 1:colcon.colcon_core.environment:checking '/home/brairlab/Desktop/line_tracking_race_ros2/install/line_tracking_race_gazebo' for CMake module files
[2.891s] Level 1:colcon.colcon_core.environment:checking '/home/brairlab/Desktop/line_tracking_race_ros2/install/line_tracking_race_gazebo' for CMake config files
[2.893s] Level 1:colcon.colcon_core.shell:create_environment_hook('line_tracking_race_gazebo', 'cmake_prefix_path')
[2.895s] INFO:colcon.colcon_core.shell:Creating environment hook '/home/brairlab/Desktop/line_tracking_race_ros2/install/line_tracking_race_gazebo/share/line_tracking_race_gazebo/hook/cmake_prefix_path.ps1'
[2.902s] INFO:colcon.colcon_core.shell:Creating environment descriptor '/home/brairlab/Desktop/line_tracking_race_ros2/install/line_tracking_race_gazebo/share/line_tracking_race_gazebo/hook/cmake_prefix_path.dsv'
[2.906s] INFO:colcon.colcon_core.shell:Creating environment hook '/home/brairlab/Desktop/line_tracking_race_ros2/install/line_tracking_race_gazebo/share/line_tracking_race_gazebo/hook/cmake_prefix_path.sh'
[2.910s] Level 1:colcon.colcon_core.environment:checking '/home/brairlab/Desktop/line_tracking_race_ros2/install/line_tracking_race_gazebo/bin'
[2.910s] Level 1:colcon.colcon_core.environment:checking '/home/brairlab/Desktop/line_tracking_race_ros2/install/line_tracking_race_gazebo/lib/pkgconfig/line_tracking_race_gazebo.pc'
[2.911s] Level 1:colcon.colcon_core.environment:checking '/home/brairlab/Desktop/line_tracking_race_ros2/install/line_tracking_race_gazebo/lib/python3.10/site-packages'
[2.911s] Level 1:colcon.colcon_core.environment:checking '/home/brairlab/Desktop/line_tracking_race_ros2/install/line_tracking_race_gazebo/bin'
[2.912s] INFO:colcon.colcon_core.shell:Creating package script '/home/brairlab/Desktop/line_tracking_race_ros2/install/line_tracking_race_gazebo/share/line_tracking_race_gazebo/package.ps1'
[2.923s] INFO:colcon.colcon_core.shell:Creating package descriptor '/home/brairlab/Desktop/line_tracking_race_ros2/install/line_tracking_race_gazebo/share/line_tracking_race_gazebo/package.dsv'
[2.926s] INFO:colcon.colcon_core.shell:Creating package script '/home/brairlab/Desktop/line_tracking_race_ros2/install/line_tracking_race_gazebo/share/line_tracking_race_gazebo/package.sh'
[2.929s] INFO:colcon.colcon_core.shell:Creating package script '/home/brairlab/Desktop/line_tracking_race_ros2/install/line_tracking_race_gazebo/share/line_tracking_race_gazebo/package.bash'
[2.931s] INFO:colcon.colcon_core.shell:Creating package script '/home/brairlab/Desktop/line_tracking_race_ros2/install/line_tracking_race_gazebo/share/line_tracking_race_gazebo/package.zsh'
[2.933s] Level 1:colcon.colcon_core.environment:create_file_with_runtime_dependencies(/home/brairlab/Desktop/line_tracking_race_ros2/install/line_tracking_race_gazebo/share/colcon-core/packages/line_tracking_race_gazebo)
[2.934s] INFO:colcon.colcon_ros.task.ament_cmake.build:Building ROS package in '/home/brairlab/Desktop/line_tracking_race_ros2/line_tracking_race_bringup' with build type 'ament_cmake'
[2.935s] INFO:colcon.colcon_cmake.task.cmake.build:Building CMake package in '/home/brairlab/Desktop/line_tracking_race_ros2/line_tracking_race_bringup'
[2.936s] INFO:colcon.colcon_core.shell:Skip shell extension 'powershell' for command environment: Not usable outside of PowerShell
[2.937s] DEBUG:colcon.colcon_core.shell:Skip shell extension 'dsv' for command environment
[3.036s] DEBUG:colcon.colcon_core.event_handler.log_command:Invoking command in '/home/brairlab/Desktop/line_tracking_race_ros2/build/line_tracking_race_bringup': CMAKE_PREFIX_PATH=/home/brairlab/Desktop/line_tracking_race_ros2/install/line_tracking_race_gazebo:/home/brairlab/Desktop/line_tracking_race_ros2/install/line_tracking_race_description:/home/brairlab/Desktop/line_tracking_race_ros2/install/line_tracking_race_bringup:/home/brairlab/Desktop/line_tracking_race_ros2/install/line_tracking_race_application:/home/brairlab/Desktop/line_tracking_race_ros2/install/line_tracking_race_controller:/opt/ros/humble GZ_SIM_RESOURCE_PATH=/home/brairlab/Desktop/line_tracking_race_ros2/install/line_tracking_race_description/share/line_tracking_race_description/models:${GZ_SIM_RESOURCE_PATH} /usr/bin/cmake --build /home/brairlab/Desktop/line_tracking_race_ros2/build/line_tracking_race_bringup -- -j6 -l6
[3.169s] DEBUG:colcon.colcon_core.event_handler.log_command:Invoked command in '/home/brairlab/Desktop/line_tracking_race_ros2/build/line_tracking_race_bringup' returned '0': CMAKE_PREFIX_PATH=/home/brairlab/Desktop/line_tracking_race_ros2/install/line_tracking_race_gazebo:/home/brairlab/Desktop/line_tracking_race_ros2/install/line_tracking_race_description:/home/brairlab/Desktop/line_tracking_race_ros2/install/line_tracking_race_bringup:/home/brairlab/Desktop/line_tracking_race_ros2/install/line_tracking_race_application:/home/brairlab/Desktop/line_tracking_race_ros2/install/line_tracking_race_controller:/opt/ros/humble GZ_SIM_RESOURCE_PATH=/home/brairlab/Desktop/line_tracking_race_ros2/install/line_tracking_race_description/share/line_tracking_race_description/models:${GZ_SIM_RESOURCE_PATH} /usr/bin/cmake --build /home/brairlab/Desktop/line_tracking_race_ros2/build/line_tracking_race_bringup -- -j6 -l6
[3.313s] DEBUG:colcon.colcon_core.event_handler.log_command:Invoking command in '/home/brairlab/Desktop/line_tracking_race_ros2/build/line_tracking_race_bringup': CMAKE_PREFIX_PATH=/home/brairlab/Desktop/line_tracking_race_ros2/install/line_tracking_race_gazebo:/home/brairlab/Desktop/line_tracking_race_ros2/install/line_tracking_race_description:/home/brairlab/Desktop/line_tracking_race_ros2/install/line_tracking_race_bringup:/home/brairlab/Desktop/line_tracking_race_ros2/install/line_tracking_race_application:/home/brairlab/Desktop/line_tracking_race_ros2/install/line_tracking_race_controller:/opt/ros/humble GZ_SIM_RESOURCE_PATH=/home/brairlab/Desktop/line_tracking_race_ros2/install/line_tracking_race_description/share/line_tracking_race_description/models:${GZ_SIM_RESOURCE_PATH} /usr/bin/cmake --install /home/brairlab/Desktop/line_tracking_race_ros2/build/line_tracking_race_bringup
[3.355s] Level 1:colcon.colcon_core.environment:create_environment_scripts_only(line_tracking_race_bringup)
[3.356s] Level 1:colcon.colcon_core.environment:checking '/home/brairlab/Desktop/line_tracking_race_ros2/install/line_tracking_race_bringup' for CMake module files
[3.363s] DEBUG:colcon.colcon_core.event_handler.log_command:Invoked command in '/home/brairlab/Desktop/line_tracking_race_ros2/build/line_tracking_race_bringup' returned '0': CMAKE_PREFIX_PATH=/home/brairlab/Desktop/line_tracking_race_ros2/install/line_tracking_race_gazebo:/home/brairlab/Desktop/line_tracking_race_ros2/install/line_tracking_race_description:/home/brairlab/Desktop/line_tracking_race_ros2/install/line_tracking_race_bringup:/home/brairlab/Desktop/line_tracking_race_ros2/install/line_tracking_race_application:/home/brairlab/Desktop/line_tracking_race_ros2/install/line_tracking_race_controller:/opt/ros/humble GZ_SIM_RESOURCE_PATH=/home/brairlab/Desktop/line_tracking_race_ros2/install/line_tracking_race_description/share/line_tracking_race_description/models:${GZ_SIM_RESOURCE_PATH} /usr/bin/cmake --install /home/brairlab/Desktop/line_tracking_race_ros2/build/line_tracking_race_bringup
[3.364s] Level 1:colcon.colcon_core.environment:checking '/home/brairlab/Desktop/line_tracking_race_ros2/install/line_tracking_race_bringup' for CMake config files
[3.366s] Level 1:colcon.colcon_core.shell:create_environment_hook('line_tracking_race_bringup', 'cmake_prefix_path')
[3.367s] INFO:colcon.colcon_core.shell:Creating environment hook '/home/brairlab/Desktop/line_tracking_race_ros2/install/line_tracking_race_bringup/share/line_tracking_race_bringup/hook/cmake_prefix_path.ps1'
[3.370s] INFO:colcon.colcon_core.shell:Creating environment descriptor '/home/brairlab/Desktop/line_tracking_race_ros2/install/line_tracking_race_bringup/share/line_tracking_race_bringup/hook/cmake_prefix_path.dsv'
[3.370s] INFO:colcon.colcon_core.shell:Creating environment hook '/home/brairlab/Desktop/line_tracking_race_ros2/install/line_tracking_race_bringup/share/line_tracking_race_bringup/hook/cmake_prefix_path.sh'
[3.373s] Level 1:colcon.colcon_core.environment:checking '/home/brairlab/Desktop/line_tracking_race_ros2/install/line_tracking_race_bringup/bin'
[3.374s] Level 1:colcon.colcon_core.environment:checking '/home/brairlab/Desktop/line_tracking_race_ros2/install/line_tracking_race_bringup/lib/pkgconfig/line_tracking_race_bringup.pc'
[3.374s] Level 1:colcon.colcon_core.environment:checking '/home/brairlab/Desktop/line_tracking_race_ros2/install/line_tracking_race_bringup/lib/python3.10/site-packages'
[3.375s] Level 1:colcon.colcon_core.environment:checking '/home/brairlab/Desktop/line_tracking_race_ros2/install/line_tracking_race_bringup/bin'
[3.375s] INFO:colcon.colcon_core.shell:Creating package script '/home/brairlab/Desktop/line_tracking_race_ros2/install/line_tracking_race_bringup/share/line_tracking_race_bringup/package.ps1'
[3.377s] INFO:colcon.colcon_core.shell:Creating package descriptor '/home/brairlab/Desktop/line_tracking_race_ros2/install/line_tracking_race_bringup/share/line_tracking_race_bringup/package.dsv'
[3.380s] INFO:colcon.colcon_core.shell:Creating package script '/home/brairlab/Desktop/line_tracking_race_ros2/install/line_tracking_race_bringup/share/line_tracking_race_bringup/package.sh'
[3.382s] INFO:colcon.colcon_core.shell:Creating package script '/home/brairlab/Desktop/line_tracking_race_ros2/install/line_tracking_race_bringup/share/line_tracking_race_bringup/package.bash'
[3.383s] INFO:colcon.colcon_core.shell:Creating package script '/home/brairlab/Desktop/line_tracking_race_ros2/install/line_tracking_race_bringup/share/line_tracking_race_bringup/package.zsh'
[3.385s] Level 1:colcon.colcon_core.environment:create_file_with_runtime_dependencies(/home/brairlab/Desktop/line_tracking_race_ros2/install/line_tracking_race_bringup/share/colcon-core/packages/line_tracking_race_bringup)
[3.541s] Level 1:colcon.colcon_core.environment:create_environment_scripts_only(line_tracking_race_bringup)
[3.542s] Level 1:colcon.colcon_core.environment:checking '/home/brairlab/Desktop/line_tracking_race_ros2/install/line_tracking_race_bringup' for CMake module files
[3.543s] Level 1:colcon.colcon_core.environment:checking '/home/brairlab/Desktop/line_tracking_race_ros2/install/line_tracking_race_bringup' for CMake config files
[3.544s] Level 1:colcon.colcon_core.shell:create_environment_hook('line_tracking_race_bringup', 'cmake_prefix_path')
[3.545s] INFO:colcon.colcon_core.shell:Creating environment hook '/home/brairlab/Desktop/line_tracking_race_ros2/install/line_tracking_race_bringup/share/line_tracking_race_bringup/hook/cmake_prefix_path.ps1'
[3.547s] INFO:colcon.colcon_core.shell:Creating environment descriptor '/home/brairlab/Desktop/line_tracking_race_ros2/install/line_tracking_race_bringup/share/line_tracking_race_bringup/hook/cmake_prefix_path.dsv'
[3.549s] INFO:colcon.colcon_core.shell:Creating environment hook '/home/brairlab/Desktop/line_tracking_race_ros2/install/line_tracking_race_bringup/share/line_tracking_race_bringup/hook/cmake_prefix_path.sh'
[3.551s] Level 1:colcon.colcon_core.environment:checking '/home/brairlab/Desktop/line_tracking_race_ros2/install/line_tracking_race_bringup/bin'
[3.551s] Level 1:colcon.colcon_core.environment:checking '/home/brairlab/Desktop/line_tracking_race_ros2/install/line_tracking_race_bringup/lib/pkgconfig/line_tracking_race_bringup.pc'
[3.551s] Level 1:colcon.colcon_core.environment:checking '/home/brairlab/Desktop/line_tracking_race_ros2/install/line_tracking_race_bringup/lib/python3.10/site-packages'
[3.552s] Level 1:colcon.colcon_core.environment:checking '/home/brairlab/Desktop/line_tracking_race_ros2/install/line_tracking_race_bringup/bin'
[3.553s] INFO:colcon.colcon_core.shell:Creating package script '/home/brairlab/Desktop/line_tracking_race_ros2/install/line_tracking_race_bringup/share/line_tracking_race_bringup/package.ps1'
[3.555s] INFO:colcon.colcon_core.shell:Creating package descriptor '/home/brairlab/Desktop/line_tracking_race_ros2/install/line_tracking_race_bringup/share/line_tracking_race_bringup/package.dsv'
[3.558s] INFO:colcon.colcon_core.shell:Creating package script '/home/brairlab/Desktop/line_tracking_race_ros2/install/line_tracking_race_bringup/share/line_tracking_race_bringup/package.sh'
[3.561s] INFO:colcon.colcon_core.shell:Creating package script '/home/brairlab/Desktop/line_tracking_race_ros2/install/line_tracking_race_bringup/share/line_tracking_race_bringup/package.bash'
[3.563s] INFO:colcon.colcon_core.shell:Creating package script '/home/brairlab/Desktop/line_tracking_race_ros2/install/line_tracking_race_bringup/share/line_tracking_race_bringup/package.zsh'
[3.564s] Level 1:colcon.colcon_core.environment:create_file_with_runtime_dependencies(/home/brairlab/Desktop/line_tracking_race_ros2/install/line_tracking_race_bringup/share/colcon-core/packages/line_tracking_race_bringup)
[3.797s] Level 1:colcon.colcon_core.environment:checking '/home/brairlab/Desktop/line_tracking_race_ros2/install/line_tracking_race_controller' for CMake module files
[3.799s] DEBUG:colcon.colcon_core.event_handler.log_command:Invoked command in '/home/brairlab/Desktop/line_tracking_race_ros2/line_tracking_race_controller' returned '0': PYTHONPATH=/home/brairlab/Desktop/line_tracking_race_ros2/build/line_tracking_race_controller/prefix_override:/home/brairlab/Desktop/line_tracking_race_ros2/install/line_tracking_race_controller/lib/python3.10/site-packages:${PYTHONPATH} /usr/bin/python3 setup.py egg_info --egg-base ../build/line_tracking_race_controller build --build-base /home/brairlab/Desktop/line_tracking_race_ros2/build/line_tracking_race_controller/build install --record /home/brairlab/Desktop/line_tracking_race_ros2/build/line_tracking_race_controller/install.log --single-version-externally-managed
[3.803s] Level 1:colcon.colcon_core.environment:checking '/home/brairlab/Desktop/line_tracking_race_ros2/install/line_tracking_race_controller' for CMake config files
[3.804s] Level 1:colcon.colcon_core.environment:checking '/home/brairlab/Desktop/line_tracking_race_ros2/install/line_tracking_race_controller/lib'
[3.805s] Level 1:colcon.colcon_core.environment:checking '/home/brairlab/Desktop/line_tracking_race_ros2/install/line_tracking_race_controller/bin'
[3.805s] Level 1:colcon.colcon_core.environment:checking '/home/brairlab/Desktop/line_tracking_race_ros2/install/line_tracking_race_controller/lib/pkgconfig/line_tracking_race_controller.pc'
[3.806s] Level 1:colcon.colcon_core.environment:checking '/home/brairlab/Desktop/line_tracking_race_ros2/install/line_tracking_race_controller/lib/python3.10/site-packages'
[3.806s] Level 1:colcon.colcon_core.shell:create_environment_hook('line_tracking_race_controller', 'pythonpath')
[3.806s] INFO:colcon.colcon_core.shell:Creating environment hook '/home/brairlab/Desktop/line_tracking_race_ros2/install/line_tracking_race_controller/share/line_tracking_race_controller/hook/pythonpath.ps1'
[3.808s] INFO:colcon.colcon_core.shell:Creating environment descriptor '/home/brairlab/Desktop/line_tracking_race_ros2/install/line_tracking_race_controller/share/line_tracking_race_controller/hook/pythonpath.dsv'
[3.814s] INFO:colcon.colcon_core.shell:Creating environment hook '/home/brairlab/Desktop/line_tracking_race_ros2/install/line_tracking_race_controller/share/line_tracking_race_controller/hook/pythonpath.sh'
[3.817s] Level 1:colcon.colcon_core.environment:checking '/home/brairlab/Desktop/line_tracking_race_ros2/install/line_tracking_race_controller/bin'
[3.818s] Level 1:colcon.colcon_core.environment:create_environment_scripts_only(line_tracking_race_controller)
[3.820s] INFO:colcon.colcon_core.shell:Creating package script '/home/brairlab/Desktop/line_tracking_race_ros2/install/line_tracking_race_controller/share/line_tracking_race_controller/package.ps1'
[3.822s] INFO:colcon.colcon_core.shell:Creating package descriptor '/home/brairlab/Desktop/line_tracking_race_ros2/install/line_tracking_race_controller/share/line_tracking_race_controller/package.dsv'
[3.835s] INFO:colcon.colcon_core.shell:Creating package script '/home/brairlab/Desktop/line_tracking_race_ros2/install/line_tracking_race_controller/share/line_tracking_race_controller/package.sh'
[3.837s] INFO:colcon.colcon_core.shell:Creating package script '/home/brairlab/Desktop/line_tracking_race_ros2/install/line_tracking_race_controller/share/line_tracking_race_controller/package.bash'
[3.840s] INFO:colcon.colcon_core.shell:Creating package script '/home/brairlab/Desktop/line_tracking_race_ros2/install/line_tracking_race_controller/share/line_tracking_race_controller/package.zsh'
[3.843s] Level 1:colcon.colcon_core.environment:create_file_with_runtime_dependencies(/home/brairlab/Desktop/line_tracking_race_ros2/install/line_tracking_race_controller/share/colcon-core/packages/line_tracking_race_controller)
[3.846s] DEBUG:colcon.colcon_parallel_executor.executor.parallel:closing loop
[3.850s] DEBUG:colcon.colcon_parallel_executor.executor.parallel:loop closed
[3.850s] DEBUG:colcon.colcon_parallel_executor.executor.parallel:run_until_complete finished with '0'
[3.852s] DEBUG:colcon.colcon_core.event_reactor:joining thread
[3.867s] INFO:colcon.colcon_core.plugin_system:Skipping extension 'colcon_notification.desktop_notification.terminal_notifier': Not used on non-Darwin systems
[3.867s] INFO:colcon.colcon_core.plugin_system:Skipping extension 'colcon_notification.desktop_notification.win32': Not used on non-Windows systems
[3.868s] INFO:colcon.colcon_notification.desktop_notification:Sending desktop notification using 'notify2'
[3.936s] DEBUG:colcon.colcon_core.event_reactor:joined thread
[3.939s] INFO:colcon.colcon_core.shell:Creating prefix script '/home/brairlab/Desktop/line_tracking_race_ros2/install/local_setup.ps1'
[3.952s] INFO:colcon.colcon_core.shell:Creating prefix util module '/home/brairlab/Desktop/line_tracking_race_ros2/install/_local_setup_util_ps1.py'
[3.971s] INFO:colcon.colcon_core.shell:Creating prefix chain script '/home/brairlab/Desktop/line_tracking_race_ros2/install/setup.ps1'
[3.976s] INFO:colcon.colcon_core.shell:Creating prefix script '/home/brairlab/Desktop/line_tracking_race_ros2/install/local_setup.sh'
[3.977s] INFO:colcon.colcon_core.shell:Creating prefix util module '/home/brairlab/Desktop/line_tracking_race_ros2/install/_local_setup_util_sh.py'
[3.979s] INFO:colcon.colcon_core.shell:Creating prefix chain script '/home/brairlab/Desktop/line_tracking_race_ros2/install/setup.sh'
[3.982s] INFO:colcon.colcon_core.shell:Creating prefix script '/home/brairlab/Desktop/line_tracking_race_ros2/install/local_setup.bash'
[3.983s] INFO:colcon.colcon_core.shell:Creating prefix chain script '/home/brairlab/Desktop/line_tracking_race_ros2/install/setup.bash'
[3.986s] INFO:colcon.colcon_core.shell:Creating prefix script '/home/brairlab/Desktop/line_tracking_race_ros2/install/local_setup.zsh'
[3.997s] INFO:colcon.colcon_core.shell:Creating prefix chain script '/home/brairlab/Desktop/line_tracking_race_ros2/install/setup.zsh'
