[0.264s] DEBUG:colcon:Command line arguments: ['/usr/bin/colcon', 'build']
[0.266s] DEBUG:colcon:Parsed command line arguments: Namespace(log_base=None, log_level=None, verb_name='build', build_base='build', install_base='install', merge_install=False, symlink_install=False, test_result_base=None, continue_on_error=False, executor='parallel', parallel_workers=4, event_handlers=None, ignore_user_meta=False, metas=['./colcon.meta'], base_paths=['.'], packages_ignore=None, packages_ignore_regex=None, paths=None, packages_up_to=None, packages_up_to_regex=None, packages_above=None, packages_above_and_dependencies=None, packages_above_depth=None, packages_select_by_dep=None, packages_skip_by_dep=None, packages_skip_up_to=None, packages_select_build_failed=False, packages_skip_build_finished=False, packages_select_test_failures=False, packages_skip_test_passed=False, packages_select=None, packages_skip=None, packages_select_regex=None, packages_skip_regex=None, packages_start=None, packages_end=None, allow_overriding=[], cmake_args=None, cmake_target=None, cmake_target_skip_unavailable=False, cmake_clean_cache=False, cmake_clean_first=False, cmake_force_configure=False, ament_cmake_args=None, catkin_cmake_args=None, catkin_skip_building_tests=False, verb_parser=<colcon_defaults.argument_parser.defaults.DefaultArgumentsDecorator object at 0x7fb88716b0a0>, verb_extension=<colcon_core.verb.build.BuildVerb object at 0x7fb88716a4a0>, main=<bound method BuildVerb.main of <colcon_core.verb.build.BuildVerb object at 0x7fb88716a4a0>>)
[0.585s] Level 1:colcon.colcon_core.package_discovery:discover_packages(colcon_meta) check parameters
[0.586s] Level 1:colcon.colcon_core.package_discovery:discover_packages(recursive) check parameters
[0.586s] Level 1:colcon.colcon_core.package_discovery:discover_packages(ignore) check parameters
[0.586s] Level 1:colcon.colcon_core.package_discovery:discover_packages(path) check parameters
[0.586s] Level 1:colcon.colcon_core.package_discovery:discover_packages(colcon_meta) discover
[0.587s] Level 1:colcon.colcon_core.package_discovery:discover_packages(recursive) discover
[0.587s] INFO:colcon.colcon_core.package_discovery:Crawling recursively for packages in '/home/brairlab/Desktop/line_tracking_race_ros2'
[0.588s] Level 1:colcon.colcon_core.package_identification:_identify(.) by extensions ['ignore', 'ignore_ament_install']
[0.589s] Level 1:colcon.colcon_core.package_identification:_identify(.) by extension 'ignore'
[0.590s] Level 1:colcon.colcon_core.package_identification:_identify(.) by extension 'ignore_ament_install'
[0.590s] Level 1:colcon.colcon_core.package_identification:_identify(.) by extensions ['colcon_pkg']
[0.590s] Level 1:colcon.colcon_core.package_identification:_identify(.) by extension 'colcon_pkg'
[0.590s] Level 1:colcon.colcon_core.package_identification:_identify(.) by extensions ['colcon_meta']
[0.590s] Level 1:colcon.colcon_core.package_identification:_identify(.) by extension 'colcon_meta'
[0.590s] Level 1:colcon.colcon_core.package_identification:_identify(.) by extensions ['ros']
[0.590s] Level 1:colcon.colcon_core.package_identification:_identify(.) by extension 'ros'
[0.619s] Level 1:colcon.colcon_core.package_identification:_identify(.) by extensions ['cmake', 'python']
[0.619s] Level 1:colcon.colcon_core.package_identification:_identify(.) by extension 'cmake'
[0.619s] Level 1:colcon.colcon_core.package_identification:_identify(.) by extension 'python'
[0.619s] Level 1:colcon.colcon_core.package_identification:_identify(.) by extensions ['python_setup_py']
[0.620s] Level 1:colcon.colcon_core.package_identification:_identify(.) by extension 'python_setup_py'
[0.620s] Level 1:colcon.colcon_core.package_identification:_identify(build) by extensions ['ignore', 'ignore_ament_install']
[0.620s] Level 1:colcon.colcon_core.package_identification:_identify(build) by extension 'ignore'
[0.620s] Level 1:colcon.colcon_core.package_identification:_identify(build) ignored
[0.621s] Level 1:colcon.colcon_core.package_identification:_identify(docs) by extensions ['ignore', 'ignore_ament_install']
[0.621s] Level 1:colcon.colcon_core.package_identification:_identify(docs) by extension 'ignore'
[0.621s] Level 1:colcon.colcon_core.package_identification:_identify(docs) by extension 'ignore_ament_install'
[0.621s] Level 1:colcon.colcon_core.package_identification:_identify(docs) by extensions ['colcon_pkg']
[0.621s] Level 1:colcon.colcon_core.package_identification:_identify(docs) by extension 'colcon_pkg'
[0.621s] Level 1:colcon.colcon_core.package_identification:_identify(docs) by extensions ['colcon_meta']
[0.621s] Level 1:colcon.colcon_core.package_identification:_identify(docs) by extension 'colcon_meta'
[0.621s] Level 1:colcon.colcon_core.package_identification:_identify(docs) by extensions ['ros']
[0.621s] Level 1:colcon.colcon_core.package_identification:_identify(docs) by extension 'ros'
[0.622s] Level 1:colcon.colcon_core.package_identification:_identify(docs) by extensions ['cmake', 'python']
[0.622s] Level 1:colcon.colcon_core.package_identification:_identify(docs) by extension 'cmake'
[0.622s] Level 1:colcon.colcon_core.package_identification:_identify(docs) by extension 'python'
[0.622s] Level 1:colcon.colcon_core.package_identification:_identify(docs) by extensions ['python_setup_py']
[0.622s] Level 1:colcon.colcon_core.package_identification:_identify(docs) by extension 'python_setup_py'
[0.622s] Level 1:colcon.colcon_core.package_identification:_identify(docs/figures) by extensions ['ignore', 'ignore_ament_install']
[0.622s] Level 1:colcon.colcon_core.package_identification:_identify(docs/figures) by extension 'ignore'
[0.623s] Level 1:colcon.colcon_core.package_identification:_identify(docs/figures) by extension 'ignore_ament_install'
[0.623s] Level 1:colcon.colcon_core.package_identification:_identify(docs/figures) by extensions ['colcon_pkg']
[0.623s] Level 1:colcon.colcon_core.package_identification:_identify(docs/figures) by extension 'colcon_pkg'
[0.623s] Level 1:colcon.colcon_core.package_identification:_identify(docs/figures) by extensions ['colcon_meta']
[0.623s] Level 1:colcon.colcon_core.package_identification:_identify(docs/figures) by extension 'colcon_meta'
[0.623s] Level 1:colcon.colcon_core.package_identification:_identify(docs/figures) by extensions ['ros']
[0.623s] Level 1:colcon.colcon_core.package_identification:_identify(docs/figures) by extension 'ros'
[0.624s] Level 1:colcon.colcon_core.package_identification:_identify(docs/figures) by extensions ['cmake', 'python']
[0.624s] Level 1:colcon.colcon_core.package_identification:_identify(docs/figures) by extension 'cmake'
[0.624s] Level 1:colcon.colcon_core.package_identification:_identify(docs/figures) by extension 'python'
[0.624s] Level 1:colcon.colcon_core.package_identification:_identify(docs/figures) by extensions ['python_setup_py']
[0.624s] Level 1:colcon.colcon_core.package_identification:_identify(docs/figures) by extension 'python_setup_py'
[0.624s] Level 1:colcon.colcon_core.package_identification:_identify(install) by extensions ['ignore', 'ignore_ament_install']
[0.625s] Level 1:colcon.colcon_core.package_identification:_identify(install) by extension 'ignore'
[0.625s] Level 1:colcon.colcon_core.package_identification:_identify(install) ignored
[0.625s] Level 1:colcon.colcon_core.package_identification:_identify(line_tracking_race_application) by extensions ['ignore', 'ignore_ament_install']
[0.626s] Level 1:colcon.colcon_core.package_identification:_identify(line_tracking_race_application) by extension 'ignore'
[0.626s] Level 1:colcon.colcon_core.package_identification:_identify(line_tracking_race_application) by extension 'ignore_ament_install'
[0.626s] Level 1:colcon.colcon_core.package_identification:_identify(line_tracking_race_application) by extensions ['colcon_pkg']
[0.626s] Level 1:colcon.colcon_core.package_identification:_identify(line_tracking_race_application) by extension 'colcon_pkg'
[0.627s] Level 1:colcon.colcon_core.package_identification:_identify(line_tracking_race_application) by extensions ['colcon_meta']
[0.627s] Level 1:colcon.colcon_core.package_identification:_identify(line_tracking_race_application) by extension 'colcon_meta'
[0.627s] Level 1:colcon.colcon_core.package_identification:_identify(line_tracking_race_application) by extensions ['ros']
[0.627s] Level 1:colcon.colcon_core.package_identification:_identify(line_tracking_race_application) by extension 'ros'
[0.632s] DEBUG:colcon.colcon_core.package_identification:Package 'line_tracking_race_application' with type 'ros.ament_cmake' and name 'line_tracking_race_application'
[0.632s] Level 1:colcon.colcon_core.package_identification:_identify(line_tracking_race_bringup) by extensions ['ignore', 'ignore_ament_install']
[0.632s] Level 1:colcon.colcon_core.package_identification:_identify(line_tracking_race_bringup) by extension 'ignore'
[0.633s] Level 1:colcon.colcon_core.package_identification:_identify(line_tracking_race_bringup) by extension 'ignore_ament_install'
[0.633s] Level 1:colcon.colcon_core.package_identification:_identify(line_tracking_race_bringup) by extensions ['colcon_pkg']
[0.633s] Level 1:colcon.colcon_core.package_identification:_identify(line_tracking_race_bringup) by extension 'colcon_pkg'
[0.633s] Level 1:colcon.colcon_core.package_identification:_identify(line_tracking_race_bringup) by extensions ['colcon_meta']
[0.634s] Level 1:colcon.colcon_core.package_identification:_identify(line_tracking_race_bringup) by extension 'colcon_meta'
[0.634s] Level 1:colcon.colcon_core.package_identification:_identify(line_tracking_race_bringup) by extensions ['ros']
[0.634s] Level 1:colcon.colcon_core.package_identification:_identify(line_tracking_race_bringup) by extension 'ros'
[0.642s] DEBUG:colcon.colcon_core.package_identification:Package 'line_tracking_race_bringup' with type 'ros.ament_cmake' and name 'line_tracking_race_bringup'
[0.643s] Level 1:colcon.colcon_core.package_identification:_identify(line_tracking_race_controller) by extensions ['ignore', 'ignore_ament_install']
[0.644s] Level 1:colcon.colcon_core.package_identification:_identify(line_tracking_race_controller) by extension 'ignore'
[0.644s] Level 1:colcon.colcon_core.package_identification:_identify(line_tracking_race_controller) by extension 'ignore_ament_install'
[0.644s] Level 1:colcon.colcon_core.package_identification:_identify(line_tracking_race_controller) by extensions ['colcon_pkg']
[0.645s] Level 1:colcon.colcon_core.package_identification:_identify(line_tracking_race_controller) by extension 'colcon_pkg'
[0.645s] Level 1:colcon.colcon_core.package_identification:_identify(line_tracking_race_controller) by extensions ['colcon_meta']
[0.645s] Level 1:colcon.colcon_core.package_identification:_identify(line_tracking_race_controller) by extension 'colcon_meta'
[0.645s] Level 1:colcon.colcon_core.package_identification:_identify(line_tracking_race_controller) by extensions ['ros']
[0.645s] Level 1:colcon.colcon_core.package_identification:_identify(line_tracking_race_controller) by extension 'ros'
[0.647s] DEBUG:colcon.colcon_core.package_identification:Package 'line_tracking_race_controller' with type 'ros.ament_python' and name 'line_tracking_race_controller'
[0.648s] Level 1:colcon.colcon_core.package_identification:_identify(line_tracking_race_description) by extensions ['ignore', 'ignore_ament_install']
[0.648s] Level 1:colcon.colcon_core.package_identification:_identify(line_tracking_race_description) by extension 'ignore'
[0.648s] Level 1:colcon.colcon_core.package_identification:_identify(line_tracking_race_description) by extension 'ignore_ament_install'
[0.648s] Level 1:colcon.colcon_core.package_identification:_identify(line_tracking_race_description) by extensions ['colcon_pkg']
[0.649s] Level 1:colcon.colcon_core.package_identification:_identify(line_tracking_race_description) by extension 'colcon_pkg'
[0.649s] Level 1:colcon.colcon_core.package_identification:_identify(line_tracking_race_description) by extensions ['colcon_meta']
[0.649s] Level 1:colcon.colcon_core.package_identification:_identify(line_tracking_race_description) by extension 'colcon_meta'
[0.649s] Level 1:colcon.colcon_core.package_identification:_identify(line_tracking_race_description) by extensions ['ros']
[0.649s] Level 1:colcon.colcon_core.package_identification:_identify(line_tracking_race_description) by extension 'ros'
[0.651s] DEBUG:colcon.colcon_core.package_identification:Package 'line_tracking_race_description' with type 'ros.ament_cmake' and name 'line_tracking_race_description'
[0.652s] Level 1:colcon.colcon_core.package_identification:_identify(line_tracking_race_gazebo) by extensions ['ignore', 'ignore_ament_install']
[0.652s] Level 1:colcon.colcon_core.package_identification:_identify(line_tracking_race_gazebo) by extension 'ignore'
[0.653s] Level 1:colcon.colcon_core.package_identification:_identify(line_tracking_race_gazebo) by extension 'ignore_ament_install'
[0.653s] Level 1:colcon.colcon_core.package_identification:_identify(line_tracking_race_gazebo) by extensions ['colcon_pkg']
[0.653s] Level 1:colcon.colcon_core.package_identification:_identify(line_tracking_race_gazebo) by extension 'colcon_pkg'
[0.653s] Level 1:colcon.colcon_core.package_identification:_identify(line_tracking_race_gazebo) by extensions ['colcon_meta']
[0.653s] Level 1:colcon.colcon_core.package_identification:_identify(line_tracking_race_gazebo) by extension 'colcon_meta'
[0.653s] Level 1:colcon.colcon_core.package_identification:_identify(line_tracking_race_gazebo) by extensions ['ros']
[0.653s] Level 1:colcon.colcon_core.package_identification:_identify(line_tracking_race_gazebo) by extension 'ros'
[0.655s] DEBUG:colcon.colcon_core.package_identification:Package 'line_tracking_race_gazebo' with type 'ros.ament_cmake' and name 'line_tracking_race_gazebo'
[0.656s] Level 1:colcon.colcon_core.package_identification:_identify(log) by extensions ['ignore', 'ignore_ament_install']
[0.656s] Level 1:colcon.colcon_core.package_identification:_identify(log) by extension 'ignore'
[0.656s] Level 1:colcon.colcon_core.package_identification:_identify(log) ignored
[0.656s] Level 1:colcon.colcon_core.package_discovery:discover_packages(recursive) using defaults
[0.656s] Level 1:colcon.colcon_core.package_discovery:discover_packages(ignore) discover
[0.656s] Level 1:colcon.colcon_core.package_discovery:discover_packages(ignore) using defaults
[0.657s] Level 1:colcon.colcon_core.package_discovery:discover_packages(path) discover
[0.657s] Level 1:colcon.colcon_core.package_discovery:discover_packages(path) using defaults
[0.721s] Level 1:colcon.colcon_core.package_discovery:discover_packages(prefix_path) check parameters
[0.722s] Level 1:colcon.colcon_core.package_discovery:discover_packages(prefix_path) discover
[0.729s] DEBUG:colcon.colcon_installed_package_information.package_discovery:Found 5 installed packages in /home/brairlab/Desktop/line_tracking_race_ros2/install
[0.734s] DEBUG:colcon.colcon_installed_package_information.package_discovery:Found 257 installed packages in /opt/ros/humble
[0.738s] Level 1:colcon.colcon_core.package_discovery:discover_packages(prefix_path) using defaults
[0.806s] Level 5:colcon.colcon_core.verb:set package 'line_tracking_race_application' build argument 'cmake_args' from command line to 'None'
[0.806s] Level 5:colcon.colcon_core.verb:set package 'line_tracking_race_application' build argument 'cmake_target' from command line to 'None'
[0.806s] Level 5:colcon.colcon_core.verb:set package 'line_tracking_race_application' build argument 'cmake_target_skip_unavailable' from command line to 'False'
[0.806s] Level 5:colcon.colcon_core.verb:set package 'line_tracking_race_application' build argument 'cmake_clean_cache' from command line to 'False'
[0.806s] Level 5:colcon.colcon_core.verb:set package 'line_tracking_race_application' build argument 'cmake_clean_first' from command line to 'False'
[0.806s] Level 5:colcon.colcon_core.verb:set package 'line_tracking_race_application' build argument 'cmake_force_configure' from command line to 'False'
[0.806s] Level 5:colcon.colcon_core.verb:set package 'line_tracking_race_application' build argument 'ament_cmake_args' from command line to 'None'
[0.806s] Level 5:colcon.colcon_core.verb:set package 'line_tracking_race_application' build argument 'catkin_cmake_args' from command line to 'None'
[0.807s] Level 5:colcon.colcon_core.verb:set package 'line_tracking_race_application' build argument 'catkin_skip_building_tests' from command line to 'False'
[0.807s] DEBUG:colcon.colcon_core.verb:Building package 'line_tracking_race_application' with the following arguments: {'ament_cmake_args': None, 'build_base': '/home/brairlab/Desktop/line_tracking_race_ros2/build/line_tracking_race_application', 'catkin_cmake_args': None, 'catkin_skip_building_tests': False, 'cmake_args': None, 'cmake_clean_cache': False, 'cmake_clean_first': False, 'cmake_force_configure': False, 'cmake_target': None, 'cmake_target_skip_unavailable': False, 'install_base': '/home/brairlab/Desktop/line_tracking_race_ros2/install/line_tracking_race_application', 'merge_install': False, 'path': '/home/brairlab/Desktop/line_tracking_race_ros2/line_tracking_race_application', 'symlink_install': False, 'test_result_base': None}
[0.808s] Level 5:colcon.colcon_core.verb:set package 'line_tracking_race_controller' build argument 'cmake_args' from command line to 'None'
[0.809s] Level 5:colcon.colcon_core.verb:set package 'line_tracking_race_controller' build argument 'cmake_target' from command line to 'None'
[0.809s] Level 5:colcon.colcon_core.verb:set package 'line_tracking_race_controller' build argument 'cmake_target_skip_unavailable' from command line to 'False'
[0.809s] Level 5:colcon.colcon_core.verb:set package 'line_tracking_race_controller' build argument 'cmake_clean_cache' from command line to 'False'
[0.809s] Level 5:colcon.colcon_core.verb:set package 'line_tracking_race_controller' build argument 'cmake_clean_first' from command line to 'False'
[0.809s] Level 5:colcon.colcon_core.verb:set package 'line_tracking_race_controller' build argument 'cmake_force_configure' from command line to 'False'
[0.809s] Level 5:colcon.colcon_core.verb:set package 'line_tracking_race_controller' build argument 'ament_cmake_args' from command line to 'None'
[0.809s] Level 5:colcon.colcon_core.verb:set package 'line_tracking_race_controller' build argument 'catkin_cmake_args' from command line to 'None'
[0.809s] Level 5:colcon.colcon_core.verb:set package 'line_tracking_race_controller' build argument 'catkin_skip_building_tests' from command line to 'False'
[0.809s] DEBUG:colcon.colcon_core.verb:Building package 'line_tracking_race_controller' with the following arguments: {'ament_cmake_args': None, 'build_base': '/home/brairlab/Desktop/line_tracking_race_ros2/build/line_tracking_race_controller', 'catkin_cmake_args': None, 'catkin_skip_building_tests': False, 'cmake_args': None, 'cmake_clean_cache': False, 'cmake_clean_first': False, 'cmake_force_configure': False, 'cmake_target': None, 'cmake_target_skip_unavailable': False, 'install_base': '/home/brairlab/Desktop/line_tracking_race_ros2/install/line_tracking_race_controller', 'merge_install': False, 'path': '/home/brairlab/Desktop/line_tracking_race_ros2/line_tracking_race_controller', 'symlink_install': False, 'test_result_base': None}
[0.810s] Level 5:colcon.colcon_core.verb:set package 'line_tracking_race_description' build argument 'cmake_args' from command line to 'None'
[0.810s] Level 5:colcon.colcon_core.verb:set package 'line_tracking_race_description' build argument 'cmake_target' from command line to 'None'
[0.810s] Level 5:colcon.colcon_core.verb:set package 'line_tracking_race_description' build argument 'cmake_target_skip_unavailable' from command line to 'False'
[0.810s] Level 5:colcon.colcon_core.verb:set package 'line_tracking_race_description' build argument 'cmake_clean_cache' from command line to 'False'
[0.810s] Level 5:colcon.colcon_core.verb:set package 'line_tracking_race_description' build argument 'cmake_clean_first' from command line to 'False'
[0.810s] Level 5:colcon.colcon_core.verb:set package 'line_tracking_race_description' build argument 'cmake_force_configure' from command line to 'False'
[0.810s] Level 5:colcon.colcon_core.verb:set package 'line_tracking_race_description' build argument 'ament_cmake_args' from command line to 'None'
[0.810s] Level 5:colcon.colcon_core.verb:set package 'line_tracking_race_description' build argument 'catkin_cmake_args' from command line to 'None'
[0.810s] Level 5:colcon.colcon_core.verb:set package 'line_tracking_race_description' build argument 'catkin_skip_building_tests' from command line to 'False'
[0.810s] DEBUG:colcon.colcon_core.verb:Building package 'line_tracking_race_description' with the following arguments: {'ament_cmake_args': None, 'build_base': '/home/brairlab/Desktop/line_tracking_race_ros2/build/line_tracking_race_description', 'catkin_cmake_args': None, 'catkin_skip_building_tests': False, 'cmake_args': None, 'cmake_clean_cache': False, 'cmake_clean_first': False, 'cmake_force_configure': False, 'cmake_target': None, 'cmake_target_skip_unavailable': False, 'install_base': '/home/brairlab/Desktop/line_tracking_race_ros2/install/line_tracking_race_description', 'merge_install': False, 'path': '/home/brairlab/Desktop/line_tracking_race_ros2/line_tracking_race_description', 'symlink_install': False, 'test_result_base': None}
[0.812s] Level 5:colcon.colcon_core.verb:set package 'line_tracking_race_gazebo' build argument 'cmake_args' from command line to 'None'
[0.813s] Level 5:colcon.colcon_core.verb:set package 'line_tracking_race_gazebo' build argument 'cmake_target' from command line to 'None'
[0.813s] Level 5:colcon.colcon_core.verb:set package 'line_tracking_race_gazebo' build argument 'cmake_target_skip_unavailable' from command line to 'False'
[0.813s] Level 5:colcon.colcon_core.verb:set package 'line_tracking_race_gazebo' build argument 'cmake_clean_cache' from command line to 'False'
[0.813s] Level 5:colcon.colcon_core.verb:set package 'line_tracking_race_gazebo' build argument 'cmake_clean_first' from command line to 'False'
[0.813s] Level 5:colcon.colcon_core.verb:set package 'line_tracking_race_gazebo' build argument 'cmake_force_configure' from command line to 'False'
[0.813s] Level 5:colcon.colcon_core.verb:set package 'line_tracking_race_gazebo' build argument 'ament_cmake_args' from command line to 'None'
[0.813s] Level 5:colcon.colcon_core.verb:set package 'line_tracking_race_gazebo' build argument 'catkin_cmake_args' from command line to 'None'
[0.813s] Level 5:colcon.colcon_core.verb:set package 'line_tracking_race_gazebo' build argument 'catkin_skip_building_tests' from command line to 'False'
[0.813s] DEBUG:colcon.colcon_core.verb:Building package 'line_tracking_race_gazebo' with the following arguments: {'ament_cmake_args': None, 'build_base': '/home/brairlab/Desktop/line_tracking_race_ros2/build/line_tracking_race_gazebo', 'catkin_cmake_args': None, 'catkin_skip_building_tests': False, 'cmake_args': None, 'cmake_clean_cache': False, 'cmake_clean_first': False, 'cmake_force_configure': False, 'cmake_target': None, 'cmake_target_skip_unavailable': False, 'install_base': '/home/brairlab/Desktop/line_tracking_race_ros2/install/line_tracking_race_gazebo', 'merge_install': False, 'path': '/home/brairlab/Desktop/line_tracking_race_ros2/line_tracking_race_gazebo', 'symlink_install': False, 'test_result_base': None}
[0.814s] Level 5:colcon.colcon_core.verb:set package 'line_tracking_race_bringup' build argument 'cmake_args' from command line to 'None'
[0.814s] Level 5:colcon.colcon_core.verb:set package 'line_tracking_race_bringup' build argument 'cmake_target' from command line to 'None'
[0.815s] Level 5:colcon.colcon_core.verb:set package 'line_tracking_race_bringup' build argument 'cmake_target_skip_unavailable' from command line to 'False'
[0.815s] Level 5:colcon.colcon_core.verb:set package 'line_tracking_race_bringup' build argument 'cmake_clean_cache' from command line to 'False'
[0.815s] Level 5:colcon.colcon_core.verb:set package 'line_tracking_race_bringup' build argument 'cmake_clean_first' from command line to 'False'
[0.815s] Level 5:colcon.colcon_core.verb:set package 'line_tracking_race_bringup' build argument 'cmake_force_configure' from command line to 'False'
[0.815s] Level 5:colcon.colcon_core.verb:set package 'line_tracking_race_bringup' build argument 'ament_cmake_args' from command line to 'None'
[0.815s] Level 5:colcon.colcon_core.verb:set package 'line_tracking_race_bringup' build argument 'catkin_cmake_args' from command line to 'None'
[0.815s] Level 5:colcon.colcon_core.verb:set package 'line_tracking_race_bringup' build argument 'catkin_skip_building_tests' from command line to 'False'
[0.815s] DEBUG:colcon.colcon_core.verb:Building package 'line_tracking_race_bringup' with the following arguments: {'ament_cmake_args': None, 'build_base': '/home/brairlab/Desktop/line_tracking_race_ros2/build/line_tracking_race_bringup', 'catkin_cmake_args': None, 'catkin_skip_building_tests': False, 'cmake_args': None, 'cmake_clean_cache': False, 'cmake_clean_first': False, 'cmake_force_configure': False, 'cmake_target': None, 'cmake_target_skip_unavailable': False, 'install_base': '/home/brairlab/Desktop/line_tracking_race_ros2/install/line_tracking_race_bringup', 'merge_install': False, 'path': '/home/brairlab/Desktop/line_tracking_race_ros2/line_tracking_race_bringup', 'symlink_install': False, 'test_result_base': None}
[0.816s] INFO:colcon.colcon_core.executor:Executing jobs using 'parallel' executor
[0.819s] DEBUG:colcon.colcon_parallel_executor.executor.parallel:run_until_complete
[0.820s] INFO:colcon.colcon_ros.task.ament_cmake.build:Building ROS package in '/home/brairlab/Desktop/line_tracking_race_ros2/line_tracking_race_description' with build type 'ament_cmake'
[0.820s] INFO:colcon.colcon_cmake.task.cmake.build:Building CMake package in '/home/brairlab/Desktop/line_tracking_race_ros2/line_tracking_race_description'
[0.826s] INFO:colcon.colcon_core.plugin_system:Skipping extension 'colcon_core.shell.bat': Not used on non-Windows systems
[0.827s] INFO:colcon.colcon_core.shell:Skip shell extension 'powershell' for command environment: Not usable outside of PowerShell
[0.828s] DEBUG:colcon.colcon_core.shell:Skip shell extension 'dsv' for command environment
[0.842s] INFO:colcon.colcon_ros.task.ament_cmake.build:Building ROS package in '/home/brairlab/Desktop/line_tracking_race_ros2/line_tracking_race_application' with build type 'ament_cmake'
[0.843s] INFO:colcon.colcon_cmake.task.cmake.build:Building CMake package in '/home/brairlab/Desktop/line_tracking_race_ros2/line_tracking_race_application'
[0.843s] INFO:colcon.colcon_core.shell:Skip shell extension 'powershell' for command environment: Not usable outside of PowerShell
[0.844s] DEBUG:colcon.colcon_core.shell:Skip shell extension 'dsv' for command environment
[0.884s] INFO:colcon.colcon_ros.task.ament_python.build:Building ROS package in '/home/brairlab/Desktop/line_tracking_race_ros2/line_tracking_race_controller' with build type 'ament_python'
[0.889s] Level 1:colcon.colcon_core.shell:create_environment_hook('line_tracking_race_controller', 'ament_prefix_path')
[0.890s] INFO:colcon.colcon_core.shell:Creating environment hook '/home/brairlab/Desktop/line_tracking_race_ros2/install/line_tracking_race_controller/share/line_tracking_race_controller/hook/ament_prefix_path.ps1'
[0.897s] INFO:colcon.colcon_core.shell:Creating environment descriptor '/home/brairlab/Desktop/line_tracking_race_ros2/install/line_tracking_race_controller/share/line_tracking_race_controller/hook/ament_prefix_path.dsv'
[0.908s] INFO:colcon.colcon_core.shell:Creating environment hook '/home/brairlab/Desktop/line_tracking_race_ros2/install/line_tracking_race_controller/share/line_tracking_race_controller/hook/ament_prefix_path.sh'
[0.922s] INFO:colcon.colcon_core.shell:Skip shell extension 'powershell' for command environment: Not usable outside of PowerShell
[0.922s] DEBUG:colcon.colcon_core.shell:Skip shell extension 'dsv' for command environment
[1.021s] DEBUG:colcon.colcon_core.event_handler.log_command:Invoking command in '/home/brairlab/Desktop/line_tracking_race_ros2/build/line_tracking_race_description': CMAKE_PREFIX_PATH=${CMAKE_PREFIX_PATH}:/home/brairlab/Desktop/line_tracking_race_ros2/install/line_tracking_race_controller:/opt/ros/humble /usr/bin/cmake --build /home/brairlab/Desktop/line_tracking_race_ros2/build/line_tracking_race_description -- -j4 -l4
[1.023s] DEBUG:colcon.colcon_core.event_handler.log_command:Invoking command in '/home/brairlab/Desktop/line_tracking_race_ros2/build/line_tracking_race_application': CMAKE_PREFIX_PATH=${CMAKE_PREFIX_PATH}:/home/brairlab/Desktop/line_tracking_race_ros2/install/line_tracking_race_controller:/opt/ros/humble /usr/bin/cmake --build /home/brairlab/Desktop/line_tracking_race_ros2/build/line_tracking_race_application -- -j4 -l4
[1.602s] INFO:colcon.colcon_core.task.python.build:Building Python package in '/home/brairlab/Desktop/line_tracking_race_ros2/line_tracking_race_controller'
[1.602s] INFO:colcon.colcon_core.shell:Skip shell extension 'powershell' for command environment: Not usable outside of PowerShell
[1.603s] DEBUG:colcon.colcon_core.shell:Skip shell extension 'dsv' for command environment
[1.670s] DEBUG:colcon.colcon_core.event_handler.log_command:Invoked command in '/home/brairlab/Desktop/line_tracking_race_ros2/build/line_tracking_race_application' returned '0': CMAKE_PREFIX_PATH=${CMAKE_PREFIX_PATH}:/home/brairlab/Desktop/line_tracking_race_ros2/install/line_tracking_race_controller:/opt/ros/humble /usr/bin/cmake --build /home/brairlab/Desktop/line_tracking_race_ros2/build/line_tracking_race_application -- -j4 -l4
[1.742s] DEBUG:colcon.colcon_core.event_handler.log_command:Invoking command in '/home/brairlab/Desktop/line_tracking_race_ros2/build/line_tracking_race_application': CMAKE_PREFIX_PATH=${CMAKE_PREFIX_PATH}:/home/brairlab/Desktop/line_tracking_race_ros2/install/line_tracking_race_controller:/opt/ros/humble /usr/bin/cmake --install /home/brairlab/Desktop/line_tracking_race_ros2/build/line_tracking_race_application
[1.743s] DEBUG:colcon.colcon_core.event_handler.log_command:Invoked command in '/home/brairlab/Desktop/line_tracking_race_ros2/build/line_tracking_race_description' returned '0': CMAKE_PREFIX_PATH=${CMAKE_PREFIX_PATH}:/home/brairlab/Desktop/line_tracking_race_ros2/install/line_tracking_race_controller:/opt/ros/humble /usr/bin/cmake --build /home/brairlab/Desktop/line_tracking_race_ros2/build/line_tracking_race_description -- -j4 -l4
[1.748s] DEBUG:colcon.colcon_core.event_handler.log_command:Invoking command in '/home/brairlab/Desktop/line_tracking_race_ros2/build/line_tracking_race_description': CMAKE_PREFIX_PATH=${CMAKE_PREFIX_PATH}:/home/brairlab/Desktop/line_tracking_race_ros2/install/line_tracking_race_controller:/opt/ros/humble /usr/bin/cmake --install /home/brairlab/Desktop/line_tracking_race_ros2/build/line_tracking_race_description
[1.796s] Level 1:colcon.colcon_core.environment:create_environment_scripts_only(line_tracking_race_description)
[1.811s] DEBUG:colcon.colcon_core.event_handler.log_command:Invoked command in '/home/brairlab/Desktop/line_tracking_race_ros2/build/line_tracking_race_description' returned '0': CMAKE_PREFIX_PATH=${CMAKE_PREFIX_PATH}:/home/brairlab/Desktop/line_tracking_race_ros2/install/line_tracking_race_controller:/opt/ros/humble /usr/bin/cmake --install /home/brairlab/Desktop/line_tracking_race_ros2/build/line_tracking_race_description
[1.815s] Level 1:colcon.colcon_core.environment:checking '/home/brairlab/Desktop/line_tracking_race_ros2/install/line_tracking_race_description' for CMake module files
[1.818s] Level 1:colcon.colcon_core.environment:checking '/home/brairlab/Desktop/line_tracking_race_ros2/install/line_tracking_race_description' for CMake config files
[1.818s] Level 1:colcon.colcon_core.shell:create_environment_hook('line_tracking_race_description', 'cmake_prefix_path')
[1.819s] INFO:colcon.colcon_core.shell:Creating environment hook '/home/brairlab/Desktop/line_tracking_race_ros2/install/line_tracking_race_description/share/line_tracking_race_description/hook/cmake_prefix_path.ps1'
[1.821s] INFO:colcon.colcon_core.shell:Creating environment descriptor '/home/brairlab/Desktop/line_tracking_race_ros2/install/line_tracking_race_description/share/line_tracking_race_description/hook/cmake_prefix_path.dsv'
[1.822s] INFO:colcon.colcon_core.shell:Creating environment hook '/home/brairlab/Desktop/line_tracking_race_ros2/install/line_tracking_race_description/share/line_tracking_race_description/hook/cmake_prefix_path.sh'
[1.823s] Level 1:colcon.colcon_core.environment:checking '/home/brairlab/Desktop/line_tracking_race_ros2/install/line_tracking_race_description/bin'
[1.823s] Level 1:colcon.colcon_core.environment:checking '/home/brairlab/Desktop/line_tracking_race_ros2/install/line_tracking_race_description/lib/pkgconfig/line_tracking_race_description.pc'
[1.823s] Level 1:colcon.colcon_core.environment:checking '/home/brairlab/Desktop/line_tracking_race_ros2/install/line_tracking_race_description/lib/python3.10/site-packages'
[1.824s] Level 1:colcon.colcon_core.environment:checking '/home/brairlab/Desktop/line_tracking_race_ros2/install/line_tracking_race_description/bin'
[1.825s] INFO:colcon.colcon_core.shell:Creating package script '/home/brairlab/Desktop/line_tracking_race_ros2/install/line_tracking_race_description/share/line_tracking_race_description/package.ps1'
[1.826s] INFO:colcon.colcon_core.shell:Creating package descriptor '/home/brairlab/Desktop/line_tracking_race_ros2/install/line_tracking_race_description/share/line_tracking_race_description/package.dsv'
[1.827s] INFO:colcon.colcon_core.shell:Creating package script '/home/brairlab/Desktop/line_tracking_race_ros2/install/line_tracking_race_description/share/line_tracking_race_description/package.sh'
[1.829s] INFO:colcon.colcon_core.shell:Creating package script '/home/brairlab/Desktop/line_tracking_race_ros2/install/line_tracking_race_description/share/line_tracking_race_description/package.bash'
[1.831s] INFO:colcon.colcon_core.shell:Creating package script '/home/brairlab/Desktop/line_tracking_race_ros2/install/line_tracking_race_description/share/line_tracking_race_description/package.zsh'
[1.832s] Level 1:colcon.colcon_core.environment:create_file_with_runtime_dependencies(/home/brairlab/Desktop/line_tracking_race_ros2/install/line_tracking_race_description/share/colcon-core/packages/line_tracking_race_description)
[1.833s] Level 1:colcon.colcon_core.environment:create_environment_scripts_only(line_tracking_race_description)
[1.833s] Level 1:colcon.colcon_core.environment:checking '/home/brairlab/Desktop/line_tracking_race_ros2/install/line_tracking_race_description' for CMake module files
[1.834s] Level 1:colcon.colcon_core.environment:checking '/home/brairlab/Desktop/line_tracking_race_ros2/install/line_tracking_race_description' for CMake config files
[1.835s] Level 1:colcon.colcon_core.shell:create_environment_hook('line_tracking_race_description', 'cmake_prefix_path')
[1.835s] INFO:colcon.colcon_core.shell:Creating environment hook '/home/brairlab/Desktop/line_tracking_race_ros2/install/line_tracking_race_description/share/line_tracking_race_description/hook/cmake_prefix_path.ps1'
[1.837s] INFO:colcon.colcon_core.shell:Creating environment descriptor '/home/brairlab/Desktop/line_tracking_race_ros2/install/line_tracking_race_description/share/line_tracking_race_description/hook/cmake_prefix_path.dsv'
[1.838s] INFO:colcon.colcon_core.shell:Creating environment hook '/home/brairlab/Desktop/line_tracking_race_ros2/install/line_tracking_race_description/share/line_tracking_race_description/hook/cmake_prefix_path.sh'
[1.839s] Level 1:colcon.colcon_core.environment:checking '/home/brairlab/Desktop/line_tracking_race_ros2/install/line_tracking_race_description/bin'
[1.839s] Level 1:colcon.colcon_core.environment:checking '/home/brairlab/Desktop/line_tracking_race_ros2/install/line_tracking_race_description/lib/pkgconfig/line_tracking_race_description.pc'
[1.839s] Level 1:colcon.colcon_core.environment:checking '/home/brairlab/Desktop/line_tracking_race_ros2/install/line_tracking_race_description/lib/python3.10/site-packages'
[1.840s] Level 1:colcon.colcon_core.environment:checking '/home/brairlab/Desktop/line_tracking_race_ros2/install/line_tracking_race_description/bin'
[1.840s] INFO:colcon.colcon_core.shell:Creating package script '/home/brairlab/Desktop/line_tracking_race_ros2/install/line_tracking_race_description/share/line_tracking_race_description/package.ps1'
[1.841s] INFO:colcon.colcon_core.shell:Creating package descriptor '/home/brairlab/Desktop/line_tracking_race_ros2/install/line_tracking_race_description/share/line_tracking_race_description/package.dsv'
[1.842s] INFO:colcon.colcon_core.shell:Creating package script '/home/brairlab/Desktop/line_tracking_race_ros2/install/line_tracking_race_description/share/line_tracking_race_description/package.sh'
[1.843s] INFO:colcon.colcon_core.shell:Creating package script '/home/brairlab/Desktop/line_tracking_race_ros2/install/line_tracking_race_description/share/line_tracking_race_description/package.bash'
[1.844s] INFO:colcon.colcon_core.shell:Creating package script '/home/brairlab/Desktop/line_tracking_race_ros2/install/line_tracking_race_description/share/line_tracking_race_description/package.zsh'
[1.845s] Level 1:colcon.colcon_core.environment:create_file_with_runtime_dependencies(/home/brairlab/Desktop/line_tracking_race_ros2/install/line_tracking_race_description/share/colcon-core/packages/line_tracking_race_description)
[1.845s] Level 1:colcon.colcon_core.environment:create_environment_scripts_only(line_tracking_race_application)
[1.846s] Level 1:colcon.colcon_core.environment:checking '/home/brairlab/Desktop/line_tracking_race_ros2/install/line_tracking_race_application' for CMake module files
[1.848s] Level 1:colcon.colcon_core.environment:checking '/home/brairlab/Desktop/line_tracking_race_ros2/install/line_tracking_race_application' for CMake config files
[1.850s] DEBUG:colcon.colcon_core.event_handler.log_command:Invoked command in '/home/brairlab/Desktop/line_tracking_race_ros2/build/line_tracking_race_application' returned '0': CMAKE_PREFIX_PATH=${CMAKE_PREFIX_PATH}:/home/brairlab/Desktop/line_tracking_race_ros2/install/line_tracking_race_controller:/opt/ros/humble /usr/bin/cmake --install /home/brairlab/Desktop/line_tracking_race_ros2/build/line_tracking_race_application
[1.851s] Level 1:colcon.colcon_core.shell:create_environment_hook('line_tracking_race_application', 'cmake_prefix_path')
[1.851s] INFO:colcon.colcon_core.shell:Creating environment hook '/home/brairlab/Desktop/line_tracking_race_ros2/install/line_tracking_race_application/share/line_tracking_race_application/hook/cmake_prefix_path.ps1'
[1.852s] INFO:colcon.colcon_core.shell:Creating environment descriptor '/home/brairlab/Desktop/line_tracking_race_ros2/install/line_tracking_race_application/share/line_tracking_race_application/hook/cmake_prefix_path.dsv'
[1.853s] INFO:colcon.colcon_core.shell:Creating environment hook '/home/brairlab/Desktop/line_tracking_race_ros2/install/line_tracking_race_application/share/line_tracking_race_application/hook/cmake_prefix_path.sh'
[1.854s] Level 1:colcon.colcon_core.environment:checking '/home/brairlab/Desktop/line_tracking_race_ros2/install/line_tracking_race_application/bin'
[1.854s] Level 1:colcon.colcon_core.environment:checking '/home/brairlab/Desktop/line_tracking_race_ros2/install/line_tracking_race_application/lib/pkgconfig/line_tracking_race_application.pc'
[1.854s] Level 1:colcon.colcon_core.environment:checking '/home/brairlab/Desktop/line_tracking_race_ros2/install/line_tracking_race_application/lib/python3.10/site-packages'
[1.854s] Level 1:colcon.colcon_core.environment:checking '/home/brairlab/Desktop/line_tracking_race_ros2/install/line_tracking_race_application/bin'
[1.855s] INFO:colcon.colcon_core.shell:Creating package script '/home/brairlab/Desktop/line_tracking_race_ros2/install/line_tracking_race_application/share/line_tracking_race_application/package.ps1'
[1.856s] INFO:colcon.colcon_core.shell:Creating package descriptor '/home/brairlab/Desktop/line_tracking_race_ros2/install/line_tracking_race_application/share/line_tracking_race_application/package.dsv'
[1.857s] INFO:colcon.colcon_core.shell:Creating package script '/home/brairlab/Desktop/line_tracking_race_ros2/install/line_tracking_race_application/share/line_tracking_race_application/package.sh'
[1.857s] INFO:colcon.colcon_core.shell:Creating package script '/home/brairlab/Desktop/line_tracking_race_ros2/install/line_tracking_race_application/share/line_tracking_race_application/package.bash'
[1.858s] INFO:colcon.colcon_core.shell:Creating package script '/home/brairlab/Desktop/line_tracking_race_ros2/install/line_tracking_race_application/share/line_tracking_race_application/package.zsh'
[1.859s] Level 1:colcon.colcon_core.environment:create_file_with_runtime_dependencies(/home/brairlab/Desktop/line_tracking_race_ros2/install/line_tracking_race_application/share/colcon-core/packages/line_tracking_race_application)
[1.859s] Level 1:colcon.colcon_core.environment:create_environment_scripts_only(line_tracking_race_application)
[1.860s] Level 1:colcon.colcon_core.environment:checking '/home/brairlab/Desktop/line_tracking_race_ros2/install/line_tracking_race_application' for CMake module files
[1.860s] Level 1:colcon.colcon_core.environment:checking '/home/brairlab/Desktop/line_tracking_race_ros2/install/line_tracking_race_application' for CMake config files
[1.861s] Level 1:colcon.colcon_core.shell:create_environment_hook('line_tracking_race_application', 'cmake_prefix_path')
[1.861s] INFO:colcon.colcon_core.shell:Creating environment hook '/home/brairlab/Desktop/line_tracking_race_ros2/install/line_tracking_race_application/share/line_tracking_race_application/hook/cmake_prefix_path.ps1'
[1.862s] INFO:colcon.colcon_core.shell:Creating environment descriptor '/home/brairlab/Desktop/line_tracking_race_ros2/install/line_tracking_race_application/share/line_tracking_race_application/hook/cmake_prefix_path.dsv'
[1.863s] INFO:colcon.colcon_core.shell:Creating environment hook '/home/brairlab/Desktop/line_tracking_race_ros2/install/line_tracking_race_application/share/line_tracking_race_application/hook/cmake_prefix_path.sh'
[1.864s] Level 1:colcon.colcon_core.environment:checking '/home/brairlab/Desktop/line_tracking_race_ros2/install/line_tracking_race_application/bin'
[1.864s] Level 1:colcon.colcon_core.environment:checking '/home/brairlab/Desktop/line_tracking_race_ros2/install/line_tracking_race_application/lib/pkgconfig/line_tracking_race_application.pc'
[1.864s] Level 1:colcon.colcon_core.environment:checking '/home/brairlab/Desktop/line_tracking_race_ros2/install/line_tracking_race_application/lib/python3.10/site-packages'
[1.865s] Level 1:colcon.colcon_core.environment:checking '/home/brairlab/Desktop/line_tracking_race_ros2/install/line_tracking_race_application/bin'
[1.865s] INFO:colcon.colcon_core.shell:Creating package script '/home/brairlab/Desktop/line_tracking_race_ros2/install/line_tracking_race_application/share/line_tracking_race_application/package.ps1'
[1.867s] INFO:colcon.colcon_core.shell:Creating package descriptor '/home/brairlab/Desktop/line_tracking_race_ros2/install/line_tracking_race_application/share/line_tracking_race_application/package.dsv'
[1.867s] INFO:colcon.colcon_core.shell:Creating package script '/home/brairlab/Desktop/line_tracking_race_ros2/install/line_tracking_race_application/share/line_tracking_race_application/package.sh'
[1.868s] INFO:colcon.colcon_core.shell:Creating package script '/home/brairlab/Desktop/line_tracking_race_ros2/install/line_tracking_race_application/share/line_tracking_race_application/package.bash'
[1.869s] INFO:colcon.colcon_core.shell:Creating package script '/home/brairlab/Desktop/line_tracking_race_ros2/install/line_tracking_race_application/share/line_tracking_race_application/package.zsh'
[1.871s] Level 1:colcon.colcon_core.environment:create_file_with_runtime_dependencies(/home/brairlab/Desktop/line_tracking_race_ros2/install/line_tracking_race_application/share/colcon-core/packages/line_tracking_race_application)
[1.871s] INFO:colcon.colcon_ros.task.ament_cmake.build:Building ROS package in '/home/brairlab/Desktop/line_tracking_race_ros2/line_tracking_race_gazebo' with build type 'ament_cmake'
[1.872s] INFO:colcon.colcon_cmake.task.cmake.build:Building CMake package in '/home/brairlab/Desktop/line_tracking_race_ros2/line_tracking_race_gazebo'
[1.872s] INFO:colcon.colcon_core.shell:Skip shell extension 'powershell' for command environment: Not usable outside of PowerShell
[1.872s] DEBUG:colcon.colcon_core.shell:Skip shell extension 'dsv' for command environment
[1.902s] DEBUG:colcon.colcon_core.event_handler.log_command:Invoking command in '/home/brairlab/Desktop/line_tracking_race_ros2/build/line_tracking_race_gazebo': CMAKE_PREFIX_PATH=/home/brairlab/Desktop/line_tracking_race_ros2/install/line_tracking_race_description:/home/brairlab/Desktop/line_tracking_race_ros2/install/line_tracking_race_bringup:/home/brairlab/Desktop/line_tracking_race_ros2/install/line_tracking_race_gazebo:/home/brairlab/Desktop/line_tracking_race_ros2/install/line_tracking_race_application:/home/brairlab/Desktop/line_tracking_race_ros2/install/line_tracking_race_controller:/opt/ros/humble GZ_SIM_RESOURCE_PATH=/home/brairlab/Desktop/line_tracking_race_ros2/install/line_tracking_race_description/share/line_tracking_race_description/models:${GZ_SIM_RESOURCE_PATH} /usr/bin/cmake --build /home/brairlab/Desktop/line_tracking_race_ros2/build/line_tracking_race_gazebo -- -j4 -l4
[1.992s] DEBUG:colcon.colcon_core.event_handler.log_command:Invoked command in '/home/brairlab/Desktop/line_tracking_race_ros2/build/line_tracking_race_gazebo' returned '0': CMAKE_PREFIX_PATH=/home/brairlab/Desktop/line_tracking_race_ros2/install/line_tracking_race_description:/home/brairlab/Desktop/line_tracking_race_ros2/install/line_tracking_race_bringup:/home/brairlab/Desktop/line_tracking_race_ros2/install/line_tracking_race_gazebo:/home/brairlab/Desktop/line_tracking_race_ros2/install/line_tracking_race_application:/home/brairlab/Desktop/line_tracking_race_ros2/install/line_tracking_race_controller:/opt/ros/humble GZ_SIM_RESOURCE_PATH=/home/brairlab/Desktop/line_tracking_race_ros2/install/line_tracking_race_description/share/line_tracking_race_description/models:${GZ_SIM_RESOURCE_PATH} /usr/bin/cmake --build /home/brairlab/Desktop/line_tracking_race_ros2/build/line_tracking_race_gazebo -- -j4 -l4
[1.997s] DEBUG:colcon.colcon_core.event_handler.log_command:Invoking command in '/home/brairlab/Desktop/line_tracking_race_ros2/build/line_tracking_race_gazebo': CMAKE_PREFIX_PATH=/home/brairlab/Desktop/line_tracking_race_ros2/install/line_tracking_race_description:/home/brairlab/Desktop/line_tracking_race_ros2/install/line_tracking_race_bringup:/home/brairlab/Desktop/line_tracking_race_ros2/install/line_tracking_race_gazebo:/home/brairlab/Desktop/line_tracking_race_ros2/install/line_tracking_race_application:/home/brairlab/Desktop/line_tracking_race_ros2/install/line_tracking_race_controller:/opt/ros/humble GZ_SIM_RESOURCE_PATH=/home/brairlab/Desktop/line_tracking_race_ros2/install/line_tracking_race_description/share/line_tracking_race_description/models:${GZ_SIM_RESOURCE_PATH} /usr/bin/cmake --install /home/brairlab/Desktop/line_tracking_race_ros2/build/line_tracking_race_gazebo
[2.020s] Level 1:colcon.colcon_core.environment:create_environment_scripts_only(line_tracking_race_gazebo)
[2.020s] Level 1:colcon.colcon_core.environment:checking '/home/brairlab/Desktop/line_tracking_race_ros2/install/line_tracking_race_gazebo' for CMake module files
[2.021s] Level 1:colcon.colcon_core.environment:checking '/home/brairlab/Desktop/line_tracking_race_ros2/install/line_tracking_race_gazebo' for CMake config files
[2.021s] Level 1:colcon.colcon_core.shell:create_environment_hook('line_tracking_race_gazebo', 'cmake_prefix_path')
[2.021s] INFO:colcon.colcon_core.shell:Creating environment hook '/home/brairlab/Desktop/line_tracking_race_ros2/install/line_tracking_race_gazebo/share/line_tracking_race_gazebo/hook/cmake_prefix_path.ps1'
[2.022s] INFO:colcon.colcon_core.shell:Creating environment descriptor '/home/brairlab/Desktop/line_tracking_race_ros2/install/line_tracking_race_gazebo/share/line_tracking_race_gazebo/hook/cmake_prefix_path.dsv'
[2.023s] INFO:colcon.colcon_core.shell:Creating environment hook '/home/brairlab/Desktop/line_tracking_race_ros2/install/line_tracking_race_gazebo/share/line_tracking_race_gazebo/hook/cmake_prefix_path.sh'
[2.024s] Level 1:colcon.colcon_core.environment:checking '/home/brairlab/Desktop/line_tracking_race_ros2/install/line_tracking_race_gazebo/bin'
[2.024s] Level 1:colcon.colcon_core.environment:checking '/home/brairlab/Desktop/line_tracking_race_ros2/install/line_tracking_race_gazebo/lib/pkgconfig/line_tracking_race_gazebo.pc'
[2.025s] Level 1:colcon.colcon_core.environment:checking '/home/brairlab/Desktop/line_tracking_race_ros2/install/line_tracking_race_gazebo/lib/python3.10/site-packages'
[2.025s] Level 1:colcon.colcon_core.environment:checking '/home/brairlab/Desktop/line_tracking_race_ros2/install/line_tracking_race_gazebo/bin'
[2.025s] INFO:colcon.colcon_core.shell:Creating package script '/home/brairlab/Desktop/line_tracking_race_ros2/install/line_tracking_race_gazebo/share/line_tracking_race_gazebo/package.ps1'
[2.026s] INFO:colcon.colcon_core.shell:Creating package descriptor '/home/brairlab/Desktop/line_tracking_race_ros2/install/line_tracking_race_gazebo/share/line_tracking_race_gazebo/package.dsv'
[2.027s] INFO:colcon.colcon_core.shell:Creating package script '/home/brairlab/Desktop/line_tracking_race_ros2/install/line_tracking_race_gazebo/share/line_tracking_race_gazebo/package.sh'
[2.028s] INFO:colcon.colcon_core.shell:Creating package script '/home/brairlab/Desktop/line_tracking_race_ros2/install/line_tracking_race_gazebo/share/line_tracking_race_gazebo/package.bash'
[2.029s] INFO:colcon.colcon_core.shell:Creating package script '/home/brairlab/Desktop/line_tracking_race_ros2/install/line_tracking_race_gazebo/share/line_tracking_race_gazebo/package.zsh'
[2.030s] Level 1:colcon.colcon_core.environment:create_file_with_runtime_dependencies(/home/brairlab/Desktop/line_tracking_race_ros2/install/line_tracking_race_gazebo/share/colcon-core/packages/line_tracking_race_gazebo)
[2.031s] Level 1:colcon.colcon_core.environment:create_environment_scripts_only(line_tracking_race_gazebo)
[2.031s] Level 1:colcon.colcon_core.environment:checking '/home/brairlab/Desktop/line_tracking_race_ros2/install/line_tracking_race_gazebo' for CMake module files
[2.032s] DEBUG:colcon.colcon_core.event_handler.log_command:Invoked command in '/home/brairlab/Desktop/line_tracking_race_ros2/build/line_tracking_race_gazebo' returned '0': CMAKE_PREFIX_PATH=/home/brairlab/Desktop/line_tracking_race_ros2/install/line_tracking_race_description:/home/brairlab/Desktop/line_tracking_race_ros2/install/line_tracking_race_bringup:/home/brairlab/Desktop/line_tracking_race_ros2/install/line_tracking_race_gazebo:/home/brairlab/Desktop/line_tracking_race_ros2/install/line_tracking_race_application:/home/brairlab/Desktop/line_tracking_race_ros2/install/line_tracking_race_controller:/opt/ros/humble GZ_SIM_RESOURCE_PATH=/home/brairlab/Desktop/line_tracking_race_ros2/install/line_tracking_race_description/share/line_tracking_race_description/models:${GZ_SIM_RESOURCE_PATH} /usr/bin/cmake --install /home/brairlab/Desktop/line_tracking_race_ros2/build/line_tracking_race_gazebo
[2.033s] Level 1:colcon.colcon_core.environment:checking '/home/brairlab/Desktop/line_tracking_race_ros2/install/line_tracking_race_gazebo' for CMake config files
[2.034s] Level 1:colcon.colcon_core.shell:create_environment_hook('line_tracking_race_gazebo', 'cmake_prefix_path')
[2.034s] INFO:colcon.colcon_core.shell:Creating environment hook '/home/brairlab/Desktop/line_tracking_race_ros2/install/line_tracking_race_gazebo/share/line_tracking_race_gazebo/hook/cmake_prefix_path.ps1'
[2.036s] INFO:colcon.colcon_core.shell:Creating environment descriptor '/home/brairlab/Desktop/line_tracking_race_ros2/install/line_tracking_race_gazebo/share/line_tracking_race_gazebo/hook/cmake_prefix_path.dsv'
[2.038s] INFO:colcon.colcon_core.shell:Creating environment hook '/home/brairlab/Desktop/line_tracking_race_ros2/install/line_tracking_race_gazebo/share/line_tracking_race_gazebo/hook/cmake_prefix_path.sh'
[2.039s] Level 1:colcon.colcon_core.environment:checking '/home/brairlab/Desktop/line_tracking_race_ros2/install/line_tracking_race_gazebo/bin'
[2.040s] Level 1:colcon.colcon_core.environment:checking '/home/brairlab/Desktop/line_tracking_race_ros2/install/line_tracking_race_gazebo/lib/pkgconfig/line_tracking_race_gazebo.pc'
[2.040s] Level 1:colcon.colcon_core.environment:checking '/home/brairlab/Desktop/line_tracking_race_ros2/install/line_tracking_race_gazebo/lib/python3.10/site-packages'
[2.040s] Level 1:colcon.colcon_core.environment:checking '/home/brairlab/Desktop/line_tracking_race_ros2/install/line_tracking_race_gazebo/bin'
[2.041s] INFO:colcon.colcon_core.shell:Creating package script '/home/brairlab/Desktop/line_tracking_race_ros2/install/line_tracking_race_gazebo/share/line_tracking_race_gazebo/package.ps1'
[2.043s] INFO:colcon.colcon_core.shell:Creating package descriptor '/home/brairlab/Desktop/line_tracking_race_ros2/install/line_tracking_race_gazebo/share/line_tracking_race_gazebo/package.dsv'
[2.044s] INFO:colcon.colcon_core.shell:Creating package script '/home/brairlab/Desktop/line_tracking_race_ros2/install/line_tracking_race_gazebo/share/line_tracking_race_gazebo/package.sh'
[2.046s] INFO:colcon.colcon_core.shell:Creating package script '/home/brairlab/Desktop/line_tracking_race_ros2/install/line_tracking_race_gazebo/share/line_tracking_race_gazebo/package.bash'
[2.048s] INFO:colcon.colcon_core.shell:Creating package script '/home/brairlab/Desktop/line_tracking_race_ros2/install/line_tracking_race_gazebo/share/line_tracking_race_gazebo/package.zsh'
[2.049s] Level 1:colcon.colcon_core.environment:create_file_with_runtime_dependencies(/home/brairlab/Desktop/line_tracking_race_ros2/install/line_tracking_race_gazebo/share/colcon-core/packages/line_tracking_race_gazebo)
[2.051s] INFO:colcon.colcon_ros.task.ament_cmake.build:Building ROS package in '/home/brairlab/Desktop/line_tracking_race_ros2/line_tracking_race_bringup' with build type 'ament_cmake'
[2.052s] INFO:colcon.colcon_cmake.task.cmake.build:Building CMake package in '/home/brairlab/Desktop/line_tracking_race_ros2/line_tracking_race_bringup'
[2.052s] INFO:colcon.colcon_core.shell:Skip shell extension 'powershell' for command environment: Not usable outside of PowerShell
[2.053s] DEBUG:colcon.colcon_core.shell:Skip shell extension 'dsv' for command environment
[2.078s] DEBUG:colcon.colcon_core.event_handler.log_command:Invoking command in '/home/brairlab/Desktop/line_tracking_race_ros2/build/line_tracking_race_bringup': CMAKE_PREFIX_PATH=/home/brairlab/Desktop/line_tracking_race_ros2/install/line_tracking_race_gazebo:/home/brairlab/Desktop/line_tracking_race_ros2/install/line_tracking_race_description:/home/brairlab/Desktop/line_tracking_race_ros2/install/line_tracking_race_bringup:/home/brairlab/Desktop/line_tracking_race_ros2/install/line_tracking_race_application:/home/brairlab/Desktop/line_tracking_race_ros2/install/line_tracking_race_controller:/opt/ros/humble GZ_SIM_RESOURCE_PATH=/home/brairlab/Desktop/line_tracking_race_ros2/install/line_tracking_race_description/share/line_tracking_race_description/models:${GZ_SIM_RESOURCE_PATH} /usr/bin/cmake --build /home/brairlab/Desktop/line_tracking_race_ros2/build/line_tracking_race_bringup -- -j4 -l4
[2.260s] DEBUG:colcon.colcon_core.event_handler.log_command:Invoked command in '/home/brairlab/Desktop/line_tracking_race_ros2/build/line_tracking_race_bringup' returned '0': CMAKE_PREFIX_PATH=/home/brairlab/Desktop/line_tracking_race_ros2/install/line_tracking_race_gazebo:/home/brairlab/Desktop/line_tracking_race_ros2/install/line_tracking_race_description:/home/brairlab/Desktop/line_tracking_race_ros2/install/line_tracking_race_bringup:/home/brairlab/Desktop/line_tracking_race_ros2/install/line_tracking_race_application:/home/brairlab/Desktop/line_tracking_race_ros2/install/line_tracking_race_controller:/opt/ros/humble GZ_SIM_RESOURCE_PATH=/home/brairlab/Desktop/line_tracking_race_ros2/install/line_tracking_race_description/share/line_tracking_race_description/models:${GZ_SIM_RESOURCE_PATH} /usr/bin/cmake --build /home/brairlab/Desktop/line_tracking_race_ros2/build/line_tracking_race_bringup -- -j4 -l4
[2.262s] DEBUG:colcon.colcon_core.event_handler.log_command:Invoking command in '/home/brairlab/Desktop/line_tracking_race_ros2/build/line_tracking_race_bringup': CMAKE_PREFIX_PATH=/home/brairlab/Desktop/line_tracking_race_ros2/install/line_tracking_race_gazebo:/home/brairlab/Desktop/line_tracking_race_ros2/install/line_tracking_race_description:/home/brairlab/Desktop/line_tracking_race_ros2/install/line_tracking_race_bringup:/home/brairlab/Desktop/line_tracking_race_ros2/install/line_tracking_race_application:/home/brairlab/Desktop/line_tracking_race_ros2/install/line_tracking_race_controller:/opt/ros/humble GZ_SIM_RESOURCE_PATH=/home/brairlab/Desktop/line_tracking_race_ros2/install/line_tracking_race_description/share/line_tracking_race_description/models:${GZ_SIM_RESOURCE_PATH} /usr/bin/cmake --install /home/brairlab/Desktop/line_tracking_race_ros2/build/line_tracking_race_bringup
[2.289s] Level 1:colcon.colcon_core.environment:create_environment_scripts_only(line_tracking_race_bringup)
[2.290s] Level 1:colcon.colcon_core.environment:checking '/home/brairlab/Desktop/line_tracking_race_ros2/install/line_tracking_race_bringup' for CMake module files
[2.294s] DEBUG:colcon.colcon_core.event_handler.log_command:Invoked command in '/home/brairlab/Desktop/line_tracking_race_ros2/build/line_tracking_race_bringup' returned '0': CMAKE_PREFIX_PATH=/home/brairlab/Desktop/line_tracking_race_ros2/install/line_tracking_race_gazebo:/home/brairlab/Desktop/line_tracking_race_ros2/install/line_tracking_race_description:/home/brairlab/Desktop/line_tracking_race_ros2/install/line_tracking_race_bringup:/home/brairlab/Desktop/line_tracking_race_ros2/install/line_tracking_race_application:/home/brairlab/Desktop/line_tracking_race_ros2/install/line_tracking_race_controller:/opt/ros/humble GZ_SIM_RESOURCE_PATH=/home/brairlab/Desktop/line_tracking_race_ros2/install/line_tracking_race_description/share/line_tracking_race_description/models:${GZ_SIM_RESOURCE_PATH} /usr/bin/cmake --install /home/brairlab/Desktop/line_tracking_race_ros2/build/line_tracking_race_bringup
[2.295s] Level 1:colcon.colcon_core.environment:checking '/home/brairlab/Desktop/line_tracking_race_ros2/install/line_tracking_race_bringup' for CMake config files
[2.296s] Level 1:colcon.colcon_core.shell:create_environment_hook('line_tracking_race_bringup', 'cmake_prefix_path')
[2.296s] INFO:colcon.colcon_core.shell:Creating environment hook '/home/brairlab/Desktop/line_tracking_race_ros2/install/line_tracking_race_bringup/share/line_tracking_race_bringup/hook/cmake_prefix_path.ps1'
[2.298s] INFO:colcon.colcon_core.shell:Creating environment descriptor '/home/brairlab/Desktop/line_tracking_race_ros2/install/line_tracking_race_bringup/share/line_tracking_race_bringup/hook/cmake_prefix_path.dsv'
[2.299s] INFO:colcon.colcon_core.shell:Creating environment hook '/home/brairlab/Desktop/line_tracking_race_ros2/install/line_tracking_race_bringup/share/line_tracking_race_bringup/hook/cmake_prefix_path.sh'
[2.301s] Level 1:colcon.colcon_core.environment:checking '/home/brairlab/Desktop/line_tracking_race_ros2/install/line_tracking_race_bringup/bin'
[2.301s] Level 1:colcon.colcon_core.environment:checking '/home/brairlab/Desktop/line_tracking_race_ros2/install/line_tracking_race_bringup/lib/pkgconfig/line_tracking_race_bringup.pc'
[2.301s] Level 1:colcon.colcon_core.environment:checking '/home/brairlab/Desktop/line_tracking_race_ros2/install/line_tracking_race_bringup/lib/python3.10/site-packages'
[2.302s] Level 1:colcon.colcon_core.environment:checking '/home/brairlab/Desktop/line_tracking_race_ros2/install/line_tracking_race_bringup/bin'
[2.302s] INFO:colcon.colcon_core.shell:Creating package script '/home/brairlab/Desktop/line_tracking_race_ros2/install/line_tracking_race_bringup/share/line_tracking_race_bringup/package.ps1'
[2.304s] INFO:colcon.colcon_core.shell:Creating package descriptor '/home/brairlab/Desktop/line_tracking_race_ros2/install/line_tracking_race_bringup/share/line_tracking_race_bringup/package.dsv'
[2.306s] INFO:colcon.colcon_core.shell:Creating package script '/home/brairlab/Desktop/line_tracking_race_ros2/install/line_tracking_race_bringup/share/line_tracking_race_bringup/package.sh'
[2.307s] INFO:colcon.colcon_core.shell:Creating package script '/home/brairlab/Desktop/line_tracking_race_ros2/install/line_tracking_race_bringup/share/line_tracking_race_bringup/package.bash'
[2.309s] INFO:colcon.colcon_core.shell:Creating package script '/home/brairlab/Desktop/line_tracking_race_ros2/install/line_tracking_race_bringup/share/line_tracking_race_bringup/package.zsh'
[2.310s] Level 1:colcon.colcon_core.environment:create_file_with_runtime_dependencies(/home/brairlab/Desktop/line_tracking_race_ros2/install/line_tracking_race_bringup/share/colcon-core/packages/line_tracking_race_bringup)
[2.312s] Level 1:colcon.colcon_core.environment:create_environment_scripts_only(line_tracking_race_bringup)
[2.313s] Level 1:colcon.colcon_core.environment:checking '/home/brairlab/Desktop/line_tracking_race_ros2/install/line_tracking_race_bringup' for CMake module files
[2.314s] Level 1:colcon.colcon_core.environment:checking '/home/brairlab/Desktop/line_tracking_race_ros2/install/line_tracking_race_bringup' for CMake config files
[2.314s] Level 1:colcon.colcon_core.shell:create_environment_hook('line_tracking_race_bringup', 'cmake_prefix_path')
[2.315s] INFO:colcon.colcon_core.shell:Creating environment hook '/home/brairlab/Desktop/line_tracking_race_ros2/install/line_tracking_race_bringup/share/line_tracking_race_bringup/hook/cmake_prefix_path.ps1'
[2.316s] INFO:colcon.colcon_core.shell:Creating environment descriptor '/home/brairlab/Desktop/line_tracking_race_ros2/install/line_tracking_race_bringup/share/line_tracking_race_bringup/hook/cmake_prefix_path.dsv'
[2.318s] INFO:colcon.colcon_core.shell:Creating environment hook '/home/brairlab/Desktop/line_tracking_race_ros2/install/line_tracking_race_bringup/share/line_tracking_race_bringup/hook/cmake_prefix_path.sh'
[2.320s] Level 1:colcon.colcon_core.environment:checking '/home/brairlab/Desktop/line_tracking_race_ros2/install/line_tracking_race_bringup/bin'
[2.321s] Level 1:colcon.colcon_core.environment:checking '/home/brairlab/Desktop/line_tracking_race_ros2/install/line_tracking_race_bringup/lib/pkgconfig/line_tracking_race_bringup.pc'
[2.321s] Level 1:colcon.colcon_core.environment:checking '/home/brairlab/Desktop/line_tracking_race_ros2/install/line_tracking_race_bringup/lib/python3.10/site-packages'
[2.321s] Level 1:colcon.colcon_core.environment:checking '/home/brairlab/Desktop/line_tracking_race_ros2/install/line_tracking_race_bringup/bin'
[2.322s] INFO:colcon.colcon_core.shell:Creating package script '/home/brairlab/Desktop/line_tracking_race_ros2/install/line_tracking_race_bringup/share/line_tracking_race_bringup/package.ps1'
[2.323s] INFO:colcon.colcon_core.shell:Creating package descriptor '/home/brairlab/Desktop/line_tracking_race_ros2/install/line_tracking_race_bringup/share/line_tracking_race_bringup/package.dsv'
[2.325s] INFO:colcon.colcon_core.shell:Creating package script '/home/brairlab/Desktop/line_tracking_race_ros2/install/line_tracking_race_bringup/share/line_tracking_race_bringup/package.sh'
[2.327s] INFO:colcon.colcon_core.shell:Creating package script '/home/brairlab/Desktop/line_tracking_race_ros2/install/line_tracking_race_bringup/share/line_tracking_race_bringup/package.bash'
[2.330s] INFO:colcon.colcon_core.shell:Creating package script '/home/brairlab/Desktop/line_tracking_race_ros2/install/line_tracking_race_bringup/share/line_tracking_race_bringup/package.zsh'
[2.332s] Level 1:colcon.colcon_core.environment:create_file_with_runtime_dependencies(/home/brairlab/Desktop/line_tracking_race_ros2/install/line_tracking_race_bringup/share/colcon-core/packages/line_tracking_race_bringup)
[2.378s] DEBUG:colcon.colcon_core.event_handler.log_command:Invoking command in '/home/brairlab/Desktop/line_tracking_race_ros2/line_tracking_race_controller': PYTHONPATH=/home/brairlab/Desktop/line_tracking_race_ros2/build/line_tracking_race_controller/prefix_override:/usr/lib/python3/dist-packages/colcon_core/task/python/colcon_distutils_commands:/home/brairlab/Desktop/line_tracking_race_ros2/install/line_tracking_race_controller/lib/python3.10/site-packages:${PYTHONPATH} /usr/bin/python3 -W ignore:setup.py install is deprecated -W ignore:easy_install command is deprecated setup.py egg_info --egg-base ../build/line_tracking_race_controller build --build-base /home/brairlab/Desktop/line_tracking_race_ros2/build/line_tracking_race_controller/build install --record /home/brairlab/Desktop/line_tracking_race_ros2/build/line_tracking_race_controller/install.log --single-version-externally-managed install_data
[3.019s] Level 1:colcon.colcon_core.environment:checking '/home/brairlab/Desktop/line_tracking_race_ros2/install/line_tracking_race_controller' for CMake module files
[3.020s] Level 1:colcon.colcon_core.environment:checking '/home/brairlab/Desktop/line_tracking_race_ros2/install/line_tracking_race_controller' for CMake config files
[3.024s] DEBUG:colcon.colcon_core.event_handler.log_command:Invoked command in '/home/brairlab/Desktop/line_tracking_race_ros2/line_tracking_race_controller' returned '0': PYTHONPATH=/home/brairlab/Desktop/line_tracking_race_ros2/build/line_tracking_race_controller/prefix_override:/usr/lib/python3/dist-packages/colcon_core/task/python/colcon_distutils_commands:/home/brairlab/Desktop/line_tracking_race_ros2/install/line_tracking_race_controller/lib/python3.10/site-packages:${PYTHONPATH} /usr/bin/python3 -W ignore:setup.py install is deprecated -W ignore:easy_install command is deprecated setup.py egg_info --egg-base ../build/line_tracking_race_controller build --build-base /home/brairlab/Desktop/line_tracking_race_ros2/build/line_tracking_race_controller/build install --record /home/brairlab/Desktop/line_tracking_race_ros2/build/line_tracking_race_controller/install.log --single-version-externally-managed install_data
[3.026s] Level 1:colcon.colcon_core.environment:checking '/home/brairlab/Desktop/line_tracking_race_ros2/install/line_tracking_race_controller/lib'
[3.027s] Level 1:colcon.colcon_core.environment:checking '/home/brairlab/Desktop/line_tracking_race_ros2/install/line_tracking_race_controller/bin'
[3.027s] Level 1:colcon.colcon_core.environment:checking '/home/brairlab/Desktop/line_tracking_race_ros2/install/line_tracking_race_controller/lib/pkgconfig/line_tracking_race_controller.pc'
[3.028s] Level 1:colcon.colcon_core.environment:checking '/home/brairlab/Desktop/line_tracking_race_ros2/install/line_tracking_race_controller/lib/python3.10/site-packages'
[3.028s] Level 1:colcon.colcon_core.shell:create_environment_hook('line_tracking_race_controller', 'pythonpath')
[3.028s] INFO:colcon.colcon_core.shell:Creating environment hook '/home/brairlab/Desktop/line_tracking_race_ros2/install/line_tracking_race_controller/share/line_tracking_race_controller/hook/pythonpath.ps1'
[3.030s] INFO:colcon.colcon_core.shell:Creating environment descriptor '/home/brairlab/Desktop/line_tracking_race_ros2/install/line_tracking_race_controller/share/line_tracking_race_controller/hook/pythonpath.dsv'
[3.031s] INFO:colcon.colcon_core.shell:Creating environment hook '/home/brairlab/Desktop/line_tracking_race_ros2/install/line_tracking_race_controller/share/line_tracking_race_controller/hook/pythonpath.sh'
[3.032s] Level 1:colcon.colcon_core.environment:checking '/home/brairlab/Desktop/line_tracking_race_ros2/install/line_tracking_race_controller/bin'
[3.032s] Level 1:colcon.colcon_core.environment:create_environment_scripts_only(line_tracking_race_controller)
[3.033s] INFO:colcon.colcon_core.shell:Creating package script '/home/brairlab/Desktop/line_tracking_race_ros2/install/line_tracking_race_controller/share/line_tracking_race_controller/package.ps1'
[3.034s] INFO:colcon.colcon_core.shell:Creating package descriptor '/home/brairlab/Desktop/line_tracking_race_ros2/install/line_tracking_race_controller/share/line_tracking_race_controller/package.dsv'
[3.037s] INFO:colcon.colcon_core.shell:Creating package script '/home/brairlab/Desktop/line_tracking_race_ros2/install/line_tracking_race_controller/share/line_tracking_race_controller/package.sh'
[3.039s] INFO:colcon.colcon_core.shell:Creating package script '/home/brairlab/Desktop/line_tracking_race_ros2/install/line_tracking_race_controller/share/line_tracking_race_controller/package.bash'
[3.041s] INFO:colcon.colcon_core.shell:Creating package script '/home/brairlab/Desktop/line_tracking_race_ros2/install/line_tracking_race_controller/share/line_tracking_race_controller/package.zsh'
[3.042s] Level 1:colcon.colcon_core.environment:create_file_with_runtime_dependencies(/home/brairlab/Desktop/line_tracking_race_ros2/install/line_tracking_race_controller/share/colcon-core/packages/line_tracking_race_controller)
[3.042s] DEBUG:colcon.colcon_parallel_executor.executor.parallel:closing loop
[3.043s] DEBUG:colcon.colcon_parallel_executor.executor.parallel:loop closed
[3.043s] DEBUG:colcon.colcon_parallel_executor.executor.parallel:run_until_complete finished with '0'
[3.044s] DEBUG:colcon.colcon_core.event_reactor:joining thread
[3.060s] INFO:colcon.colcon_core.plugin_system:Skipping extension 'colcon_notification.desktop_notification.terminal_notifier': Not used on non-Darwin systems
[3.060s] INFO:colcon.colcon_core.plugin_system:Skipping extension 'colcon_notification.desktop_notification.win32': Not used on non-Windows systems
[3.061s] INFO:colcon.colcon_notification.desktop_notification:Sending desktop notification using 'notify2'
[3.157s] DEBUG:colcon.colcon_core.event_reactor:joined thread
[3.158s] INFO:colcon.colcon_core.shell:Creating prefix script '/home/brairlab/Desktop/line_tracking_race_ros2/install/local_setup.ps1'
[3.161s] INFO:colcon.colcon_core.shell:Creating prefix util module '/home/brairlab/Desktop/line_tracking_race_ros2/install/_local_setup_util_ps1.py'
[3.164s] INFO:colcon.colcon_core.shell:Creating prefix chain script '/home/brairlab/Desktop/line_tracking_race_ros2/install/setup.ps1'
[3.166s] INFO:colcon.colcon_core.shell:Creating prefix script '/home/brairlab/Desktop/line_tracking_race_ros2/install/local_setup.sh'
[3.170s] INFO:colcon.colcon_core.shell:Creating prefix util module '/home/brairlab/Desktop/line_tracking_race_ros2/install/_local_setup_util_sh.py'
[3.172s] INFO:colcon.colcon_core.shell:Creating prefix chain script '/home/brairlab/Desktop/line_tracking_race_ros2/install/setup.sh'
[3.175s] INFO:colcon.colcon_core.shell:Creating prefix script '/home/brairlab/Desktop/line_tracking_race_ros2/install/local_setup.bash'
[3.177s] INFO:colcon.colcon_core.shell:Creating prefix chain script '/home/brairlab/Desktop/line_tracking_race_ros2/install/setup.bash'
[3.180s] INFO:colcon.colcon_core.shell:Creating prefix script '/home/brairlab/Desktop/line_tracking_race_ros2/install/local_setup.zsh'
[3.181s] INFO:colcon.colcon_core.shell:Creating prefix chain script '/home/brairlab/Desktop/line_tracking_race_ros2/install/setup.zsh'
