[0.546s] DEBUG:colcon:Command line arguments: ['/usr/bin/colcon', 'build']
[0.547s] DEBUG:colcon:Parsed command line arguments: Namespace(log_base=None, log_level=None, verb_name='build', build_base='build', install_base='install', merge_install=False, symlink_install=False, test_result_base=None, continue_on_error=False, executor='parallel', parallel_workers=6, event_handlers=None, ignore_user_meta=False, metas=['./colcon.meta'], base_paths=['.'], packages_ignore=None, packages_ignore_regex=None, paths=None, packages_up_to=None, packages_up_to_regex=None, packages_above=None, packages_above_and_dependencies=None, packages_above_depth=None, packages_select_by_dep=None, packages_skip_by_dep=None, packages_skip_up_to=None, packages_select_build_failed=False, packages_skip_build_finished=False, packages_select_test_failures=False, packages_skip_test_passed=False, packages_select=None, packages_skip=None, packages_select_regex=None, packages_skip_regex=None, packages_start=None, packages_end=None, allow_overriding=[], cmake_args=None, cmake_target=None, cmake_target_skip_unavailable=False, cmake_clean_cache=False, cmake_clean_first=False, cmake_force_configure=False, ament_cmake_args=None, catkin_cmake_args=None, catkin_skip_building_tests=False, verb_parser=<colcon_defaults.argument_parser.defaults.DefaultArgumentsDecorator object at 0x77c556085690>, verb_extension=<colcon_core.verb.build.BuildVerb object at 0x77c55610ba90>, main=<bound method BuildVerb.main of <colcon_core.verb.build.BuildVerb object at 0x77c55610ba90>>)
[0.590s] Level 1:colcon.colcon_core.package_discovery:discover_packages(colcon_meta) check parameters
[0.590s] Level 1:colcon.colcon_core.package_discovery:discover_packages(recursive) check parameters
[0.590s] Level 1:colcon.colcon_core.package_discovery:discover_packages(ignore) check parameters
[0.591s] Level 1:colcon.colcon_core.package_discovery:discover_packages(path) check parameters
[0.591s] Level 1:colcon.colcon_core.package_discovery:discover_packages(colcon_meta) discover
[0.591s] Level 1:colcon.colcon_core.package_discovery:discover_packages(recursive) discover
[0.591s] INFO:colcon.colcon_core.package_discovery:Crawling recursively for packages in '/home/brairlab/Desktop/line_tracking_race_ros2'
[0.591s] Level 1:colcon.colcon_core.package_identification:_identify(.) by extensions ['ignore', 'ignore_ament_install']
[0.591s] Level 1:colcon.colcon_core.package_identification:_identify(.) by extension 'ignore'
[0.592s] Level 1:colcon.colcon_core.package_identification:_identify(.) by extension 'ignore_ament_install'
[0.592s] Level 1:colcon.colcon_core.package_identification:_identify(.) by extensions ['colcon_pkg']
[0.592s] Level 1:colcon.colcon_core.package_identification:_identify(.) by extension 'colcon_pkg'
[0.592s] Level 1:colcon.colcon_core.package_identification:_identify(.) by extensions ['colcon_meta']
[0.592s] Level 1:colcon.colcon_core.package_identification:_identify(.) by extension 'colcon_meta'
[0.592s] Level 1:colcon.colcon_core.package_identification:_identify(.) by extensions ['ros']
[0.592s] Level 1:colcon.colcon_core.package_identification:_identify(.) by extension 'ros'
[0.616s] Level 1:colcon.colcon_core.package_identification:_identify(.) by extensions ['cmake', 'python']
[0.618s] Level 1:colcon.colcon_core.package_identification:_identify(.) by extension 'cmake'
[0.618s] Level 1:colcon.colcon_core.package_identification:_identify(.) by extension 'python'
[0.619s] Level 1:colcon.colcon_core.package_identification:_identify(.) by extensions ['python_setup_py']
[0.619s] Level 1:colcon.colcon_core.package_identification:_identify(.) by extension 'python_setup_py'
[0.619s] Level 1:colcon.colcon_core.package_identification:_identify(build) by extensions ['ignore', 'ignore_ament_install']
[0.619s] Level 1:colcon.colcon_core.package_identification:_identify(build) by extension 'ignore'
[0.620s] Level 1:colcon.colcon_core.package_identification:_identify(build) ignored
[0.620s] Level 1:colcon.colcon_core.package_identification:_identify(docs) by extensions ['ignore', 'ignore_ament_install']
[0.620s] Level 1:colcon.colcon_core.package_identification:_identify(docs) by extension 'ignore'
[0.620s] Level 1:colcon.colcon_core.package_identification:_identify(docs) by extension 'ignore_ament_install'
[0.621s] Level 1:colcon.colcon_core.package_identification:_identify(docs) by extensions ['colcon_pkg']
[0.621s] Level 1:colcon.colcon_core.package_identification:_identify(docs) by extension 'colcon_pkg'
[0.621s] Level 1:colcon.colcon_core.package_identification:_identify(docs) by extensions ['colcon_meta']
[0.621s] Level 1:colcon.colcon_core.package_identification:_identify(docs) by extension 'colcon_meta'
[0.621s] Level 1:colcon.colcon_core.package_identification:_identify(docs) by extensions ['ros']
[0.621s] Level 1:colcon.colcon_core.package_identification:_identify(docs) by extension 'ros'
[0.621s] Level 1:colcon.colcon_core.package_identification:_identify(docs) by extensions ['cmake', 'python']
[0.621s] Level 1:colcon.colcon_core.package_identification:_identify(docs) by extension 'cmake'
[0.621s] Level 1:colcon.colcon_core.package_identification:_identify(docs) by extension 'python'
[0.621s] Level 1:colcon.colcon_core.package_identification:_identify(docs) by extensions ['python_setup_py']
[0.621s] Level 1:colcon.colcon_core.package_identification:_identify(docs) by extension 'python_setup_py'
[0.621s] Level 1:colcon.colcon_core.package_identification:_identify(docs/figures) by extensions ['ignore', 'ignore_ament_install']
[0.621s] Level 1:colcon.colcon_core.package_identification:_identify(docs/figures) by extension 'ignore'
[0.621s] Level 1:colcon.colcon_core.package_identification:_identify(docs/figures) by extension 'ignore_ament_install'
[0.621s] Level 1:colcon.colcon_core.package_identification:_identify(docs/figures) by extensions ['colcon_pkg']
[0.621s] Level 1:colcon.colcon_core.package_identification:_identify(docs/figures) by extension 'colcon_pkg'
[0.621s] Level 1:colcon.colcon_core.package_identification:_identify(docs/figures) by extensions ['colcon_meta']
[0.621s] Level 1:colcon.colcon_core.package_identification:_identify(docs/figures) by extension 'colcon_meta'
[0.621s] Level 1:colcon.colcon_core.package_identification:_identify(docs/figures) by extensions ['ros']
[0.621s] Level 1:colcon.colcon_core.package_identification:_identify(docs/figures) by extension 'ros'
[0.622s] Level 1:colcon.colcon_core.package_identification:_identify(docs/figures) by extensions ['cmake', 'python']
[0.622s] Level 1:colcon.colcon_core.package_identification:_identify(docs/figures) by extension 'cmake'
[0.622s] Level 1:colcon.colcon_core.package_identification:_identify(docs/figures) by extension 'python'
[0.622s] Level 1:colcon.colcon_core.package_identification:_identify(docs/figures) by extensions ['python_setup_py']
[0.622s] Level 1:colcon.colcon_core.package_identification:_identify(docs/figures) by extension 'python_setup_py'
[0.623s] Level 1:colcon.colcon_core.package_identification:_identify(install) by extensions ['ignore', 'ignore_ament_install']
[0.623s] Level 1:colcon.colcon_core.package_identification:_identify(install) by extension 'ignore'
[0.623s] Level 1:colcon.colcon_core.package_identification:_identify(install) ignored
[0.624s] Level 1:colcon.colcon_core.package_identification:_identify(line_tracking_race_application) by extensions ['ignore', 'ignore_ament_install']
[0.626s] Level 1:colcon.colcon_core.package_identification:_identify(line_tracking_race_application) by extension 'ignore'
[0.626s] Level 1:colcon.colcon_core.package_identification:_identify(line_tracking_race_application) by extension 'ignore_ament_install'
[0.626s] Level 1:colcon.colcon_core.package_identification:_identify(line_tracking_race_application) by extensions ['colcon_pkg']
[0.626s] Level 1:colcon.colcon_core.package_identification:_identify(line_tracking_race_application) by extension 'colcon_pkg'
[0.626s] Level 1:colcon.colcon_core.package_identification:_identify(line_tracking_race_application) by extensions ['colcon_meta']
[0.626s] Level 1:colcon.colcon_core.package_identification:_identify(line_tracking_race_application) by extension 'colcon_meta'
[0.629s] Level 1:colcon.colcon_core.package_identification:_identify(line_tracking_race_application) by extensions ['ros']
[0.629s] Level 1:colcon.colcon_core.package_identification:_identify(line_tracking_race_application) by extension 'ros'
[0.637s] DEBUG:colcon.colcon_core.package_identification:Package 'line_tracking_race_application' with type 'ros.ament_cmake' and name 'line_tracking_race_application'
[0.637s] Level 1:colcon.colcon_core.package_identification:_identify(line_tracking_race_bringup) by extensions ['ignore', 'ignore_ament_install']
[0.638s] Level 1:colcon.colcon_core.package_identification:_identify(line_tracking_race_bringup) by extension 'ignore'
[0.638s] Level 1:colcon.colcon_core.package_identification:_identify(line_tracking_race_bringup) by extension 'ignore_ament_install'
[0.638s] Level 1:colcon.colcon_core.package_identification:_identify(line_tracking_race_bringup) by extensions ['colcon_pkg']
[0.638s] Level 1:colcon.colcon_core.package_identification:_identify(line_tracking_race_bringup) by extension 'colcon_pkg'
[0.638s] Level 1:colcon.colcon_core.package_identification:_identify(line_tracking_race_bringup) by extensions ['colcon_meta']
[0.638s] Level 1:colcon.colcon_core.package_identification:_identify(line_tracking_race_bringup) by extension 'colcon_meta'
[0.638s] Level 1:colcon.colcon_core.package_identification:_identify(line_tracking_race_bringup) by extensions ['ros']
[0.638s] Level 1:colcon.colcon_core.package_identification:_identify(line_tracking_race_bringup) by extension 'ros'
[0.640s] DEBUG:colcon.colcon_core.package_identification:Package 'line_tracking_race_bringup' with type 'ros.ament_cmake' and name 'line_tracking_race_bringup'
[0.641s] Level 1:colcon.colcon_core.package_identification:_identify(line_tracking_race_controller) by extensions ['ignore', 'ignore_ament_install']
[0.641s] Level 1:colcon.colcon_core.package_identification:_identify(line_tracking_race_controller) by extension 'ignore'
[0.641s] Level 1:colcon.colcon_core.package_identification:_identify(line_tracking_race_controller) by extension 'ignore_ament_install'
[0.641s] Level 1:colcon.colcon_core.package_identification:_identify(line_tracking_race_controller) by extensions ['colcon_pkg']
[0.641s] Level 1:colcon.colcon_core.package_identification:_identify(line_tracking_race_controller) by extension 'colcon_pkg'
[0.641s] Level 1:colcon.colcon_core.package_identification:_identify(line_tracking_race_controller) by extensions ['colcon_meta']
[0.642s] Level 1:colcon.colcon_core.package_identification:_identify(line_tracking_race_controller) by extension 'colcon_meta'
[0.642s] Level 1:colcon.colcon_core.package_identification:_identify(line_tracking_race_controller) by extensions ['ros']
[0.642s] Level 1:colcon.colcon_core.package_identification:_identify(line_tracking_race_controller) by extension 'ros'
[0.642s] DEBUG:colcon.colcon_core.package_identification:Package 'line_tracking_race_controller' with type 'ros.ament_python' and name 'line_tracking_race_controller'
[0.643s] Level 1:colcon.colcon_core.package_identification:_identify(line_tracking_race_description) by extensions ['ignore', 'ignore_ament_install']
[0.643s] Level 1:colcon.colcon_core.package_identification:_identify(line_tracking_race_description) by extension 'ignore'
[0.643s] Level 1:colcon.colcon_core.package_identification:_identify(line_tracking_race_description) by extension 'ignore_ament_install'
[0.643s] Level 1:colcon.colcon_core.package_identification:_identify(line_tracking_race_description) by extensions ['colcon_pkg']
[0.643s] Level 1:colcon.colcon_core.package_identification:_identify(line_tracking_race_description) by extension 'colcon_pkg'
[0.643s] Level 1:colcon.colcon_core.package_identification:_identify(line_tracking_race_description) by extensions ['colcon_meta']
[0.643s] Level 1:colcon.colcon_core.package_identification:_identify(line_tracking_race_description) by extension 'colcon_meta'
[0.643s] Level 1:colcon.colcon_core.package_identification:_identify(line_tracking_race_description) by extensions ['ros']
[0.643s] Level 1:colcon.colcon_core.package_identification:_identify(line_tracking_race_description) by extension 'ros'
[0.644s] DEBUG:colcon.colcon_core.package_identification:Package 'line_tracking_race_description' with type 'ros.ament_cmake' and name 'line_tracking_race_description'
[0.645s] Level 1:colcon.colcon_core.package_identification:_identify(line_tracking_race_gazebo) by extensions ['ignore', 'ignore_ament_install']
[0.645s] Level 1:colcon.colcon_core.package_identification:_identify(line_tracking_race_gazebo) by extension 'ignore'
[0.645s] Level 1:colcon.colcon_core.package_identification:_identify(line_tracking_race_gazebo) by extension 'ignore_ament_install'
[0.645s] Level 1:colcon.colcon_core.package_identification:_identify(line_tracking_race_gazebo) by extensions ['colcon_pkg']
[0.645s] Level 1:colcon.colcon_core.package_identification:_identify(line_tracking_race_gazebo) by extension 'colcon_pkg'
[0.645s] Level 1:colcon.colcon_core.package_identification:_identify(line_tracking_race_gazebo) by extensions ['colcon_meta']
[0.645s] Level 1:colcon.colcon_core.package_identification:_identify(line_tracking_race_gazebo) by extension 'colcon_meta'
[0.645s] Level 1:colcon.colcon_core.package_identification:_identify(line_tracking_race_gazebo) by extensions ['ros']
[0.646s] Level 1:colcon.colcon_core.package_identification:_identify(line_tracking_race_gazebo) by extension 'ros'
[0.647s] DEBUG:colcon.colcon_core.package_identification:Package 'line_tracking_race_gazebo' with type 'ros.ament_cmake' and name 'line_tracking_race_gazebo'
[0.648s] Level 1:colcon.colcon_core.package_identification:_identify(log) by extensions ['ignore', 'ignore_ament_install']
[0.648s] Level 1:colcon.colcon_core.package_identification:_identify(log) by extension 'ignore'
[0.648s] Level 1:colcon.colcon_core.package_identification:_identify(log) ignored
[0.649s] Level 1:colcon.colcon_core.package_discovery:discover_packages(recursive) using defaults
[0.649s] Level 1:colcon.colcon_core.package_discovery:discover_packages(ignore) discover
[0.649s] Level 1:colcon.colcon_core.package_discovery:discover_packages(ignore) using defaults
[0.649s] Level 1:colcon.colcon_core.package_discovery:discover_packages(path) discover
[0.649s] Level 1:colcon.colcon_core.package_discovery:discover_packages(path) using defaults
[0.713s] Level 1:colcon.colcon_core.package_discovery:discover_packages(prefix_path) check parameters
[0.714s] Level 1:colcon.colcon_core.package_discovery:discover_packages(prefix_path) discover
[0.718s] DEBUG:colcon.colcon_installed_package_information.package_discovery:Found 5 installed packages in /home/brairlab/Desktop/line_tracking_race_ros2/install
[0.721s] DEBUG:colcon.colcon_installed_package_information.package_discovery:Found 293 installed packages in /opt/ros/humble
[0.725s] Level 1:colcon.colcon_core.package_discovery:discover_packages(prefix_path) using defaults
[0.908s] Level 5:colcon.colcon_core.verb:set package 'line_tracking_race_application' build argument 'cmake_args' from command line to 'None'
[0.909s] Level 5:colcon.colcon_core.verb:set package 'line_tracking_race_application' build argument 'cmake_target' from command line to 'None'
[0.909s] Level 5:colcon.colcon_core.verb:set package 'line_tracking_race_application' build argument 'cmake_target_skip_unavailable' from command line to 'False'
[0.909s] Level 5:colcon.colcon_core.verb:set package 'line_tracking_race_application' build argument 'cmake_clean_cache' from command line to 'False'
[0.909s] Level 5:colcon.colcon_core.verb:set package 'line_tracking_race_application' build argument 'cmake_clean_first' from command line to 'False'
[0.909s] Level 5:colcon.colcon_core.verb:set package 'line_tracking_race_application' build argument 'cmake_force_configure' from command line to 'False'
[0.909s] Level 5:colcon.colcon_core.verb:set package 'line_tracking_race_application' build argument 'ament_cmake_args' from command line to 'None'
[0.909s] Level 5:colcon.colcon_core.verb:set package 'line_tracking_race_application' build argument 'catkin_cmake_args' from command line to 'None'
[0.909s] Level 5:colcon.colcon_core.verb:set package 'line_tracking_race_application' build argument 'catkin_skip_building_tests' from command line to 'False'
[0.909s] DEBUG:colcon.colcon_core.verb:Building package 'line_tracking_race_application' with the following arguments: {'ament_cmake_args': None, 'build_base': '/home/brairlab/Desktop/line_tracking_race_ros2/build/line_tracking_race_application', 'catkin_cmake_args': None, 'catkin_skip_building_tests': False, 'cmake_args': None, 'cmake_clean_cache': False, 'cmake_clean_first': False, 'cmake_force_configure': False, 'cmake_target': None, 'cmake_target_skip_unavailable': False, 'install_base': '/home/brairlab/Desktop/line_tracking_race_ros2/install/line_tracking_race_application', 'merge_install': False, 'path': '/home/brairlab/Desktop/line_tracking_race_ros2/line_tracking_race_application', 'symlink_install': False, 'test_result_base': None}
[0.910s] Level 5:colcon.colcon_core.verb:set package 'line_tracking_race_controller' build argument 'cmake_args' from command line to 'None'
[0.911s] Level 5:colcon.colcon_core.verb:set package 'line_tracking_race_controller' build argument 'cmake_target' from command line to 'None'
[0.911s] Level 5:colcon.colcon_core.verb:set package 'line_tracking_race_controller' build argument 'cmake_target_skip_unavailable' from command line to 'False'
[0.911s] Level 5:colcon.colcon_core.verb:set package 'line_tracking_race_controller' build argument 'cmake_clean_cache' from command line to 'False'
[0.911s] Level 5:colcon.colcon_core.verb:set package 'line_tracking_race_controller' build argument 'cmake_clean_first' from command line to 'False'
[0.911s] Level 5:colcon.colcon_core.verb:set package 'line_tracking_race_controller' build argument 'cmake_force_configure' from command line to 'False'
[0.911s] Level 5:colcon.colcon_core.verb:set package 'line_tracking_race_controller' build argument 'ament_cmake_args' from command line to 'None'
[0.911s] Level 5:colcon.colcon_core.verb:set package 'line_tracking_race_controller' build argument 'catkin_cmake_args' from command line to 'None'
[0.911s] Level 5:colcon.colcon_core.verb:set package 'line_tracking_race_controller' build argument 'catkin_skip_building_tests' from command line to 'False'
[0.911s] DEBUG:colcon.colcon_core.verb:Building package 'line_tracking_race_controller' with the following arguments: {'ament_cmake_args': None, 'build_base': '/home/brairlab/Desktop/line_tracking_race_ros2/build/line_tracking_race_controller', 'catkin_cmake_args': None, 'catkin_skip_building_tests': False, 'cmake_args': None, 'cmake_clean_cache': False, 'cmake_clean_first': False, 'cmake_force_configure': False, 'cmake_target': None, 'cmake_target_skip_unavailable': False, 'install_base': '/home/brairlab/Desktop/line_tracking_race_ros2/install/line_tracking_race_controller', 'merge_install': False, 'path': '/home/brairlab/Desktop/line_tracking_race_ros2/line_tracking_race_controller', 'symlink_install': False, 'test_result_base': None}
[0.912s] Level 5:colcon.colcon_core.verb:set package 'line_tracking_race_description' build argument 'cmake_args' from command line to 'None'
[0.912s] Level 5:colcon.colcon_core.verb:set package 'line_tracking_race_description' build argument 'cmake_target' from command line to 'None'
[0.912s] Level 5:colcon.colcon_core.verb:set package 'line_tracking_race_description' build argument 'cmake_target_skip_unavailable' from command line to 'False'
[0.912s] Level 5:colcon.colcon_core.verb:set package 'line_tracking_race_description' build argument 'cmake_clean_cache' from command line to 'False'
[0.912s] Level 5:colcon.colcon_core.verb:set package 'line_tracking_race_description' build argument 'cmake_clean_first' from command line to 'False'
[0.912s] Level 5:colcon.colcon_core.verb:set package 'line_tracking_race_description' build argument 'cmake_force_configure' from command line to 'False'
[0.912s] Level 5:colcon.colcon_core.verb:set package 'line_tracking_race_description' build argument 'ament_cmake_args' from command line to 'None'
[0.912s] Level 5:colcon.colcon_core.verb:set package 'line_tracking_race_description' build argument 'catkin_cmake_args' from command line to 'None'
[0.912s] Level 5:colcon.colcon_core.verb:set package 'line_tracking_race_description' build argument 'catkin_skip_building_tests' from command line to 'False'
[0.912s] DEBUG:colcon.colcon_core.verb:Building package 'line_tracking_race_description' with the following arguments: {'ament_cmake_args': None, 'build_base': '/home/brairlab/Desktop/line_tracking_race_ros2/build/line_tracking_race_description', 'catkin_cmake_args': None, 'catkin_skip_building_tests': False, 'cmake_args': None, 'cmake_clean_cache': False, 'cmake_clean_first': False, 'cmake_force_configure': False, 'cmake_target': None, 'cmake_target_skip_unavailable': False, 'install_base': '/home/brairlab/Desktop/line_tracking_race_ros2/install/line_tracking_race_description', 'merge_install': False, 'path': '/home/brairlab/Desktop/line_tracking_race_ros2/line_tracking_race_description', 'symlink_install': False, 'test_result_base': None}
[0.913s] Level 5:colcon.colcon_core.verb:set package 'line_tracking_race_gazebo' build argument 'cmake_args' from command line to 'None'
[0.913s] Level 5:colcon.colcon_core.verb:set package 'line_tracking_race_gazebo' build argument 'cmake_target' from command line to 'None'
[0.913s] Level 5:colcon.colcon_core.verb:set package 'line_tracking_race_gazebo' build argument 'cmake_target_skip_unavailable' from command line to 'False'
[0.913s] Level 5:colcon.colcon_core.verb:set package 'line_tracking_race_gazebo' build argument 'cmake_clean_cache' from command line to 'False'
[0.913s] Level 5:colcon.colcon_core.verb:set package 'line_tracking_race_gazebo' build argument 'cmake_clean_first' from command line to 'False'
[0.913s] Level 5:colcon.colcon_core.verb:set package 'line_tracking_race_gazebo' build argument 'cmake_force_configure' from command line to 'False'
[0.914s] Level 5:colcon.colcon_core.verb:set package 'line_tracking_race_gazebo' build argument 'ament_cmake_args' from command line to 'None'
[0.914s] Level 5:colcon.colcon_core.verb:set package 'line_tracking_race_gazebo' build argument 'catkin_cmake_args' from command line to 'None'
[0.914s] Level 5:colcon.colcon_core.verb:set package 'line_tracking_race_gazebo' build argument 'catkin_skip_building_tests' from command line to 'False'
[0.914s] DEBUG:colcon.colcon_core.verb:Building package 'line_tracking_race_gazebo' with the following arguments: {'ament_cmake_args': None, 'build_base': '/home/brairlab/Desktop/line_tracking_race_ros2/build/line_tracking_race_gazebo', 'catkin_cmake_args': None, 'catkin_skip_building_tests': False, 'cmake_args': None, 'cmake_clean_cache': False, 'cmake_clean_first': False, 'cmake_force_configure': False, 'cmake_target': None, 'cmake_target_skip_unavailable': False, 'install_base': '/home/brairlab/Desktop/line_tracking_race_ros2/install/line_tracking_race_gazebo', 'merge_install': False, 'path': '/home/brairlab/Desktop/line_tracking_race_ros2/line_tracking_race_gazebo', 'symlink_install': False, 'test_result_base': None}
[0.915s] Level 5:colcon.colcon_core.verb:set package 'line_tracking_race_bringup' build argument 'cmake_args' from command line to 'None'
[0.915s] Level 5:colcon.colcon_core.verb:set package 'line_tracking_race_bringup' build argument 'cmake_target' from command line to 'None'
[0.915s] Level 5:colcon.colcon_core.verb:set package 'line_tracking_race_bringup' build argument 'cmake_target_skip_unavailable' from command line to 'False'
[0.915s] Level 5:colcon.colcon_core.verb:set package 'line_tracking_race_bringup' build argument 'cmake_clean_cache' from command line to 'False'
[0.915s] Level 5:colcon.colcon_core.verb:set package 'line_tracking_race_bringup' build argument 'cmake_clean_first' from command line to 'False'
[0.915s] Level 5:colcon.colcon_core.verb:set package 'line_tracking_race_bringup' build argument 'cmake_force_configure' from command line to 'False'
[0.915s] Level 5:colcon.colcon_core.verb:set package 'line_tracking_race_bringup' build argument 'ament_cmake_args' from command line to 'None'
[0.915s] Level 5:colcon.colcon_core.verb:set package 'line_tracking_race_bringup' build argument 'catkin_cmake_args' from command line to 'None'
[0.915s] Level 5:colcon.colcon_core.verb:set package 'line_tracking_race_bringup' build argument 'catkin_skip_building_tests' from command line to 'False'
[0.915s] DEBUG:colcon.colcon_core.verb:Building package 'line_tracking_race_bringup' with the following arguments: {'ament_cmake_args': None, 'build_base': '/home/brairlab/Desktop/line_tracking_race_ros2/build/line_tracking_race_bringup', 'catkin_cmake_args': None, 'catkin_skip_building_tests': False, 'cmake_args': None, 'cmake_clean_cache': False, 'cmake_clean_first': False, 'cmake_force_configure': False, 'cmake_target': None, 'cmake_target_skip_unavailable': False, 'install_base': '/home/brairlab/Desktop/line_tracking_race_ros2/install/line_tracking_race_bringup', 'merge_install': False, 'path': '/home/brairlab/Desktop/line_tracking_race_ros2/line_tracking_race_bringup', 'symlink_install': False, 'test_result_base': None}
[0.916s] INFO:colcon.colcon_core.executor:Executing jobs using 'parallel' executor
[0.920s] DEBUG:colcon.colcon_parallel_executor.executor.parallel:run_until_complete
[0.920s] INFO:colcon.colcon_ros.task.ament_cmake.build:Building ROS package in '/home/brairlab/Desktop/line_tracking_race_ros2/line_tracking_race_description' with build type 'ament_cmake'
[0.921s] INFO:colcon.colcon_cmake.task.cmake.build:Building CMake package in '/home/brairlab/Desktop/line_tracking_race_ros2/line_tracking_race_description'
[0.929s] INFO:colcon.colcon_core.plugin_system:Skipping extension 'colcon_core.shell.bat': Not used on non-Windows systems
[0.930s] INFO:colcon.colcon_core.shell:Skip shell extension 'powershell' for command environment: Not usable outside of PowerShell
[0.930s] DEBUG:colcon.colcon_core.shell:Skip shell extension 'dsv' for command environment
[0.944s] INFO:colcon.colcon_ros.task.ament_cmake.build:Building ROS package in '/home/brairlab/Desktop/line_tracking_race_ros2/line_tracking_race_application' with build type 'ament_cmake'
[0.947s] INFO:colcon.colcon_cmake.task.cmake.build:Building CMake package in '/home/brairlab/Desktop/line_tracking_race_ros2/line_tracking_race_application'
[0.948s] INFO:colcon.colcon_core.shell:Skip shell extension 'powershell' for command environment: Not usable outside of PowerShell
[0.949s] DEBUG:colcon.colcon_core.shell:Skip shell extension 'dsv' for command environment
[0.961s] INFO:colcon.colcon_ros.task.ament_python.build:Building ROS package in '/home/brairlab/Desktop/line_tracking_race_ros2/line_tracking_race_controller' with build type 'ament_python'
[0.961s] Level 1:colcon.colcon_core.shell:create_environment_hook('line_tracking_race_controller', 'ament_prefix_path')
[0.962s] INFO:colcon.colcon_core.shell:Creating environment hook '/home/brairlab/Desktop/line_tracking_race_ros2/install/line_tracking_race_controller/share/line_tracking_race_controller/hook/ament_prefix_path.ps1'
[0.964s] INFO:colcon.colcon_core.shell:Creating environment descriptor '/home/brairlab/Desktop/line_tracking_race_ros2/install/line_tracking_race_controller/share/line_tracking_race_controller/hook/ament_prefix_path.dsv'
[0.967s] INFO:colcon.colcon_core.shell:Creating environment hook '/home/brairlab/Desktop/line_tracking_race_ros2/install/line_tracking_race_controller/share/line_tracking_race_controller/hook/ament_prefix_path.sh'
[0.970s] INFO:colcon.colcon_core.shell:Skip shell extension 'powershell' for command environment: Not usable outside of PowerShell
[0.970s] DEBUG:colcon.colcon_core.shell:Skip shell extension 'dsv' for command environment
[1.003s] DEBUG:colcon.colcon_core.event_handler.log_command:Invoking command in '/home/brairlab/Desktop/line_tracking_race_ros2/build/line_tracking_race_description': CMAKE_PREFIX_PATH=${CMAKE_PREFIX_PATH}:/home/brairlab/Desktop/line_tracking_race_ros2/install/line_tracking_race_controller:/opt/ros/humble /usr/bin/cmake --build /home/brairlab/Desktop/line_tracking_race_ros2/build/line_tracking_race_description -- -j6 -l6
[1.073s] DEBUG:colcon.colcon_core.event_handler.log_command:Invoking command in '/home/brairlab/Desktop/line_tracking_race_ros2/build/line_tracking_race_application': CMAKE_PREFIX_PATH=${CMAKE_PREFIX_PATH}:/home/brairlab/Desktop/line_tracking_race_ros2/install/line_tracking_race_controller:/opt/ros/humble /usr/bin/cmake --build /home/brairlab/Desktop/line_tracking_race_ros2/build/line_tracking_race_application -- -j6 -l6
[1.703s] INFO:colcon.colcon_core.task.python.build:Building Python package in '/home/brairlab/Desktop/line_tracking_race_ros2/line_tracking_race_controller'
[1.706s] INFO:colcon.colcon_core.shell:Skip shell extension 'powershell' for command environment: Not usable outside of PowerShell
[1.707s] DEBUG:colcon.colcon_core.shell:Skip shell extension 'dsv' for command environment
[1.735s] DEBUG:colcon.colcon_core.event_handler.log_command:Invoked command in '/home/brairlab/Desktop/line_tracking_race_ros2/build/line_tracking_race_description' returned '0': CMAKE_PREFIX_PATH=${CMAKE_PREFIX_PATH}:/home/brairlab/Desktop/line_tracking_race_ros2/install/line_tracking_race_controller:/opt/ros/humble /usr/bin/cmake --build /home/brairlab/Desktop/line_tracking_race_ros2/build/line_tracking_race_description -- -j6 -l6
[1.749s] DEBUG:colcon.colcon_core.event_handler.log_command:Invoked command in '/home/brairlab/Desktop/line_tracking_race_ros2/build/line_tracking_race_application' returned '0': CMAKE_PREFIX_PATH=${CMAKE_PREFIX_PATH}:/home/brairlab/Desktop/line_tracking_race_ros2/install/line_tracking_race_controller:/opt/ros/humble /usr/bin/cmake --build /home/brairlab/Desktop/line_tracking_race_ros2/build/line_tracking_race_application -- -j6 -l6
[1.926s] DEBUG:colcon.colcon_core.event_handler.log_command:Invoking command in '/home/brairlab/Desktop/line_tracking_race_ros2/build/line_tracking_race_description': CMAKE_PREFIX_PATH=${CMAKE_PREFIX_PATH}:/home/brairlab/Desktop/line_tracking_race_ros2/install/line_tracking_race_controller:/opt/ros/humble /usr/bin/cmake --install /home/brairlab/Desktop/line_tracking_race_ros2/build/line_tracking_race_description
[1.939s] DEBUG:colcon.colcon_core.event_handler.log_command:Invoking command in '/home/brairlab/Desktop/line_tracking_race_ros2/build/line_tracking_race_application': CMAKE_PREFIX_PATH=${CMAKE_PREFIX_PATH}:/home/brairlab/Desktop/line_tracking_race_ros2/install/line_tracking_race_controller:/opt/ros/humble /usr/bin/cmake --install /home/brairlab/Desktop/line_tracking_race_ros2/build/line_tracking_race_application
[1.982s] Level 1:colcon.colcon_core.environment:create_environment_scripts_only(line_tracking_race_application)
[2.025s] DEBUG:colcon.colcon_core.event_handler.log_command:Invoked command in '/home/brairlab/Desktop/line_tracking_race_ros2/build/line_tracking_race_application' returned '0': CMAKE_PREFIX_PATH=${CMAKE_PREFIX_PATH}:/home/brairlab/Desktop/line_tracking_race_ros2/install/line_tracking_race_controller:/opt/ros/humble /usr/bin/cmake --install /home/brairlab/Desktop/line_tracking_race_ros2/build/line_tracking_race_application
[2.027s] Level 1:colcon.colcon_core.environment:checking '/home/brairlab/Desktop/line_tracking_race_ros2/install/line_tracking_race_application' for CMake module files
[2.028s] Level 1:colcon.colcon_core.environment:checking '/home/brairlab/Desktop/line_tracking_race_ros2/install/line_tracking_race_application' for CMake config files
[2.029s] Level 1:colcon.colcon_core.shell:create_environment_hook('line_tracking_race_application', 'cmake_prefix_path')
[2.031s] INFO:colcon.colcon_core.shell:Creating environment hook '/home/brairlab/Desktop/line_tracking_race_ros2/install/line_tracking_race_application/share/line_tracking_race_application/hook/cmake_prefix_path.ps1'
[2.033s] INFO:colcon.colcon_core.shell:Creating environment descriptor '/home/brairlab/Desktop/line_tracking_race_ros2/install/line_tracking_race_application/share/line_tracking_race_application/hook/cmake_prefix_path.dsv'
[2.035s] INFO:colcon.colcon_core.shell:Creating environment hook '/home/brairlab/Desktop/line_tracking_race_ros2/install/line_tracking_race_application/share/line_tracking_race_application/hook/cmake_prefix_path.sh'
[2.038s] Level 1:colcon.colcon_core.environment:checking '/home/brairlab/Desktop/line_tracking_race_ros2/install/line_tracking_race_application/bin'
[2.038s] Level 1:colcon.colcon_core.environment:checking '/home/brairlab/Desktop/line_tracking_race_ros2/install/line_tracking_race_application/lib/pkgconfig/line_tracking_race_application.pc'
[2.039s] Level 1:colcon.colcon_core.environment:checking '/home/brairlab/Desktop/line_tracking_race_ros2/install/line_tracking_race_application/lib/python3.10/site-packages'
[2.039s] Level 1:colcon.colcon_core.environment:checking '/home/brairlab/Desktop/line_tracking_race_ros2/install/line_tracking_race_application/bin'
[2.040s] INFO:colcon.colcon_core.shell:Creating package script '/home/brairlab/Desktop/line_tracking_race_ros2/install/line_tracking_race_application/share/line_tracking_race_application/package.ps1'
[2.043s] INFO:colcon.colcon_core.shell:Creating package descriptor '/home/brairlab/Desktop/line_tracking_race_ros2/install/line_tracking_race_application/share/line_tracking_race_application/package.dsv'
[2.046s] INFO:colcon.colcon_core.shell:Creating package script '/home/brairlab/Desktop/line_tracking_race_ros2/install/line_tracking_race_application/share/line_tracking_race_application/package.sh'
[2.049s] INFO:colcon.colcon_core.shell:Creating package script '/home/brairlab/Desktop/line_tracking_race_ros2/install/line_tracking_race_application/share/line_tracking_race_application/package.bash'
[2.053s] INFO:colcon.colcon_core.shell:Creating package script '/home/brairlab/Desktop/line_tracking_race_ros2/install/line_tracking_race_application/share/line_tracking_race_application/package.zsh'
[2.060s] Level 1:colcon.colcon_core.environment:create_file_with_runtime_dependencies(/home/brairlab/Desktop/line_tracking_race_ros2/install/line_tracking_race_application/share/colcon-core/packages/line_tracking_race_application)
[2.071s] Level 1:colcon.colcon_core.environment:create_environment_scripts_only(line_tracking_race_description)
[2.076s] Level 1:colcon.colcon_core.environment:checking '/home/brairlab/Desktop/line_tracking_race_ros2/install/line_tracking_race_description' for CMake module files
[2.073s] DEBUG:colcon.colcon_core.event_handler.log_command:Invoked command in '/home/brairlab/Desktop/line_tracking_race_ros2/build/line_tracking_race_description' returned '0': CMAKE_PREFIX_PATH=${CMAKE_PREFIX_PATH}:/home/brairlab/Desktop/line_tracking_race_ros2/install/line_tracking_race_controller:/opt/ros/humble /usr/bin/cmake --install /home/brairlab/Desktop/line_tracking_race_ros2/build/line_tracking_race_description
[2.079s] Level 1:colcon.colcon_core.environment:checking '/home/brairlab/Desktop/line_tracking_race_ros2/install/line_tracking_race_description' for CMake config files
[2.080s] Level 1:colcon.colcon_core.shell:create_environment_hook('line_tracking_race_description', 'cmake_prefix_path')
[2.081s] INFO:colcon.colcon_core.shell:Creating environment hook '/home/brairlab/Desktop/line_tracking_race_ros2/install/line_tracking_race_description/share/line_tracking_race_description/hook/cmake_prefix_path.ps1'
[2.085s] INFO:colcon.colcon_core.shell:Creating environment descriptor '/home/brairlab/Desktop/line_tracking_race_ros2/install/line_tracking_race_description/share/line_tracking_race_description/hook/cmake_prefix_path.dsv'
[2.097s] INFO:colcon.colcon_core.shell:Creating environment hook '/home/brairlab/Desktop/line_tracking_race_ros2/install/line_tracking_race_description/share/line_tracking_race_description/hook/cmake_prefix_path.sh'
[2.099s] Level 1:colcon.colcon_core.environment:checking '/home/brairlab/Desktop/line_tracking_race_ros2/install/line_tracking_race_description/bin'
[2.099s] Level 1:colcon.colcon_core.environment:checking '/home/brairlab/Desktop/line_tracking_race_ros2/install/line_tracking_race_description/lib/pkgconfig/line_tracking_race_description.pc'
[2.099s] Level 1:colcon.colcon_core.environment:checking '/home/brairlab/Desktop/line_tracking_race_ros2/install/line_tracking_race_description/lib/python3.10/site-packages'
[2.100s] Level 1:colcon.colcon_core.environment:checking '/home/brairlab/Desktop/line_tracking_race_ros2/install/line_tracking_race_description/bin'
[2.101s] INFO:colcon.colcon_core.shell:Creating package script '/home/brairlab/Desktop/line_tracking_race_ros2/install/line_tracking_race_description/share/line_tracking_race_description/package.ps1'
[2.103s] INFO:colcon.colcon_core.shell:Creating package descriptor '/home/brairlab/Desktop/line_tracking_race_ros2/install/line_tracking_race_description/share/line_tracking_race_description/package.dsv'
[2.107s] INFO:colcon.colcon_core.shell:Creating package script '/home/brairlab/Desktop/line_tracking_race_ros2/install/line_tracking_race_description/share/line_tracking_race_description/package.sh'
[2.118s] INFO:colcon.colcon_core.shell:Creating package script '/home/brairlab/Desktop/line_tracking_race_ros2/install/line_tracking_race_description/share/line_tracking_race_description/package.bash'
[2.120s] INFO:colcon.colcon_core.shell:Creating package script '/home/brairlab/Desktop/line_tracking_race_ros2/install/line_tracking_race_description/share/line_tracking_race_description/package.zsh'
[2.122s] Level 1:colcon.colcon_core.environment:create_file_with_runtime_dependencies(/home/brairlab/Desktop/line_tracking_race_ros2/install/line_tracking_race_description/share/colcon-core/packages/line_tracking_race_description)
[2.240s] Level 1:colcon.colcon_core.environment:create_environment_scripts_only(line_tracking_race_application)
[2.242s] Level 1:colcon.colcon_core.environment:checking '/home/brairlab/Desktop/line_tracking_race_ros2/install/line_tracking_race_application' for CMake module files
[2.244s] Level 1:colcon.colcon_core.environment:checking '/home/brairlab/Desktop/line_tracking_race_ros2/install/line_tracking_race_application' for CMake config files
[2.245s] Level 1:colcon.colcon_core.shell:create_environment_hook('line_tracking_race_application', 'cmake_prefix_path')
[2.251s] INFO:colcon.colcon_core.shell:Creating environment hook '/home/brairlab/Desktop/line_tracking_race_ros2/install/line_tracking_race_application/share/line_tracking_race_application/hook/cmake_prefix_path.ps1'
[2.269s] INFO:colcon.colcon_core.shell:Creating environment descriptor '/home/brairlab/Desktop/line_tracking_race_ros2/install/line_tracking_race_application/share/line_tracking_race_application/hook/cmake_prefix_path.dsv'
[2.271s] INFO:colcon.colcon_core.shell:Creating environment hook '/home/brairlab/Desktop/line_tracking_race_ros2/install/line_tracking_race_application/share/line_tracking_race_application/hook/cmake_prefix_path.sh'
[2.272s] Level 1:colcon.colcon_core.environment:checking '/home/brairlab/Desktop/line_tracking_race_ros2/install/line_tracking_race_application/bin'
[2.273s] Level 1:colcon.colcon_core.environment:checking '/home/brairlab/Desktop/line_tracking_race_ros2/install/line_tracking_race_application/lib/pkgconfig/line_tracking_race_application.pc'
[2.274s] Level 1:colcon.colcon_core.environment:checking '/home/brairlab/Desktop/line_tracking_race_ros2/install/line_tracking_race_application/lib/python3.10/site-packages'
[2.274s] Level 1:colcon.colcon_core.environment:checking '/home/brairlab/Desktop/line_tracking_race_ros2/install/line_tracking_race_application/bin'
[2.275s] INFO:colcon.colcon_core.shell:Creating package script '/home/brairlab/Desktop/line_tracking_race_ros2/install/line_tracking_race_application/share/line_tracking_race_application/package.ps1'
[2.277s] INFO:colcon.colcon_core.shell:Creating package descriptor '/home/brairlab/Desktop/line_tracking_race_ros2/install/line_tracking_race_application/share/line_tracking_race_application/package.dsv'
[2.279s] INFO:colcon.colcon_core.shell:Creating package script '/home/brairlab/Desktop/line_tracking_race_ros2/install/line_tracking_race_application/share/line_tracking_race_application/package.sh'
[2.301s] INFO:colcon.colcon_core.shell:Creating package script '/home/brairlab/Desktop/line_tracking_race_ros2/install/line_tracking_race_application/share/line_tracking_race_application/package.bash'
[2.311s] INFO:colcon.colcon_core.shell:Creating package script '/home/brairlab/Desktop/line_tracking_race_ros2/install/line_tracking_race_application/share/line_tracking_race_application/package.zsh'
[2.314s] Level 1:colcon.colcon_core.environment:create_file_with_runtime_dependencies(/home/brairlab/Desktop/line_tracking_race_ros2/install/line_tracking_race_application/share/colcon-core/packages/line_tracking_race_application)
[2.322s] Level 1:colcon.colcon_core.environment:create_environment_scripts_only(line_tracking_race_description)
[2.324s] Level 1:colcon.colcon_core.environment:checking '/home/brairlab/Desktop/line_tracking_race_ros2/install/line_tracking_race_description' for CMake module files
[2.326s] Level 1:colcon.colcon_core.environment:checking '/home/brairlab/Desktop/line_tracking_race_ros2/install/line_tracking_race_description' for CMake config files
[2.327s] Level 1:colcon.colcon_core.shell:create_environment_hook('line_tracking_race_description', 'cmake_prefix_path')
[2.329s] INFO:colcon.colcon_core.shell:Creating environment hook '/home/brairlab/Desktop/line_tracking_race_ros2/install/line_tracking_race_description/share/line_tracking_race_description/hook/cmake_prefix_path.ps1'
[2.335s] INFO:colcon.colcon_core.shell:Creating environment descriptor '/home/brairlab/Desktop/line_tracking_race_ros2/install/line_tracking_race_description/share/line_tracking_race_description/hook/cmake_prefix_path.dsv'
[2.337s] INFO:colcon.colcon_core.shell:Creating environment hook '/home/brairlab/Desktop/line_tracking_race_ros2/install/line_tracking_race_description/share/line_tracking_race_description/hook/cmake_prefix_path.sh'
[2.339s] Level 1:colcon.colcon_core.environment:checking '/home/brairlab/Desktop/line_tracking_race_ros2/install/line_tracking_race_description/bin'
[2.340s] Level 1:colcon.colcon_core.environment:checking '/home/brairlab/Desktop/line_tracking_race_ros2/install/line_tracking_race_description/lib/pkgconfig/line_tracking_race_description.pc'
[2.340s] Level 1:colcon.colcon_core.environment:checking '/home/brairlab/Desktop/line_tracking_race_ros2/install/line_tracking_race_description/lib/python3.10/site-packages'
[2.341s] Level 1:colcon.colcon_core.environment:checking '/home/brairlab/Desktop/line_tracking_race_ros2/install/line_tracking_race_description/bin'
[2.343s] INFO:colcon.colcon_core.shell:Creating package script '/home/brairlab/Desktop/line_tracking_race_ros2/install/line_tracking_race_description/share/line_tracking_race_description/package.ps1'
[2.345s] INFO:colcon.colcon_core.shell:Creating package descriptor '/home/brairlab/Desktop/line_tracking_race_ros2/install/line_tracking_race_description/share/line_tracking_race_description/package.dsv'
[2.348s] INFO:colcon.colcon_core.shell:Creating package script '/home/brairlab/Desktop/line_tracking_race_ros2/install/line_tracking_race_description/share/line_tracking_race_description/package.sh'
[2.350s] INFO:colcon.colcon_core.shell:Creating package script '/home/brairlab/Desktop/line_tracking_race_ros2/install/line_tracking_race_description/share/line_tracking_race_description/package.bash'
[2.351s] INFO:colcon.colcon_core.shell:Creating package script '/home/brairlab/Desktop/line_tracking_race_ros2/install/line_tracking_race_description/share/line_tracking_race_description/package.zsh'
[2.352s] Level 1:colcon.colcon_core.environment:create_file_with_runtime_dependencies(/home/brairlab/Desktop/line_tracking_race_ros2/install/line_tracking_race_description/share/colcon-core/packages/line_tracking_race_description)
[2.353s] INFO:colcon.colcon_ros.task.ament_cmake.build:Building ROS package in '/home/brairlab/Desktop/line_tracking_race_ros2/line_tracking_race_gazebo' with build type 'ament_cmake'
[2.353s] INFO:colcon.colcon_cmake.task.cmake.build:Building CMake package in '/home/brairlab/Desktop/line_tracking_race_ros2/line_tracking_race_gazebo'
[2.354s] INFO:colcon.colcon_core.shell:Skip shell extension 'powershell' for command environment: Not usable outside of PowerShell
[2.354s] DEBUG:colcon.colcon_core.shell:Skip shell extension 'dsv' for command environment
[2.458s] DEBUG:colcon.colcon_core.event_handler.log_command:Invoking command in '/home/brairlab/Desktop/line_tracking_race_ros2/build/line_tracking_race_gazebo': CMAKE_PREFIX_PATH=/home/brairlab/Desktop/line_tracking_race_ros2/install/line_tracking_race_description:/home/brairlab/Desktop/line_tracking_race_ros2/install/line_tracking_race_bringup:/home/brairlab/Desktop/line_tracking_race_ros2/install/line_tracking_race_gazebo:/home/brairlab/Desktop/line_tracking_race_ros2/install/line_tracking_race_application:/home/brairlab/Desktop/line_tracking_race_ros2/install/line_tracking_race_controller:/opt/ros/humble GZ_SIM_RESOURCE_PATH=/home/brairlab/Desktop/line_tracking_race_ros2/install/line_tracking_race_description/share/line_tracking_race_description/models:${GZ_SIM_RESOURCE_PATH} /usr/bin/cmake --build /home/brairlab/Desktop/line_tracking_race_ros2/build/line_tracking_race_gazebo -- -j6 -l6
[2.610s] DEBUG:colcon.colcon_core.event_handler.log_command:Invoked command in '/home/brairlab/Desktop/line_tracking_race_ros2/build/line_tracking_race_gazebo' returned '0': CMAKE_PREFIX_PATH=/home/brairlab/Desktop/line_tracking_race_ros2/install/line_tracking_race_description:/home/brairlab/Desktop/line_tracking_race_ros2/install/line_tracking_race_bringup:/home/brairlab/Desktop/line_tracking_race_ros2/install/line_tracking_race_gazebo:/home/brairlab/Desktop/line_tracking_race_ros2/install/line_tracking_race_application:/home/brairlab/Desktop/line_tracking_race_ros2/install/line_tracking_race_controller:/opt/ros/humble GZ_SIM_RESOURCE_PATH=/home/brairlab/Desktop/line_tracking_race_ros2/install/line_tracking_race_description/share/line_tracking_race_description/models:${GZ_SIM_RESOURCE_PATH} /usr/bin/cmake --build /home/brairlab/Desktop/line_tracking_race_ros2/build/line_tracking_race_gazebo -- -j6 -l6
[2.740s] DEBUG:colcon.colcon_core.event_handler.log_command:Invoking command in '/home/brairlab/Desktop/line_tracking_race_ros2/build/line_tracking_race_gazebo': CMAKE_PREFIX_PATH=/home/brairlab/Desktop/line_tracking_race_ros2/install/line_tracking_race_description:/home/brairlab/Desktop/line_tracking_race_ros2/install/line_tracking_race_bringup:/home/brairlab/Desktop/line_tracking_race_ros2/install/line_tracking_race_gazebo:/home/brairlab/Desktop/line_tracking_race_ros2/install/line_tracking_race_application:/home/brairlab/Desktop/line_tracking_race_ros2/install/line_tracking_race_controller:/opt/ros/humble GZ_SIM_RESOURCE_PATH=/home/brairlab/Desktop/line_tracking_race_ros2/install/line_tracking_race_description/share/line_tracking_race_description/models:${GZ_SIM_RESOURCE_PATH} /usr/bin/cmake --install /home/brairlab/Desktop/line_tracking_race_ros2/build/line_tracking_race_gazebo
[2.774s] Level 1:colcon.colcon_core.environment:create_environment_scripts_only(line_tracking_race_gazebo)
[2.775s] Level 1:colcon.colcon_core.environment:checking '/home/brairlab/Desktop/line_tracking_race_ros2/install/line_tracking_race_gazebo' for CMake module files
[2.780s] DEBUG:colcon.colcon_core.event_handler.log_command:Invoked command in '/home/brairlab/Desktop/line_tracking_race_ros2/build/line_tracking_race_gazebo' returned '0': CMAKE_PREFIX_PATH=/home/brairlab/Desktop/line_tracking_race_ros2/install/line_tracking_race_description:/home/brairlab/Desktop/line_tracking_race_ros2/install/line_tracking_race_bringup:/home/brairlab/Desktop/line_tracking_race_ros2/install/line_tracking_race_gazebo:/home/brairlab/Desktop/line_tracking_race_ros2/install/line_tracking_race_application:/home/brairlab/Desktop/line_tracking_race_ros2/install/line_tracking_race_controller:/opt/ros/humble GZ_SIM_RESOURCE_PATH=/home/brairlab/Desktop/line_tracking_race_ros2/install/line_tracking_race_description/share/line_tracking_race_description/models:${GZ_SIM_RESOURCE_PATH} /usr/bin/cmake --install /home/brairlab/Desktop/line_tracking_race_ros2/build/line_tracking_race_gazebo
[2.781s] Level 1:colcon.colcon_core.environment:checking '/home/brairlab/Desktop/line_tracking_race_ros2/install/line_tracking_race_gazebo' for CMake config files
[2.782s] Level 1:colcon.colcon_core.shell:create_environment_hook('line_tracking_race_gazebo', 'cmake_prefix_path')
[2.783s] INFO:colcon.colcon_core.shell:Creating environment hook '/home/brairlab/Desktop/line_tracking_race_ros2/install/line_tracking_race_gazebo/share/line_tracking_race_gazebo/hook/cmake_prefix_path.ps1'
[2.785s] INFO:colcon.colcon_core.shell:Creating environment descriptor '/home/brairlab/Desktop/line_tracking_race_ros2/install/line_tracking_race_gazebo/share/line_tracking_race_gazebo/hook/cmake_prefix_path.dsv'
[2.787s] INFO:colcon.colcon_core.shell:Creating environment hook '/home/brairlab/Desktop/line_tracking_race_ros2/install/line_tracking_race_gazebo/share/line_tracking_race_gazebo/hook/cmake_prefix_path.sh'
[2.788s] Level 1:colcon.colcon_core.environment:checking '/home/brairlab/Desktop/line_tracking_race_ros2/install/line_tracking_race_gazebo/bin'
[2.788s] Level 1:colcon.colcon_core.environment:checking '/home/brairlab/Desktop/line_tracking_race_ros2/install/line_tracking_race_gazebo/lib/pkgconfig/line_tracking_race_gazebo.pc'
[2.788s] Level 1:colcon.colcon_core.environment:checking '/home/brairlab/Desktop/line_tracking_race_ros2/install/line_tracking_race_gazebo/lib/python3.10/site-packages'
[2.789s] Level 1:colcon.colcon_core.environment:checking '/home/brairlab/Desktop/line_tracking_race_ros2/install/line_tracking_race_gazebo/bin'
[2.790s] INFO:colcon.colcon_core.shell:Creating package script '/home/brairlab/Desktop/line_tracking_race_ros2/install/line_tracking_race_gazebo/share/line_tracking_race_gazebo/package.ps1'
[2.791s] INFO:colcon.colcon_core.shell:Creating package descriptor '/home/brairlab/Desktop/line_tracking_race_ros2/install/line_tracking_race_gazebo/share/line_tracking_race_gazebo/package.dsv'
[2.793s] INFO:colcon.colcon_core.shell:Creating package script '/home/brairlab/Desktop/line_tracking_race_ros2/install/line_tracking_race_gazebo/share/line_tracking_race_gazebo/package.sh'
[2.794s] INFO:colcon.colcon_core.shell:Creating package script '/home/brairlab/Desktop/line_tracking_race_ros2/install/line_tracking_race_gazebo/share/line_tracking_race_gazebo/package.bash'
[2.798s] INFO:colcon.colcon_core.shell:Creating package script '/home/brairlab/Desktop/line_tracking_race_ros2/install/line_tracking_race_gazebo/share/line_tracking_race_gazebo/package.zsh'
[2.799s] Level 1:colcon.colcon_core.environment:create_file_with_runtime_dependencies(/home/brairlab/Desktop/line_tracking_race_ros2/install/line_tracking_race_gazebo/share/colcon-core/packages/line_tracking_race_gazebo)
[2.813s] DEBUG:colcon.colcon_core.event_handler.log_command:Invoking command in '/home/brairlab/Desktop/line_tracking_race_ros2/line_tracking_race_controller': PYTHONPATH=/home/brairlab/Desktop/line_tracking_race_ros2/build/line_tracking_race_controller/prefix_override:/home/brairlab/Desktop/line_tracking_race_ros2/install/line_tracking_race_controller/lib/python3.10/site-packages:${PYTHONPATH} /usr/bin/python3 setup.py egg_info --egg-base ../build/line_tracking_race_controller build --build-base /home/brairlab/Desktop/line_tracking_race_ros2/build/line_tracking_race_controller/build install --record /home/brairlab/Desktop/line_tracking_race_ros2/build/line_tracking_race_controller/install.log --single-version-externally-managed
[2.894s] Level 1:colcon.colcon_core.environment:create_environment_scripts_only(line_tracking_race_gazebo)
[2.895s] Level 1:colcon.colcon_core.environment:checking '/home/brairlab/Desktop/line_tracking_race_ros2/install/line_tracking_race_gazebo' for CMake module files
[2.896s] Level 1:colcon.colcon_core.environment:checking '/home/brairlab/Desktop/line_tracking_race_ros2/install/line_tracking_race_gazebo' for CMake config files
[2.897s] Level 1:colcon.colcon_core.shell:create_environment_hook('line_tracking_race_gazebo', 'cmake_prefix_path')
[2.897s] INFO:colcon.colcon_core.shell:Creating environment hook '/home/brairlab/Desktop/line_tracking_race_ros2/install/line_tracking_race_gazebo/share/line_tracking_race_gazebo/hook/cmake_prefix_path.ps1'
[2.898s] INFO:colcon.colcon_core.shell:Creating environment descriptor '/home/brairlab/Desktop/line_tracking_race_ros2/install/line_tracking_race_gazebo/share/line_tracking_race_gazebo/hook/cmake_prefix_path.dsv'
[2.899s] INFO:colcon.colcon_core.shell:Creating environment hook '/home/brairlab/Desktop/line_tracking_race_ros2/install/line_tracking_race_gazebo/share/line_tracking_race_gazebo/hook/cmake_prefix_path.sh'
[2.900s] Level 1:colcon.colcon_core.environment:checking '/home/brairlab/Desktop/line_tracking_race_ros2/install/line_tracking_race_gazebo/bin'
[2.901s] Level 1:colcon.colcon_core.environment:checking '/home/brairlab/Desktop/line_tracking_race_ros2/install/line_tracking_race_gazebo/lib/pkgconfig/line_tracking_race_gazebo.pc'
[2.901s] Level 1:colcon.colcon_core.environment:checking '/home/brairlab/Desktop/line_tracking_race_ros2/install/line_tracking_race_gazebo/lib/python3.10/site-packages'
[2.901s] Level 1:colcon.colcon_core.environment:checking '/home/brairlab/Desktop/line_tracking_race_ros2/install/line_tracking_race_gazebo/bin'
[2.902s] INFO:colcon.colcon_core.shell:Creating package script '/home/brairlab/Desktop/line_tracking_race_ros2/install/line_tracking_race_gazebo/share/line_tracking_race_gazebo/package.ps1'
[2.903s] INFO:colcon.colcon_core.shell:Creating package descriptor '/home/brairlab/Desktop/line_tracking_race_ros2/install/line_tracking_race_gazebo/share/line_tracking_race_gazebo/package.dsv'
[2.904s] INFO:colcon.colcon_core.shell:Creating package script '/home/brairlab/Desktop/line_tracking_race_ros2/install/line_tracking_race_gazebo/share/line_tracking_race_gazebo/package.sh'
[2.905s] INFO:colcon.colcon_core.shell:Creating package script '/home/brairlab/Desktop/line_tracking_race_ros2/install/line_tracking_race_gazebo/share/line_tracking_race_gazebo/package.bash'
[2.906s] INFO:colcon.colcon_core.shell:Creating package script '/home/brairlab/Desktop/line_tracking_race_ros2/install/line_tracking_race_gazebo/share/line_tracking_race_gazebo/package.zsh'
[2.908s] Level 1:colcon.colcon_core.environment:create_file_with_runtime_dependencies(/home/brairlab/Desktop/line_tracking_race_ros2/install/line_tracking_race_gazebo/share/colcon-core/packages/line_tracking_race_gazebo)
[2.909s] INFO:colcon.colcon_ros.task.ament_cmake.build:Building ROS package in '/home/brairlab/Desktop/line_tracking_race_ros2/line_tracking_race_bringup' with build type 'ament_cmake'
[2.909s] INFO:colcon.colcon_cmake.task.cmake.build:Building CMake package in '/home/brairlab/Desktop/line_tracking_race_ros2/line_tracking_race_bringup'
[2.910s] INFO:colcon.colcon_core.shell:Skip shell extension 'powershell' for command environment: Not usable outside of PowerShell
[2.911s] DEBUG:colcon.colcon_core.shell:Skip shell extension 'dsv' for command environment
[2.938s] DEBUG:colcon.colcon_core.event_handler.log_command:Invoking command in '/home/brairlab/Desktop/line_tracking_race_ros2/build/line_tracking_race_bringup': CMAKE_PREFIX_PATH=/home/brairlab/Desktop/line_tracking_race_ros2/install/line_tracking_race_gazebo:/home/brairlab/Desktop/line_tracking_race_ros2/install/line_tracking_race_description:/home/brairlab/Desktop/line_tracking_race_ros2/install/line_tracking_race_bringup:/home/brairlab/Desktop/line_tracking_race_ros2/install/line_tracking_race_application:/home/brairlab/Desktop/line_tracking_race_ros2/install/line_tracking_race_controller:/opt/ros/humble GZ_SIM_RESOURCE_PATH=/home/brairlab/Desktop/line_tracking_race_ros2/install/line_tracking_race_description/share/line_tracking_race_description/models:${GZ_SIM_RESOURCE_PATH} /usr/bin/cmake --build /home/brairlab/Desktop/line_tracking_race_ros2/build/line_tracking_race_bringup -- -j6 -l6
[3.015s] DEBUG:colcon.colcon_core.event_handler.log_command:Invoked command in '/home/brairlab/Desktop/line_tracking_race_ros2/build/line_tracking_race_bringup' returned '0': CMAKE_PREFIX_PATH=/home/brairlab/Desktop/line_tracking_race_ros2/install/line_tracking_race_gazebo:/home/brairlab/Desktop/line_tracking_race_ros2/install/line_tracking_race_description:/home/brairlab/Desktop/line_tracking_race_ros2/install/line_tracking_race_bringup:/home/brairlab/Desktop/line_tracking_race_ros2/install/line_tracking_race_application:/home/brairlab/Desktop/line_tracking_race_ros2/install/line_tracking_race_controller:/opt/ros/humble GZ_SIM_RESOURCE_PATH=/home/brairlab/Desktop/line_tracking_race_ros2/install/line_tracking_race_description/share/line_tracking_race_description/models:${GZ_SIM_RESOURCE_PATH} /usr/bin/cmake --build /home/brairlab/Desktop/line_tracking_race_ros2/build/line_tracking_race_bringup -- -j6 -l6
[3.094s] DEBUG:colcon.colcon_core.event_handler.log_command:Invoking command in '/home/brairlab/Desktop/line_tracking_race_ros2/build/line_tracking_race_bringup': CMAKE_PREFIX_PATH=/home/brairlab/Desktop/line_tracking_race_ros2/install/line_tracking_race_gazebo:/home/brairlab/Desktop/line_tracking_race_ros2/install/line_tracking_race_description:/home/brairlab/Desktop/line_tracking_race_ros2/install/line_tracking_race_bringup:/home/brairlab/Desktop/line_tracking_race_ros2/install/line_tracking_race_application:/home/brairlab/Desktop/line_tracking_race_ros2/install/line_tracking_race_controller:/opt/ros/humble GZ_SIM_RESOURCE_PATH=/home/brairlab/Desktop/line_tracking_race_ros2/install/line_tracking_race_description/share/line_tracking_race_description/models:${GZ_SIM_RESOURCE_PATH} /usr/bin/cmake --install /home/brairlab/Desktop/line_tracking_race_ros2/build/line_tracking_race_bringup
[3.214s] Level 1:colcon.colcon_core.environment:create_environment_scripts_only(line_tracking_race_bringup)
[3.215s] Level 1:colcon.colcon_core.environment:checking '/home/brairlab/Desktop/line_tracking_race_ros2/install/line_tracking_race_bringup' for CMake module files
[3.217s] DEBUG:colcon.colcon_core.event_handler.log_command:Invoked command in '/home/brairlab/Desktop/line_tracking_race_ros2/build/line_tracking_race_bringup' returned '0': CMAKE_PREFIX_PATH=/home/brairlab/Desktop/line_tracking_race_ros2/install/line_tracking_race_gazebo:/home/brairlab/Desktop/line_tracking_race_ros2/install/line_tracking_race_description:/home/brairlab/Desktop/line_tracking_race_ros2/install/line_tracking_race_bringup:/home/brairlab/Desktop/line_tracking_race_ros2/install/line_tracking_race_application:/home/brairlab/Desktop/line_tracking_race_ros2/install/line_tracking_race_controller:/opt/ros/humble GZ_SIM_RESOURCE_PATH=/home/brairlab/Desktop/line_tracking_race_ros2/install/line_tracking_race_description/share/line_tracking_race_description/models:${GZ_SIM_RESOURCE_PATH} /usr/bin/cmake --install /home/brairlab/Desktop/line_tracking_race_ros2/build/line_tracking_race_bringup
[3.218s] Level 1:colcon.colcon_core.environment:checking '/home/brairlab/Desktop/line_tracking_race_ros2/install/line_tracking_race_bringup' for CMake config files
[3.219s] Level 1:colcon.colcon_core.shell:create_environment_hook('line_tracking_race_bringup', 'cmake_prefix_path')
[3.222s] INFO:colcon.colcon_core.shell:Creating environment hook '/home/brairlab/Desktop/line_tracking_race_ros2/install/line_tracking_race_bringup/share/line_tracking_race_bringup/hook/cmake_prefix_path.ps1'
[3.224s] INFO:colcon.colcon_core.shell:Creating environment descriptor '/home/brairlab/Desktop/line_tracking_race_ros2/install/line_tracking_race_bringup/share/line_tracking_race_bringup/hook/cmake_prefix_path.dsv'
[3.228s] INFO:colcon.colcon_core.shell:Creating environment hook '/home/brairlab/Desktop/line_tracking_race_ros2/install/line_tracking_race_bringup/share/line_tracking_race_bringup/hook/cmake_prefix_path.sh'
[3.231s] Level 1:colcon.colcon_core.environment:checking '/home/brairlab/Desktop/line_tracking_race_ros2/install/line_tracking_race_bringup/bin'
[3.232s] Level 1:colcon.colcon_core.environment:checking '/home/brairlab/Desktop/line_tracking_race_ros2/install/line_tracking_race_bringup/lib/pkgconfig/line_tracking_race_bringup.pc'
[3.232s] Level 1:colcon.colcon_core.environment:checking '/home/brairlab/Desktop/line_tracking_race_ros2/install/line_tracking_race_bringup/lib/python3.10/site-packages'
[3.232s] Level 1:colcon.colcon_core.environment:checking '/home/brairlab/Desktop/line_tracking_race_ros2/install/line_tracking_race_bringup/bin'
[3.233s] INFO:colcon.colcon_core.shell:Creating package script '/home/brairlab/Desktop/line_tracking_race_ros2/install/line_tracking_race_bringup/share/line_tracking_race_bringup/package.ps1'
[3.238s] INFO:colcon.colcon_core.shell:Creating package descriptor '/home/brairlab/Desktop/line_tracking_race_ros2/install/line_tracking_race_bringup/share/line_tracking_race_bringup/package.dsv'
[3.243s] INFO:colcon.colcon_core.shell:Creating package script '/home/brairlab/Desktop/line_tracking_race_ros2/install/line_tracking_race_bringup/share/line_tracking_race_bringup/package.sh'
[3.246s] INFO:colcon.colcon_core.shell:Creating package script '/home/brairlab/Desktop/line_tracking_race_ros2/install/line_tracking_race_bringup/share/line_tracking_race_bringup/package.bash'
[3.257s] INFO:colcon.colcon_core.shell:Creating package script '/home/brairlab/Desktop/line_tracking_race_ros2/install/line_tracking_race_bringup/share/line_tracking_race_bringup/package.zsh'
[3.272s] Level 1:colcon.colcon_core.environment:create_file_with_runtime_dependencies(/home/brairlab/Desktop/line_tracking_race_ros2/install/line_tracking_race_bringup/share/colcon-core/packages/line_tracking_race_bringup)
[3.443s] Level 1:colcon.colcon_core.environment:create_environment_scripts_only(line_tracking_race_bringup)
[3.443s] Level 1:colcon.colcon_core.environment:checking '/home/brairlab/Desktop/line_tracking_race_ros2/install/line_tracking_race_bringup' for CMake module files
[3.444s] Level 1:colcon.colcon_core.environment:checking '/home/brairlab/Desktop/line_tracking_race_ros2/install/line_tracking_race_bringup' for CMake config files
[3.445s] Level 1:colcon.colcon_core.shell:create_environment_hook('line_tracking_race_bringup', 'cmake_prefix_path')
[3.446s] INFO:colcon.colcon_core.shell:Creating environment hook '/home/brairlab/Desktop/line_tracking_race_ros2/install/line_tracking_race_bringup/share/line_tracking_race_bringup/hook/cmake_prefix_path.ps1'
[3.447s] INFO:colcon.colcon_core.shell:Creating environment descriptor '/home/brairlab/Desktop/line_tracking_race_ros2/install/line_tracking_race_bringup/share/line_tracking_race_bringup/hook/cmake_prefix_path.dsv'
[3.449s] INFO:colcon.colcon_core.shell:Creating environment hook '/home/brairlab/Desktop/line_tracking_race_ros2/install/line_tracking_race_bringup/share/line_tracking_race_bringup/hook/cmake_prefix_path.sh'
[3.450s] Level 1:colcon.colcon_core.environment:checking '/home/brairlab/Desktop/line_tracking_race_ros2/install/line_tracking_race_bringup/bin'
[3.450s] Level 1:colcon.colcon_core.environment:checking '/home/brairlab/Desktop/line_tracking_race_ros2/install/line_tracking_race_bringup/lib/pkgconfig/line_tracking_race_bringup.pc'
[3.450s] Level 1:colcon.colcon_core.environment:checking '/home/brairlab/Desktop/line_tracking_race_ros2/install/line_tracking_race_bringup/lib/python3.10/site-packages'
[3.451s] Level 1:colcon.colcon_core.environment:checking '/home/brairlab/Desktop/line_tracking_race_ros2/install/line_tracking_race_bringup/bin'
[3.451s] INFO:colcon.colcon_core.shell:Creating package script '/home/brairlab/Desktop/line_tracking_race_ros2/install/line_tracking_race_bringup/share/line_tracking_race_bringup/package.ps1'
[3.452s] INFO:colcon.colcon_core.shell:Creating package descriptor '/home/brairlab/Desktop/line_tracking_race_ros2/install/line_tracking_race_bringup/share/line_tracking_race_bringup/package.dsv'
[3.453s] INFO:colcon.colcon_core.shell:Creating package script '/home/brairlab/Desktop/line_tracking_race_ros2/install/line_tracking_race_bringup/share/line_tracking_race_bringup/package.sh'
[3.454s] INFO:colcon.colcon_core.shell:Creating package script '/home/brairlab/Desktop/line_tracking_race_ros2/install/line_tracking_race_bringup/share/line_tracking_race_bringup/package.bash'
[3.456s] INFO:colcon.colcon_core.shell:Creating package script '/home/brairlab/Desktop/line_tracking_race_ros2/install/line_tracking_race_bringup/share/line_tracking_race_bringup/package.zsh'
[3.456s] Level 1:colcon.colcon_core.environment:create_file_with_runtime_dependencies(/home/brairlab/Desktop/line_tracking_race_ros2/install/line_tracking_race_bringup/share/colcon-core/packages/line_tracking_race_bringup)
[3.503s] Level 1:colcon.colcon_core.environment:checking '/home/brairlab/Desktop/line_tracking_race_ros2/install/line_tracking_race_controller' for CMake module files
[3.504s] DEBUG:colcon.colcon_core.event_handler.log_command:Invoked command in '/home/brairlab/Desktop/line_tracking_race_ros2/line_tracking_race_controller' returned '0': PYTHONPATH=/home/brairlab/Desktop/line_tracking_race_ros2/build/line_tracking_race_controller/prefix_override:/home/brairlab/Desktop/line_tracking_race_ros2/install/line_tracking_race_controller/lib/python3.10/site-packages:${PYTHONPATH} /usr/bin/python3 setup.py egg_info --egg-base ../build/line_tracking_race_controller build --build-base /home/brairlab/Desktop/line_tracking_race_ros2/build/line_tracking_race_controller/build install --record /home/brairlab/Desktop/line_tracking_race_ros2/build/line_tracking_race_controller/install.log --single-version-externally-managed
[3.505s] Level 1:colcon.colcon_core.environment:checking '/home/brairlab/Desktop/line_tracking_race_ros2/install/line_tracking_race_controller' for CMake config files
[3.507s] Level 1:colcon.colcon_core.environment:checking '/home/brairlab/Desktop/line_tracking_race_ros2/install/line_tracking_race_controller/lib'
[3.507s] Level 1:colcon.colcon_core.environment:checking '/home/brairlab/Desktop/line_tracking_race_ros2/install/line_tracking_race_controller/bin'
[3.507s] Level 1:colcon.colcon_core.environment:checking '/home/brairlab/Desktop/line_tracking_race_ros2/install/line_tracking_race_controller/lib/pkgconfig/line_tracking_race_controller.pc'
[3.508s] Level 1:colcon.colcon_core.environment:checking '/home/brairlab/Desktop/line_tracking_race_ros2/install/line_tracking_race_controller/lib/python3.10/site-packages'
[3.508s] Level 1:colcon.colcon_core.shell:create_environment_hook('line_tracking_race_controller', 'pythonpath')
[3.508s] INFO:colcon.colcon_core.shell:Creating environment hook '/home/brairlab/Desktop/line_tracking_race_ros2/install/line_tracking_race_controller/share/line_tracking_race_controller/hook/pythonpath.ps1'
[3.509s] INFO:colcon.colcon_core.shell:Creating environment descriptor '/home/brairlab/Desktop/line_tracking_race_ros2/install/line_tracking_race_controller/share/line_tracking_race_controller/hook/pythonpath.dsv'
[3.510s] INFO:colcon.colcon_core.shell:Creating environment hook '/home/brairlab/Desktop/line_tracking_race_ros2/install/line_tracking_race_controller/share/line_tracking_race_controller/hook/pythonpath.sh'
[3.511s] Level 1:colcon.colcon_core.environment:checking '/home/brairlab/Desktop/line_tracking_race_ros2/install/line_tracking_race_controller/bin'
[3.511s] Level 1:colcon.colcon_core.environment:create_environment_scripts_only(line_tracking_race_controller)
[3.512s] INFO:colcon.colcon_core.shell:Creating package script '/home/brairlab/Desktop/line_tracking_race_ros2/install/line_tracking_race_controller/share/line_tracking_race_controller/package.ps1'
[3.513s] INFO:colcon.colcon_core.shell:Creating package descriptor '/home/brairlab/Desktop/line_tracking_race_ros2/install/line_tracking_race_controller/share/line_tracking_race_controller/package.dsv'
[3.514s] INFO:colcon.colcon_core.shell:Creating package script '/home/brairlab/Desktop/line_tracking_race_ros2/install/line_tracking_race_controller/share/line_tracking_race_controller/package.sh'
[3.515s] INFO:colcon.colcon_core.shell:Creating package script '/home/brairlab/Desktop/line_tracking_race_ros2/install/line_tracking_race_controller/share/line_tracking_race_controller/package.bash'
[3.516s] INFO:colcon.colcon_core.shell:Creating package script '/home/brairlab/Desktop/line_tracking_race_ros2/install/line_tracking_race_controller/share/line_tracking_race_controller/package.zsh'
[3.516s] Level 1:colcon.colcon_core.environment:create_file_with_runtime_dependencies(/home/brairlab/Desktop/line_tracking_race_ros2/install/line_tracking_race_controller/share/colcon-core/packages/line_tracking_race_controller)
[3.517s] DEBUG:colcon.colcon_parallel_executor.executor.parallel:closing loop
[3.518s] DEBUG:colcon.colcon_parallel_executor.executor.parallel:loop closed
[3.519s] DEBUG:colcon.colcon_parallel_executor.executor.parallel:run_until_complete finished with '0'
[3.519s] DEBUG:colcon.colcon_core.event_reactor:joining thread
[3.528s] INFO:colcon.colcon_core.plugin_system:Skipping extension 'colcon_notification.desktop_notification.terminal_notifier': Not used on non-Darwin systems
[3.528s] INFO:colcon.colcon_core.plugin_system:Skipping extension 'colcon_notification.desktop_notification.win32': Not used on non-Windows systems
[3.529s] INFO:colcon.colcon_notification.desktop_notification:Sending desktop notification using 'notify2'
[3.555s] DEBUG:colcon.colcon_core.event_reactor:joined thread
[3.556s] INFO:colcon.colcon_core.shell:Creating prefix script '/home/brairlab/Desktop/line_tracking_race_ros2/install/local_setup.ps1'
[3.557s] INFO:colcon.colcon_core.shell:Creating prefix util module '/home/brairlab/Desktop/line_tracking_race_ros2/install/_local_setup_util_ps1.py'
[3.560s] INFO:colcon.colcon_core.shell:Creating prefix chain script '/home/brairlab/Desktop/line_tracking_race_ros2/install/setup.ps1'
[3.562s] INFO:colcon.colcon_core.shell:Creating prefix script '/home/brairlab/Desktop/line_tracking_race_ros2/install/local_setup.sh'
[3.563s] INFO:colcon.colcon_core.shell:Creating prefix util module '/home/brairlab/Desktop/line_tracking_race_ros2/install/_local_setup_util_sh.py'
[3.565s] INFO:colcon.colcon_core.shell:Creating prefix chain script '/home/brairlab/Desktop/line_tracking_race_ros2/install/setup.sh'
[3.569s] INFO:colcon.colcon_core.shell:Creating prefix script '/home/brairlab/Desktop/line_tracking_race_ros2/install/local_setup.bash'
[3.570s] INFO:colcon.colcon_core.shell:Creating prefix chain script '/home/brairlab/Desktop/line_tracking_race_ros2/install/setup.bash'
[3.573s] INFO:colcon.colcon_core.shell:Creating prefix script '/home/brairlab/Desktop/line_tracking_race_ros2/install/local_setup.zsh'
[3.574s] INFO:colcon.colcon_core.shell:Creating prefix chain script '/home/brairlab/Desktop/line_tracking_race_ros2/install/setup.zsh'
