[5.600s] Invoking command in '/home/brairlab/Desktop/line_tracking_race_ros2/line_tracking_race_controller': PYTHONPATH=/home/brairlab/Desktop/line_tracking_race_ros2/build/line_tracking_race_controller/prefix_override:/usr/lib/python3/dist-packages/colcon_core/task/python/colcon_distutils_commands:/home/brairlab/Desktop/line_tracking_race_ros2/install/line_tracking_race_controller/lib/python3.10/site-packages:${PYTHONPATH} /usr/bin/python3 -W ignore:setup.py install is deprecated -W ignore:easy_install command is deprecated setup.py egg_info --egg-base ../build/line_tracking_race_controller build --build-base /home/brairlab/Desktop/line_tracking_race_ros2/build/line_tracking_race_controller/build install --record /home/brairlab/Desktop/line_tracking_race_ros2/build/line_tracking_race_controller/install.log --single-version-externally-managed install_data
[6.670s] running egg_info
[6.681s] writing ../build/line_tracking_race_controller/line_tracking_race_controller.egg-info/PKG-INFO
[6.682s] writing dependency_links to ../build/line_tracking_race_controller/line_tracking_race_controller.egg-info/dependency_links.txt
[6.682s] writing entry points to ../build/line_tracking_race_controller/line_tracking_race_controller.egg-info/entry_points.txt
[6.682s] writing requirements to ../build/line_tracking_race_controller/line_tracking_race_controller.egg-info/requires.txt
[6.682s] writing top-level names to ../build/line_tracking_race_controller/line_tracking_race_controller.egg-info/top_level.txt
[6.686s] reading manifest file '../build/line_tracking_race_controller/line_tracking_race_controller.egg-info/SOURCES.txt'
[6.732s] writing manifest file '../build/line_tracking_race_controller/line_tracking_race_controller.egg-info/SOURCES.txt'
[6.736s] running build
[6.737s] running build_py
[6.737s] running install
[6.739s] running install_lib
[6.744s] running install_data
[6.746s] running install_egg_info
[6.752s] removing '/home/brairlab/Desktop/line_tracking_race_ros2/install/line_tracking_race_controller/lib/python3.10/site-packages/line_tracking_race_controller-0.0.0-py3.10.egg-info' (and everything under it)
[6.752s] Copying ../build/line_tracking_race_controller/line_tracking_race_controller.egg-info to /home/brairlab/Desktop/line_tracking_race_ros2/install/line_tracking_race_controller/lib/python3.10/site-packages/line_tracking_race_controller-0.0.0-py3.10.egg-info
[6.777s] running install_scripts
[6.893s] Installing control_node script to /home/brairlab/Desktop/line_tracking_race_ros2/install/line_tracking_race_controller/lib/line_tracking_race_controller
[6.893s] Installing control_node_nl script to /home/brairlab/Desktop/line_tracking_race_ros2/install/line_tracking_race_controller/lib/line_tracking_race_controller
[6.894s] Installing control_node_sel script to /home/brairlab/Desktop/line_tracking_race_ros2/install/line_tracking_race_controller/lib/line_tracking_race_controller
[6.898s] Installing planner_node script to /home/brairlab/Desktop/line_tracking_race_ros2/install/line_tracking_race_controller/lib/line_tracking_race_controller
[6.898s] Installing planner_node_nl script to /home/brairlab/Desktop/line_tracking_race_ros2/install/line_tracking_race_controller/lib/line_tracking_race_controller
[6.898s] Installing planner_node_sel script to /home/brairlab/Desktop/line_tracking_race_ros2/install/line_tracking_race_controller/lib/line_tracking_race_controller
[6.898s] Installing visualizer script to /home/brairlab/Desktop/line_tracking_race_ros2/install/line_tracking_race_controller/lib/line_tracking_race_controller
[6.899s] writing list of installed files to '/home/brairlab/Desktop/line_tracking_race_ros2/build/line_tracking_race_controller/install.log'
[6.998s] Invoked command in '/home/brairlab/Desktop/line_tracking_race_ros2/line_tracking_race_controller' returned '0': PYTHONPATH=/home/brairlab/Desktop/line_tracking_race_ros2/build/line_tracking_race_controller/prefix_override:/usr/lib/python3/dist-packages/colcon_core/task/python/colcon_distutils_commands:/home/brairlab/Desktop/line_tracking_race_ros2/install/line_tracking_race_controller/lib/python3.10/site-packages:${PYTHONPATH} /usr/bin/python3 -W ignore:setup.py install is deprecated -W ignore:easy_install command is deprecated setup.py egg_info --egg-base ../build/line_tracking_race_controller build --build-base /home/brairlab/Desktop/line_tracking_race_ros2/build/line_tracking_race_controller/build install --record /home/brairlab/Desktop/line_tracking_race_ros2/build/line_tracking_race_controller/install.log --single-version-externally-managed install_data
