[0.161s] Invoking command in '/home/brairlab/Desktop/line_tracking_race_ros2/build/line_tracking_race_application': CMAKE_PREFIX_PATH=${CMAKE_PREFIX_PATH}:/home/brairlab/Desktop/line_tracking_race_ros2/install/line_tracking_race_controller:/opt/ros/humble /usr/bin/cmake --build /home/brairlab/Desktop/line_tracking_race_ros2/build/line_tracking_race_application -- -j6 -l6
[0.752s] Invoked command in '/home/brairlab/Desktop/line_tracking_race_ros2/build/line_tracking_race_application' returned '0': CMAKE_PREFIX_PATH=${CMAKE_PREFIX_PATH}:/home/brairlab/Desktop/line_tracking_race_ros2/install/line_tracking_race_controller:/opt/ros/humble /usr/bin/cmake --build /home/brairlab/Desktop/line_tracking_race_ros2/build/line_tracking_race_application -- -j6 -l6
[0.899s] Invoking command in '/home/brairlab/Desktop/line_tracking_race_ros2/build/line_tracking_race_application': CMAKE_PREFIX_PATH=${CMAKE_PREFIX_PATH}:/home/brairlab/Desktop/line_tracking_race_ros2/install/line_tracking_race_controller:/opt/ros/humble /usr/bin/cmake --install /home/brairlab/Desktop/line_tracking_race_ros2/build/line_tracking_race_application
[0.918s] -- Install configuration: ""
[0.918s] -- Up-to-date: /home/brairlab/Desktop/line_tracking_race_ros2/install/line_tracking_race_application/share/ament_index/resource_index/package_run_dependencies/line_tracking_race_application
[0.925s] -- Up-to-date: /home/brairlab/Desktop/line_tracking_race_ros2/install/line_tracking_race_application/share/ament_index/resource_index/parent_prefix_path/line_tracking_race_application
[0.926s] -- Up-to-date: /home/brairlab/Desktop/line_tracking_race_ros2/install/line_tracking_race_application/share/line_tracking_race_application/environment/ament_prefix_path.sh
[0.927s] -- Up-to-date: /home/brairlab/Desktop/line_tracking_race_ros2/install/line_tracking_race_application/share/line_tracking_race_application/environment/ament_prefix_path.dsv
[0.929s] -- Up-to-date: /home/brairlab/Desktop/line_tracking_race_ros2/install/line_tracking_race_application/share/line_tracking_race_application/environment/path.sh
[0.929s] -- Up-to-date: /home/brairlab/Desktop/line_tracking_race_ros2/install/line_tracking_race_application/share/line_tracking_race_application/environment/path.dsv
[0.930s] -- Up-to-date: /home/brairlab/Desktop/line_tracking_race_ros2/install/line_tracking_race_application/share/line_tracking_race_application/local_setup.bash
[0.930s] -- Up-to-date: /home/brairlab/Desktop/line_tracking_race_ros2/install/line_tracking_race_application/share/line_tracking_race_application/local_setup.sh
[0.930s] -- Up-to-date: /home/brairlab/Desktop/line_tracking_race_ros2/install/line_tracking_race_application/share/line_tracking_race_application/local_setup.zsh
[0.931s] -- Up-to-date: /home/brairlab/Desktop/line_tracking_race_ros2/install/line_tracking_race_application/share/line_tracking_race_application/local_setup.dsv
[0.933s] -- Installing: /home/brairlab/Desktop/line_tracking_race_ros2/install/line_tracking_race_application/share/line_tracking_race_application/package.dsv
[0.935s] -- Up-to-date: /home/brairlab/Desktop/line_tracking_race_ros2/install/line_tracking_race_application/share/ament_index/resource_index/packages/line_tracking_race_application
[0.936s] -- Up-to-date: /home/brairlab/Desktop/line_tracking_race_ros2/install/line_tracking_race_application/share/line_tracking_race_application/cmake/line_tracking_race_applicationConfig.cmake
[0.942s] -- Up-to-date: /home/brairlab/Desktop/line_tracking_race_ros2/install/line_tracking_race_application/share/line_tracking_race_application/cmake/line_tracking_race_applicationConfig-version.cmake
[0.943s] -- Up-to-date: /home/brairlab/Desktop/line_tracking_race_ros2/install/line_tracking_race_application/share/line_tracking_race_application/package.xml
[1.000s] Invoked command in '/home/brairlab/Desktop/line_tracking_race_ros2/build/line_tracking_race_application' returned '0': CMAKE_PREFIX_PATH=${CMAKE_PREFIX_PATH}:/home/brairlab/Desktop/line_tracking_race_ros2/install/line_tracking_race_controller:/opt/ros/humble /usr/bin/cmake --install /home/brairlab/Desktop/line_tracking_race_ros2/build/line_tracking_race_application
