[0.387s] DEBUG:colcon:Command line arguments: ['/usr/bin/colcon', 'build']
[0.387s] DEBUG:colcon:Parsed command line arguments: Namespace(log_base=None, log_level=None, verb_name='build', build_base='build', install_base='install', merge_install=False, symlink_install=False, test_result_base=None, continue_on_error=False, executor='parallel', parallel_workers=6, event_handlers=None, ignore_user_meta=False, metas=['./colcon.meta'], base_paths=['.'], packages_ignore=None, packages_ignore_regex=None, paths=None, packages_up_to=None, packages_up_to_regex=None, packages_above=None, packages_above_and_dependencies=None, packages_above_depth=None, packages_select_by_dep=None, packages_skip_by_dep=None, packages_skip_up_to=None, packages_select_build_failed=False, packages_skip_build_finished=False, packages_select_test_failures=False, packages_skip_test_passed=False, packages_select=None, packages_skip=None, packages_select_regex=None, packages_skip_regex=None, packages_start=None, packages_end=None, allow_overriding=[], cmake_args=None, cmake_target=None, cmake_target_skip_unavailable=False, cmake_clean_cache=False, cmake_clean_first=False, cmake_force_configure=False, ament_cmake_args=None, catkin_cmake_args=None, catkin_skip_building_tests=False, verb_parser=<colcon_defaults.argument_parser.defaults.DefaultArgumentsDecorator object at 0x71f850eb1660>, verb_extension=<colcon_core.verb.build.BuildVerb object at 0x71f850f17a90>, main=<bound method BuildVerb.main of <colcon_core.verb.build.BuildVerb object at 0x71f850f17a90>>)
[0.417s] Level 1:colcon.colcon_core.package_discovery:discover_packages(colcon_meta) check parameters
[0.418s] Level 1:colcon.colcon_core.package_discovery:discover_packages(recursive) check parameters
[0.418s] Level 1:colcon.colcon_core.package_discovery:discover_packages(ignore) check parameters
[0.419s] Level 1:colcon.colcon_core.package_discovery:discover_packages(path) check parameters
[0.419s] Level 1:colcon.colcon_core.package_discovery:discover_packages(colcon_meta) discover
[0.420s] Level 1:colcon.colcon_core.package_discovery:discover_packages(recursive) discover
[0.420s] INFO:colcon.colcon_core.package_discovery:Crawling recursively for packages in '/home/brairlab/Desktop/line_tracking_race_ros2'
[0.421s] Level 1:colcon.colcon_core.package_identification:_identify(.) by extensions ['ignore', 'ignore_ament_install']
[0.421s] Level 1:colcon.colcon_core.package_identification:_identify(.) by extension 'ignore'
[0.421s] Level 1:colcon.colcon_core.package_identification:_identify(.) by extension 'ignore_ament_install'
[0.422s] Level 1:colcon.colcon_core.package_identification:_identify(.) by extensions ['colcon_pkg']
[0.422s] Level 1:colcon.colcon_core.package_identification:_identify(.) by extension 'colcon_pkg'
[0.422s] Level 1:colcon.colcon_core.package_identification:_identify(.) by extensions ['colcon_meta']
[0.422s] Level 1:colcon.colcon_core.package_identification:_identify(.) by extension 'colcon_meta'
[0.422s] Level 1:colcon.colcon_core.package_identification:_identify(.) by extensions ['ros']
[0.422s] Level 1:colcon.colcon_core.package_identification:_identify(.) by extension 'ros'
[0.440s] Level 1:colcon.colcon_core.package_identification:_identify(.) by extensions ['cmake', 'python']
[0.440s] Level 1:colcon.colcon_core.package_identification:_identify(.) by extension 'cmake'
[0.440s] Level 1:colcon.colcon_core.package_identification:_identify(.) by extension 'python'
[0.440s] Level 1:colcon.colcon_core.package_identification:_identify(.) by extensions ['python_setup_py']
[0.440s] Level 1:colcon.colcon_core.package_identification:_identify(.) by extension 'python_setup_py'
[0.440s] Level 1:colcon.colcon_core.package_identification:_identify(build) by extensions ['ignore', 'ignore_ament_install']
[0.447s] Level 1:colcon.colcon_core.package_identification:_identify(build) by extension 'ignore'
[0.448s] Level 1:colcon.colcon_core.package_identification:_identify(build) ignored
[0.449s] Level 1:colcon.colcon_core.package_identification:_identify(docs) by extensions ['ignore', 'ignore_ament_install']
[0.450s] Level 1:colcon.colcon_core.package_identification:_identify(docs) by extension 'ignore'
[0.451s] Level 1:colcon.colcon_core.package_identification:_identify(docs) by extension 'ignore_ament_install'
[0.451s] Level 1:colcon.colcon_core.package_identification:_identify(docs) by extensions ['colcon_pkg']
[0.451s] Level 1:colcon.colcon_core.package_identification:_identify(docs) by extension 'colcon_pkg'
[0.451s] Level 1:colcon.colcon_core.package_identification:_identify(docs) by extensions ['colcon_meta']
[0.451s] Level 1:colcon.colcon_core.package_identification:_identify(docs) by extension 'colcon_meta'
[0.451s] Level 1:colcon.colcon_core.package_identification:_identify(docs) by extensions ['ros']
[0.451s] Level 1:colcon.colcon_core.package_identification:_identify(docs) by extension 'ros'
[0.452s] Level 1:colcon.colcon_core.package_identification:_identify(docs) by extensions ['cmake', 'python']
[0.452s] Level 1:colcon.colcon_core.package_identification:_identify(docs) by extension 'cmake'
[0.452s] Level 1:colcon.colcon_core.package_identification:_identify(docs) by extension 'python'
[0.452s] Level 1:colcon.colcon_core.package_identification:_identify(docs) by extensions ['python_setup_py']
[0.452s] Level 1:colcon.colcon_core.package_identification:_identify(docs) by extension 'python_setup_py'
[0.452s] Level 1:colcon.colcon_core.package_identification:_identify(docs/figures) by extensions ['ignore', 'ignore_ament_install']
[0.452s] Level 1:colcon.colcon_core.package_identification:_identify(docs/figures) by extension 'ignore'
[0.452s] Level 1:colcon.colcon_core.package_identification:_identify(docs/figures) by extension 'ignore_ament_install'
[0.452s] Level 1:colcon.colcon_core.package_identification:_identify(docs/figures) by extensions ['colcon_pkg']
[0.452s] Level 1:colcon.colcon_core.package_identification:_identify(docs/figures) by extension 'colcon_pkg'
[0.452s] Level 1:colcon.colcon_core.package_identification:_identify(docs/figures) by extensions ['colcon_meta']
[0.453s] Level 1:colcon.colcon_core.package_identification:_identify(docs/figures) by extension 'colcon_meta'
[0.453s] Level 1:colcon.colcon_core.package_identification:_identify(docs/figures) by extensions ['ros']
[0.453s] Level 1:colcon.colcon_core.package_identification:_identify(docs/figures) by extension 'ros'
[0.453s] Level 1:colcon.colcon_core.package_identification:_identify(docs/figures) by extensions ['cmake', 'python']
[0.453s] Level 1:colcon.colcon_core.package_identification:_identify(docs/figures) by extension 'cmake'
[0.453s] Level 1:colcon.colcon_core.package_identification:_identify(docs/figures) by extension 'python'
[0.453s] Level 1:colcon.colcon_core.package_identification:_identify(docs/figures) by extensions ['python_setup_py']
[0.453s] Level 1:colcon.colcon_core.package_identification:_identify(docs/figures) by extension 'python_setup_py'
[0.453s] Level 1:colcon.colcon_core.package_identification:_identify(install) by extensions ['ignore', 'ignore_ament_install']
[0.454s] Level 1:colcon.colcon_core.package_identification:_identify(install) by extension 'ignore'
[0.454s] Level 1:colcon.colcon_core.package_identification:_identify(install) ignored
[0.454s] Level 1:colcon.colcon_core.package_identification:_identify(line_tracking_race_application) by extensions ['ignore', 'ignore_ament_install']
[0.454s] Level 1:colcon.colcon_core.package_identification:_identify(line_tracking_race_application) by extension 'ignore'
[0.454s] Level 1:colcon.colcon_core.package_identification:_identify(line_tracking_race_application) by extension 'ignore_ament_install'
[0.454s] Level 1:colcon.colcon_core.package_identification:_identify(line_tracking_race_application) by extensions ['colcon_pkg']
[0.454s] Level 1:colcon.colcon_core.package_identification:_identify(line_tracking_race_application) by extension 'colcon_pkg'
[0.455s] Level 1:colcon.colcon_core.package_identification:_identify(line_tracking_race_application) by extensions ['colcon_meta']
[0.455s] Level 1:colcon.colcon_core.package_identification:_identify(line_tracking_race_application) by extension 'colcon_meta'
[0.455s] Level 1:colcon.colcon_core.package_identification:_identify(line_tracking_race_application) by extensions ['ros']
[0.455s] Level 1:colcon.colcon_core.package_identification:_identify(line_tracking_race_application) by extension 'ros'
[0.459s] DEBUG:colcon.colcon_core.package_identification:Package 'line_tracking_race_application' with type 'ros.ament_cmake' and name 'line_tracking_race_application'
[0.460s] Level 1:colcon.colcon_core.package_identification:_identify(line_tracking_race_bringup) by extensions ['ignore', 'ignore_ament_install']
[0.460s] Level 1:colcon.colcon_core.package_identification:_identify(line_tracking_race_bringup) by extension 'ignore'
[0.460s] Level 1:colcon.colcon_core.package_identification:_identify(line_tracking_race_bringup) by extension 'ignore_ament_install'
[0.461s] Level 1:colcon.colcon_core.package_identification:_identify(line_tracking_race_bringup) by extensions ['colcon_pkg']
[0.461s] Level 1:colcon.colcon_core.package_identification:_identify(line_tracking_race_bringup) by extension 'colcon_pkg'
[0.461s] Level 1:colcon.colcon_core.package_identification:_identify(line_tracking_race_bringup) by extensions ['colcon_meta']
[0.461s] Level 1:colcon.colcon_core.package_identification:_identify(line_tracking_race_bringup) by extension 'colcon_meta'
[0.461s] Level 1:colcon.colcon_core.package_identification:_identify(line_tracking_race_bringup) by extensions ['ros']
[0.461s] Level 1:colcon.colcon_core.package_identification:_identify(line_tracking_race_bringup) by extension 'ros'
[0.463s] DEBUG:colcon.colcon_core.package_identification:Package 'line_tracking_race_bringup' with type 'ros.ament_cmake' and name 'line_tracking_race_bringup'
[0.464s] Level 1:colcon.colcon_core.package_identification:_identify(line_tracking_race_controller) by extensions ['ignore', 'ignore_ament_install']
[0.464s] Level 1:colcon.colcon_core.package_identification:_identify(line_tracking_race_controller) by extension 'ignore'
[0.464s] Level 1:colcon.colcon_core.package_identification:_identify(line_tracking_race_controller) by extension 'ignore_ament_install'
[0.465s] Level 1:colcon.colcon_core.package_identification:_identify(line_tracking_race_controller) by extensions ['colcon_pkg']
[0.465s] Level 1:colcon.colcon_core.package_identification:_identify(line_tracking_race_controller) by extension 'colcon_pkg'
[0.465s] Level 1:colcon.colcon_core.package_identification:_identify(line_tracking_race_controller) by extensions ['colcon_meta']
[0.466s] Level 1:colcon.colcon_core.package_identification:_identify(line_tracking_race_controller) by extension 'colcon_meta'
[0.466s] Level 1:colcon.colcon_core.package_identification:_identify(line_tracking_race_controller) by extensions ['ros']
[0.466s] Level 1:colcon.colcon_core.package_identification:_identify(line_tracking_race_controller) by extension 'ros'
[0.467s] DEBUG:colcon.colcon_core.package_identification:Package 'line_tracking_race_controller' with type 'ros.ament_python' and name 'line_tracking_race_controller'
[0.467s] Level 1:colcon.colcon_core.package_identification:_identify(line_tracking_race_description) by extensions ['ignore', 'ignore_ament_install']
[0.469s] Level 1:colcon.colcon_core.package_identification:_identify(line_tracking_race_description) by extension 'ignore'
[0.470s] Level 1:colcon.colcon_core.package_identification:_identify(line_tracking_race_description) by extension 'ignore_ament_install'
[0.470s] Level 1:colcon.colcon_core.package_identification:_identify(line_tracking_race_description) by extensions ['colcon_pkg']
[0.470s] Level 1:colcon.colcon_core.package_identification:_identify(line_tracking_race_description) by extension 'colcon_pkg'
[0.470s] Level 1:colcon.colcon_core.package_identification:_identify(line_tracking_race_description) by extensions ['colcon_meta']
[0.470s] Level 1:colcon.colcon_core.package_identification:_identify(line_tracking_race_description) by extension 'colcon_meta'
[0.471s] Level 1:colcon.colcon_core.package_identification:_identify(line_tracking_race_description) by extensions ['ros']
[0.471s] Level 1:colcon.colcon_core.package_identification:_identify(line_tracking_race_description) by extension 'ros'
[0.472s] DEBUG:colcon.colcon_core.package_identification:Package 'line_tracking_race_description' with type 'ros.ament_cmake' and name 'line_tracking_race_description'
[0.472s] Level 1:colcon.colcon_core.package_identification:_identify(line_tracking_race_gazebo) by extensions ['ignore', 'ignore_ament_install']
[0.472s] Level 1:colcon.colcon_core.package_identification:_identify(line_tracking_race_gazebo) by extension 'ignore'
[0.472s] Level 1:colcon.colcon_core.package_identification:_identify(line_tracking_race_gazebo) by extension 'ignore_ament_install'
[0.472s] Level 1:colcon.colcon_core.package_identification:_identify(line_tracking_race_gazebo) by extensions ['colcon_pkg']
[0.472s] Level 1:colcon.colcon_core.package_identification:_identify(line_tracking_race_gazebo) by extension 'colcon_pkg'
[0.472s] Level 1:colcon.colcon_core.package_identification:_identify(line_tracking_race_gazebo) by extensions ['colcon_meta']
[0.473s] Level 1:colcon.colcon_core.package_identification:_identify(line_tracking_race_gazebo) by extension 'colcon_meta'
[0.473s] Level 1:colcon.colcon_core.package_identification:_identify(line_tracking_race_gazebo) by extensions ['ros']
[0.473s] Level 1:colcon.colcon_core.package_identification:_identify(line_tracking_race_gazebo) by extension 'ros'
[0.474s] DEBUG:colcon.colcon_core.package_identification:Package 'line_tracking_race_gazebo' with type 'ros.ament_cmake' and name 'line_tracking_race_gazebo'
[0.475s] Level 1:colcon.colcon_core.package_identification:_identify(log) by extensions ['ignore', 'ignore_ament_install']
[0.476s] Level 1:colcon.colcon_core.package_identification:_identify(log) by extension 'ignore'
[0.476s] Level 1:colcon.colcon_core.package_identification:_identify(log) ignored
[0.476s] Level 1:colcon.colcon_core.package_discovery:discover_packages(recursive) using defaults
[0.476s] Level 1:colcon.colcon_core.package_discovery:discover_packages(ignore) discover
[0.476s] Level 1:colcon.colcon_core.package_discovery:discover_packages(ignore) using defaults
[0.476s] Level 1:colcon.colcon_core.package_discovery:discover_packages(path) discover
[0.476s] Level 1:colcon.colcon_core.package_discovery:discover_packages(path) using defaults
[0.527s] Level 1:colcon.colcon_core.package_discovery:discover_packages(prefix_path) check parameters
[0.527s] Level 1:colcon.colcon_core.package_discovery:discover_packages(prefix_path) discover
[0.537s] DEBUG:colcon.colcon_installed_package_information.package_discovery:Found 5 installed packages in /home/brairlab/Desktop/line_tracking_race_ros2/install
[0.540s] DEBUG:colcon.colcon_installed_package_information.package_discovery:Found 293 installed packages in /opt/ros/humble
[0.542s] Level 1:colcon.colcon_core.package_discovery:discover_packages(prefix_path) using defaults
[0.661s] Level 5:colcon.colcon_core.verb:set package 'line_tracking_race_application' build argument 'cmake_args' from command line to 'None'
[0.661s] Level 5:colcon.colcon_core.verb:set package 'line_tracking_race_application' build argument 'cmake_target' from command line to 'None'
[0.661s] Level 5:colcon.colcon_core.verb:set package 'line_tracking_race_application' build argument 'cmake_target_skip_unavailable' from command line to 'False'
[0.661s] Level 5:colcon.colcon_core.verb:set package 'line_tracking_race_application' build argument 'cmake_clean_cache' from command line to 'False'
[0.661s] Level 5:colcon.colcon_core.verb:set package 'line_tracking_race_application' build argument 'cmake_clean_first' from command line to 'False'
[0.661s] Level 5:colcon.colcon_core.verb:set package 'line_tracking_race_application' build argument 'cmake_force_configure' from command line to 'False'
[0.661s] Level 5:colcon.colcon_core.verb:set package 'line_tracking_race_application' build argument 'ament_cmake_args' from command line to 'None'
[0.661s] Level 5:colcon.colcon_core.verb:set package 'line_tracking_race_application' build argument 'catkin_cmake_args' from command line to 'None'
[0.662s] Level 5:colcon.colcon_core.verb:set package 'line_tracking_race_application' build argument 'catkin_skip_building_tests' from command line to 'False'
[0.662s] DEBUG:colcon.colcon_core.verb:Building package 'line_tracking_race_application' with the following arguments: {'ament_cmake_args': None, 'build_base': '/home/brairlab/Desktop/line_tracking_race_ros2/build/line_tracking_race_application', 'catkin_cmake_args': None, 'catkin_skip_building_tests': False, 'cmake_args': None, 'cmake_clean_cache': False, 'cmake_clean_first': False, 'cmake_force_configure': False, 'cmake_target': None, 'cmake_target_skip_unavailable': False, 'install_base': '/home/brairlab/Desktop/line_tracking_race_ros2/install/line_tracking_race_application', 'merge_install': False, 'path': '/home/brairlab/Desktop/line_tracking_race_ros2/line_tracking_race_application', 'symlink_install': False, 'test_result_base': None}
[0.663s] Level 5:colcon.colcon_core.verb:set package 'line_tracking_race_controller' build argument 'cmake_args' from command line to 'None'
[0.664s] Level 5:colcon.colcon_core.verb:set package 'line_tracking_race_controller' build argument 'cmake_target' from command line to 'None'
[0.664s] Level 5:colcon.colcon_core.verb:set package 'line_tracking_race_controller' build argument 'cmake_target_skip_unavailable' from command line to 'False'
[0.664s] Level 5:colcon.colcon_core.verb:set package 'line_tracking_race_controller' build argument 'cmake_clean_cache' from command line to 'False'
[0.664s] Level 5:colcon.colcon_core.verb:set package 'line_tracking_race_controller' build argument 'cmake_clean_first' from command line to 'False'
[0.664s] Level 5:colcon.colcon_core.verb:set package 'line_tracking_race_controller' build argument 'cmake_force_configure' from command line to 'False'
[0.664s] Level 5:colcon.colcon_core.verb:set package 'line_tracking_race_controller' build argument 'ament_cmake_args' from command line to 'None'
[0.664s] Level 5:colcon.colcon_core.verb:set package 'line_tracking_race_controller' build argument 'catkin_cmake_args' from command line to 'None'
[0.664s] Level 5:colcon.colcon_core.verb:set package 'line_tracking_race_controller' build argument 'catkin_skip_building_tests' from command line to 'False'
[0.664s] DEBUG:colcon.colcon_core.verb:Building package 'line_tracking_race_controller' with the following arguments: {'ament_cmake_args': None, 'build_base': '/home/brairlab/Desktop/line_tracking_race_ros2/build/line_tracking_race_controller', 'catkin_cmake_args': None, 'catkin_skip_building_tests': False, 'cmake_args': None, 'cmake_clean_cache': False, 'cmake_clean_first': False, 'cmake_force_configure': False, 'cmake_target': None, 'cmake_target_skip_unavailable': False, 'install_base': '/home/brairlab/Desktop/line_tracking_race_ros2/install/line_tracking_race_controller', 'merge_install': False, 'path': '/home/brairlab/Desktop/line_tracking_race_ros2/line_tracking_race_controller', 'symlink_install': False, 'test_result_base': None}
[0.667s] Level 5:colcon.colcon_core.verb:set package 'line_tracking_race_description' build argument 'cmake_args' from command line to 'None'
[0.667s] Level 5:colcon.colcon_core.verb:set package 'line_tracking_race_description' build argument 'cmake_target' from command line to 'None'
[0.667s] Level 5:colcon.colcon_core.verb:set package 'line_tracking_race_description' build argument 'cmake_target_skip_unavailable' from command line to 'False'
[0.667s] Level 5:colcon.colcon_core.verb:set package 'line_tracking_race_description' build argument 'cmake_clean_cache' from command line to 'False'
[0.667s] Level 5:colcon.colcon_core.verb:set package 'line_tracking_race_description' build argument 'cmake_clean_first' from command line to 'False'
[0.667s] Level 5:colcon.colcon_core.verb:set package 'line_tracking_race_description' build argument 'cmake_force_configure' from command line to 'False'
[0.668s] Level 5:colcon.colcon_core.verb:set package 'line_tracking_race_description' build argument 'ament_cmake_args' from command line to 'None'
[0.668s] Level 5:colcon.colcon_core.verb:set package 'line_tracking_race_description' build argument 'catkin_cmake_args' from command line to 'None'
[0.668s] Level 5:colcon.colcon_core.verb:set package 'line_tracking_race_description' build argument 'catkin_skip_building_tests' from command line to 'False'
[0.668s] DEBUG:colcon.colcon_core.verb:Building package 'line_tracking_race_description' with the following arguments: {'ament_cmake_args': None, 'build_base': '/home/brairlab/Desktop/line_tracking_race_ros2/build/line_tracking_race_description', 'catkin_cmake_args': None, 'catkin_skip_building_tests': False, 'cmake_args': None, 'cmake_clean_cache': False, 'cmake_clean_first': False, 'cmake_force_configure': False, 'cmake_target': None, 'cmake_target_skip_unavailable': False, 'install_base': '/home/brairlab/Desktop/line_tracking_race_ros2/install/line_tracking_race_description', 'merge_install': False, 'path': '/home/brairlab/Desktop/line_tracking_race_ros2/line_tracking_race_description', 'symlink_install': False, 'test_result_base': None}
[0.668s] Level 5:colcon.colcon_core.verb:set package 'line_tracking_race_gazebo' build argument 'cmake_args' from command line to 'None'
[0.668s] Level 5:colcon.colcon_core.verb:set package 'line_tracking_race_gazebo' build argument 'cmake_target' from command line to 'None'
[0.669s] Level 5:colcon.colcon_core.verb:set package 'line_tracking_race_gazebo' build argument 'cmake_target_skip_unavailable' from command line to 'False'
[0.669s] Level 5:colcon.colcon_core.verb:set package 'line_tracking_race_gazebo' build argument 'cmake_clean_cache' from command line to 'False'
[0.669s] Level 5:colcon.colcon_core.verb:set package 'line_tracking_race_gazebo' build argument 'cmake_clean_first' from command line to 'False'
[0.669s] Level 5:colcon.colcon_core.verb:set package 'line_tracking_race_gazebo' build argument 'cmake_force_configure' from command line to 'False'
[0.669s] Level 5:colcon.colcon_core.verb:set package 'line_tracking_race_gazebo' build argument 'ament_cmake_args' from command line to 'None'
[0.669s] Level 5:colcon.colcon_core.verb:set package 'line_tracking_race_gazebo' build argument 'catkin_cmake_args' from command line to 'None'
[0.669s] Level 5:colcon.colcon_core.verb:set package 'line_tracking_race_gazebo' build argument 'catkin_skip_building_tests' from command line to 'False'
[0.669s] DEBUG:colcon.colcon_core.verb:Building package 'line_tracking_race_gazebo' with the following arguments: {'ament_cmake_args': None, 'build_base': '/home/brairlab/Desktop/line_tracking_race_ros2/build/line_tracking_race_gazebo', 'catkin_cmake_args': None, 'catkin_skip_building_tests': False, 'cmake_args': None, 'cmake_clean_cache': False, 'cmake_clean_first': False, 'cmake_force_configure': False, 'cmake_target': None, 'cmake_target_skip_unavailable': False, 'install_base': '/home/brairlab/Desktop/line_tracking_race_ros2/install/line_tracking_race_gazebo', 'merge_install': False, 'path': '/home/brairlab/Desktop/line_tracking_race_ros2/line_tracking_race_gazebo', 'symlink_install': False, 'test_result_base': None}
[0.669s] Level 5:colcon.colcon_core.verb:set package 'line_tracking_race_bringup' build argument 'cmake_args' from command line to 'None'
[0.669s] Level 5:colcon.colcon_core.verb:set package 'line_tracking_race_bringup' build argument 'cmake_target' from command line to 'None'
[0.670s] Level 5:colcon.colcon_core.verb:set package 'line_tracking_race_bringup' build argument 'cmake_target_skip_unavailable' from command line to 'False'
[0.670s] Level 5:colcon.colcon_core.verb:set package 'line_tracking_race_bringup' build argument 'cmake_clean_cache' from command line to 'False'
[0.670s] Level 5:colcon.colcon_core.verb:set package 'line_tracking_race_bringup' build argument 'cmake_clean_first' from command line to 'False'
[0.670s] Level 5:colcon.colcon_core.verb:set package 'line_tracking_race_bringup' build argument 'cmake_force_configure' from command line to 'False'
[0.670s] Level 5:colcon.colcon_core.verb:set package 'line_tracking_race_bringup' build argument 'ament_cmake_args' from command line to 'None'
[0.670s] Level 5:colcon.colcon_core.verb:set package 'line_tracking_race_bringup' build argument 'catkin_cmake_args' from command line to 'None'
[0.670s] Level 5:colcon.colcon_core.verb:set package 'line_tracking_race_bringup' build argument 'catkin_skip_building_tests' from command line to 'False'
[0.670s] DEBUG:colcon.colcon_core.verb:Building package 'line_tracking_race_bringup' with the following arguments: {'ament_cmake_args': None, 'build_base': '/home/brairlab/Desktop/line_tracking_race_ros2/build/line_tracking_race_bringup', 'catkin_cmake_args': None, 'catkin_skip_building_tests': False, 'cmake_args': None, 'cmake_clean_cache': False, 'cmake_clean_first': False, 'cmake_force_configure': False, 'cmake_target': None, 'cmake_target_skip_unavailable': False, 'install_base': '/home/brairlab/Desktop/line_tracking_race_ros2/install/line_tracking_race_bringup', 'merge_install': False, 'path': '/home/brairlab/Desktop/line_tracking_race_ros2/line_tracking_race_bringup', 'symlink_install': False, 'test_result_base': None}
[0.671s] INFO:colcon.colcon_core.executor:Executing jobs using 'parallel' executor
[0.677s] DEBUG:colcon.colcon_parallel_executor.executor.parallel:run_until_complete
[0.678s] INFO:colcon.colcon_ros.task.ament_cmake.build:Building ROS package in '/home/brairlab/Desktop/line_tracking_race_ros2/line_tracking_race_description' with build type 'ament_cmake'
[0.679s] INFO:colcon.colcon_cmake.task.cmake.build:Building CMake package in '/home/brairlab/Desktop/line_tracking_race_ros2/line_tracking_race_description'
[0.686s] INFO:colcon.colcon_core.plugin_system:Skipping extension 'colcon_core.shell.bat': Not used on non-Windows systems
[0.687s] INFO:colcon.colcon_core.shell:Skip shell extension 'powershell' for command environment: Not usable outside of PowerShell
[0.687s] DEBUG:colcon.colcon_core.shell:Skip shell extension 'dsv' for command environment
[0.703s] INFO:colcon.colcon_ros.task.ament_cmake.build:Building ROS package in '/home/brairlab/Desktop/line_tracking_race_ros2/line_tracking_race_application' with build type 'ament_cmake'
[0.704s] INFO:colcon.colcon_cmake.task.cmake.build:Building CMake package in '/home/brairlab/Desktop/line_tracking_race_ros2/line_tracking_race_application'
[0.705s] INFO:colcon.colcon_core.shell:Skip shell extension 'powershell' for command environment: Not usable outside of PowerShell
[0.705s] DEBUG:colcon.colcon_core.shell:Skip shell extension 'dsv' for command environment
[0.719s] INFO:colcon.colcon_ros.task.ament_python.build:Building ROS package in '/home/brairlab/Desktop/line_tracking_race_ros2/line_tracking_race_controller' with build type 'ament_python'
[0.719s] Level 1:colcon.colcon_core.shell:create_environment_hook('line_tracking_race_controller', 'ament_prefix_path')
[0.721s] INFO:colcon.colcon_core.shell:Creating environment hook '/home/brairlab/Desktop/line_tracking_race_ros2/install/line_tracking_race_controller/share/line_tracking_race_controller/hook/ament_prefix_path.ps1'
[0.739s] INFO:colcon.colcon_core.shell:Creating environment descriptor '/home/brairlab/Desktop/line_tracking_race_ros2/install/line_tracking_race_controller/share/line_tracking_race_controller/hook/ament_prefix_path.dsv'
[0.743s] INFO:colcon.colcon_core.shell:Creating environment hook '/home/brairlab/Desktop/line_tracking_race_ros2/install/line_tracking_race_controller/share/line_tracking_race_controller/hook/ament_prefix_path.sh'
[0.758s] INFO:colcon.colcon_core.shell:Skip shell extension 'powershell' for command environment: Not usable outside of PowerShell
[0.758s] DEBUG:colcon.colcon_core.shell:Skip shell extension 'dsv' for command environment
[0.798s] DEBUG:colcon.colcon_core.event_handler.log_command:Invoking command in '/home/brairlab/Desktop/line_tracking_race_ros2/build/line_tracking_race_description': CMAKE_PREFIX_PATH=${CMAKE_PREFIX_PATH}:/home/brairlab/Desktop/line_tracking_race_ros2/install/line_tracking_race_controller:/opt/ros/humble /usr/bin/cmake --build /home/brairlab/Desktop/line_tracking_race_ros2/build/line_tracking_race_description -- -j6 -l6
[0.812s] DEBUG:colcon.colcon_core.event_handler.log_command:Invoking command in '/home/brairlab/Desktop/line_tracking_race_ros2/build/line_tracking_race_application': CMAKE_PREFIX_PATH=${CMAKE_PREFIX_PATH}:/home/brairlab/Desktop/line_tracking_race_ros2/install/line_tracking_race_controller:/opt/ros/humble /usr/bin/cmake --build /home/brairlab/Desktop/line_tracking_race_ros2/build/line_tracking_race_application -- -j6 -l6
[1.128s] INFO:colcon.colcon_core.task.python.build:Building Python package in '/home/brairlab/Desktop/line_tracking_race_ros2/line_tracking_race_controller'
[1.138s] INFO:colcon.colcon_core.shell:Skip shell extension 'powershell' for command environment: Not usable outside of PowerShell
[1.143s] DEBUG:colcon.colcon_core.shell:Skip shell extension 'dsv' for command environment
[1.179s] DEBUG:colcon.colcon_core.event_handler.log_command:Invoked command in '/home/brairlab/Desktop/line_tracking_race_ros2/build/line_tracking_race_description' returned '0': CMAKE_PREFIX_PATH=${CMAKE_PREFIX_PATH}:/home/brairlab/Desktop/line_tracking_race_ros2/install/line_tracking_race_controller:/opt/ros/humble /usr/bin/cmake --build /home/brairlab/Desktop/line_tracking_race_ros2/build/line_tracking_race_description -- -j6 -l6
[1.187s] DEBUG:colcon.colcon_core.event_handler.log_command:Invoked command in '/home/brairlab/Desktop/line_tracking_race_ros2/build/line_tracking_race_application' returned '0': CMAKE_PREFIX_PATH=${CMAKE_PREFIX_PATH}:/home/brairlab/Desktop/line_tracking_race_ros2/install/line_tracking_race_controller:/opt/ros/humble /usr/bin/cmake --build /home/brairlab/Desktop/line_tracking_race_ros2/build/line_tracking_race_application -- -j6 -l6
[1.269s] DEBUG:colcon.colcon_core.event_handler.log_command:Invoking command in '/home/brairlab/Desktop/line_tracking_race_ros2/build/line_tracking_race_description': CMAKE_PREFIX_PATH=${CMAKE_PREFIX_PATH}:/home/brairlab/Desktop/line_tracking_race_ros2/install/line_tracking_race_controller:/opt/ros/humble /usr/bin/cmake --install /home/brairlab/Desktop/line_tracking_race_ros2/build/line_tracking_race_description
[1.275s] DEBUG:colcon.colcon_core.event_handler.log_command:Invoking command in '/home/brairlab/Desktop/line_tracking_race_ros2/build/line_tracking_race_application': CMAKE_PREFIX_PATH=${CMAKE_PREFIX_PATH}:/home/brairlab/Desktop/line_tracking_race_ros2/install/line_tracking_race_controller:/opt/ros/humble /usr/bin/cmake --install /home/brairlab/Desktop/line_tracking_race_ros2/build/line_tracking_race_application
[1.299s] Level 1:colcon.colcon_core.environment:create_environment_scripts_only(line_tracking_race_description)
[1.313s] Level 1:colcon.colcon_core.environment:checking '/home/brairlab/Desktop/line_tracking_race_ros2/install/line_tracking_race_description' for CMake module files
[1.315s] Level 1:colcon.colcon_core.environment:checking '/home/brairlab/Desktop/line_tracking_race_ros2/install/line_tracking_race_description' for CMake config files
[1.319s] Level 1:colcon.colcon_core.shell:create_environment_hook('line_tracking_race_description', 'cmake_prefix_path')
[1.321s] INFO:colcon.colcon_core.shell:Creating environment hook '/home/brairlab/Desktop/line_tracking_race_ros2/install/line_tracking_race_description/share/line_tracking_race_description/hook/cmake_prefix_path.ps1'
[1.325s] DEBUG:colcon.colcon_core.event_handler.log_command:Invoked command in '/home/brairlab/Desktop/line_tracking_race_ros2/build/line_tracking_race_description' returned '0': CMAKE_PREFIX_PATH=${CMAKE_PREFIX_PATH}:/home/brairlab/Desktop/line_tracking_race_ros2/install/line_tracking_race_controller:/opt/ros/humble /usr/bin/cmake --install /home/brairlab/Desktop/line_tracking_race_ros2/build/line_tracking_race_description
[1.325s] INFO:colcon.colcon_core.shell:Creating environment descriptor '/home/brairlab/Desktop/line_tracking_race_ros2/install/line_tracking_race_description/share/line_tracking_race_description/hook/cmake_prefix_path.dsv'
[1.326s] INFO:colcon.colcon_core.shell:Creating environment hook '/home/brairlab/Desktop/line_tracking_race_ros2/install/line_tracking_race_description/share/line_tracking_race_description/hook/cmake_prefix_path.sh'
[1.327s] Level 1:colcon.colcon_core.environment:checking '/home/brairlab/Desktop/line_tracking_race_ros2/install/line_tracking_race_description/bin'
[1.327s] Level 1:colcon.colcon_core.environment:checking '/home/brairlab/Desktop/line_tracking_race_ros2/install/line_tracking_race_description/lib/pkgconfig/line_tracking_race_description.pc'
[1.327s] Level 1:colcon.colcon_core.environment:checking '/home/brairlab/Desktop/line_tracking_race_ros2/install/line_tracking_race_description/lib/python3.10/site-packages'
[1.327s] Level 1:colcon.colcon_core.environment:checking '/home/brairlab/Desktop/line_tracking_race_ros2/install/line_tracking_race_description/bin'
[1.328s] INFO:colcon.colcon_core.shell:Creating package script '/home/brairlab/Desktop/line_tracking_race_ros2/install/line_tracking_race_description/share/line_tracking_race_description/package.ps1'
[1.330s] INFO:colcon.colcon_core.shell:Creating package descriptor '/home/brairlab/Desktop/line_tracking_race_ros2/install/line_tracking_race_description/share/line_tracking_race_description/package.dsv'
[1.331s] INFO:colcon.colcon_core.shell:Creating package script '/home/brairlab/Desktop/line_tracking_race_ros2/install/line_tracking_race_description/share/line_tracking_race_description/package.sh'
[1.332s] INFO:colcon.colcon_core.shell:Creating package script '/home/brairlab/Desktop/line_tracking_race_ros2/install/line_tracking_race_description/share/line_tracking_race_description/package.bash'
[1.333s] INFO:colcon.colcon_core.shell:Creating package script '/home/brairlab/Desktop/line_tracking_race_ros2/install/line_tracking_race_description/share/line_tracking_race_description/package.zsh'
[1.334s] Level 1:colcon.colcon_core.environment:create_file_with_runtime_dependencies(/home/brairlab/Desktop/line_tracking_race_ros2/install/line_tracking_race_description/share/colcon-core/packages/line_tracking_race_description)
[1.337s] Level 1:colcon.colcon_core.environment:create_environment_scripts_only(line_tracking_race_application)
[1.338s] Level 1:colcon.colcon_core.environment:checking '/home/brairlab/Desktop/line_tracking_race_ros2/install/line_tracking_race_application' for CMake module files
[1.339s] Level 1:colcon.colcon_core.environment:checking '/home/brairlab/Desktop/line_tracking_race_ros2/install/line_tracking_race_application' for CMake config files
[1.341s] DEBUG:colcon.colcon_core.event_handler.log_command:Invoked command in '/home/brairlab/Desktop/line_tracking_race_ros2/build/line_tracking_race_application' returned '0': CMAKE_PREFIX_PATH=${CMAKE_PREFIX_PATH}:/home/brairlab/Desktop/line_tracking_race_ros2/install/line_tracking_race_controller:/opt/ros/humble /usr/bin/cmake --install /home/brairlab/Desktop/line_tracking_race_ros2/build/line_tracking_race_application
[1.342s] Level 1:colcon.colcon_core.shell:create_environment_hook('line_tracking_race_application', 'cmake_prefix_path')
[1.343s] INFO:colcon.colcon_core.shell:Creating environment hook '/home/brairlab/Desktop/line_tracking_race_ros2/install/line_tracking_race_application/share/line_tracking_race_application/hook/cmake_prefix_path.ps1'
[1.345s] INFO:colcon.colcon_core.shell:Creating environment descriptor '/home/brairlab/Desktop/line_tracking_race_ros2/install/line_tracking_race_application/share/line_tracking_race_application/hook/cmake_prefix_path.dsv'
[1.345s] INFO:colcon.colcon_core.shell:Creating environment hook '/home/brairlab/Desktop/line_tracking_race_ros2/install/line_tracking_race_application/share/line_tracking_race_application/hook/cmake_prefix_path.sh'
[1.346s] Level 1:colcon.colcon_core.environment:checking '/home/brairlab/Desktop/line_tracking_race_ros2/install/line_tracking_race_application/bin'
[1.346s] Level 1:colcon.colcon_core.environment:checking '/home/brairlab/Desktop/line_tracking_race_ros2/install/line_tracking_race_application/lib/pkgconfig/line_tracking_race_application.pc'
[1.347s] Level 1:colcon.colcon_core.environment:checking '/home/brairlab/Desktop/line_tracking_race_ros2/install/line_tracking_race_application/lib/python3.10/site-packages'
[1.347s] Level 1:colcon.colcon_core.environment:checking '/home/brairlab/Desktop/line_tracking_race_ros2/install/line_tracking_race_application/bin'
[1.347s] INFO:colcon.colcon_core.shell:Creating package script '/home/brairlab/Desktop/line_tracking_race_ros2/install/line_tracking_race_application/share/line_tracking_race_application/package.ps1'
[1.348s] INFO:colcon.colcon_core.shell:Creating package descriptor '/home/brairlab/Desktop/line_tracking_race_ros2/install/line_tracking_race_application/share/line_tracking_race_application/package.dsv'
[1.349s] INFO:colcon.colcon_core.shell:Creating package script '/home/brairlab/Desktop/line_tracking_race_ros2/install/line_tracking_race_application/share/line_tracking_race_application/package.sh'
[1.350s] INFO:colcon.colcon_core.shell:Creating package script '/home/brairlab/Desktop/line_tracking_race_ros2/install/line_tracking_race_application/share/line_tracking_race_application/package.bash'
[1.351s] INFO:colcon.colcon_core.shell:Creating package script '/home/brairlab/Desktop/line_tracking_race_ros2/install/line_tracking_race_application/share/line_tracking_race_application/package.zsh'
[1.351s] Level 1:colcon.colcon_core.environment:create_file_with_runtime_dependencies(/home/brairlab/Desktop/line_tracking_race_ros2/install/line_tracking_race_application/share/colcon-core/packages/line_tracking_race_application)
[1.402s] Level 1:colcon.colcon_core.environment:create_environment_scripts_only(line_tracking_race_description)
[1.403s] Level 1:colcon.colcon_core.environment:checking '/home/brairlab/Desktop/line_tracking_race_ros2/install/line_tracking_race_description' for CMake module files
[1.404s] Level 1:colcon.colcon_core.environment:checking '/home/brairlab/Desktop/line_tracking_race_ros2/install/line_tracking_race_description' for CMake config files
[1.404s] Level 1:colcon.colcon_core.shell:create_environment_hook('line_tracking_race_description', 'cmake_prefix_path')
[1.405s] INFO:colcon.colcon_core.shell:Creating environment hook '/home/brairlab/Desktop/line_tracking_race_ros2/install/line_tracking_race_description/share/line_tracking_race_description/hook/cmake_prefix_path.ps1'
[1.406s] INFO:colcon.colcon_core.shell:Creating environment descriptor '/home/brairlab/Desktop/line_tracking_race_ros2/install/line_tracking_race_description/share/line_tracking_race_description/hook/cmake_prefix_path.dsv'
[1.408s] INFO:colcon.colcon_core.shell:Creating environment hook '/home/brairlab/Desktop/line_tracking_race_ros2/install/line_tracking_race_description/share/line_tracking_race_description/hook/cmake_prefix_path.sh'
[1.409s] Level 1:colcon.colcon_core.environment:checking '/home/brairlab/Desktop/line_tracking_race_ros2/install/line_tracking_race_description/bin'
[1.409s] Level 1:colcon.colcon_core.environment:checking '/home/brairlab/Desktop/line_tracking_race_ros2/install/line_tracking_race_description/lib/pkgconfig/line_tracking_race_description.pc'
[1.410s] Level 1:colcon.colcon_core.environment:checking '/home/brairlab/Desktop/line_tracking_race_ros2/install/line_tracking_race_description/lib/python3.10/site-packages'
[1.410s] Level 1:colcon.colcon_core.environment:checking '/home/brairlab/Desktop/line_tracking_race_ros2/install/line_tracking_race_description/bin'
[1.411s] INFO:colcon.colcon_core.shell:Creating package script '/home/brairlab/Desktop/line_tracking_race_ros2/install/line_tracking_race_description/share/line_tracking_race_description/package.ps1'
[1.412s] INFO:colcon.colcon_core.shell:Creating package descriptor '/home/brairlab/Desktop/line_tracking_race_ros2/install/line_tracking_race_description/share/line_tracking_race_description/package.dsv'
[1.414s] INFO:colcon.colcon_core.shell:Creating package script '/home/brairlab/Desktop/line_tracking_race_ros2/install/line_tracking_race_description/share/line_tracking_race_description/package.sh'
[1.415s] INFO:colcon.colcon_core.shell:Creating package script '/home/brairlab/Desktop/line_tracking_race_ros2/install/line_tracking_race_description/share/line_tracking_race_description/package.bash'
[1.417s] INFO:colcon.colcon_core.shell:Creating package script '/home/brairlab/Desktop/line_tracking_race_ros2/install/line_tracking_race_description/share/line_tracking_race_description/package.zsh'
[1.419s] Level 1:colcon.colcon_core.environment:create_file_with_runtime_dependencies(/home/brairlab/Desktop/line_tracking_race_ros2/install/line_tracking_race_description/share/colcon-core/packages/line_tracking_race_description)
[1.421s] INFO:colcon.colcon_ros.task.ament_cmake.build:Building ROS package in '/home/brairlab/Desktop/line_tracking_race_ros2/line_tracking_race_gazebo' with build type 'ament_cmake'
[1.423s] INFO:colcon.colcon_cmake.task.cmake.build:Building CMake package in '/home/brairlab/Desktop/line_tracking_race_ros2/line_tracking_race_gazebo'
[1.425s] INFO:colcon.colcon_core.shell:Skip shell extension 'powershell' for command environment: Not usable outside of PowerShell
[1.426s] DEBUG:colcon.colcon_core.shell:Skip shell extension 'dsv' for command environment
[1.436s] Level 1:colcon.colcon_core.environment:create_environment_scripts_only(line_tracking_race_application)
[1.437s] Level 1:colcon.colcon_core.environment:checking '/home/brairlab/Desktop/line_tracking_race_ros2/install/line_tracking_race_application' for CMake module files
[1.437s] Level 1:colcon.colcon_core.environment:checking '/home/brairlab/Desktop/line_tracking_race_ros2/install/line_tracking_race_application' for CMake config files
[1.438s] Level 1:colcon.colcon_core.shell:create_environment_hook('line_tracking_race_application', 'cmake_prefix_path')
[1.438s] INFO:colcon.colcon_core.shell:Creating environment hook '/home/brairlab/Desktop/line_tracking_race_ros2/install/line_tracking_race_application/share/line_tracking_race_application/hook/cmake_prefix_path.ps1'
[1.440s] INFO:colcon.colcon_core.shell:Creating environment descriptor '/home/brairlab/Desktop/line_tracking_race_ros2/install/line_tracking_race_application/share/line_tracking_race_application/hook/cmake_prefix_path.dsv'
[1.441s] INFO:colcon.colcon_core.shell:Creating environment hook '/home/brairlab/Desktop/line_tracking_race_ros2/install/line_tracking_race_application/share/line_tracking_race_application/hook/cmake_prefix_path.sh'
[1.443s] Level 1:colcon.colcon_core.environment:checking '/home/brairlab/Desktop/line_tracking_race_ros2/install/line_tracking_race_application/bin'
[1.443s] Level 1:colcon.colcon_core.environment:checking '/home/brairlab/Desktop/line_tracking_race_ros2/install/line_tracking_race_application/lib/pkgconfig/line_tracking_race_application.pc'
[1.444s] Level 1:colcon.colcon_core.environment:checking '/home/brairlab/Desktop/line_tracking_race_ros2/install/line_tracking_race_application/lib/python3.10/site-packages'
[1.444s] Level 1:colcon.colcon_core.environment:checking '/home/brairlab/Desktop/line_tracking_race_ros2/install/line_tracking_race_application/bin'
[1.445s] INFO:colcon.colcon_core.shell:Creating package script '/home/brairlab/Desktop/line_tracking_race_ros2/install/line_tracking_race_application/share/line_tracking_race_application/package.ps1'
[1.447s] INFO:colcon.colcon_core.shell:Creating package descriptor '/home/brairlab/Desktop/line_tracking_race_ros2/install/line_tracking_race_application/share/line_tracking_race_application/package.dsv'
[1.448s] INFO:colcon.colcon_core.shell:Creating package script '/home/brairlab/Desktop/line_tracking_race_ros2/install/line_tracking_race_application/share/line_tracking_race_application/package.sh'
[1.449s] INFO:colcon.colcon_core.shell:Creating package script '/home/brairlab/Desktop/line_tracking_race_ros2/install/line_tracking_race_application/share/line_tracking_race_application/package.bash'
[1.451s] INFO:colcon.colcon_core.shell:Creating package script '/home/brairlab/Desktop/line_tracking_race_ros2/install/line_tracking_race_application/share/line_tracking_race_application/package.zsh'
[1.452s] Level 1:colcon.colcon_core.environment:create_file_with_runtime_dependencies(/home/brairlab/Desktop/line_tracking_race_ros2/install/line_tracking_race_application/share/colcon-core/packages/line_tracking_race_application)
[1.465s] DEBUG:colcon.colcon_core.event_handler.log_command:Invoking command in '/home/brairlab/Desktop/line_tracking_race_ros2/build/line_tracking_race_gazebo': CMAKE_PREFIX_PATH=/home/brairlab/Desktop/line_tracking_race_ros2/install/line_tracking_race_description:/home/brairlab/Desktop/line_tracking_race_ros2/install/line_tracking_race_bringup:/home/brairlab/Desktop/line_tracking_race_ros2/install/line_tracking_race_gazebo:/home/brairlab/Desktop/line_tracking_race_ros2/install/line_tracking_race_application:/home/brairlab/Desktop/line_tracking_race_ros2/install/line_tracking_race_controller:/opt/ros/humble GZ_SIM_RESOURCE_PATH=/home/brairlab/Desktop/line_tracking_race_ros2/install/line_tracking_race_description/share/line_tracking_race_description/models:${GZ_SIM_RESOURCE_PATH} /usr/bin/cmake --build /home/brairlab/Desktop/line_tracking_race_ros2/build/line_tracking_race_gazebo -- -j6 -l6
[1.607s] DEBUG:colcon.colcon_core.event_handler.log_command:Invoked command in '/home/brairlab/Desktop/line_tracking_race_ros2/build/line_tracking_race_gazebo' returned '0': CMAKE_PREFIX_PATH=/home/brairlab/Desktop/line_tracking_race_ros2/install/line_tracking_race_description:/home/brairlab/Desktop/line_tracking_race_ros2/install/line_tracking_race_bringup:/home/brairlab/Desktop/line_tracking_race_ros2/install/line_tracking_race_gazebo:/home/brairlab/Desktop/line_tracking_race_ros2/install/line_tracking_race_application:/home/brairlab/Desktop/line_tracking_race_ros2/install/line_tracking_race_controller:/opt/ros/humble GZ_SIM_RESOURCE_PATH=/home/brairlab/Desktop/line_tracking_race_ros2/install/line_tracking_race_description/share/line_tracking_race_description/models:${GZ_SIM_RESOURCE_PATH} /usr/bin/cmake --build /home/brairlab/Desktop/line_tracking_race_ros2/build/line_tracking_race_gazebo -- -j6 -l6
[1.678s] DEBUG:colcon.colcon_core.event_handler.log_command:Invoking command in '/home/brairlab/Desktop/line_tracking_race_ros2/build/line_tracking_race_gazebo': CMAKE_PREFIX_PATH=/home/brairlab/Desktop/line_tracking_race_ros2/install/line_tracking_race_description:/home/brairlab/Desktop/line_tracking_race_ros2/install/line_tracking_race_bringup:/home/brairlab/Desktop/line_tracking_race_ros2/install/line_tracking_race_gazebo:/home/brairlab/Desktop/line_tracking_race_ros2/install/line_tracking_race_application:/home/brairlab/Desktop/line_tracking_race_ros2/install/line_tracking_race_controller:/opt/ros/humble GZ_SIM_RESOURCE_PATH=/home/brairlab/Desktop/line_tracking_race_ros2/install/line_tracking_race_description/share/line_tracking_race_description/models:${GZ_SIM_RESOURCE_PATH} /usr/bin/cmake --install /home/brairlab/Desktop/line_tracking_race_ros2/build/line_tracking_race_gazebo
[1.710s] DEBUG:colcon.colcon_core.event_handler.log_command:Invoking command in '/home/brairlab/Desktop/line_tracking_race_ros2/line_tracking_race_controller': PYTHONPATH=/home/brairlab/Desktop/line_tracking_race_ros2/build/line_tracking_race_controller/prefix_override:/home/brairlab/Desktop/line_tracking_race_ros2/install/line_tracking_race_controller/lib/python3.10/site-packages:${PYTHONPATH} /usr/bin/python3 setup.py egg_info --egg-base ../build/line_tracking_race_controller build --build-base /home/brairlab/Desktop/line_tracking_race_ros2/build/line_tracking_race_controller/build install --record /home/brairlab/Desktop/line_tracking_race_ros2/build/line_tracking_race_controller/install.log --single-version-externally-managed
[1.714s] Level 1:colcon.colcon_core.environment:create_environment_scripts_only(line_tracking_race_gazebo)
[1.718s] Level 1:colcon.colcon_core.environment:checking '/home/brairlab/Desktop/line_tracking_race_ros2/install/line_tracking_race_gazebo' for CMake module files
[1.719s] Level 1:colcon.colcon_core.environment:checking '/home/brairlab/Desktop/line_tracking_race_ros2/install/line_tracking_race_gazebo' for CMake config files
[1.719s] Level 1:colcon.colcon_core.shell:create_environment_hook('line_tracking_race_gazebo', 'cmake_prefix_path')
[1.717s] DEBUG:colcon.colcon_core.event_handler.log_command:Invoked command in '/home/brairlab/Desktop/line_tracking_race_ros2/build/line_tracking_race_gazebo' returned '0': CMAKE_PREFIX_PATH=/home/brairlab/Desktop/line_tracking_race_ros2/install/line_tracking_race_description:/home/brairlab/Desktop/line_tracking_race_ros2/install/line_tracking_race_bringup:/home/brairlab/Desktop/line_tracking_race_ros2/install/line_tracking_race_gazebo:/home/brairlab/Desktop/line_tracking_race_ros2/install/line_tracking_race_application:/home/brairlab/Desktop/line_tracking_race_ros2/install/line_tracking_race_controller:/opt/ros/humble GZ_SIM_RESOURCE_PATH=/home/brairlab/Desktop/line_tracking_race_ros2/install/line_tracking_race_description/share/line_tracking_race_description/models:${GZ_SIM_RESOURCE_PATH} /usr/bin/cmake --install /home/brairlab/Desktop/line_tracking_race_ros2/build/line_tracking_race_gazebo
[1.721s] INFO:colcon.colcon_core.shell:Creating environment hook '/home/brairlab/Desktop/line_tracking_race_ros2/install/line_tracking_race_gazebo/share/line_tracking_race_gazebo/hook/cmake_prefix_path.ps1'
[1.723s] INFO:colcon.colcon_core.shell:Creating environment descriptor '/home/brairlab/Desktop/line_tracking_race_ros2/install/line_tracking_race_gazebo/share/line_tracking_race_gazebo/hook/cmake_prefix_path.dsv'
[1.724s] INFO:colcon.colcon_core.shell:Creating environment hook '/home/brairlab/Desktop/line_tracking_race_ros2/install/line_tracking_race_gazebo/share/line_tracking_race_gazebo/hook/cmake_prefix_path.sh'
[1.727s] Level 1:colcon.colcon_core.environment:checking '/home/brairlab/Desktop/line_tracking_race_ros2/install/line_tracking_race_gazebo/bin'
[1.727s] Level 1:colcon.colcon_core.environment:checking '/home/brairlab/Desktop/line_tracking_race_ros2/install/line_tracking_race_gazebo/lib/pkgconfig/line_tracking_race_gazebo.pc'
[1.727s] Level 1:colcon.colcon_core.environment:checking '/home/brairlab/Desktop/line_tracking_race_ros2/install/line_tracking_race_gazebo/lib/python3.10/site-packages'
[1.728s] Level 1:colcon.colcon_core.environment:checking '/home/brairlab/Desktop/line_tracking_race_ros2/install/line_tracking_race_gazebo/bin'
[1.729s] INFO:colcon.colcon_core.shell:Creating package script '/home/brairlab/Desktop/line_tracking_race_ros2/install/line_tracking_race_gazebo/share/line_tracking_race_gazebo/package.ps1'
[1.731s] INFO:colcon.colcon_core.shell:Creating package descriptor '/home/brairlab/Desktop/line_tracking_race_ros2/install/line_tracking_race_gazebo/share/line_tracking_race_gazebo/package.dsv'
[1.733s] INFO:colcon.colcon_core.shell:Creating package script '/home/brairlab/Desktop/line_tracking_race_ros2/install/line_tracking_race_gazebo/share/line_tracking_race_gazebo/package.sh'
[1.736s] INFO:colcon.colcon_core.shell:Creating package script '/home/brairlab/Desktop/line_tracking_race_ros2/install/line_tracking_race_gazebo/share/line_tracking_race_gazebo/package.bash'
[1.737s] INFO:colcon.colcon_core.shell:Creating package script '/home/brairlab/Desktop/line_tracking_race_ros2/install/line_tracking_race_gazebo/share/line_tracking_race_gazebo/package.zsh'
[1.738s] Level 1:colcon.colcon_core.environment:create_file_with_runtime_dependencies(/home/brairlab/Desktop/line_tracking_race_ros2/install/line_tracking_race_gazebo/share/colcon-core/packages/line_tracking_race_gazebo)
[1.831s] Level 1:colcon.colcon_core.environment:create_environment_scripts_only(line_tracking_race_gazebo)
[1.833s] Level 1:colcon.colcon_core.environment:checking '/home/brairlab/Desktop/line_tracking_race_ros2/install/line_tracking_race_gazebo' for CMake module files
[1.837s] Level 1:colcon.colcon_core.environment:checking '/home/brairlab/Desktop/line_tracking_race_ros2/install/line_tracking_race_gazebo' for CMake config files
[1.838s] Level 1:colcon.colcon_core.shell:create_environment_hook('line_tracking_race_gazebo', 'cmake_prefix_path')
[1.840s] INFO:colcon.colcon_core.shell:Creating environment hook '/home/brairlab/Desktop/line_tracking_race_ros2/install/line_tracking_race_gazebo/share/line_tracking_race_gazebo/hook/cmake_prefix_path.ps1'
[1.841s] INFO:colcon.colcon_core.shell:Creating environment descriptor '/home/brairlab/Desktop/line_tracking_race_ros2/install/line_tracking_race_gazebo/share/line_tracking_race_gazebo/hook/cmake_prefix_path.dsv'
[1.842s] INFO:colcon.colcon_core.shell:Creating environment hook '/home/brairlab/Desktop/line_tracking_race_ros2/install/line_tracking_race_gazebo/share/line_tracking_race_gazebo/hook/cmake_prefix_path.sh'
[1.845s] Level 1:colcon.colcon_core.environment:checking '/home/brairlab/Desktop/line_tracking_race_ros2/install/line_tracking_race_gazebo/bin'
[1.849s] Level 1:colcon.colcon_core.environment:checking '/home/brairlab/Desktop/line_tracking_race_ros2/install/line_tracking_race_gazebo/lib/pkgconfig/line_tracking_race_gazebo.pc'
[1.849s] Level 1:colcon.colcon_core.environment:checking '/home/brairlab/Desktop/line_tracking_race_ros2/install/line_tracking_race_gazebo/lib/python3.10/site-packages'
[1.849s] Level 1:colcon.colcon_core.environment:checking '/home/brairlab/Desktop/line_tracking_race_ros2/install/line_tracking_race_gazebo/bin'
[1.851s] INFO:colcon.colcon_core.shell:Creating package script '/home/brairlab/Desktop/line_tracking_race_ros2/install/line_tracking_race_gazebo/share/line_tracking_race_gazebo/package.ps1'
[1.853s] INFO:colcon.colcon_core.shell:Creating package descriptor '/home/brairlab/Desktop/line_tracking_race_ros2/install/line_tracking_race_gazebo/share/line_tracking_race_gazebo/package.dsv'
[1.855s] INFO:colcon.colcon_core.shell:Creating package script '/home/brairlab/Desktop/line_tracking_race_ros2/install/line_tracking_race_gazebo/share/line_tracking_race_gazebo/package.sh'
[1.857s] INFO:colcon.colcon_core.shell:Creating package script '/home/brairlab/Desktop/line_tracking_race_ros2/install/line_tracking_race_gazebo/share/line_tracking_race_gazebo/package.bash'
[1.858s] INFO:colcon.colcon_core.shell:Creating package script '/home/brairlab/Desktop/line_tracking_race_ros2/install/line_tracking_race_gazebo/share/line_tracking_race_gazebo/package.zsh'
[1.860s] Level 1:colcon.colcon_core.environment:create_file_with_runtime_dependencies(/home/brairlab/Desktop/line_tracking_race_ros2/install/line_tracking_race_gazebo/share/colcon-core/packages/line_tracking_race_gazebo)
[1.861s] INFO:colcon.colcon_ros.task.ament_cmake.build:Building ROS package in '/home/brairlab/Desktop/line_tracking_race_ros2/line_tracking_race_bringup' with build type 'ament_cmake'
[1.862s] INFO:colcon.colcon_cmake.task.cmake.build:Building CMake package in '/home/brairlab/Desktop/line_tracking_race_ros2/line_tracking_race_bringup'
[1.864s] INFO:colcon.colcon_core.shell:Skip shell extension 'powershell' for command environment: Not usable outside of PowerShell
[1.864s] DEBUG:colcon.colcon_core.shell:Skip shell extension 'dsv' for command environment
[1.914s] DEBUG:colcon.colcon_core.event_handler.log_command:Invoking command in '/home/brairlab/Desktop/line_tracking_race_ros2/build/line_tracking_race_bringup': CMAKE_PREFIX_PATH=/home/brairlab/Desktop/line_tracking_race_ros2/install/line_tracking_race_gazebo:/home/brairlab/Desktop/line_tracking_race_ros2/install/line_tracking_race_description:/home/brairlab/Desktop/line_tracking_race_ros2/install/line_tracking_race_bringup:/home/brairlab/Desktop/line_tracking_race_ros2/install/line_tracking_race_application:/home/brairlab/Desktop/line_tracking_race_ros2/install/line_tracking_race_controller:/opt/ros/humble GZ_SIM_RESOURCE_PATH=/home/brairlab/Desktop/line_tracking_race_ros2/install/line_tracking_race_description/share/line_tracking_race_description/models:${GZ_SIM_RESOURCE_PATH} /usr/bin/cmake --build /home/brairlab/Desktop/line_tracking_race_ros2/build/line_tracking_race_bringup -- -j6 -l6
[2.018s] DEBUG:colcon.colcon_core.event_handler.log_command:Invoked command in '/home/brairlab/Desktop/line_tracking_race_ros2/build/line_tracking_race_bringup' returned '0': CMAKE_PREFIX_PATH=/home/brairlab/Desktop/line_tracking_race_ros2/install/line_tracking_race_gazebo:/home/brairlab/Desktop/line_tracking_race_ros2/install/line_tracking_race_description:/home/brairlab/Desktop/line_tracking_race_ros2/install/line_tracking_race_bringup:/home/brairlab/Desktop/line_tracking_race_ros2/install/line_tracking_race_application:/home/brairlab/Desktop/line_tracking_race_ros2/install/line_tracking_race_controller:/opt/ros/humble GZ_SIM_RESOURCE_PATH=/home/brairlab/Desktop/line_tracking_race_ros2/install/line_tracking_race_description/share/line_tracking_race_description/models:${GZ_SIM_RESOURCE_PATH} /usr/bin/cmake --build /home/brairlab/Desktop/line_tracking_race_ros2/build/line_tracking_race_bringup -- -j6 -l6
[2.120s] DEBUG:colcon.colcon_core.event_handler.log_command:Invoking command in '/home/brairlab/Desktop/line_tracking_race_ros2/build/line_tracking_race_bringup': CMAKE_PREFIX_PATH=/home/brairlab/Desktop/line_tracking_race_ros2/install/line_tracking_race_gazebo:/home/brairlab/Desktop/line_tracking_race_ros2/install/line_tracking_race_description:/home/brairlab/Desktop/line_tracking_race_ros2/install/line_tracking_race_bringup:/home/brairlab/Desktop/line_tracking_race_ros2/install/line_tracking_race_application:/home/brairlab/Desktop/line_tracking_race_ros2/install/line_tracking_race_controller:/opt/ros/humble GZ_SIM_RESOURCE_PATH=/home/brairlab/Desktop/line_tracking_race_ros2/install/line_tracking_race_description/share/line_tracking_race_description/models:${GZ_SIM_RESOURCE_PATH} /usr/bin/cmake --install /home/brairlab/Desktop/line_tracking_race_ros2/build/line_tracking_race_bringup
[2.155s] Level 1:colcon.colcon_core.environment:create_environment_scripts_only(line_tracking_race_bringup)
[2.156s] Level 1:colcon.colcon_core.environment:checking '/home/brairlab/Desktop/line_tracking_race_ros2/install/line_tracking_race_bringup' for CMake module files
[2.159s] Level 1:colcon.colcon_core.environment:checking '/home/brairlab/Desktop/line_tracking_race_ros2/install/line_tracking_race_bringup' for CMake config files
[2.160s] DEBUG:colcon.colcon_core.event_handler.log_command:Invoked command in '/home/brairlab/Desktop/line_tracking_race_ros2/build/line_tracking_race_bringup' returned '0': CMAKE_PREFIX_PATH=/home/brairlab/Desktop/line_tracking_race_ros2/install/line_tracking_race_gazebo:/home/brairlab/Desktop/line_tracking_race_ros2/install/line_tracking_race_description:/home/brairlab/Desktop/line_tracking_race_ros2/install/line_tracking_race_bringup:/home/brairlab/Desktop/line_tracking_race_ros2/install/line_tracking_race_application:/home/brairlab/Desktop/line_tracking_race_ros2/install/line_tracking_race_controller:/opt/ros/humble GZ_SIM_RESOURCE_PATH=/home/brairlab/Desktop/line_tracking_race_ros2/install/line_tracking_race_description/share/line_tracking_race_description/models:${GZ_SIM_RESOURCE_PATH} /usr/bin/cmake --install /home/brairlab/Desktop/line_tracking_race_ros2/build/line_tracking_race_bringup
[2.167s] Level 1:colcon.colcon_core.shell:create_environment_hook('line_tracking_race_bringup', 'cmake_prefix_path')
[2.169s] INFO:colcon.colcon_core.shell:Creating environment hook '/home/brairlab/Desktop/line_tracking_race_ros2/install/line_tracking_race_bringup/share/line_tracking_race_bringup/hook/cmake_prefix_path.ps1'
[2.180s] INFO:colcon.colcon_core.shell:Creating environment descriptor '/home/brairlab/Desktop/line_tracking_race_ros2/install/line_tracking_race_bringup/share/line_tracking_race_bringup/hook/cmake_prefix_path.dsv'
[2.182s] INFO:colcon.colcon_core.shell:Creating environment hook '/home/brairlab/Desktop/line_tracking_race_ros2/install/line_tracking_race_bringup/share/line_tracking_race_bringup/hook/cmake_prefix_path.sh'
[2.186s] Level 1:colcon.colcon_core.environment:checking '/home/brairlab/Desktop/line_tracking_race_ros2/install/line_tracking_race_bringup/bin'
[2.186s] Level 1:colcon.colcon_core.environment:checking '/home/brairlab/Desktop/line_tracking_race_ros2/install/line_tracking_race_bringup/lib/pkgconfig/line_tracking_race_bringup.pc'
[2.187s] Level 1:colcon.colcon_core.environment:checking '/home/brairlab/Desktop/line_tracking_race_ros2/install/line_tracking_race_bringup/lib/python3.10/site-packages'
[2.187s] Level 1:colcon.colcon_core.environment:checking '/home/brairlab/Desktop/line_tracking_race_ros2/install/line_tracking_race_bringup/bin'
[2.188s] INFO:colcon.colcon_core.shell:Creating package script '/home/brairlab/Desktop/line_tracking_race_ros2/install/line_tracking_race_bringup/share/line_tracking_race_bringup/package.ps1'
[2.189s] INFO:colcon.colcon_core.shell:Creating package descriptor '/home/brairlab/Desktop/line_tracking_race_ros2/install/line_tracking_race_bringup/share/line_tracking_race_bringup/package.dsv'
[2.195s] INFO:colcon.colcon_core.shell:Creating package script '/home/brairlab/Desktop/line_tracking_race_ros2/install/line_tracking_race_bringup/share/line_tracking_race_bringup/package.sh'
[2.201s] INFO:colcon.colcon_core.shell:Creating package script '/home/brairlab/Desktop/line_tracking_race_ros2/install/line_tracking_race_bringup/share/line_tracking_race_bringup/package.bash'
[2.202s] INFO:colcon.colcon_core.shell:Creating package script '/home/brairlab/Desktop/line_tracking_race_ros2/install/line_tracking_race_bringup/share/line_tracking_race_bringup/package.zsh'
[2.204s] Level 1:colcon.colcon_core.environment:create_file_with_runtime_dependencies(/home/brairlab/Desktop/line_tracking_race_ros2/install/line_tracking_race_bringup/share/colcon-core/packages/line_tracking_race_bringup)
[2.300s] Level 1:colcon.colcon_core.environment:create_environment_scripts_only(line_tracking_race_bringup)
[2.301s] Level 1:colcon.colcon_core.environment:checking '/home/brairlab/Desktop/line_tracking_race_ros2/install/line_tracking_race_bringup' for CMake module files
[2.302s] Level 1:colcon.colcon_core.environment:checking '/home/brairlab/Desktop/line_tracking_race_ros2/install/line_tracking_race_bringup' for CMake config files
[2.303s] Level 1:colcon.colcon_core.shell:create_environment_hook('line_tracking_race_bringup', 'cmake_prefix_path')
[2.305s] INFO:colcon.colcon_core.shell:Creating environment hook '/home/brairlab/Desktop/line_tracking_race_ros2/install/line_tracking_race_bringup/share/line_tracking_race_bringup/hook/cmake_prefix_path.ps1'
[2.307s] INFO:colcon.colcon_core.shell:Creating environment descriptor '/home/brairlab/Desktop/line_tracking_race_ros2/install/line_tracking_race_bringup/share/line_tracking_race_bringup/hook/cmake_prefix_path.dsv'
[2.308s] INFO:colcon.colcon_core.shell:Creating environment hook '/home/brairlab/Desktop/line_tracking_race_ros2/install/line_tracking_race_bringup/share/line_tracking_race_bringup/hook/cmake_prefix_path.sh'
[2.309s] Level 1:colcon.colcon_core.environment:checking '/home/brairlab/Desktop/line_tracking_race_ros2/install/line_tracking_race_bringup/bin'
[2.309s] Level 1:colcon.colcon_core.environment:checking '/home/brairlab/Desktop/line_tracking_race_ros2/install/line_tracking_race_bringup/lib/pkgconfig/line_tracking_race_bringup.pc'
[2.310s] Level 1:colcon.colcon_core.environment:checking '/home/brairlab/Desktop/line_tracking_race_ros2/install/line_tracking_race_bringup/lib/python3.10/site-packages'
[2.310s] Level 1:colcon.colcon_core.environment:checking '/home/brairlab/Desktop/line_tracking_race_ros2/install/line_tracking_race_bringup/bin'
[2.312s] INFO:colcon.colcon_core.shell:Creating package script '/home/brairlab/Desktop/line_tracking_race_ros2/install/line_tracking_race_bringup/share/line_tracking_race_bringup/package.ps1'
[2.314s] INFO:colcon.colcon_core.shell:Creating package descriptor '/home/brairlab/Desktop/line_tracking_race_ros2/install/line_tracking_race_bringup/share/line_tracking_race_bringup/package.dsv'
[2.320s] INFO:colcon.colcon_core.shell:Creating package script '/home/brairlab/Desktop/line_tracking_race_ros2/install/line_tracking_race_bringup/share/line_tracking_race_bringup/package.sh'
[2.321s] INFO:colcon.colcon_core.shell:Creating package script '/home/brairlab/Desktop/line_tracking_race_ros2/install/line_tracking_race_bringup/share/line_tracking_race_bringup/package.bash'
[2.322s] INFO:colcon.colcon_core.shell:Creating package script '/home/brairlab/Desktop/line_tracking_race_ros2/install/line_tracking_race_bringup/share/line_tracking_race_bringup/package.zsh'
[2.329s] Level 1:colcon.colcon_core.environment:create_file_with_runtime_dependencies(/home/brairlab/Desktop/line_tracking_race_ros2/install/line_tracking_race_bringup/share/colcon-core/packages/line_tracking_race_bringup)
[2.339s] Level 1:colcon.colcon_core.environment:checking '/home/brairlab/Desktop/line_tracking_race_ros2/install/line_tracking_race_controller' for CMake module files
[2.341s] DEBUG:colcon.colcon_core.event_handler.log_command:Invoked command in '/home/brairlab/Desktop/line_tracking_race_ros2/line_tracking_race_controller' returned '0': PYTHONPATH=/home/brairlab/Desktop/line_tracking_race_ros2/build/line_tracking_race_controller/prefix_override:/home/brairlab/Desktop/line_tracking_race_ros2/install/line_tracking_race_controller/lib/python3.10/site-packages:${PYTHONPATH} /usr/bin/python3 setup.py egg_info --egg-base ../build/line_tracking_race_controller build --build-base /home/brairlab/Desktop/line_tracking_race_ros2/build/line_tracking_race_controller/build install --record /home/brairlab/Desktop/line_tracking_race_ros2/build/line_tracking_race_controller/install.log --single-version-externally-managed
[2.342s] Level 1:colcon.colcon_core.environment:checking '/home/brairlab/Desktop/line_tracking_race_ros2/install/line_tracking_race_controller' for CMake config files
[2.345s] Level 1:colcon.colcon_core.environment:checking '/home/brairlab/Desktop/line_tracking_race_ros2/install/line_tracking_race_controller/lib'
[2.346s] Level 1:colcon.colcon_core.environment:checking '/home/brairlab/Desktop/line_tracking_race_ros2/install/line_tracking_race_controller/bin'
[2.346s] Level 1:colcon.colcon_core.environment:checking '/home/brairlab/Desktop/line_tracking_race_ros2/install/line_tracking_race_controller/lib/pkgconfig/line_tracking_race_controller.pc'
[2.346s] Level 1:colcon.colcon_core.environment:checking '/home/brairlab/Desktop/line_tracking_race_ros2/install/line_tracking_race_controller/lib/python3.10/site-packages'
[2.347s] Level 1:colcon.colcon_core.shell:create_environment_hook('line_tracking_race_controller', 'pythonpath')
[2.349s] INFO:colcon.colcon_core.shell:Creating environment hook '/home/brairlab/Desktop/line_tracking_race_ros2/install/line_tracking_race_controller/share/line_tracking_race_controller/hook/pythonpath.ps1'
[2.367s] INFO:colcon.colcon_core.shell:Creating environment descriptor '/home/brairlab/Desktop/line_tracking_race_ros2/install/line_tracking_race_controller/share/line_tracking_race_controller/hook/pythonpath.dsv'
[2.369s] INFO:colcon.colcon_core.shell:Creating environment hook '/home/brairlab/Desktop/line_tracking_race_ros2/install/line_tracking_race_controller/share/line_tracking_race_controller/hook/pythonpath.sh'
[2.370s] Level 1:colcon.colcon_core.environment:checking '/home/brairlab/Desktop/line_tracking_race_ros2/install/line_tracking_race_controller/bin'
[2.370s] Level 1:colcon.colcon_core.environment:create_environment_scripts_only(line_tracking_race_controller)
[2.371s] INFO:colcon.colcon_core.shell:Creating package script '/home/brairlab/Desktop/line_tracking_race_ros2/install/line_tracking_race_controller/share/line_tracking_race_controller/package.ps1'
[2.373s] INFO:colcon.colcon_core.shell:Creating package descriptor '/home/brairlab/Desktop/line_tracking_race_ros2/install/line_tracking_race_controller/share/line_tracking_race_controller/package.dsv'
[2.375s] INFO:colcon.colcon_core.shell:Creating package script '/home/brairlab/Desktop/line_tracking_race_ros2/install/line_tracking_race_controller/share/line_tracking_race_controller/package.sh'
[2.377s] INFO:colcon.colcon_core.shell:Creating package script '/home/brairlab/Desktop/line_tracking_race_ros2/install/line_tracking_race_controller/share/line_tracking_race_controller/package.bash'
[2.377s] INFO:colcon.colcon_core.shell:Creating package script '/home/brairlab/Desktop/line_tracking_race_ros2/install/line_tracking_race_controller/share/line_tracking_race_controller/package.zsh'
[2.379s] Level 1:colcon.colcon_core.environment:create_file_with_runtime_dependencies(/home/brairlab/Desktop/line_tracking_race_ros2/install/line_tracking_race_controller/share/colcon-core/packages/line_tracking_race_controller)
[2.381s] DEBUG:colcon.colcon_parallel_executor.executor.parallel:closing loop
[2.381s] DEBUG:colcon.colcon_parallel_executor.executor.parallel:loop closed
[2.382s] DEBUG:colcon.colcon_parallel_executor.executor.parallel:run_until_complete finished with '0'
[2.382s] DEBUG:colcon.colcon_core.event_reactor:joining thread
[2.418s] INFO:colcon.colcon_core.plugin_system:Skipping extension 'colcon_notification.desktop_notification.terminal_notifier': Not used on non-Darwin systems
[2.418s] INFO:colcon.colcon_core.plugin_system:Skipping extension 'colcon_notification.desktop_notification.win32': Not used on non-Windows systems
[2.418s] INFO:colcon.colcon_notification.desktop_notification:Sending desktop notification using 'notify2'
[2.458s] DEBUG:colcon.colcon_core.event_reactor:joined thread
[2.459s] INFO:colcon.colcon_core.shell:Creating prefix script '/home/brairlab/Desktop/line_tracking_race_ros2/install/local_setup.ps1'
[2.461s] INFO:colcon.colcon_core.shell:Creating prefix util module '/home/brairlab/Desktop/line_tracking_race_ros2/install/_local_setup_util_ps1.py'
[2.468s] INFO:colcon.colcon_core.shell:Creating prefix chain script '/home/brairlab/Desktop/line_tracking_race_ros2/install/setup.ps1'
[2.471s] INFO:colcon.colcon_core.shell:Creating prefix script '/home/brairlab/Desktop/line_tracking_race_ros2/install/local_setup.sh'
[2.473s] INFO:colcon.colcon_core.shell:Creating prefix util module '/home/brairlab/Desktop/line_tracking_race_ros2/install/_local_setup_util_sh.py'
[2.475s] INFO:colcon.colcon_core.shell:Creating prefix chain script '/home/brairlab/Desktop/line_tracking_race_ros2/install/setup.sh'
[2.486s] INFO:colcon.colcon_core.shell:Creating prefix script '/home/brairlab/Desktop/line_tracking_race_ros2/install/local_setup.bash'
[2.499s] INFO:colcon.colcon_core.shell:Creating prefix chain script '/home/brairlab/Desktop/line_tracking_race_ros2/install/setup.bash'
[2.506s] INFO:colcon.colcon_core.shell:Creating prefix script '/home/brairlab/Desktop/line_tracking_race_ros2/install/local_setup.zsh'
[2.508s] INFO:colcon.colcon_core.shell:Creating prefix chain script '/home/brairlab/Desktop/line_tracking_race_ros2/install/setup.zsh'
