[2.390s] Invoking command in '/home/brairlab/Desktop/line_tracking_race_ros2/line_tracking_race_controller': PYTHONPATH=/home/brairlab/Desktop/line_tracking_race_ros2/build/line_tracking_race_controller/prefix_override:/usr/lib/python3/dist-packages/colcon_core/task/python/colcon_distutils_commands:/home/brairlab/Desktop/line_tracking_race_ros2/install/line_tracking_race_controller/lib/python3.10/site-packages:${PYTHONPATH} /usr/bin/python3 -W ignore:setup.py install is deprecated -W ignore:easy_install command is deprecated setup.py egg_info --egg-base ../build/line_tracking_race_controller build --build-base /home/brairlab/Desktop/line_tracking_race_ros2/build/line_tracking_race_controller/build install --record /home/brairlab/Desktop/line_tracking_race_ros2/build/line_tracking_race_controller/install.log --single-version-externally-managed install_data
[2.890s] running egg_info
[2.891s] writing ../build/line_tracking_race_controller/line_tracking_race_controller.egg-info/PKG-INFO
[2.894s] writing dependency_links to ../build/line_tracking_race_controller/line_tracking_race_controller.egg-info/dependency_links.txt
[2.895s] writing entry points to ../build/line_tracking_race_controller/line_tracking_race_controller.egg-info/entry_points.txt
[2.897s] writing requirements to ../build/line_tracking_race_controller/line_tracking_race_controller.egg-info/requires.txt
[2.900s] writing top-level names to ../build/line_tracking_race_controller/line_tracking_race_controller.egg-info/top_level.txt
[2.907s] reading manifest file '../build/line_tracking_race_controller/line_tracking_race_controller.egg-info/SOURCES.txt'
[2.910s] writing manifest file '../build/line_tracking_race_controller/line_tracking_race_controller.egg-info/SOURCES.txt'
[2.911s] running build
[2.912s] running build_py
[2.912s] copying line_tracking_race_controller/control_node_nl.py -> /home/brairlab/Desktop/line_tracking_race_ros2/build/line_tracking_race_controller/build/lib/line_tracking_race_controller
[2.913s] running install
[2.914s] running install_lib
[2.916s] copying /home/brairlab/Desktop/line_tracking_race_ros2/build/line_tracking_race_controller/build/lib/line_tracking_race_controller/control_node_nl.py -> /home/brairlab/Desktop/line_tracking_race_ros2/install/line_tracking_race_controller/lib/python3.10/site-packages/line_tracking_race_controller
[2.918s] byte-compiling /home/brairlab/Desktop/line_tracking_race_ros2/install/line_tracking_race_controller/lib/python3.10/site-packages/line_tracking_race_controller/control_node_nl.py to control_node_nl.cpython-310.pyc
[2.928s] running install_data
[2.928s] running install_egg_info
[2.933s] removing '/home/brairlab/Desktop/line_tracking_race_ros2/install/line_tracking_race_controller/lib/python3.10/site-packages/line_tracking_race_controller-0.0.0-py3.10.egg-info' (and everything under it)
[2.935s] Copying ../build/line_tracking_race_controller/line_tracking_race_controller.egg-info to /home/brairlab/Desktop/line_tracking_race_ros2/install/line_tracking_race_controller/lib/python3.10/site-packages/line_tracking_race_controller-0.0.0-py3.10.egg-info
[2.937s] running install_scripts
[3.031s] Installing control_node script to /home/brairlab/Desktop/line_tracking_race_ros2/install/line_tracking_race_controller/lib/line_tracking_race_controller
[3.031s] Installing control_node_nl script to /home/brairlab/Desktop/line_tracking_race_ros2/install/line_tracking_race_controller/lib/line_tracking_race_controller
[3.033s] Installing control_node_sel script to /home/brairlab/Desktop/line_tracking_race_ros2/install/line_tracking_race_controller/lib/line_tracking_race_controller
[3.035s] Installing planner_node script to /home/brairlab/Desktop/line_tracking_race_ros2/install/line_tracking_race_controller/lib/line_tracking_race_controller
[3.037s] Installing planner_node_nl script to /home/brairlab/Desktop/line_tracking_race_ros2/install/line_tracking_race_controller/lib/line_tracking_race_controller
[3.039s] Installing planner_node_sel script to /home/brairlab/Desktop/line_tracking_race_ros2/install/line_tracking_race_controller/lib/line_tracking_race_controller
[3.040s] Installing visualizer script to /home/brairlab/Desktop/line_tracking_race_ros2/install/line_tracking_race_controller/lib/line_tracking_race_controller
[3.042s] writing list of installed files to '/home/brairlab/Desktop/line_tracking_race_ros2/build/line_tracking_race_controller/install.log'
[3.135s] Invoked command in '/home/brairlab/Desktop/line_tracking_race_ros2/line_tracking_race_controller' returned '0': PYTHONPATH=/home/brairlab/Desktop/line_tracking_race_ros2/build/line_tracking_race_controller/prefix_override:/usr/lib/python3/dist-packages/colcon_core/task/python/colcon_distutils_commands:/home/brairlab/Desktop/line_tracking_race_ros2/install/line_tracking_race_controller/lib/python3.10/site-packages:${PYTHONPATH} /usr/bin/python3 -W ignore:setup.py install is deprecated -W ignore:easy_install command is deprecated setup.py egg_info --egg-base ../build/line_tracking_race_controller build --build-base /home/brairlab/Desktop/line_tracking_race_ros2/build/line_tracking_race_controller/build install --record /home/brairlab/Desktop/line_tracking_race_ros2/build/line_tracking_race_controller/install.log --single-version-externally-managed install_data
