[0.239s] Invoking command in '/home/brairlab/Desktop/line_tracking_race_ros2/build/line_tracking_race_application': CMAKE_PREFIX_PATH=${CMAKE_PREFIX_PATH}:/home/brairlab/Desktop/line_tracking_race_ros2/install/line_tracking_race_controller:/opt/ros/humble /usr/bin/cmake --build /home/brairlab/Desktop/line_tracking_race_ros2/build/line_tracking_race_application -- -j4 -l4
[0.828s] Invoked command in '/home/brairlab/Desktop/line_tracking_race_ros2/build/line_tracking_race_application' returned '0': CMAKE_PREFIX_PATH=${CMAKE_PREFIX_PATH}:/home/brairlab/Desktop/line_tracking_race_ros2/install/line_tracking_race_controller:/opt/ros/humble /usr/bin/cmake --build /home/brairlab/Desktop/line_tracking_race_ros2/build/line_tracking_race_application -- -j4 -l4
[0.829s] Invoking command in '/home/brairlab/Desktop/line_tracking_race_ros2/build/line_tracking_race_application': CMAKE_PREFIX_PATH=${CMAKE_PREFIX_PATH}:/home/brairlab/Desktop/line_tracking_race_ros2/install/line_tracking_race_controller:/opt/ros/humble /usr/bin/cmake --install /home/brairlab/Desktop/line_tracking_race_ros2/build/line_tracking_race_application
[0.901s] -- Install configuration: ""
[0.901s] -- Up-to-date: /home/brairlab/Desktop/line_tracking_race_ros2/install/line_tracking_race_application/share/ament_index/resource_index/package_run_dependencies/line_tracking_race_application
[0.901s] -- Up-to-date: /home/brairlab/Desktop/line_tracking_race_ros2/install/line_tracking_race_application/share/ament_index/resource_index/parent_prefix_path/line_tracking_race_application
[0.901s] -- Up-to-date: /home/brairlab/Desktop/line_tracking_race_ros2/install/line_tracking_race_application/share/line_tracking_race_application/environment/ament_prefix_path.sh
[0.902s] -- Up-to-date: /home/brairlab/Desktop/line_tracking_race_ros2/install/line_tracking_race_application/share/line_tracking_race_application/environment/ament_prefix_path.dsv
[0.906s] -- Up-to-date: /home/brairlab/Desktop/line_tracking_race_ros2/install/line_tracking_race_application/share/line_tracking_race_application/environment/path.sh
[0.907s] -- Up-to-date: /home/brairlab/Desktop/line_tracking_race_ros2/install/line_tracking_race_application/share/line_tracking_race_application/environment/path.dsv
[0.907s] -- Up-to-date: /home/brairlab/Desktop/line_tracking_race_ros2/install/line_tracking_race_application/share/line_tracking_race_application/local_setup.bash
[0.912s] -- Up-to-date: /home/brairlab/Desktop/line_tracking_race_ros2/install/line_tracking_race_application/share/line_tracking_race_application/local_setup.sh
[0.912s] -- Up-to-date: /home/brairlab/Desktop/line_tracking_race_ros2/install/line_tracking_race_application/share/line_tracking_race_application/local_setup.zsh
[0.912s] -- Up-to-date: /home/brairlab/Desktop/line_tracking_race_ros2/install/line_tracking_race_application/share/line_tracking_race_application/local_setup.dsv
[0.912s] -- Installing: /home/brairlab/Desktop/line_tracking_race_ros2/install/line_tracking_race_application/share/line_tracking_race_application/package.dsv
[0.913s] -- Up-to-date: /home/brairlab/Desktop/line_tracking_race_ros2/install/line_tracking_race_application/share/ament_index/resource_index/packages/line_tracking_race_application
[0.913s] -- Up-to-date: /home/brairlab/Desktop/line_tracking_race_ros2/install/line_tracking_race_application/share/line_tracking_race_application/cmake/line_tracking_race_applicationConfig.cmake
[0.913s] -- Up-to-date: /home/brairlab/Desktop/line_tracking_race_ros2/install/line_tracking_race_application/share/line_tracking_race_application/cmake/line_tracking_race_applicationConfig-version.cmake
[0.913s] -- Up-to-date: /home/brairlab/Desktop/line_tracking_race_ros2/install/line_tracking_race_application/share/line_tracking_race_application/package.xml
[1.058s] Invoked command in '/home/brairlab/Desktop/line_tracking_race_ros2/build/line_tracking_race_application' returned '0': CMAKE_PREFIX_PATH=${CMAKE_PREFIX_PATH}:/home/brairlab/Desktop/line_tracking_race_ros2/install/line_tracking_race_controller:/opt/ros/humble /usr/bin/cmake --install /home/brairlab/Desktop/line_tracking_race_ros2/build/line_tracking_race_application
