/home/brairlab/Desktop/line_tracking_race_ros2/install/line_tracking_race_controller/lib/python3.10/site-packages/line_tracking_race_controller/control_node.py
/home/brairlab/Desktop/line_tracking_race_ros2/install/line_tracking_race_controller/lib/python3.10/site-packages/line_tracking_race_controller/planner_node.py
/home/brairlab/Desktop/line_tracking_race_ros2/install/line_tracking_race_controller/lib/python3.10/site-packages/line_tracking_race_controller/colors.py
/home/brairlab/Desktop/line_tracking_race_ros2/install/line_tracking_race_controller/lib/python3.10/site-packages/line_tracking_race_controller/planner_node_sel.py
/home/brairlab/Desktop/line_tracking_race_ros2/install/line_tracking_race_controller/lib/python3.10/site-packages/line_tracking_race_controller/centerline_strategy.py
/home/brairlab/Desktop/line_tracking_race_ros2/install/line_tracking_race_controller/lib/python3.10/site-packages/line_tracking_race_controller/control_node_nl.py
/home/brairlab/Desktop/line_tracking_race_ros2/install/line_tracking_race_controller/lib/python3.10/site-packages/line_tracking_race_controller/centroid_strategy.py
/home/brairlab/Desktop/line_tracking_race_ros2/install/line_tracking_race_controller/lib/python3.10/site-packages/line_tracking_race_controller/visualizer.py
/home/brairlab/Desktop/line_tracking_race_ros2/install/line_tracking_race_controller/lib/python3.10/site-packages/line_tracking_race_controller/__init__.py
/home/brairlab/Desktop/line_tracking_race_ros2/install/line_tracking_race_controller/lib/python3.10/site-packages/line_tracking_race_controller/control_node_sel.py
/home/brairlab/Desktop/line_tracking_race_ros2/install/line_tracking_race_controller/lib/python3.10/site-packages/line_tracking_race_controller/nonlinear_strategy.py
/home/brairlab/Desktop/line_tracking_race_ros2/install/line_tracking_race_controller/lib/python3.10/site-packages/line_tracking_race_controller/planner_node_nl.py
/home/brairlab/Desktop/line_tracking_race_ros2/install/line_tracking_race_controller/lib/python3.10/site-packages/line_tracking_race_controller/error_type.py
/home/brairlab/Desktop/line_tracking_race_ros2/install/line_tracking_race_controller/lib/python3.10/site-packages/line_tracking_race_controller/__pycache__/control_node.cpython-310.pyc
/home/brairlab/Desktop/line_tracking_race_ros2/install/line_tracking_race_controller/lib/python3.10/site-packages/line_tracking_race_controller/__pycache__/planner_node.cpython-310.pyc
/home/brairlab/Desktop/line_tracking_race_ros2/install/line_tracking_race_controller/lib/python3.10/site-packages/line_tracking_race_controller/__pycache__/colors.cpython-310.pyc
/home/brairlab/Desktop/line_tracking_race_ros2/install/line_tracking_race_controller/lib/python3.10/site-packages/line_tracking_race_controller/__pycache__/planner_node_sel.cpython-310.pyc
/home/brairlab/Desktop/line_tracking_race_ros2/install/line_tracking_race_controller/lib/python3.10/site-packages/line_tracking_race_controller/__pycache__/centerline_strategy.cpython-310.pyc
/home/brairlab/Desktop/line_tracking_race_ros2/install/line_tracking_race_controller/lib/python3.10/site-packages/line_tracking_race_controller/__pycache__/control_node_nl.cpython-310.pyc
/home/brairlab/Desktop/line_tracking_race_ros2/install/line_tracking_race_controller/lib/python3.10/site-packages/line_tracking_race_controller/__pycache__/centroid_strategy.cpython-310.pyc
/home/brairlab/Desktop/line_tracking_race_ros2/install/line_tracking_race_controller/lib/python3.10/site-packages/line_tracking_race_controller/__pycache__/visualizer.cpython-310.pyc
/home/brairlab/Desktop/line_tracking_race_ros2/install/line_tracking_race_controller/lib/python3.10/site-packages/line_tracking_race_controller/__pycache__/__init__.cpython-310.pyc
/home/brairlab/Desktop/line_tracking_race_ros2/install/line_tracking_race_controller/lib/python3.10/site-packages/line_tracking_race_controller/__pycache__/control_node_sel.cpython-310.pyc
/home/brairlab/Desktop/line_tracking_race_ros2/install/line_tracking_race_controller/lib/python3.10/site-packages/line_tracking_race_controller/__pycache__/nonlinear_strategy.cpython-310.pyc
/home/brairlab/Desktop/line_tracking_race_ros2/install/line_tracking_race_controller/lib/python3.10/site-packages/line_tracking_race_controller/__pycache__/planner_node_nl.cpython-310.pyc
/home/brairlab/Desktop/line_tracking_race_ros2/install/line_tracking_race_controller/lib/python3.10/site-packages/line_tracking_race_controller/__pycache__/error_type.cpython-310.pyc
/home/brairlab/Desktop/line_tracking_race_ros2/install/line_tracking_race_controller/share/ament_index/resource_index/packages/line_tracking_race_controller
/home/brairlab/Desktop/line_tracking_race_ros2/install/line_tracking_race_controller/share/line_tracking_race_controller/package.xml
/home/brairlab/Desktop/line_tracking_race_ros2/install/line_tracking_race_controller/lib/python3.10/site-packages/line_tracking_race_controller-0.0.0-py3.10.egg-info/zip-safe
/home/brairlab/Desktop/line_tracking_race_ros2/install/line_tracking_race_controller/lib/python3.10/site-packages/line_tracking_race_controller-0.0.0-py3.10.egg-info/top_level.txt
/home/brairlab/Desktop/line_tracking_race_ros2/install/line_tracking_race_controller/lib/python3.10/site-packages/line_tracking_race_controller-0.0.0-py3.10.egg-info/entry_points.txt
/home/brairlab/Desktop/line_tracking_race_ros2/install/line_tracking_race_controller/lib/python3.10/site-packages/line_tracking_race_controller-0.0.0-py3.10.egg-info/SOURCES.txt
/home/brairlab/Desktop/line_tracking_race_ros2/install/line_tracking_race_controller/lib/python3.10/site-packages/line_tracking_race_controller-0.0.0-py3.10.egg-info/requires.txt
/home/brairlab/Desktop/line_tracking_race_ros2/install/line_tracking_race_controller/lib/python3.10/site-packages/line_tracking_race_controller-0.0.0-py3.10.egg-info/dependency_links.txt
/home/brairlab/Desktop/line_tracking_race_ros2/install/line_tracking_race_controller/lib/python3.10/site-packages/line_tracking_race_controller-0.0.0-py3.10.egg-info/PKG-INFO
/home/brairlab/Desktop/line_tracking_race_ros2/install/line_tracking_race_controller/lib/line_tracking_race_controller/control_node
/home/brairlab/Desktop/line_tracking_race_ros2/install/line_tracking_race_controller/lib/line_tracking_race_controller/control_node_nl
/home/brairlab/Desktop/line_tracking_race_ros2/install/line_tracking_race_controller/lib/line_tracking_race_controller/control_node_sel
/home/brairlab/Desktop/line_tracking_race_ros2/install/line_tracking_race_controller/lib/line_tracking_race_controller/planner_node
/home/brairlab/Desktop/line_tracking_race_ros2/install/line_tracking_race_controller/lib/line_tracking_race_controller/planner_node_nl
/home/brairlab/Desktop/line_tracking_race_ros2/install/line_tracking_race_controller/lib/line_tracking_race_controller/planner_node_sel
/home/brairlab/Desktop/line_tracking_race_ros2/install/line_tracking_race_controller/lib/line_tracking_race_controller/visualizer
