[1.781s] DEBUG:colcon:Command line arguments: ['/usr/bin/colcon', 'build']
[1.781s] DEBUG:colcon:Parsed command line arguments: Namespace(log_base=None, log_level=None, verb_name='build', build_base='build', install_base='install', merge_install=False, symlink_install=False, test_result_base=None, continue_on_error=False, executor='parallel', parallel_workers=4, event_handlers=None, ignore_user_meta=False, metas=['./colcon.meta'], base_paths=['.'], packages_ignore=None, packages_ignore_regex=None, paths=None, packages_up_to=None, packages_up_to_regex=None, packages_above=None, packages_above_and_dependencies=None, packages_above_depth=None, packages_select_by_dep=None, packages_skip_by_dep=None, packages_skip_up_to=None, packages_select_build_failed=False, packages_skip_build_finished=False, packages_select_test_failures=False, packages_skip_test_passed=False, packages_select=None, packages_skip=None, packages_select_regex=None, packages_skip_regex=None, packages_start=None, packages_end=None, allow_overriding=[], cmake_args=None, cmake_target=None, cmake_target_skip_unavailable=False, cmake_clean_cache=False, cmake_clean_first=False, cmake_force_configure=False, ament_cmake_args=None, catkin_cmake_args=None, catkin_skip_building_tests=False, verb_parser=<colcon_defaults.argument_parser.defaults.DefaultArgumentsDecorator object at 0x760dee36ad40>, verb_extension=<colcon_core.verb.build.BuildVerb object at 0x760dee36a140>, main=<bound method BuildVerb.main of <colcon_core.verb.build.BuildVerb object at 0x760dee36a140>>)
[2.997s] Level 1:colcon.colcon_core.package_discovery:discover_packages(colcon_meta) check parameters
[2.998s] Level 1:colcon.colcon_core.package_discovery:discover_packages(recursive) check parameters
[2.998s] Level 1:colcon.colcon_core.package_discovery:discover_packages(ignore) check parameters
[2.998s] Level 1:colcon.colcon_core.package_discovery:discover_packages(path) check parameters
[2.998s] Level 1:colcon.colcon_core.package_discovery:discover_packages(colcon_meta) discover
[2.998s] Level 1:colcon.colcon_core.package_discovery:discover_packages(recursive) discover
[2.998s] INFO:colcon.colcon_core.package_discovery:Crawling recursively for packages in '/home/brairlab/Desktop/line_tracking_race_ros2'
[2.998s] Level 1:colcon.colcon_core.package_identification:_identify(.) by extensions ['ignore', 'ignore_ament_install']
[2.998s] Level 1:colcon.colcon_core.package_identification:_identify(.) by extension 'ignore'
[2.998s] Level 1:colcon.colcon_core.package_identification:_identify(.) by extension 'ignore_ament_install'
[2.998s] Level 1:colcon.colcon_core.package_identification:_identify(.) by extensions ['colcon_pkg']
[2.998s] Level 1:colcon.colcon_core.package_identification:_identify(.) by extension 'colcon_pkg'
[2.998s] Level 1:colcon.colcon_core.package_identification:_identify(.) by extensions ['colcon_meta']
[2.998s] Level 1:colcon.colcon_core.package_identification:_identify(.) by extension 'colcon_meta'
[2.998s] Level 1:colcon.colcon_core.package_identification:_identify(.) by extensions ['ros']
[2.998s] Level 1:colcon.colcon_core.package_identification:_identify(.) by extension 'ros'
[3.019s] Level 1:colcon.colcon_core.package_identification:_identify(.) by extensions ['cmake', 'python']
[3.020s] Level 1:colcon.colcon_core.package_identification:_identify(.) by extension 'cmake'
[3.020s] Level 1:colcon.colcon_core.package_identification:_identify(.) by extension 'python'
[3.020s] Level 1:colcon.colcon_core.package_identification:_identify(.) by extensions ['python_setup_py']
[3.020s] Level 1:colcon.colcon_core.package_identification:_identify(.) by extension 'python_setup_py'
[3.020s] Level 1:colcon.colcon_core.package_identification:_identify(build) by extensions ['ignore', 'ignore_ament_install']
[3.020s] Level 1:colcon.colcon_core.package_identification:_identify(build) by extension 'ignore'
[3.020s] Level 1:colcon.colcon_core.package_identification:_identify(build) ignored
[3.020s] Level 1:colcon.colcon_core.package_identification:_identify(docs) by extensions ['ignore', 'ignore_ament_install']
[3.020s] Level 1:colcon.colcon_core.package_identification:_identify(docs) by extension 'ignore'
[3.020s] Level 1:colcon.colcon_core.package_identification:_identify(docs) by extension 'ignore_ament_install'
[3.020s] Level 1:colcon.colcon_core.package_identification:_identify(docs) by extensions ['colcon_pkg']
[3.020s] Level 1:colcon.colcon_core.package_identification:_identify(docs) by extension 'colcon_pkg'
[3.020s] Level 1:colcon.colcon_core.package_identification:_identify(docs) by extensions ['colcon_meta']
[3.021s] Level 1:colcon.colcon_core.package_identification:_identify(docs) by extension 'colcon_meta'
[3.021s] Level 1:colcon.colcon_core.package_identification:_identify(docs) by extensions ['ros']
[3.021s] Level 1:colcon.colcon_core.package_identification:_identify(docs) by extension 'ros'
[3.021s] Level 1:colcon.colcon_core.package_identification:_identify(docs) by extensions ['cmake', 'python']
[3.021s] Level 1:colcon.colcon_core.package_identification:_identify(docs) by extension 'cmake'
[3.021s] Level 1:colcon.colcon_core.package_identification:_identify(docs) by extension 'python'
[3.021s] Level 1:colcon.colcon_core.package_identification:_identify(docs) by extensions ['python_setup_py']
[3.021s] Level 1:colcon.colcon_core.package_identification:_identify(docs) by extension 'python_setup_py'
[3.022s] Level 1:colcon.colcon_core.package_identification:_identify(docs/figures) by extensions ['ignore', 'ignore_ament_install']
[3.023s] Level 1:colcon.colcon_core.package_identification:_identify(docs/figures) by extension 'ignore'
[3.023s] Level 1:colcon.colcon_core.package_identification:_identify(docs/figures) by extension 'ignore_ament_install'
[3.023s] Level 1:colcon.colcon_core.package_identification:_identify(docs/figures) by extensions ['colcon_pkg']
[3.023s] Level 1:colcon.colcon_core.package_identification:_identify(docs/figures) by extension 'colcon_pkg'
[3.023s] Level 1:colcon.colcon_core.package_identification:_identify(docs/figures) by extensions ['colcon_meta']
[3.023s] Level 1:colcon.colcon_core.package_identification:_identify(docs/figures) by extension 'colcon_meta'
[3.023s] Level 1:colcon.colcon_core.package_identification:_identify(docs/figures) by extensions ['ros']
[3.024s] Level 1:colcon.colcon_core.package_identification:_identify(docs/figures) by extension 'ros'
[3.024s] Level 1:colcon.colcon_core.package_identification:_identify(docs/figures) by extensions ['cmake', 'python']
[3.024s] Level 1:colcon.colcon_core.package_identification:_identify(docs/figures) by extension 'cmake'
[3.024s] Level 1:colcon.colcon_core.package_identification:_identify(docs/figures) by extension 'python'
[3.024s] Level 1:colcon.colcon_core.package_identification:_identify(docs/figures) by extensions ['python_setup_py']
[3.024s] Level 1:colcon.colcon_core.package_identification:_identify(docs/figures) by extension 'python_setup_py'
[3.024s] Level 1:colcon.colcon_core.package_identification:_identify(install) by extensions ['ignore', 'ignore_ament_install']
[3.025s] Level 1:colcon.colcon_core.package_identification:_identify(install) by extension 'ignore'
[3.025s] Level 1:colcon.colcon_core.package_identification:_identify(install) ignored
[3.025s] Level 1:colcon.colcon_core.package_identification:_identify(line_tracking_race_application) by extensions ['ignore', 'ignore_ament_install']
[3.025s] Level 1:colcon.colcon_core.package_identification:_identify(line_tracking_race_application) by extension 'ignore'
[3.025s] Level 1:colcon.colcon_core.package_identification:_identify(line_tracking_race_application) by extension 'ignore_ament_install'
[3.025s] Level 1:colcon.colcon_core.package_identification:_identify(line_tracking_race_application) by extensions ['colcon_pkg']
[3.025s] Level 1:colcon.colcon_core.package_identification:_identify(line_tracking_race_application) by extension 'colcon_pkg'
[3.025s] Level 1:colcon.colcon_core.package_identification:_identify(line_tracking_race_application) by extensions ['colcon_meta']
[3.025s] Level 1:colcon.colcon_core.package_identification:_identify(line_tracking_race_application) by extension 'colcon_meta'
[3.025s] Level 1:colcon.colcon_core.package_identification:_identify(line_tracking_race_application) by extensions ['ros']
[3.025s] Level 1:colcon.colcon_core.package_identification:_identify(line_tracking_race_application) by extension 'ros'
[3.035s] DEBUG:colcon.colcon_core.package_identification:Package 'line_tracking_race_application' with type 'ros.ament_cmake' and name 'line_tracking_race_application'
[3.035s] Level 1:colcon.colcon_core.package_identification:_identify(line_tracking_race_bringup) by extensions ['ignore', 'ignore_ament_install']
[3.035s] Level 1:colcon.colcon_core.package_identification:_identify(line_tracking_race_bringup) by extension 'ignore'
[3.036s] Level 1:colcon.colcon_core.package_identification:_identify(line_tracking_race_bringup) by extension 'ignore_ament_install'
[3.036s] Level 1:colcon.colcon_core.package_identification:_identify(line_tracking_race_bringup) by extensions ['colcon_pkg']
[3.036s] Level 1:colcon.colcon_core.package_identification:_identify(line_tracking_race_bringup) by extension 'colcon_pkg'
[3.036s] Level 1:colcon.colcon_core.package_identification:_identify(line_tracking_race_bringup) by extensions ['colcon_meta']
[3.036s] Level 1:colcon.colcon_core.package_identification:_identify(line_tracking_race_bringup) by extension 'colcon_meta'
[3.036s] Level 1:colcon.colcon_core.package_identification:_identify(line_tracking_race_bringup) by extensions ['ros']
[3.036s] Level 1:colcon.colcon_core.package_identification:_identify(line_tracking_race_bringup) by extension 'ros'
[3.040s] DEBUG:colcon.colcon_core.package_identification:Package 'line_tracking_race_bringup' with type 'ros.ament_cmake' and name 'line_tracking_race_bringup'
[3.040s] Level 1:colcon.colcon_core.package_identification:_identify(line_tracking_race_controller) by extensions ['ignore', 'ignore_ament_install']
[3.040s] Level 1:colcon.colcon_core.package_identification:_identify(line_tracking_race_controller) by extension 'ignore'
[3.040s] Level 1:colcon.colcon_core.package_identification:_identify(line_tracking_race_controller) by extension 'ignore_ament_install'
[3.041s] Level 1:colcon.colcon_core.package_identification:_identify(line_tracking_race_controller) by extensions ['colcon_pkg']
[3.041s] Level 1:colcon.colcon_core.package_identification:_identify(line_tracking_race_controller) by extension 'colcon_pkg'
[3.041s] Level 1:colcon.colcon_core.package_identification:_identify(line_tracking_race_controller) by extensions ['colcon_meta']
[3.041s] Level 1:colcon.colcon_core.package_identification:_identify(line_tracking_race_controller) by extension 'colcon_meta'
[3.041s] Level 1:colcon.colcon_core.package_identification:_identify(line_tracking_race_controller) by extensions ['ros']
[3.041s] Level 1:colcon.colcon_core.package_identification:_identify(line_tracking_race_controller) by extension 'ros'
[3.044s] DEBUG:colcon.colcon_core.package_identification:Package 'line_tracking_race_controller' with type 'ros.ament_python' and name 'line_tracking_race_controller'
[3.044s] Level 1:colcon.colcon_core.package_identification:_identify(line_tracking_race_description) by extensions ['ignore', 'ignore_ament_install']
[3.044s] Level 1:colcon.colcon_core.package_identification:_identify(line_tracking_race_description) by extension 'ignore'
[3.044s] Level 1:colcon.colcon_core.package_identification:_identify(line_tracking_race_description) by extension 'ignore_ament_install'
[3.044s] Level 1:colcon.colcon_core.package_identification:_identify(line_tracking_race_description) by extensions ['colcon_pkg']
[3.044s] Level 1:colcon.colcon_core.package_identification:_identify(line_tracking_race_description) by extension 'colcon_pkg'
[3.044s] Level 1:colcon.colcon_core.package_identification:_identify(line_tracking_race_description) by extensions ['colcon_meta']
[3.045s] Level 1:colcon.colcon_core.package_identification:_identify(line_tracking_race_description) by extension 'colcon_meta'
[3.045s] Level 1:colcon.colcon_core.package_identification:_identify(line_tracking_race_description) by extensions ['ros']
[3.045s] Level 1:colcon.colcon_core.package_identification:_identify(line_tracking_race_description) by extension 'ros'
[3.047s] DEBUG:colcon.colcon_core.package_identification:Package 'line_tracking_race_description' with type 'ros.ament_cmake' and name 'line_tracking_race_description'
[3.047s] Level 1:colcon.colcon_core.package_identification:_identify(line_tracking_race_gazebo) by extensions ['ignore', 'ignore_ament_install']
[3.047s] Level 1:colcon.colcon_core.package_identification:_identify(line_tracking_race_gazebo) by extension 'ignore'
[3.048s] Level 1:colcon.colcon_core.package_identification:_identify(line_tracking_race_gazebo) by extension 'ignore_ament_install'
[3.048s] Level 1:colcon.colcon_core.package_identification:_identify(line_tracking_race_gazebo) by extensions ['colcon_pkg']
[3.048s] Level 1:colcon.colcon_core.package_identification:_identify(line_tracking_race_gazebo) by extension 'colcon_pkg'
[3.048s] Level 1:colcon.colcon_core.package_identification:_identify(line_tracking_race_gazebo) by extensions ['colcon_meta']
[3.048s] Level 1:colcon.colcon_core.package_identification:_identify(line_tracking_race_gazebo) by extension 'colcon_meta'
[3.048s] Level 1:colcon.colcon_core.package_identification:_identify(line_tracking_race_gazebo) by extensions ['ros']
[3.048s] Level 1:colcon.colcon_core.package_identification:_identify(line_tracking_race_gazebo) by extension 'ros'
[3.050s] DEBUG:colcon.colcon_core.package_identification:Package 'line_tracking_race_gazebo' with type 'ros.ament_cmake' and name 'line_tracking_race_gazebo'
[3.051s] Level 1:colcon.colcon_core.package_identification:_identify(log) by extensions ['ignore', 'ignore_ament_install']
[3.051s] Level 1:colcon.colcon_core.package_identification:_identify(log) by extension 'ignore'
[3.051s] Level 1:colcon.colcon_core.package_identification:_identify(log) ignored
[3.051s] Level 1:colcon.colcon_core.package_discovery:discover_packages(recursive) using defaults
[3.051s] Level 1:colcon.colcon_core.package_discovery:discover_packages(ignore) discover
[3.051s] Level 1:colcon.colcon_core.package_discovery:discover_packages(ignore) using defaults
[3.051s] Level 1:colcon.colcon_core.package_discovery:discover_packages(path) discover
[3.051s] Level 1:colcon.colcon_core.package_discovery:discover_packages(path) using defaults
[3.190s] Level 1:colcon.colcon_core.package_discovery:discover_packages(prefix_path) check parameters
[3.191s] Level 1:colcon.colcon_core.package_discovery:discover_packages(prefix_path) discover
[3.210s] DEBUG:colcon.colcon_installed_package_information.package_discovery:Found 257 installed packages in /opt/ros/humble
[3.216s] Level 1:colcon.colcon_core.package_discovery:discover_packages(prefix_path) using defaults
[3.302s] Level 5:colcon.colcon_core.verb:set package 'line_tracking_race_application' build argument 'cmake_args' from command line to 'None'
[3.302s] Level 5:colcon.colcon_core.verb:set package 'line_tracking_race_application' build argument 'cmake_target' from command line to 'None'
[3.302s] Level 5:colcon.colcon_core.verb:set package 'line_tracking_race_application' build argument 'cmake_target_skip_unavailable' from command line to 'False'
[3.302s] Level 5:colcon.colcon_core.verb:set package 'line_tracking_race_application' build argument 'cmake_clean_cache' from command line to 'False'
[3.302s] Level 5:colcon.colcon_core.verb:set package 'line_tracking_race_application' build argument 'cmake_clean_first' from command line to 'False'
[3.302s] Level 5:colcon.colcon_core.verb:set package 'line_tracking_race_application' build argument 'cmake_force_configure' from command line to 'False'
[3.302s] Level 5:colcon.colcon_core.verb:set package 'line_tracking_race_application' build argument 'ament_cmake_args' from command line to 'None'
[3.303s] Level 5:colcon.colcon_core.verb:set package 'line_tracking_race_application' build argument 'catkin_cmake_args' from command line to 'None'
[3.303s] Level 5:colcon.colcon_core.verb:set package 'line_tracking_race_application' build argument 'catkin_skip_building_tests' from command line to 'False'
[3.303s] DEBUG:colcon.colcon_core.verb:Building package 'line_tracking_race_application' with the following arguments: {'ament_cmake_args': None, 'build_base': '/home/brairlab/Desktop/line_tracking_race_ros2/build/line_tracking_race_application', 'catkin_cmake_args': None, 'catkin_skip_building_tests': False, 'cmake_args': None, 'cmake_clean_cache': False, 'cmake_clean_first': False, 'cmake_force_configure': False, 'cmake_target': None, 'cmake_target_skip_unavailable': False, 'install_base': '/home/brairlab/Desktop/line_tracking_race_ros2/install/line_tracking_race_application', 'merge_install': False, 'path': '/home/brairlab/Desktop/line_tracking_race_ros2/line_tracking_race_application', 'symlink_install': False, 'test_result_base': None}
[3.305s] Level 5:colcon.colcon_core.verb:set package 'line_tracking_race_controller' build argument 'cmake_args' from command line to 'None'
[3.305s] Level 5:colcon.colcon_core.verb:set package 'line_tracking_race_controller' build argument 'cmake_target' from command line to 'None'
[3.305s] Level 5:colcon.colcon_core.verb:set package 'line_tracking_race_controller' build argument 'cmake_target_skip_unavailable' from command line to 'False'
[3.305s] Level 5:colcon.colcon_core.verb:set package 'line_tracking_race_controller' build argument 'cmake_clean_cache' from command line to 'False'
[3.305s] Level 5:colcon.colcon_core.verb:set package 'line_tracking_race_controller' build argument 'cmake_clean_first' from command line to 'False'
[3.305s] Level 5:colcon.colcon_core.verb:set package 'line_tracking_race_controller' build argument 'cmake_force_configure' from command line to 'False'
[3.305s] Level 5:colcon.colcon_core.verb:set package 'line_tracking_race_controller' build argument 'ament_cmake_args' from command line to 'None'
[3.305s] Level 5:colcon.colcon_core.verb:set package 'line_tracking_race_controller' build argument 'catkin_cmake_args' from command line to 'None'
[3.305s] Level 5:colcon.colcon_core.verb:set package 'line_tracking_race_controller' build argument 'catkin_skip_building_tests' from command line to 'False'
[3.305s] DEBUG:colcon.colcon_core.verb:Building package 'line_tracking_race_controller' with the following arguments: {'ament_cmake_args': None, 'build_base': '/home/brairlab/Desktop/line_tracking_race_ros2/build/line_tracking_race_controller', 'catkin_cmake_args': None, 'catkin_skip_building_tests': False, 'cmake_args': None, 'cmake_clean_cache': False, 'cmake_clean_first': False, 'cmake_force_configure': False, 'cmake_target': None, 'cmake_target_skip_unavailable': False, 'install_base': '/home/brairlab/Desktop/line_tracking_race_ros2/install/line_tracking_race_controller', 'merge_install': False, 'path': '/home/brairlab/Desktop/line_tracking_race_ros2/line_tracking_race_controller', 'symlink_install': False, 'test_result_base': None}
[3.306s] Level 5:colcon.colcon_core.verb:set package 'line_tracking_race_description' build argument 'cmake_args' from command line to 'None'
[3.306s] Level 5:colcon.colcon_core.verb:set package 'line_tracking_race_description' build argument 'cmake_target' from command line to 'None'
[3.306s] Level 5:colcon.colcon_core.verb:set package 'line_tracking_race_description' build argument 'cmake_target_skip_unavailable' from command line to 'False'
[3.306s] Level 5:colcon.colcon_core.verb:set package 'line_tracking_race_description' build argument 'cmake_clean_cache' from command line to 'False'
[3.306s] Level 5:colcon.colcon_core.verb:set package 'line_tracking_race_description' build argument 'cmake_clean_first' from command line to 'False'
[3.306s] Level 5:colcon.colcon_core.verb:set package 'line_tracking_race_description' build argument 'cmake_force_configure' from command line to 'False'
[3.306s] Level 5:colcon.colcon_core.verb:set package 'line_tracking_race_description' build argument 'ament_cmake_args' from command line to 'None'
[3.306s] Level 5:colcon.colcon_core.verb:set package 'line_tracking_race_description' build argument 'catkin_cmake_args' from command line to 'None'
[3.306s] Level 5:colcon.colcon_core.verb:set package 'line_tracking_race_description' build argument 'catkin_skip_building_tests' from command line to 'False'
[3.306s] DEBUG:colcon.colcon_core.verb:Building package 'line_tracking_race_description' with the following arguments: {'ament_cmake_args': None, 'build_base': '/home/brairlab/Desktop/line_tracking_race_ros2/build/line_tracking_race_description', 'catkin_cmake_args': None, 'catkin_skip_building_tests': False, 'cmake_args': None, 'cmake_clean_cache': False, 'cmake_clean_first': False, 'cmake_force_configure': False, 'cmake_target': None, 'cmake_target_skip_unavailable': False, 'install_base': '/home/brairlab/Desktop/line_tracking_race_ros2/install/line_tracking_race_description', 'merge_install': False, 'path': '/home/brairlab/Desktop/line_tracking_race_ros2/line_tracking_race_description', 'symlink_install': False, 'test_result_base': None}
[3.307s] Level 5:colcon.colcon_core.verb:set package 'line_tracking_race_gazebo' build argument 'cmake_args' from command line to 'None'
[3.307s] Level 5:colcon.colcon_core.verb:set package 'line_tracking_race_gazebo' build argument 'cmake_target' from command line to 'None'
[3.307s] Level 5:colcon.colcon_core.verb:set package 'line_tracking_race_gazebo' build argument 'cmake_target_skip_unavailable' from command line to 'False'
[3.307s] Level 5:colcon.colcon_core.verb:set package 'line_tracking_race_gazebo' build argument 'cmake_clean_cache' from command line to 'False'
[3.307s] Level 5:colcon.colcon_core.verb:set package 'line_tracking_race_gazebo' build argument 'cmake_clean_first' from command line to 'False'
[3.307s] Level 5:colcon.colcon_core.verb:set package 'line_tracking_race_gazebo' build argument 'cmake_force_configure' from command line to 'False'
[3.307s] Level 5:colcon.colcon_core.verb:set package 'line_tracking_race_gazebo' build argument 'ament_cmake_args' from command line to 'None'
[3.307s] Level 5:colcon.colcon_core.verb:set package 'line_tracking_race_gazebo' build argument 'catkin_cmake_args' from command line to 'None'
[3.307s] Level 5:colcon.colcon_core.verb:set package 'line_tracking_race_gazebo' build argument 'catkin_skip_building_tests' from command line to 'False'
[3.307s] DEBUG:colcon.colcon_core.verb:Building package 'line_tracking_race_gazebo' with the following arguments: {'ament_cmake_args': None, 'build_base': '/home/brairlab/Desktop/line_tracking_race_ros2/build/line_tracking_race_gazebo', 'catkin_cmake_args': None, 'catkin_skip_building_tests': False, 'cmake_args': None, 'cmake_clean_cache': False, 'cmake_clean_first': False, 'cmake_force_configure': False, 'cmake_target': None, 'cmake_target_skip_unavailable': False, 'install_base': '/home/brairlab/Desktop/line_tracking_race_ros2/install/line_tracking_race_gazebo', 'merge_install': False, 'path': '/home/brairlab/Desktop/line_tracking_race_ros2/line_tracking_race_gazebo', 'symlink_install': False, 'test_result_base': None}
[3.307s] Level 5:colcon.colcon_core.verb:set package 'line_tracking_race_bringup' build argument 'cmake_args' from command line to 'None'
[3.308s] Level 5:colcon.colcon_core.verb:set package 'line_tracking_race_bringup' build argument 'cmake_target' from command line to 'None'
[3.308s] Level 5:colcon.colcon_core.verb:set package 'line_tracking_race_bringup' build argument 'cmake_target_skip_unavailable' from command line to 'False'
[3.308s] Level 5:colcon.colcon_core.verb:set package 'line_tracking_race_bringup' build argument 'cmake_clean_cache' from command line to 'False'
[3.308s] Level 5:colcon.colcon_core.verb:set package 'line_tracking_race_bringup' build argument 'cmake_clean_first' from command line to 'False'
[3.308s] Level 5:colcon.colcon_core.verb:set package 'line_tracking_race_bringup' build argument 'cmake_force_configure' from command line to 'False'
[3.308s] Level 5:colcon.colcon_core.verb:set package 'line_tracking_race_bringup' build argument 'ament_cmake_args' from command line to 'None'
[3.308s] Level 5:colcon.colcon_core.verb:set package 'line_tracking_race_bringup' build argument 'catkin_cmake_args' from command line to 'None'
[3.308s] Level 5:colcon.colcon_core.verb:set package 'line_tracking_race_bringup' build argument 'catkin_skip_building_tests' from command line to 'False'
[3.308s] DEBUG:colcon.colcon_core.verb:Building package 'line_tracking_race_bringup' with the following arguments: {'ament_cmake_args': None, 'build_base': '/home/brairlab/Desktop/line_tracking_race_ros2/build/line_tracking_race_bringup', 'catkin_cmake_args': None, 'catkin_skip_building_tests': False, 'cmake_args': None, 'cmake_clean_cache': False, 'cmake_clean_first': False, 'cmake_force_configure': False, 'cmake_target': None, 'cmake_target_skip_unavailable': False, 'install_base': '/home/brairlab/Desktop/line_tracking_race_ros2/install/line_tracking_race_bringup', 'merge_install': False, 'path': '/home/brairlab/Desktop/line_tracking_race_ros2/line_tracking_race_bringup', 'symlink_install': False, 'test_result_base': None}
[3.308s] INFO:colcon.colcon_core.executor:Executing jobs using 'parallel' executor
[3.339s] DEBUG:colcon.colcon_parallel_executor.executor.parallel:run_until_complete
[3.340s] INFO:colcon.colcon_ros.task.ament_cmake.build:Building ROS package in '/home/brairlab/Desktop/line_tracking_race_ros2/line_tracking_race_description' with build type 'ament_cmake'
[3.340s] INFO:colcon.colcon_cmake.task.cmake.build:Building CMake package in '/home/brairlab/Desktop/line_tracking_race_ros2/line_tracking_race_description'
[3.427s] INFO:colcon.colcon_core.plugin_system:Skipping extension 'colcon_core.shell.bat': Not used on non-Windows systems
[3.428s] INFO:colcon.colcon_core.shell:Skip shell extension 'powershell' for command environment: Not usable outside of PowerShell
[3.428s] DEBUG:colcon.colcon_core.shell:Skip shell extension 'dsv' for command environment
[3.459s] INFO:colcon.colcon_ros.task.ament_cmake.build:Building ROS package in '/home/brairlab/Desktop/line_tracking_race_ros2/line_tracking_race_application' with build type 'ament_cmake'
[3.460s] INFO:colcon.colcon_cmake.task.cmake.build:Building CMake package in '/home/brairlab/Desktop/line_tracking_race_ros2/line_tracking_race_application'
[3.460s] INFO:colcon.colcon_core.shell:Skip shell extension 'powershell' for command environment: Not usable outside of PowerShell
[3.460s] DEBUG:colcon.colcon_core.shell:Skip shell extension 'dsv' for command environment
[3.479s] INFO:colcon.colcon_ros.task.ament_python.build:Building ROS package in '/home/brairlab/Desktop/line_tracking_race_ros2/line_tracking_race_controller' with build type 'ament_python'
[3.479s] Level 1:colcon.colcon_core.shell:create_environment_hook('line_tracking_race_controller', 'ament_prefix_path')
[3.490s] INFO:colcon.colcon_core.shell:Creating environment hook '/home/brairlab/Desktop/line_tracking_race_ros2/install/line_tracking_race_controller/share/line_tracking_race_controller/hook/ament_prefix_path.ps1'
[3.497s] INFO:colcon.colcon_core.shell:Creating environment descriptor '/home/brairlab/Desktop/line_tracking_race_ros2/install/line_tracking_race_controller/share/line_tracking_race_controller/hook/ament_prefix_path.dsv'
[3.499s] INFO:colcon.colcon_core.shell:Creating environment hook '/home/brairlab/Desktop/line_tracking_race_ros2/install/line_tracking_race_controller/share/line_tracking_race_controller/hook/ament_prefix_path.sh'
[3.502s] INFO:colcon.colcon_core.shell:Skip shell extension 'powershell' for command environment: Not usable outside of PowerShell
[3.502s] DEBUG:colcon.colcon_core.shell:Skip shell extension 'dsv' for command environment
[3.583s] DEBUG:colcon.colcon_core.event_handler.log_command:Invoking command in '/home/brairlab/Desktop/line_tracking_race_ros2/build/line_tracking_race_description': CMAKE_PREFIX_PATH=/opt/ros/humble /usr/bin/cmake /home/brairlab/Desktop/line_tracking_race_ros2/line_tracking_race_description -DCMAKE_INSTALL_PREFIX=/home/brairlab/Desktop/line_tracking_race_ros2/install/line_tracking_race_description
[3.599s] DEBUG:colcon.colcon_core.event_handler.log_command:Invoking command in '/home/brairlab/Desktop/line_tracking_race_ros2/build/line_tracking_race_application': CMAKE_PREFIX_PATH=/opt/ros/humble /usr/bin/cmake /home/brairlab/Desktop/line_tracking_race_ros2/line_tracking_race_application -DCMAKE_INSTALL_PREFIX=/home/brairlab/Desktop/line_tracking_race_ros2/install/line_tracking_race_application
[4.161s] INFO:colcon.colcon_core.task.python.build:Building Python package in '/home/brairlab/Desktop/line_tracking_race_ros2/line_tracking_race_controller'
[4.162s] INFO:colcon.colcon_core.shell:Skip shell extension 'powershell' for command environment: Not usable outside of PowerShell
[4.162s] DEBUG:colcon.colcon_core.shell:Skip shell extension 'dsv' for command environment
[6.665s] DEBUG:colcon.colcon_core.event_handler.log_command:Invoking command in '/home/brairlab/Desktop/line_tracking_race_ros2/line_tracking_race_controller': PYTHONPATH=/home/brairlab/Desktop/line_tracking_race_ros2/build/line_tracking_race_controller/prefix_override:/usr/lib/python3/dist-packages/colcon_core/task/python/colcon_distutils_commands:/home/brairlab/Desktop/line_tracking_race_ros2/install/line_tracking_race_controller/lib/python3.10/site-packages:${PYTHONPATH} /usr/bin/python3 -W ignore:setup.py install is deprecated -W ignore:easy_install command is deprecated setup.py egg_info --egg-base ../build/line_tracking_race_controller build --build-base /home/brairlab/Desktop/line_tracking_race_ros2/build/line_tracking_race_controller/build install --record /home/brairlab/Desktop/line_tracking_race_ros2/build/line_tracking_race_controller/install.log --single-version-externally-managed install_data
[7.277s] DEBUG:colcon.colcon_core.event_handler.log_command:Invoked command in '/home/brairlab/Desktop/line_tracking_race_ros2/line_tracking_race_controller' returned '0': PYTHONPATH=/home/brairlab/Desktop/line_tracking_race_ros2/build/line_tracking_race_controller/prefix_override:/usr/lib/python3/dist-packages/colcon_core/task/python/colcon_distutils_commands:/home/brairlab/Desktop/line_tracking_race_ros2/install/line_tracking_race_controller/lib/python3.10/site-packages:${PYTHONPATH} /usr/bin/python3 -W ignore:setup.py install is deprecated -W ignore:easy_install command is deprecated setup.py egg_info --egg-base ../build/line_tracking_race_controller build --build-base /home/brairlab/Desktop/line_tracking_race_ros2/build/line_tracking_race_controller/build install --record /home/brairlab/Desktop/line_tracking_race_ros2/build/line_tracking_race_controller/install.log --single-version-externally-managed install_data
[7.373s] Level 1:colcon.colcon_core.environment:checking '/home/brairlab/Desktop/line_tracking_race_ros2/install/line_tracking_race_controller' for CMake module files
[7.379s] Level 1:colcon.colcon_core.environment:checking '/home/brairlab/Desktop/line_tracking_race_ros2/install/line_tracking_race_controller' for CMake config files
[7.381s] Level 1:colcon.colcon_core.environment:checking '/home/brairlab/Desktop/line_tracking_race_ros2/install/line_tracking_race_controller/lib'
[7.381s] Level 1:colcon.colcon_core.environment:checking '/home/brairlab/Desktop/line_tracking_race_ros2/install/line_tracking_race_controller/bin'
[7.381s] Level 1:colcon.colcon_core.environment:checking '/home/brairlab/Desktop/line_tracking_race_ros2/install/line_tracking_race_controller/lib/pkgconfig/line_tracking_race_controller.pc'
[7.381s] Level 1:colcon.colcon_core.environment:checking '/home/brairlab/Desktop/line_tracking_race_ros2/install/line_tracking_race_controller/lib/python3.10/site-packages'
[7.381s] Level 1:colcon.colcon_core.shell:create_environment_hook('line_tracking_race_controller', 'pythonpath')
[7.382s] INFO:colcon.colcon_core.shell:Creating environment hook '/home/brairlab/Desktop/line_tracking_race_ros2/install/line_tracking_race_controller/share/line_tracking_race_controller/hook/pythonpath.ps1'
[7.382s] INFO:colcon.colcon_core.shell:Creating environment descriptor '/home/brairlab/Desktop/line_tracking_race_ros2/install/line_tracking_race_controller/share/line_tracking_race_controller/hook/pythonpath.dsv'
[7.383s] INFO:colcon.colcon_core.shell:Creating environment hook '/home/brairlab/Desktop/line_tracking_race_ros2/install/line_tracking_race_controller/share/line_tracking_race_controller/hook/pythonpath.sh'
[7.384s] Level 1:colcon.colcon_core.environment:checking '/home/brairlab/Desktop/line_tracking_race_ros2/install/line_tracking_race_controller/bin'
[7.384s] Level 1:colcon.colcon_core.environment:create_environment_scripts_only(line_tracking_race_controller)
[7.384s] INFO:colcon.colcon_core.shell:Creating package script '/home/brairlab/Desktop/line_tracking_race_ros2/install/line_tracking_race_controller/share/line_tracking_race_controller/package.ps1'
[7.389s] INFO:colcon.colcon_core.shell:Creating package descriptor '/home/brairlab/Desktop/line_tracking_race_ros2/install/line_tracking_race_controller/share/line_tracking_race_controller/package.dsv'
[7.398s] INFO:colcon.colcon_core.shell:Creating package script '/home/brairlab/Desktop/line_tracking_race_ros2/install/line_tracking_race_controller/share/line_tracking_race_controller/package.sh'
[7.401s] INFO:colcon.colcon_core.shell:Creating package script '/home/brairlab/Desktop/line_tracking_race_ros2/install/line_tracking_race_controller/share/line_tracking_race_controller/package.bash'
[7.406s] INFO:colcon.colcon_core.shell:Creating package script '/home/brairlab/Desktop/line_tracking_race_ros2/install/line_tracking_race_controller/share/line_tracking_race_controller/package.zsh'
[7.421s] Level 1:colcon.colcon_core.environment:create_file_with_runtime_dependencies(/home/brairlab/Desktop/line_tracking_race_ros2/install/line_tracking_race_controller/share/colcon-core/packages/line_tracking_race_controller)
[7.879s] DEBUG:colcon.colcon_core.event_handler.log_command:Invoked command in '/home/brairlab/Desktop/line_tracking_race_ros2/build/line_tracking_race_application' returned '0': CMAKE_PREFIX_PATH=/opt/ros/humble /usr/bin/cmake /home/brairlab/Desktop/line_tracking_race_ros2/line_tracking_race_application -DCMAKE_INSTALL_PREFIX=/home/brairlab/Desktop/line_tracking_race_ros2/install/line_tracking_race_application
[7.879s] DEBUG:colcon.colcon_core.event_handler.log_command:Invoking command in '/home/brairlab/Desktop/line_tracking_race_ros2/build/line_tracking_race_application': CMAKE_PREFIX_PATH=/opt/ros/humble /usr/bin/cmake --build /home/brairlab/Desktop/line_tracking_race_ros2/build/line_tracking_race_application -- -j4 -l4
[8.208s] DEBUG:colcon.colcon_core.event_handler.log_command:Invoked command in '/home/brairlab/Desktop/line_tracking_race_ros2/build/line_tracking_race_description' returned '0': CMAKE_PREFIX_PATH=/opt/ros/humble /usr/bin/cmake /home/brairlab/Desktop/line_tracking_race_ros2/line_tracking_race_description -DCMAKE_INSTALL_PREFIX=/home/brairlab/Desktop/line_tracking_race_ros2/install/line_tracking_race_description
[8.209s] DEBUG:colcon.colcon_core.event_handler.log_command:Invoking command in '/home/brairlab/Desktop/line_tracking_race_ros2/build/line_tracking_race_description': CMAKE_PREFIX_PATH=/opt/ros/humble /usr/bin/cmake --build /home/brairlab/Desktop/line_tracking_race_ros2/build/line_tracking_race_description -- -j4 -l4
[8.245s] DEBUG:colcon.colcon_core.event_handler.log_command:Invoked command in '/home/brairlab/Desktop/line_tracking_race_ros2/build/line_tracking_race_application' returned '0': CMAKE_PREFIX_PATH=/opt/ros/humble /usr/bin/cmake --build /home/brairlab/Desktop/line_tracking_race_ros2/build/line_tracking_race_application -- -j4 -l4
[8.325s] DEBUG:colcon.colcon_core.event_handler.log_command:Invoking command in '/home/brairlab/Desktop/line_tracking_race_ros2/build/line_tracking_race_application': CMAKE_PREFIX_PATH=/opt/ros/humble /usr/bin/cmake --install /home/brairlab/Desktop/line_tracking_race_ros2/build/line_tracking_race_application
[8.405s] Level 1:colcon.colcon_core.environment:create_environment_scripts_only(line_tracking_race_application)
[8.406s] Level 1:colcon.colcon_core.environment:checking '/home/brairlab/Desktop/line_tracking_race_ros2/install/line_tracking_race_application' for CMake module files
[8.406s] Level 1:colcon.colcon_core.environment:checking '/home/brairlab/Desktop/line_tracking_race_ros2/install/line_tracking_race_application' for CMake config files
[8.407s] Level 1:colcon.colcon_core.shell:create_environment_hook('line_tracking_race_application', 'cmake_prefix_path')
[8.407s] INFO:colcon.colcon_core.shell:Creating environment hook '/home/brairlab/Desktop/line_tracking_race_ros2/install/line_tracking_race_application/share/line_tracking_race_application/hook/cmake_prefix_path.ps1'
[8.407s] INFO:colcon.colcon_core.shell:Creating environment descriptor '/home/brairlab/Desktop/line_tracking_race_ros2/install/line_tracking_race_application/share/line_tracking_race_application/hook/cmake_prefix_path.dsv'
[8.408s] INFO:colcon.colcon_core.shell:Creating environment hook '/home/brairlab/Desktop/line_tracking_race_ros2/install/line_tracking_race_application/share/line_tracking_race_application/hook/cmake_prefix_path.sh'
[8.411s] DEBUG:colcon.colcon_core.event_handler.log_command:Invoked command in '/home/brairlab/Desktop/line_tracking_race_ros2/build/line_tracking_race_application' returned '0': CMAKE_PREFIX_PATH=/opt/ros/humble /usr/bin/cmake --install /home/brairlab/Desktop/line_tracking_race_ros2/build/line_tracking_race_application
[8.414s] Level 1:colcon.colcon_core.environment:checking '/home/brairlab/Desktop/line_tracking_race_ros2/install/line_tracking_race_application/bin'
[8.414s] Level 1:colcon.colcon_core.environment:checking '/home/brairlab/Desktop/line_tracking_race_ros2/install/line_tracking_race_application/lib/pkgconfig/line_tracking_race_application.pc'
[8.414s] Level 1:colcon.colcon_core.environment:checking '/home/brairlab/Desktop/line_tracking_race_ros2/install/line_tracking_race_application/lib/python3.10/site-packages'
[8.415s] Level 1:colcon.colcon_core.environment:checking '/home/brairlab/Desktop/line_tracking_race_ros2/install/line_tracking_race_application/bin'
[8.415s] INFO:colcon.colcon_core.shell:Creating package script '/home/brairlab/Desktop/line_tracking_race_ros2/install/line_tracking_race_application/share/line_tracking_race_application/package.ps1'
[8.416s] INFO:colcon.colcon_core.shell:Creating package descriptor '/home/brairlab/Desktop/line_tracking_race_ros2/install/line_tracking_race_application/share/line_tracking_race_application/package.dsv'
[8.416s] INFO:colcon.colcon_core.shell:Creating package script '/home/brairlab/Desktop/line_tracking_race_ros2/install/line_tracking_race_application/share/line_tracking_race_application/package.sh'
[8.417s] INFO:colcon.colcon_core.shell:Creating package script '/home/brairlab/Desktop/line_tracking_race_ros2/install/line_tracking_race_application/share/line_tracking_race_application/package.bash'
[8.418s] INFO:colcon.colcon_core.shell:Creating package script '/home/brairlab/Desktop/line_tracking_race_ros2/install/line_tracking_race_application/share/line_tracking_race_application/package.zsh'
[8.419s] Level 1:colcon.colcon_core.environment:create_file_with_runtime_dependencies(/home/brairlab/Desktop/line_tracking_race_ros2/install/line_tracking_race_application/share/colcon-core/packages/line_tracking_race_application)
[8.420s] Level 1:colcon.colcon_core.environment:create_environment_scripts_only(line_tracking_race_application)
[8.422s] Level 1:colcon.colcon_core.environment:checking '/home/brairlab/Desktop/line_tracking_race_ros2/install/line_tracking_race_application' for CMake module files
[8.423s] Level 1:colcon.colcon_core.environment:checking '/home/brairlab/Desktop/line_tracking_race_ros2/install/line_tracking_race_application' for CMake config files
[8.425s] Level 1:colcon.colcon_core.shell:create_environment_hook('line_tracking_race_application', 'cmake_prefix_path')
[8.428s] INFO:colcon.colcon_core.shell:Creating environment hook '/home/brairlab/Desktop/line_tracking_race_ros2/install/line_tracking_race_application/share/line_tracking_race_application/hook/cmake_prefix_path.ps1'
[8.431s] INFO:colcon.colcon_core.shell:Creating environment descriptor '/home/brairlab/Desktop/line_tracking_race_ros2/install/line_tracking_race_application/share/line_tracking_race_application/hook/cmake_prefix_path.dsv'
[8.435s] INFO:colcon.colcon_core.shell:Creating environment hook '/home/brairlab/Desktop/line_tracking_race_ros2/install/line_tracking_race_application/share/line_tracking_race_application/hook/cmake_prefix_path.sh'
[8.441s] Level 1:colcon.colcon_core.environment:checking '/home/brairlab/Desktop/line_tracking_race_ros2/install/line_tracking_race_application/bin'
[8.441s] Level 1:colcon.colcon_core.environment:checking '/home/brairlab/Desktop/line_tracking_race_ros2/install/line_tracking_race_application/lib/pkgconfig/line_tracking_race_application.pc'
[8.443s] Level 1:colcon.colcon_core.environment:checking '/home/brairlab/Desktop/line_tracking_race_ros2/install/line_tracking_race_application/lib/python3.10/site-packages'
[8.443s] Level 1:colcon.colcon_core.environment:checking '/home/brairlab/Desktop/line_tracking_race_ros2/install/line_tracking_race_application/bin'
[8.447s] INFO:colcon.colcon_core.shell:Creating package script '/home/brairlab/Desktop/line_tracking_race_ros2/install/line_tracking_race_application/share/line_tracking_race_application/package.ps1'
[8.478s] INFO:colcon.colcon_core.shell:Creating package descriptor '/home/brairlab/Desktop/line_tracking_race_ros2/install/line_tracking_race_application/share/line_tracking_race_application/package.dsv'
[8.481s] INFO:colcon.colcon_core.shell:Creating package script '/home/brairlab/Desktop/line_tracking_race_ros2/install/line_tracking_race_application/share/line_tracking_race_application/package.sh'
[8.484s] INFO:colcon.colcon_core.shell:Creating package script '/home/brairlab/Desktop/line_tracking_race_ros2/install/line_tracking_race_application/share/line_tracking_race_application/package.bash'
[8.489s] INFO:colcon.colcon_core.shell:Creating package script '/home/brairlab/Desktop/line_tracking_race_ros2/install/line_tracking_race_application/share/line_tracking_race_application/package.zsh'
[8.492s] Level 1:colcon.colcon_core.environment:create_file_with_runtime_dependencies(/home/brairlab/Desktop/line_tracking_race_ros2/install/line_tracking_race_application/share/colcon-core/packages/line_tracking_race_application)
[8.623s] DEBUG:colcon.colcon_core.event_handler.log_command:Invoked command in '/home/brairlab/Desktop/line_tracking_race_ros2/build/line_tracking_race_description' returned '0': CMAKE_PREFIX_PATH=/opt/ros/humble /usr/bin/cmake --build /home/brairlab/Desktop/line_tracking_race_ros2/build/line_tracking_race_description -- -j4 -l4
[8.630s] DEBUG:colcon.colcon_core.event_handler.log_command:Invoking command in '/home/brairlab/Desktop/line_tracking_race_ros2/build/line_tracking_race_description': CMAKE_PREFIX_PATH=/opt/ros/humble /usr/bin/cmake --install /home/brairlab/Desktop/line_tracking_race_ros2/build/line_tracking_race_description
[9.093s] Level 1:colcon.colcon_core.environment:create_environment_scripts_only(line_tracking_race_description)
[9.095s] Level 1:colcon.colcon_core.environment:checking '/home/brairlab/Desktop/line_tracking_race_ros2/install/line_tracking_race_description' for CMake module files
[9.101s] Level 1:colcon.colcon_core.environment:checking '/home/brairlab/Desktop/line_tracking_race_ros2/install/line_tracking_race_description' for CMake config files
[9.108s] Level 1:colcon.colcon_core.shell:create_environment_hook('line_tracking_race_description', 'cmake_prefix_path')
[9.109s] INFO:colcon.colcon_core.shell:Creating environment hook '/home/brairlab/Desktop/line_tracking_race_ros2/install/line_tracking_race_description/share/line_tracking_race_description/hook/cmake_prefix_path.ps1'
[9.119s] DEBUG:colcon.colcon_core.event_handler.log_command:Invoked command in '/home/brairlab/Desktop/line_tracking_race_ros2/build/line_tracking_race_description' returned '0': CMAKE_PREFIX_PATH=/opt/ros/humble /usr/bin/cmake --install /home/brairlab/Desktop/line_tracking_race_ros2/build/line_tracking_race_description
[9.121s] INFO:colcon.colcon_core.shell:Creating environment descriptor '/home/brairlab/Desktop/line_tracking_race_ros2/install/line_tracking_race_description/share/line_tracking_race_description/hook/cmake_prefix_path.dsv'
[9.122s] INFO:colcon.colcon_core.shell:Creating environment hook '/home/brairlab/Desktop/line_tracking_race_ros2/install/line_tracking_race_description/share/line_tracking_race_description/hook/cmake_prefix_path.sh'
[9.123s] Level 1:colcon.colcon_core.environment:checking '/home/brairlab/Desktop/line_tracking_race_ros2/install/line_tracking_race_description/bin'
[9.123s] Level 1:colcon.colcon_core.environment:checking '/home/brairlab/Desktop/line_tracking_race_ros2/install/line_tracking_race_description/lib/pkgconfig/line_tracking_race_description.pc'
[9.125s] Level 1:colcon.colcon_core.environment:checking '/home/brairlab/Desktop/line_tracking_race_ros2/install/line_tracking_race_description/lib/python3.10/site-packages'
[9.129s] Level 1:colcon.colcon_core.environment:checking '/home/brairlab/Desktop/line_tracking_race_ros2/install/line_tracking_race_description/bin'
[9.130s] INFO:colcon.colcon_core.shell:Creating package script '/home/brairlab/Desktop/line_tracking_race_ros2/install/line_tracking_race_description/share/line_tracking_race_description/package.ps1'
[9.135s] INFO:colcon.colcon_core.shell:Creating package descriptor '/home/brairlab/Desktop/line_tracking_race_ros2/install/line_tracking_race_description/share/line_tracking_race_description/package.dsv'
[9.139s] INFO:colcon.colcon_core.shell:Creating package script '/home/brairlab/Desktop/line_tracking_race_ros2/install/line_tracking_race_description/share/line_tracking_race_description/package.sh'
[9.140s] INFO:colcon.colcon_core.shell:Creating package script '/home/brairlab/Desktop/line_tracking_race_ros2/install/line_tracking_race_description/share/line_tracking_race_description/package.bash'
[9.141s] INFO:colcon.colcon_core.shell:Creating package script '/home/brairlab/Desktop/line_tracking_race_ros2/install/line_tracking_race_description/share/line_tracking_race_description/package.zsh'
[9.142s] Level 1:colcon.colcon_core.environment:create_file_with_runtime_dependencies(/home/brairlab/Desktop/line_tracking_race_ros2/install/line_tracking_race_description/share/colcon-core/packages/line_tracking_race_description)
[9.145s] Level 1:colcon.colcon_core.environment:create_environment_scripts_only(line_tracking_race_description)
[9.147s] Level 1:colcon.colcon_core.environment:checking '/home/brairlab/Desktop/line_tracking_race_ros2/install/line_tracking_race_description' for CMake module files
[9.149s] Level 1:colcon.colcon_core.environment:checking '/home/brairlab/Desktop/line_tracking_race_ros2/install/line_tracking_race_description' for CMake config files
[9.150s] Level 1:colcon.colcon_core.shell:create_environment_hook('line_tracking_race_description', 'cmake_prefix_path')
[9.151s] INFO:colcon.colcon_core.shell:Creating environment hook '/home/brairlab/Desktop/line_tracking_race_ros2/install/line_tracking_race_description/share/line_tracking_race_description/hook/cmake_prefix_path.ps1'
[9.154s] INFO:colcon.colcon_core.shell:Creating environment descriptor '/home/brairlab/Desktop/line_tracking_race_ros2/install/line_tracking_race_description/share/line_tracking_race_description/hook/cmake_prefix_path.dsv'
[9.156s] INFO:colcon.colcon_core.shell:Creating environment hook '/home/brairlab/Desktop/line_tracking_race_ros2/install/line_tracking_race_description/share/line_tracking_race_description/hook/cmake_prefix_path.sh'
[9.158s] Level 1:colcon.colcon_core.environment:checking '/home/brairlab/Desktop/line_tracking_race_ros2/install/line_tracking_race_description/bin'
[9.159s] Level 1:colcon.colcon_core.environment:checking '/home/brairlab/Desktop/line_tracking_race_ros2/install/line_tracking_race_description/lib/pkgconfig/line_tracking_race_description.pc'
[9.160s] Level 1:colcon.colcon_core.environment:checking '/home/brairlab/Desktop/line_tracking_race_ros2/install/line_tracking_race_description/lib/python3.10/site-packages'
[9.160s] Level 1:colcon.colcon_core.environment:checking '/home/brairlab/Desktop/line_tracking_race_ros2/install/line_tracking_race_description/bin'
[9.162s] INFO:colcon.colcon_core.shell:Creating package script '/home/brairlab/Desktop/line_tracking_race_ros2/install/line_tracking_race_description/share/line_tracking_race_description/package.ps1'
[9.165s] INFO:colcon.colcon_core.shell:Creating package descriptor '/home/brairlab/Desktop/line_tracking_race_ros2/install/line_tracking_race_description/share/line_tracking_race_description/package.dsv'
[9.173s] INFO:colcon.colcon_core.shell:Creating package script '/home/brairlab/Desktop/line_tracking_race_ros2/install/line_tracking_race_description/share/line_tracking_race_description/package.sh'
[9.179s] INFO:colcon.colcon_core.shell:Creating package script '/home/brairlab/Desktop/line_tracking_race_ros2/install/line_tracking_race_description/share/line_tracking_race_description/package.bash'
[9.182s] INFO:colcon.colcon_core.shell:Creating package script '/home/brairlab/Desktop/line_tracking_race_ros2/install/line_tracking_race_description/share/line_tracking_race_description/package.zsh'
[9.184s] Level 1:colcon.colcon_core.environment:create_file_with_runtime_dependencies(/home/brairlab/Desktop/line_tracking_race_ros2/install/line_tracking_race_description/share/colcon-core/packages/line_tracking_race_description)
[9.186s] INFO:colcon.colcon_ros.task.ament_cmake.build:Building ROS package in '/home/brairlab/Desktop/line_tracking_race_ros2/line_tracking_race_gazebo' with build type 'ament_cmake'
[9.186s] INFO:colcon.colcon_cmake.task.cmake.build:Building CMake package in '/home/brairlab/Desktop/line_tracking_race_ros2/line_tracking_race_gazebo'
[9.187s] INFO:colcon.colcon_core.shell:Skip shell extension 'powershell' for command environment: Not usable outside of PowerShell
[9.187s] DEBUG:colcon.colcon_core.shell:Skip shell extension 'dsv' for command environment
[9.289s] DEBUG:colcon.colcon_core.event_handler.log_command:Invoking command in '/home/brairlab/Desktop/line_tracking_race_ros2/build/line_tracking_race_gazebo': AMENT_PREFIX_PATH=/home/brairlab/Desktop/line_tracking_race_ros2/install/line_tracking_race_description:${AMENT_PREFIX_PATH} CMAKE_PREFIX_PATH=/home/brairlab/Desktop/line_tracking_race_ros2/install/line_tracking_race_description:/opt/ros/humble GZ_SIM_RESOURCE_PATH=/home/brairlab/Desktop/line_tracking_race_ros2/install/line_tracking_race_description/share/line_tracking_race_description/models /usr/bin/cmake /home/brairlab/Desktop/line_tracking_race_ros2/line_tracking_race_gazebo -DCMAKE_INSTALL_PREFIX=/home/brairlab/Desktop/line_tracking_race_ros2/install/line_tracking_race_gazebo
[20.440s] DEBUG:colcon.colcon_core.event_handler.log_command:Invoked command in '/home/brairlab/Desktop/line_tracking_race_ros2/build/line_tracking_race_gazebo' returned '0': AMENT_PREFIX_PATH=/home/brairlab/Desktop/line_tracking_race_ros2/install/line_tracking_race_description:${AMENT_PREFIX_PATH} CMAKE_PREFIX_PATH=/home/brairlab/Desktop/line_tracking_race_ros2/install/line_tracking_race_description:/opt/ros/humble GZ_SIM_RESOURCE_PATH=/home/brairlab/Desktop/line_tracking_race_ros2/install/line_tracking_race_description/share/line_tracking_race_description/models /usr/bin/cmake /home/brairlab/Desktop/line_tracking_race_ros2/line_tracking_race_gazebo -DCMAKE_INSTALL_PREFIX=/home/brairlab/Desktop/line_tracking_race_ros2/install/line_tracking_race_gazebo
[20.457s] DEBUG:colcon.colcon_core.event_handler.log_command:Invoking command in '/home/brairlab/Desktop/line_tracking_race_ros2/build/line_tracking_race_gazebo': AMENT_PREFIX_PATH=/home/brairlab/Desktop/line_tracking_race_ros2/install/line_tracking_race_description:${AMENT_PREFIX_PATH} CMAKE_PREFIX_PATH=/home/brairlab/Desktop/line_tracking_race_ros2/install/line_tracking_race_description:/opt/ros/humble GZ_SIM_RESOURCE_PATH=/home/brairlab/Desktop/line_tracking_race_ros2/install/line_tracking_race_description/share/line_tracking_race_description/models /usr/bin/cmake --build /home/brairlab/Desktop/line_tracking_race_ros2/build/line_tracking_race_gazebo -- -j4 -l4
[20.650s] DEBUG:colcon.colcon_core.event_handler.log_command:Invoked command in '/home/brairlab/Desktop/line_tracking_race_ros2/build/line_tracking_race_gazebo' returned '0': AMENT_PREFIX_PATH=/home/brairlab/Desktop/line_tracking_race_ros2/install/line_tracking_race_description:${AMENT_PREFIX_PATH} CMAKE_PREFIX_PATH=/home/brairlab/Desktop/line_tracking_race_ros2/install/line_tracking_race_description:/opt/ros/humble GZ_SIM_RESOURCE_PATH=/home/brairlab/Desktop/line_tracking_race_ros2/install/line_tracking_race_description/share/line_tracking_race_description/models /usr/bin/cmake --build /home/brairlab/Desktop/line_tracking_race_ros2/build/line_tracking_race_gazebo -- -j4 -l4
[20.651s] DEBUG:colcon.colcon_core.event_handler.log_command:Invoking command in '/home/brairlab/Desktop/line_tracking_race_ros2/build/line_tracking_race_gazebo': AMENT_PREFIX_PATH=/home/brairlab/Desktop/line_tracking_race_ros2/install/line_tracking_race_description:${AMENT_PREFIX_PATH} CMAKE_PREFIX_PATH=/home/brairlab/Desktop/line_tracking_race_ros2/install/line_tracking_race_description:/opt/ros/humble GZ_SIM_RESOURCE_PATH=/home/brairlab/Desktop/line_tracking_race_ros2/install/line_tracking_race_description/share/line_tracking_race_description/models /usr/bin/cmake --install /home/brairlab/Desktop/line_tracking_race_ros2/build/line_tracking_race_gazebo
[20.722s] Level 1:colcon.colcon_core.environment:create_environment_scripts_only(line_tracking_race_gazebo)
[20.724s] Level 1:colcon.colcon_core.environment:checking '/home/brairlab/Desktop/line_tracking_race_ros2/install/line_tracking_race_gazebo' for CMake module files
[20.727s] Level 1:colcon.colcon_core.environment:checking '/home/brairlab/Desktop/line_tracking_race_ros2/install/line_tracking_race_gazebo' for CMake config files
[20.732s] Level 1:colcon.colcon_core.shell:create_environment_hook('line_tracking_race_gazebo', 'cmake_prefix_path')
[20.732s] INFO:colcon.colcon_core.shell:Creating environment hook '/home/brairlab/Desktop/line_tracking_race_ros2/install/line_tracking_race_gazebo/share/line_tracking_race_gazebo/hook/cmake_prefix_path.ps1'
[20.735s] DEBUG:colcon.colcon_core.event_handler.log_command:Invoked command in '/home/brairlab/Desktop/line_tracking_race_ros2/build/line_tracking_race_gazebo' returned '0': AMENT_PREFIX_PATH=/home/brairlab/Desktop/line_tracking_race_ros2/install/line_tracking_race_description:${AMENT_PREFIX_PATH} CMAKE_PREFIX_PATH=/home/brairlab/Desktop/line_tracking_race_ros2/install/line_tracking_race_description:/opt/ros/humble GZ_SIM_RESOURCE_PATH=/home/brairlab/Desktop/line_tracking_race_ros2/install/line_tracking_race_description/share/line_tracking_race_description/models /usr/bin/cmake --install /home/brairlab/Desktop/line_tracking_race_ros2/build/line_tracking_race_gazebo
[20.736s] INFO:colcon.colcon_core.shell:Creating environment descriptor '/home/brairlab/Desktop/line_tracking_race_ros2/install/line_tracking_race_gazebo/share/line_tracking_race_gazebo/hook/cmake_prefix_path.dsv'
[20.737s] INFO:colcon.colcon_core.shell:Creating environment hook '/home/brairlab/Desktop/line_tracking_race_ros2/install/line_tracking_race_gazebo/share/line_tracking_race_gazebo/hook/cmake_prefix_path.sh'
[20.737s] Level 1:colcon.colcon_core.environment:checking '/home/brairlab/Desktop/line_tracking_race_ros2/install/line_tracking_race_gazebo/bin'
[20.737s] Level 1:colcon.colcon_core.environment:checking '/home/brairlab/Desktop/line_tracking_race_ros2/install/line_tracking_race_gazebo/lib/pkgconfig/line_tracking_race_gazebo.pc'
[20.738s] Level 1:colcon.colcon_core.environment:checking '/home/brairlab/Desktop/line_tracking_race_ros2/install/line_tracking_race_gazebo/lib/python3.10/site-packages'
[20.738s] Level 1:colcon.colcon_core.environment:checking '/home/brairlab/Desktop/line_tracking_race_ros2/install/line_tracking_race_gazebo/bin'
[20.738s] INFO:colcon.colcon_core.shell:Creating package script '/home/brairlab/Desktop/line_tracking_race_ros2/install/line_tracking_race_gazebo/share/line_tracking_race_gazebo/package.ps1'
[20.739s] INFO:colcon.colcon_core.shell:Creating package descriptor '/home/brairlab/Desktop/line_tracking_race_ros2/install/line_tracking_race_gazebo/share/line_tracking_race_gazebo/package.dsv'
[20.742s] INFO:colcon.colcon_core.shell:Creating package script '/home/brairlab/Desktop/line_tracking_race_ros2/install/line_tracking_race_gazebo/share/line_tracking_race_gazebo/package.sh'
[20.743s] INFO:colcon.colcon_core.shell:Creating package script '/home/brairlab/Desktop/line_tracking_race_ros2/install/line_tracking_race_gazebo/share/line_tracking_race_gazebo/package.bash'
[20.743s] INFO:colcon.colcon_core.shell:Creating package script '/home/brairlab/Desktop/line_tracking_race_ros2/install/line_tracking_race_gazebo/share/line_tracking_race_gazebo/package.zsh'
[20.744s] Level 1:colcon.colcon_core.environment:create_file_with_runtime_dependencies(/home/brairlab/Desktop/line_tracking_race_ros2/install/line_tracking_race_gazebo/share/colcon-core/packages/line_tracking_race_gazebo)
[20.745s] Level 1:colcon.colcon_core.environment:create_environment_scripts_only(line_tracking_race_gazebo)
[20.745s] Level 1:colcon.colcon_core.environment:checking '/home/brairlab/Desktop/line_tracking_race_ros2/install/line_tracking_race_gazebo' for CMake module files
[20.746s] Level 1:colcon.colcon_core.environment:checking '/home/brairlab/Desktop/line_tracking_race_ros2/install/line_tracking_race_gazebo' for CMake config files
[20.746s] Level 1:colcon.colcon_core.shell:create_environment_hook('line_tracking_race_gazebo', 'cmake_prefix_path')
[20.746s] INFO:colcon.colcon_core.shell:Creating environment hook '/home/brairlab/Desktop/line_tracking_race_ros2/install/line_tracking_race_gazebo/share/line_tracking_race_gazebo/hook/cmake_prefix_path.ps1'
[20.747s] INFO:colcon.colcon_core.shell:Creating environment descriptor '/home/brairlab/Desktop/line_tracking_race_ros2/install/line_tracking_race_gazebo/share/line_tracking_race_gazebo/hook/cmake_prefix_path.dsv'
[20.749s] INFO:colcon.colcon_core.shell:Creating environment hook '/home/brairlab/Desktop/line_tracking_race_ros2/install/line_tracking_race_gazebo/share/line_tracking_race_gazebo/hook/cmake_prefix_path.sh'
[20.751s] Level 1:colcon.colcon_core.environment:checking '/home/brairlab/Desktop/line_tracking_race_ros2/install/line_tracking_race_gazebo/bin'
[20.751s] Level 1:colcon.colcon_core.environment:checking '/home/brairlab/Desktop/line_tracking_race_ros2/install/line_tracking_race_gazebo/lib/pkgconfig/line_tracking_race_gazebo.pc'
[20.752s] Level 1:colcon.colcon_core.environment:checking '/home/brairlab/Desktop/line_tracking_race_ros2/install/line_tracking_race_gazebo/lib/python3.10/site-packages'
[20.752s] Level 1:colcon.colcon_core.environment:checking '/home/brairlab/Desktop/line_tracking_race_ros2/install/line_tracking_race_gazebo/bin'
[20.753s] INFO:colcon.colcon_core.shell:Creating package script '/home/brairlab/Desktop/line_tracking_race_ros2/install/line_tracking_race_gazebo/share/line_tracking_race_gazebo/package.ps1'
[20.754s] INFO:colcon.colcon_core.shell:Creating package descriptor '/home/brairlab/Desktop/line_tracking_race_ros2/install/line_tracking_race_gazebo/share/line_tracking_race_gazebo/package.dsv'
[20.756s] INFO:colcon.colcon_core.shell:Creating package script '/home/brairlab/Desktop/line_tracking_race_ros2/install/line_tracking_race_gazebo/share/line_tracking_race_gazebo/package.sh'
[20.757s] INFO:colcon.colcon_core.shell:Creating package script '/home/brairlab/Desktop/line_tracking_race_ros2/install/line_tracking_race_gazebo/share/line_tracking_race_gazebo/package.bash'
[20.758s] INFO:colcon.colcon_core.shell:Creating package script '/home/brairlab/Desktop/line_tracking_race_ros2/install/line_tracking_race_gazebo/share/line_tracking_race_gazebo/package.zsh'
[20.759s] Level 1:colcon.colcon_core.environment:create_file_with_runtime_dependencies(/home/brairlab/Desktop/line_tracking_race_ros2/install/line_tracking_race_gazebo/share/colcon-core/packages/line_tracking_race_gazebo)
[20.760s] INFO:colcon.colcon_ros.task.ament_cmake.build:Building ROS package in '/home/brairlab/Desktop/line_tracking_race_ros2/line_tracking_race_bringup' with build type 'ament_cmake'
[20.760s] INFO:colcon.colcon_cmake.task.cmake.build:Building CMake package in '/home/brairlab/Desktop/line_tracking_race_ros2/line_tracking_race_bringup'
[20.761s] INFO:colcon.colcon_core.shell:Skip shell extension 'powershell' for command environment: Not usable outside of PowerShell
[20.761s] DEBUG:colcon.colcon_core.shell:Skip shell extension 'dsv' for command environment
[20.831s] DEBUG:colcon.colcon_core.event_handler.log_command:Invoking command in '/home/brairlab/Desktop/line_tracking_race_ros2/build/line_tracking_race_bringup': AMENT_PREFIX_PATH=/home/brairlab/Desktop/line_tracking_race_ros2/install/line_tracking_race_gazebo:/home/brairlab/Desktop/line_tracking_race_ros2/install/line_tracking_race_description:${AMENT_PREFIX_PATH} CMAKE_PREFIX_PATH=/home/brairlab/Desktop/line_tracking_race_ros2/install/line_tracking_race_gazebo:/home/brairlab/Desktop/line_tracking_race_ros2/install/line_tracking_race_description:/opt/ros/humble GZ_SIM_RESOURCE_PATH=/home/brairlab/Desktop/line_tracking_race_ros2/install/line_tracking_race_gazebo/share/line_tracking_race_gazebo/worlds:/home/brairlab/Desktop/line_tracking_race_ros2/install/line_tracking_race_description/share/line_tracking_race_description/models /usr/bin/cmake /home/brairlab/Desktop/line_tracking_race_ros2/line_tracking_race_bringup -DCMAKE_INSTALL_PREFIX=/home/brairlab/Desktop/line_tracking_race_ros2/install/line_tracking_race_bringup
[22.611s] DEBUG:colcon.colcon_core.event_handler.log_command:Invoked command in '/home/brairlab/Desktop/line_tracking_race_ros2/build/line_tracking_race_bringup' returned '0': AMENT_PREFIX_PATH=/home/brairlab/Desktop/line_tracking_race_ros2/install/line_tracking_race_gazebo:/home/brairlab/Desktop/line_tracking_race_ros2/install/line_tracking_race_description:${AMENT_PREFIX_PATH} CMAKE_PREFIX_PATH=/home/brairlab/Desktop/line_tracking_race_ros2/install/line_tracking_race_gazebo:/home/brairlab/Desktop/line_tracking_race_ros2/install/line_tracking_race_description:/opt/ros/humble GZ_SIM_RESOURCE_PATH=/home/brairlab/Desktop/line_tracking_race_ros2/install/line_tracking_race_gazebo/share/line_tracking_race_gazebo/worlds:/home/brairlab/Desktop/line_tracking_race_ros2/install/line_tracking_race_description/share/line_tracking_race_description/models /usr/bin/cmake /home/brairlab/Desktop/line_tracking_race_ros2/line_tracking_race_bringup -DCMAKE_INSTALL_PREFIX=/home/brairlab/Desktop/line_tracking_race_ros2/install/line_tracking_race_bringup
[22.617s] DEBUG:colcon.colcon_core.event_handler.log_command:Invoking command in '/home/brairlab/Desktop/line_tracking_race_ros2/build/line_tracking_race_bringup': AMENT_PREFIX_PATH=/home/brairlab/Desktop/line_tracking_race_ros2/install/line_tracking_race_gazebo:/home/brairlab/Desktop/line_tracking_race_ros2/install/line_tracking_race_description:${AMENT_PREFIX_PATH} CMAKE_PREFIX_PATH=/home/brairlab/Desktop/line_tracking_race_ros2/install/line_tracking_race_gazebo:/home/brairlab/Desktop/line_tracking_race_ros2/install/line_tracking_race_description:/opt/ros/humble GZ_SIM_RESOURCE_PATH=/home/brairlab/Desktop/line_tracking_race_ros2/install/line_tracking_race_gazebo/share/line_tracking_race_gazebo/worlds:/home/brairlab/Desktop/line_tracking_race_ros2/install/line_tracking_race_description/share/line_tracking_race_description/models /usr/bin/cmake --build /home/brairlab/Desktop/line_tracking_race_ros2/build/line_tracking_race_bringup -- -j4 -l4
[22.851s] DEBUG:colcon.colcon_core.event_handler.log_command:Invoked command in '/home/brairlab/Desktop/line_tracking_race_ros2/build/line_tracking_race_bringup' returned '0': AMENT_PREFIX_PATH=/home/brairlab/Desktop/line_tracking_race_ros2/install/line_tracking_race_gazebo:/home/brairlab/Desktop/line_tracking_race_ros2/install/line_tracking_race_description:${AMENT_PREFIX_PATH} CMAKE_PREFIX_PATH=/home/brairlab/Desktop/line_tracking_race_ros2/install/line_tracking_race_gazebo:/home/brairlab/Desktop/line_tracking_race_ros2/install/line_tracking_race_description:/opt/ros/humble GZ_SIM_RESOURCE_PATH=/home/brairlab/Desktop/line_tracking_race_ros2/install/line_tracking_race_gazebo/share/line_tracking_race_gazebo/worlds:/home/brairlab/Desktop/line_tracking_race_ros2/install/line_tracking_race_description/share/line_tracking_race_description/models /usr/bin/cmake --build /home/brairlab/Desktop/line_tracking_race_ros2/build/line_tracking_race_bringup -- -j4 -l4
[22.865s] DEBUG:colcon.colcon_core.event_handler.log_command:Invoking command in '/home/brairlab/Desktop/line_tracking_race_ros2/build/line_tracking_race_bringup': AMENT_PREFIX_PATH=/home/brairlab/Desktop/line_tracking_race_ros2/install/line_tracking_race_gazebo:/home/brairlab/Desktop/line_tracking_race_ros2/install/line_tracking_race_description:${AMENT_PREFIX_PATH} CMAKE_PREFIX_PATH=/home/brairlab/Desktop/line_tracking_race_ros2/install/line_tracking_race_gazebo:/home/brairlab/Desktop/line_tracking_race_ros2/install/line_tracking_race_description:/opt/ros/humble GZ_SIM_RESOURCE_PATH=/home/brairlab/Desktop/line_tracking_race_ros2/install/line_tracking_race_gazebo/share/line_tracking_race_gazebo/worlds:/home/brairlab/Desktop/line_tracking_race_ros2/install/line_tracking_race_description/share/line_tracking_race_description/models /usr/bin/cmake --install /home/brairlab/Desktop/line_tracking_race_ros2/build/line_tracking_race_bringup
[23.021s] Level 1:colcon.colcon_core.environment:create_environment_scripts_only(line_tracking_race_bringup)
[23.021s] Level 1:colcon.colcon_core.environment:checking '/home/brairlab/Desktop/line_tracking_race_ros2/install/line_tracking_race_bringup' for CMake module files
[23.031s] DEBUG:colcon.colcon_core.event_handler.log_command:Invoked command in '/home/brairlab/Desktop/line_tracking_race_ros2/build/line_tracking_race_bringup' returned '0': AMENT_PREFIX_PATH=/home/brairlab/Desktop/line_tracking_race_ros2/install/line_tracking_race_gazebo:/home/brairlab/Desktop/line_tracking_race_ros2/install/line_tracking_race_description:${AMENT_PREFIX_PATH} CMAKE_PREFIX_PATH=/home/brairlab/Desktop/line_tracking_race_ros2/install/line_tracking_race_gazebo:/home/brairlab/Desktop/line_tracking_race_ros2/install/line_tracking_race_description:/opt/ros/humble GZ_SIM_RESOURCE_PATH=/home/brairlab/Desktop/line_tracking_race_ros2/install/line_tracking_race_gazebo/share/line_tracking_race_gazebo/worlds:/home/brairlab/Desktop/line_tracking_race_ros2/install/line_tracking_race_description/share/line_tracking_race_description/models /usr/bin/cmake --install /home/brairlab/Desktop/line_tracking_race_ros2/build/line_tracking_race_bringup
[23.032s] Level 1:colcon.colcon_core.environment:checking '/home/brairlab/Desktop/line_tracking_race_ros2/install/line_tracking_race_bringup' for CMake config files
[23.040s] Level 1:colcon.colcon_core.shell:create_environment_hook('line_tracking_race_bringup', 'cmake_prefix_path')
[23.041s] INFO:colcon.colcon_core.shell:Creating environment hook '/home/brairlab/Desktop/line_tracking_race_ros2/install/line_tracking_race_bringup/share/line_tracking_race_bringup/hook/cmake_prefix_path.ps1'
[23.042s] INFO:colcon.colcon_core.shell:Creating environment descriptor '/home/brairlab/Desktop/line_tracking_race_ros2/install/line_tracking_race_bringup/share/line_tracking_race_bringup/hook/cmake_prefix_path.dsv'
[23.051s] INFO:colcon.colcon_core.shell:Creating environment hook '/home/brairlab/Desktop/line_tracking_race_ros2/install/line_tracking_race_bringup/share/line_tracking_race_bringup/hook/cmake_prefix_path.sh'
[23.058s] Level 1:colcon.colcon_core.environment:checking '/home/brairlab/Desktop/line_tracking_race_ros2/install/line_tracking_race_bringup/bin'
[23.058s] Level 1:colcon.colcon_core.environment:checking '/home/brairlab/Desktop/line_tracking_race_ros2/install/line_tracking_race_bringup/lib/pkgconfig/line_tracking_race_bringup.pc'
[23.058s] Level 1:colcon.colcon_core.environment:checking '/home/brairlab/Desktop/line_tracking_race_ros2/install/line_tracking_race_bringup/lib/python3.10/site-packages'
[23.060s] Level 1:colcon.colcon_core.environment:checking '/home/brairlab/Desktop/line_tracking_race_ros2/install/line_tracking_race_bringup/bin'
[23.061s] INFO:colcon.colcon_core.shell:Creating package script '/home/brairlab/Desktop/line_tracking_race_ros2/install/line_tracking_race_bringup/share/line_tracking_race_bringup/package.ps1'
[23.061s] INFO:colcon.colcon_core.shell:Creating package descriptor '/home/brairlab/Desktop/line_tracking_race_ros2/install/line_tracking_race_bringup/share/line_tracking_race_bringup/package.dsv'
[23.063s] INFO:colcon.colcon_core.shell:Creating package script '/home/brairlab/Desktop/line_tracking_race_ros2/install/line_tracking_race_bringup/share/line_tracking_race_bringup/package.sh'
[23.065s] INFO:colcon.colcon_core.shell:Creating package script '/home/brairlab/Desktop/line_tracking_race_ros2/install/line_tracking_race_bringup/share/line_tracking_race_bringup/package.bash'
[23.066s] INFO:colcon.colcon_core.shell:Creating package script '/home/brairlab/Desktop/line_tracking_race_ros2/install/line_tracking_race_bringup/share/line_tracking_race_bringup/package.zsh'
[23.067s] Level 1:colcon.colcon_core.environment:create_file_with_runtime_dependencies(/home/brairlab/Desktop/line_tracking_race_ros2/install/line_tracking_race_bringup/share/colcon-core/packages/line_tracking_race_bringup)
[23.068s] Level 1:colcon.colcon_core.environment:create_environment_scripts_only(line_tracking_race_bringup)
[23.068s] Level 1:colcon.colcon_core.environment:checking '/home/brairlab/Desktop/line_tracking_race_ros2/install/line_tracking_race_bringup' for CMake module files
[23.068s] Level 1:colcon.colcon_core.environment:checking '/home/brairlab/Desktop/line_tracking_race_ros2/install/line_tracking_race_bringup' for CMake config files
[23.069s] Level 1:colcon.colcon_core.shell:create_environment_hook('line_tracking_race_bringup', 'cmake_prefix_path')
[23.069s] INFO:colcon.colcon_core.shell:Creating environment hook '/home/brairlab/Desktop/line_tracking_race_ros2/install/line_tracking_race_bringup/share/line_tracking_race_bringup/hook/cmake_prefix_path.ps1'
[23.070s] INFO:colcon.colcon_core.shell:Creating environment descriptor '/home/brairlab/Desktop/line_tracking_race_ros2/install/line_tracking_race_bringup/share/line_tracking_race_bringup/hook/cmake_prefix_path.dsv'
[23.072s] INFO:colcon.colcon_core.shell:Creating environment hook '/home/brairlab/Desktop/line_tracking_race_ros2/install/line_tracking_race_bringup/share/line_tracking_race_bringup/hook/cmake_prefix_path.sh'
[23.074s] Level 1:colcon.colcon_core.environment:checking '/home/brairlab/Desktop/line_tracking_race_ros2/install/line_tracking_race_bringup/bin'
[23.074s] Level 1:colcon.colcon_core.environment:checking '/home/brairlab/Desktop/line_tracking_race_ros2/install/line_tracking_race_bringup/lib/pkgconfig/line_tracking_race_bringup.pc'
[23.075s] Level 1:colcon.colcon_core.environment:checking '/home/brairlab/Desktop/line_tracking_race_ros2/install/line_tracking_race_bringup/lib/python3.10/site-packages'
[23.075s] Level 1:colcon.colcon_core.environment:checking '/home/brairlab/Desktop/line_tracking_race_ros2/install/line_tracking_race_bringup/bin'
[23.076s] INFO:colcon.colcon_core.shell:Creating package script '/home/brairlab/Desktop/line_tracking_race_ros2/install/line_tracking_race_bringup/share/line_tracking_race_bringup/package.ps1'
[23.078s] INFO:colcon.colcon_core.shell:Creating package descriptor '/home/brairlab/Desktop/line_tracking_race_ros2/install/line_tracking_race_bringup/share/line_tracking_race_bringup/package.dsv'
[23.079s] INFO:colcon.colcon_core.shell:Creating package script '/home/brairlab/Desktop/line_tracking_race_ros2/install/line_tracking_race_bringup/share/line_tracking_race_bringup/package.sh'
[23.080s] INFO:colcon.colcon_core.shell:Creating package script '/home/brairlab/Desktop/line_tracking_race_ros2/install/line_tracking_race_bringup/share/line_tracking_race_bringup/package.bash'
[23.081s] INFO:colcon.colcon_core.shell:Creating package script '/home/brairlab/Desktop/line_tracking_race_ros2/install/line_tracking_race_bringup/share/line_tracking_race_bringup/package.zsh'
[23.083s] Level 1:colcon.colcon_core.environment:create_file_with_runtime_dependencies(/home/brairlab/Desktop/line_tracking_race_ros2/install/line_tracking_race_bringup/share/colcon-core/packages/line_tracking_race_bringup)
[23.085s] DEBUG:colcon.colcon_parallel_executor.executor.parallel:closing loop
[23.086s] DEBUG:colcon.colcon_parallel_executor.executor.parallel:loop closed
[23.086s] DEBUG:colcon.colcon_parallel_executor.executor.parallel:run_until_complete finished with '0'
[23.086s] DEBUG:colcon.colcon_core.event_reactor:joining thread
[23.142s] INFO:colcon.colcon_core.plugin_system:Skipping extension 'colcon_notification.desktop_notification.terminal_notifier': Not used on non-Darwin systems
[23.142s] INFO:colcon.colcon_core.plugin_system:Skipping extension 'colcon_notification.desktop_notification.win32': Not used on non-Windows systems
[23.142s] INFO:colcon.colcon_notification.desktop_notification:Sending desktop notification using 'notify2'
[23.163s] DEBUG:colcon.colcon_core.event_reactor:joined thread
[23.163s] INFO:colcon.colcon_core.shell:Creating prefix script '/home/brairlab/Desktop/line_tracking_race_ros2/install/local_setup.ps1'
[23.176s] INFO:colcon.colcon_core.shell:Creating prefix util module '/home/brairlab/Desktop/line_tracking_race_ros2/install/_local_setup_util_ps1.py'
[23.179s] INFO:colcon.colcon_core.shell:Creating prefix chain script '/home/brairlab/Desktop/line_tracking_race_ros2/install/setup.ps1'
[23.202s] INFO:colcon.colcon_core.shell:Creating prefix script '/home/brairlab/Desktop/line_tracking_race_ros2/install/local_setup.sh'
[23.235s] INFO:colcon.colcon_core.shell:Creating prefix util module '/home/brairlab/Desktop/line_tracking_race_ros2/install/_local_setup_util_sh.py'
[23.248s] INFO:colcon.colcon_core.shell:Creating prefix chain script '/home/brairlab/Desktop/line_tracking_race_ros2/install/setup.sh'
[23.261s] INFO:colcon.colcon_core.shell:Creating prefix script '/home/brairlab/Desktop/line_tracking_race_ros2/install/local_setup.bash'
[23.263s] INFO:colcon.colcon_core.shell:Creating prefix chain script '/home/brairlab/Desktop/line_tracking_race_ros2/install/setup.bash'
[23.294s] INFO:colcon.colcon_core.shell:Creating prefix script '/home/brairlab/Desktop/line_tracking_race_ros2/install/local_setup.zsh'
[23.296s] INFO:colcon.colcon_core.shell:Creating prefix chain script '/home/brairlab/Desktop/line_tracking_race_ros2/install/setup.zsh'
