-- Install configuration: ""
-- Up-to-date: /home/brairlab/Desktop/line_tracking_race_ros2/install/line_tracking_race_gazebo/share/line_tracking_race_gazebo/worlds
-- Up-to-date: /home/brairlab/Desktop/line_tracking_race_ros2/install/line_tracking_race_gazebo/share/line_tracking_race_gazebo/worlds/race_track.world
-- Up-to-date: /home/brairlab/Desktop/line_tracking_race_ros2/install/line_tracking_race_gazebo/share/line_tracking_race_gazebo/environment/line_tracking_race_gazebo.dsv
-- Up-to-date: /home/brairlab/Desktop/line_tracking_race_ros2/install/line_tracking_race_gazebo/share/line_tracking_race_gazebo/environment/line_tracking_race_gazebo.sh
-- Up-to-date: /home/brairlab/Desktop/line_tracking_race_ros2/install/line_tracking_race_gazebo/share/ament_index/resource_index/package_run_dependencies/line_tracking_race_gazebo
-- Up-to-date: /home/brairlab/Desktop/line_tracking_race_ros2/install/line_tracking_race_gazebo/share/ament_index/resource_index/parent_prefix_path/line_tracking_race_gazebo
-- Installing: /home/brairlab/Desktop/line_tracking_race_ros2/install/line_tracking_race_gazebo/share/line_tracking_race_gazebo/environment/ament_prefix_path.sh
-- Up-to-date: /home/brairlab/Desktop/line_tracking_race_ros2/install/line_tracking_race_gazebo/share/line_tracking_race_gazebo/environment/ament_prefix_path.dsv
-- Installing: /home/brairlab/Desktop/line_tracking_race_ros2/install/line_tracking_race_gazebo/share/line_tracking_race_gazebo/environment/path.sh
-- Up-to-date: /home/brairlab/Desktop/line_tracking_race_ros2/install/line_tracking_race_gazebo/share/line_tracking_race_gazebo/environment/path.dsv
-- Up-to-date: /home/brairlab/Desktop/line_tracking_race_ros2/install/line_tracking_race_gazebo/share/line_tracking_race_gazebo/local_setup.bash
-- Up-to-date: /home/brairlab/Desktop/line_tracking_race_ros2/install/line_tracking_race_gazebo/share/line_tracking_race_gazebo/local_setup.sh
-- Up-to-date: /home/brairlab/Desktop/line_tracking_race_ros2/install/line_tracking_race_gazebo/share/line_tracking_race_gazebo/local_setup.zsh
-- Up-to-date: /home/brairlab/Desktop/line_tracking_race_ros2/install/line_tracking_race_gazebo/share/line_tracking_race_gazebo/local_setup.dsv
-- Installing: /home/brairlab/Desktop/line_tracking_race_ros2/install/line_tracking_race_gazebo/share/line_tracking_race_gazebo/package.dsv
-- Up-to-date: /home/brairlab/Desktop/line_tracking_race_ros2/install/line_tracking_race_gazebo/share/ament_index/resource_index/packages/line_tracking_race_gazebo
-- Up-to-date: /home/brairlab/Desktop/line_tracking_race_ros2/install/line_tracking_race_gazebo/share/line_tracking_race_gazebo/cmake/line_tracking_race_gazeboConfig.cmake
-- Up-to-date: /home/brairlab/Desktop/line_tracking_race_ros2/install/line_tracking_race_gazebo/share/line_tracking_race_gazebo/cmake/line_tracking_race_gazeboConfig-version.cmake
-- Up-to-date: /home/brairlab/Desktop/line_tracking_race_ros2/install/line_tracking_race_gazebo/share/line_tracking_race_gazebo/package.xml
