[0.237s] Invoking command in '/home/brairlab/Desktop/line_tracking_race_ros2/build/line_tracking_race_description': CMAKE_PREFIX_PATH=${CMAKE_PREFIX_PATH}:/home/brairlab/Desktop/line_tracking_race_ros2/install/line_tracking_race_controller:/opt/ros/humble /usr/bin/cmake --build /home/brairlab/Desktop/line_tracking_race_ros2/build/line_tracking_race_description -- -j4 -l4
[0.808s] Invoked command in '/home/brairlab/Desktop/line_tracking_race_ros2/build/line_tracking_race_description' returned '0': CMAKE_PREFIX_PATH=${CMAKE_PREFIX_PATH}:/home/brairlab/Desktop/line_tracking_race_ros2/install/line_tracking_race_controller:/opt/ros/humble /usr/bin/cmake --build /home/brairlab/Desktop/line_tracking_race_ros2/build/line_tracking_race_description -- -j4 -l4
[0.849s] Invoking command in '/home/brairlab/Desktop/line_tracking_race_ros2/build/line_tracking_race_description': CMAKE_PREFIX_PATH=${CMAKE_PREFIX_PATH}:/home/brairlab/Desktop/line_tracking_race_ros2/install/line_tracking_race_controller:/opt/ros/humble /usr/bin/cmake --install /home/brairlab/Desktop/line_tracking_race_ros2/build/line_tracking_race_description
[0.863s] -- Install configuration: ""
[0.863s] -- Up-to-date: /home/brairlab/Desktop/line_tracking_race_ros2/install/line_tracking_race_description/share/line_tracking_race_description/models/
[0.863s] -- Up-to-date: /home/brairlab/Desktop/line_tracking_race_ros2/install/line_tracking_race_description/share/line_tracking_race_description/models//line_track
[0.864s] -- Up-to-date: /home/brairlab/Desktop/line_tracking_race_ros2/install/line_tracking_race_description/share/line_tracking_race_description/models//line_track/materials
[0.864s] -- Up-to-date: /home/brairlab/Desktop/line_tracking_race_ros2/install/line_tracking_race_description/share/line_tracking_race_description/models//line_track/materials/textures
[0.864s] -- Up-to-date: /home/brairlab/Desktop/line_tracking_race_ros2/install/line_tracking_race_description/share/line_tracking_race_description/models//line_track/materials/textures/track_loop.png
[0.864s] -- Up-to-date: /home/brairlab/Desktop/line_tracking_race_ros2/install/line_tracking_race_description/share/line_tracking_race_description/models//line_track/materials/textures/trackCurve.png
[0.864s] -- Up-to-date: /home/brairlab/Desktop/line_tracking_race_ros2/install/line_tracking_race_description/share/line_tracking_race_description/models//line_track/model.config
[0.864s] -- Up-to-date: /home/brairlab/Desktop/line_tracking_race_ros2/install/line_tracking_race_description/share/line_tracking_race_description/models//line_track/track.sdf
[0.864s] -- Up-to-date: /home/brairlab/Desktop/line_tracking_race_ros2/install/line_tracking_race_description/share/line_tracking_race_description/models//line_track/hard_track.sdf
[0.864s] -- Up-to-date: /home/brairlab/Desktop/line_tracking_race_ros2/install/line_tracking_race_description/share/line_tracking_race_description/models//urdf
[0.864s] -- Up-to-date: /home/brairlab/Desktop/line_tracking_race_ros2/install/line_tracking_race_description/share/line_tracking_race_description/models//urdf/car.urdf.xacro
[0.864s] -- Up-to-date: /home/brairlab/Desktop/line_tracking_race_ros2/install/line_tracking_race_description/share/line_tracking_race_description/models//urdf/car
[0.864s] -- Up-to-date: /home/brairlab/Desktop/line_tracking_race_ros2/install/line_tracking_race_description/share/line_tracking_race_description/models//urdf/car/car_gazebo_control.xacro
[0.864s] -- Up-to-date: /home/brairlab/Desktop/line_tracking_race_ros2/install/line_tracking_race_description/share/line_tracking_race_description/models//urdf/car/car_properties.xacro
[0.864s] -- Up-to-date: /home/brairlab/Desktop/line_tracking_race_ros2/install/line_tracking_race_description/share/line_tracking_race_description/models//urdf/car/car_camera.xacro
[0.864s] -- Up-to-date: /home/brairlab/Desktop/line_tracking_race_ros2/install/line_tracking_race_description/share/line_tracking_race_description/models//urdf/car/car_wheel_macro.xacro
[0.864s] -- Up-to-date: /home/brairlab/Desktop/line_tracking_race_ros2/install/line_tracking_race_description/share/line_tracking_race_description/models//urdf/car/car_ros2_control.xacro
[0.864s] -- Up-to-date: /home/brairlab/Desktop/line_tracking_race_ros2/install/line_tracking_race_description/share/line_tracking_race_description/models//urdf/car/car_core.xacro
[0.865s] -- Up-to-date: /home/brairlab/Desktop/line_tracking_race_ros2/install/line_tracking_race_description/share/line_tracking_race_description/models//urdf/car/car_inertial.xacro
[0.865s] -- Up-to-date: /home/brairlab/Desktop/line_tracking_race_ros2/install/line_tracking_race_description/share/line_tracking_race_description/models//urdf/car/car_materials.xacro
[0.868s] -- Up-to-date: /home/brairlab/Desktop/line_tracking_race_ros2/install/line_tracking_race_description/share/line_tracking_race_description/environment/line_tracking_race_description.dsv
[0.868s] -- Up-to-date: /home/brairlab/Desktop/line_tracking_race_ros2/install/line_tracking_race_description/share/line_tracking_race_description/environment/line_tracking_race_description.sh
[0.868s] -- Up-to-date: /home/brairlab/Desktop/line_tracking_race_ros2/install/line_tracking_race_description/share/ament_index/resource_index/package_run_dependencies/line_tracking_race_description
[0.875s] -- Up-to-date: /home/brairlab/Desktop/line_tracking_race_ros2/install/line_tracking_race_description/share/ament_index/resource_index/parent_prefix_path/line_tracking_race_description
[0.876s] -- Up-to-date: /home/brairlab/Desktop/line_tracking_race_ros2/install/line_tracking_race_description/share/line_tracking_race_description/environment/ament_prefix_path.sh
[0.876s] -- Up-to-date: /home/brairlab/Desktop/line_tracking_race_ros2/install/line_tracking_race_description/share/line_tracking_race_description/environment/ament_prefix_path.dsv
[0.876s] -- Up-to-date: /home/brairlab/Desktop/line_tracking_race_ros2/install/line_tracking_race_description/share/line_tracking_race_description/environment/path.sh
[0.888s] -- Up-to-date: /home/brairlab/Desktop/line_tracking_race_ros2/install/line_tracking_race_description/share/line_tracking_race_description/environment/path.dsv
[0.890s] -- Up-to-date: /home/brairlab/Desktop/line_tracking_race_ros2/install/line_tracking_race_description/share/line_tracking_race_description/local_setup.bash
[0.890s] -- Up-to-date: /home/brairlab/Desktop/line_tracking_race_ros2/install/line_tracking_race_description/share/line_tracking_race_description/local_setup.sh
[0.890s] -- Up-to-date: /home/brairlab/Desktop/line_tracking_race_ros2/install/line_tracking_race_description/share/line_tracking_race_description/local_setup.zsh
[0.890s] -- Up-to-date: /home/brairlab/Desktop/line_tracking_race_ros2/install/line_tracking_race_description/share/line_tracking_race_description/local_setup.dsv
[0.893s] -- Installing: /home/brairlab/Desktop/line_tracking_race_ros2/install/line_tracking_race_description/share/line_tracking_race_description/package.dsv
[0.894s] -- Up-to-date: /home/brairlab/Desktop/line_tracking_race_ros2/install/line_tracking_race_description/share/ament_index/resource_index/packages/line_tracking_race_description
[0.896s] -- Up-to-date: /home/brairlab/Desktop/line_tracking_race_ros2/install/line_tracking_race_description/share/line_tracking_race_description/cmake/line_tracking_race_descriptionConfig.cmake
[0.896s] -- Up-to-date: /home/brairlab/Desktop/line_tracking_race_ros2/install/line_tracking_race_description/share/line_tracking_race_description/cmake/line_tracking_race_descriptionConfig-version.cmake
[0.896s] -- Up-to-date: /home/brairlab/Desktop/line_tracking_race_ros2/install/line_tracking_race_description/share/line_tracking_race_description/package.xml
[0.924s] Invoked command in '/home/brairlab/Desktop/line_tracking_race_ros2/build/line_tracking_race_description' returned '0': CMAKE_PREFIX_PATH=${CMAKE_PREFIX_PATH}:/home/brairlab/Desktop/line_tracking_race_ros2/install/line_tracking_race_controller:/opt/ros/humble /usr/bin/cmake --install /home/brairlab/Desktop/line_tracking_race_ros2/build/line_tracking_race_description
